[35m[Appium][39m Welcome to Appium v1.22.2
[35m[Appium][39m Non-default server args:
[35m[Appium][39m   port: 57506
[35m[Appium][39m   loglevel: info
[35m[Appium][39m   tmpDir: C:\Users\NIAYUS~1\AppData\Local\Temp\\Katalon\Appium\Temp1645427703071
[35m[Appium][39m   chromedriverPort: 57507
[35m[Appium][39m Deprecated server args:
[35m[Appium][39m   [31m--chromedriver-port[39m => --default-capabilities
[35m[Appium][39m Default capabilities, which will be added to each request unless overridden by desired capabilities:
[35m[Appium][39m   chromedriverPort: 57507
[35m[Appium][39m Appium REST http interface listener started on 0.0.0.0:57506
[35m[HTTP][39m [37m-->[39m [37mGET[39m [37m/wd/hub/status[39m
[35m[HTTP][39m [90m{}[39m
[35m[HTTP][39m [37m<-- GET /wd/hub/status [39m[32m200[39m [90m14 ms - 68[39m
[35m[HTTP][39m [90m[39m
[35m[HTTP][39m [37m-->[39m [37mPOST[39m [37m/wd/hub/session[39m
[35m[HTTP][39m [90m{"desiredCapabilities":{"appActivity":".Settings","appPackage":"com.android.settings","newCommandTimeout":1800,"platformVersion":"11","automationName":"uiautomator2","autoGrantPermissions":true,"platformName":"Android","udid":"RR8N605F11Y","deviceName":"samsung SM-M315F (Android 11)","platform":"ANDROID","systemPort":8274},"capabilities":{"firstMatch":[{"appium:appActivity":".Settings","appium:appPackage":"com.android.settings","appium:autoGrantPermissions":true,"appium:automationName":"uiautomator2","appium:deviceName":"samsung SM-M315F (Android 11)","appium:newCommandTimeout":1800,"platform":"ANDROID","platformName":"android","appium:platformVersion":"11","appium:systemPort":8274,"appium:udid":"RR8N605F11Y"}]}}[39m
[35m[BaseDriver][39m The following capabilities are not standard capabilities and should have an extension prefix:
[35m[BaseDriver][39m   platform
[35m[BaseDriver][39m   chromedriverPort
[35m[Appium][39m Appium v1.22.2 creating new AndroidUiautomator2Driver (v1.70.1) session
[35m[BaseDriver][39m The following capabilities were provided, but are not recognized by Appium:
[35m[BaseDriver][39m   platform
[35m[BaseDriver][39m Session created with session id: 2d9cc4e8-b166-47a3-a3e2-d2e6ad46a84c
[35m[UiAutomator2][39m Starting 'com.android.settings' directly on the device
[35m[ADB][39m Cannot sort build-tools folders ["29.0.3","android-8.1.0"] by semantic version names.
[35m[ADB][39m Falling back to sorting by modification date. Original error: Invalid Version: android-8.1.0
[35m[ADB][39m Found 2 'build-tools' folders under 'C:\Users\Nia Yusniati\.katalon\tools\android_sdk' (newest first):
[35m[ADB][39m     C:/Users/Nia Yusniati/.katalon/tools/android_sdk/build-tools/29.0.3
[35m[ADB][39m     C:/Users/Nia Yusniati/.katalon/tools/android_sdk/build-tools/android-8.1.0
[35m[ADB][39m Using 'adb.exe' from 'C:\Users\Nia Yusniati\.katalon\tools\android_sdk\platform-tools\adb.exe'
[35m[AndroidDriver][39m Retrieving device list
[35m[AndroidDriver][39m Using device: RR8N605F11Y
[35m[ADB][39m Using 'adb.exe' from 'C:\Users\Nia Yusniati\.katalon\tools\android_sdk\platform-tools\adb.exe'
[35m[ADB][39m Getting device platform version
[35m[UiAutomator2][39m Relaxing hidden api policy
[35m[AndroidDriver][39m No app sent in, not parsing package/activity
[35m[ADB][39m Using 'apksigner.jar' from 'C:\Users\Nia Yusniati\.katalon\tools\android_sdk\build-tools\29.0.3\lib\apksigner.jar'
[35m[ADB][39m 'C:\Users\Nia Yusniati\AppData\Roaming\npm\node_modules\appium\node_modules\appium-uiautomator2-server\apks\appium-uiautomator2-server-v4.27.0.apk' is signed with the default certificate
[35m[ADB][39m 'C:\Users\Nia Yusniati\AppData\Roaming\npm\node_modules\appium\node_modules\appium-uiautomator2-server\apks\appium-uiautomator2-server-debug-androidTest.apk' is signed with the default certificate
[35m[UiAutomator2][39m Server packages are not going to be (re)installed
[35m[ADB][39m Adding packages ["io.appium.settings","io.appium.uiautomator2.server","io.appium.uiautomator2.server.test"] to Doze whitelist
[35m[UiAutomator2][39m Starting UIAutomator2 server 4.27.0
[35m[UiAutomator2][39m Using UIAutomator2 server from 'C:\Users\Nia Yusniati\AppData\Roaming\npm\node_modules\appium\node_modules\appium-uiautomator2-server\apks\appium-uiautomator2-server-v4.27.0.apk' and test from 'C:\Users\Nia Yusniati\AppData\Roaming\npm\node_modules\appium\node_modules\appium-uiautomator2-server\apks\appium-uiautomator2-server-debug-androidTest.apk'
[35m[UiAutomator2][39m Waiting up to 30000ms for UiAutomator2 to be online...
[35m[WD Proxy][39m socket hang up
[35m[WD Proxy][39m socket hang up
[35m[WD Proxy][39m socket hang up
[35m[WD Proxy][39m socket hang up
[35m[WD Proxy][39m Determined the downstream protocol as 'W3C'
[35m[AndroidDriver][39m Screen already unlocked, doing nothing
[35m[UiAutomator2][39m Starting 'com.android.settings/.Settings and waiting for 'com.android.settings/.Settings'
[35m[Appium][39m New AndroidUiautomator2Driver session created successfully, session 2d9cc4e8-b166-47a3-a3e2-d2e6ad46a84c added to master session list
[35m[HTTP][39m [37m<-- POST /wd/hub/session [39m[32m200[39m [90m13413 ms - 1158[39m
[35m[HTTP][39m [90m[39m
[35m[HTTP][39m [37m-->[39m [37mGET[39m [37m/wd/hub/session/2d9cc4e8-b166-47a3-a3e2-d2e6ad46a84c[39m
[35m[HTTP][39m [90m{}[39m
[35m[HTTP][39m [37m<-- GET /wd/hub/session/2d9cc4e8-b166-47a3-a3e2-d2e6ad46a84c [39m[32m200[39m [90m15 ms - 1112[39m
[35m[HTTP][39m [90m[39m
[35m[HTTP][39m [37m-->[39m [37mGET[39m [37m/wd/hub/session/2d9cc4e8-b166-47a3-a3e2-d2e6ad46a84c[39m
[35m[HTTP][39m [90m{}[39m
[35m[HTTP][39m [37m<-- GET /wd/hub/session/2d9cc4e8-b166-47a3-a3e2-d2e6ad46a84c [39m[32m200[39m [90m20 ms - 1112[39m
[35m[HTTP][39m [90m[39m
[35m[HTTP][39m [37m-->[39m [37mGET[39m [37m/wd/hub/status[39m
[35m[HTTP][39m [90m{}[39m
[35m[HTTP][39m [37m<-- GET /wd/hub/status [39m[32m200[39m [90m1 ms - 68[39m
[35m[HTTP][39m [90m[39m
[35m[HTTP][39m [37m-->[39m [37mPOST[39m [37m/wd/hub/session/2d9cc4e8-b166-47a3-a3e2-d2e6ad46a84c/timeouts[39m
[35m[HTTP][39m [90m{"implicit":30000}[39m
[35m[HTTP][39m [37m<-- POST /wd/hub/session/2d9cc4e8-b166-47a3-a3e2-d2e6ad46a84c/timeouts [39m[32m200[39m [90m6 ms - 14[39m
[35m[HTTP][39m [90m[39m
[35m[HTTP][39m [37m-->[39m [37mGET[39m [37m/wd/hub/session/2d9cc4e8-b166-47a3-a3e2-d2e6ad46a84c/screenshot[39m
[35m[HTTP][39m [90m{}[39m
[35m[HTTP][39m [37m<-- GET /wd/hub/session/2d9cc4e8-b166-47a3-a3e2-d2e6ad46a84c/screenshot [39m[32m200[39m [90m695 ms - 184816[39m
[35m[HTTP][39m [90m[39m
[35m[HTTP][39m [37m-->[39m [37mGET[39m [37m/wd/hub/session/2d9cc4e8-b166-47a3-a3e2-d2e6ad46a84c/window/rect[39m
[35m[HTTP][39m [90m{}[39m
[35m[HTTP][39m [37m<-- GET /wd/hub/session/2d9cc4e8-b166-47a3-a3e2-d2e6ad46a84c/window/rect [39m[32m200[39m [90m26 ms - 50[39m
[35m[HTTP][39m [90m[39m
[35m[HTTP][39m [37m-->[39m [37mGET[39m [37m/wd/hub/session/2d9cc4e8-b166-47a3-a3e2-d2e6ad46a84c/appium/device/system_bars[39m
[35m[HTTP][39m [90m{}[39m
[35m[HTTP][39m [37m<-- GET /wd/hub/session/2d9cc4e8-b166-47a3-a3e2-d2e6ad46a84c/appium/device/system_bars [39m[32m200[39m [90m180 ms - 148[39m
[35m[HTTP][39m [90m[39m
[35m[HTTP][39m [37m-->[39m [37mPOST[39m [37m/wd/hub/session/2d9cc4e8-b166-47a3-a3e2-d2e6ad46a84c/appium/device/activate_app[39m
[35m[HTTP][39m [90m{"bundleId":"com.bcaf.mobilesurvey"}[39m
[35m[HTTP][39m [37m<-- POST /wd/hub/session/2d9cc4e8-b166-47a3-a3e2-d2e6ad46a84c/appium/device/activate_app [39m[32m200[39m [90m611 ms - 14[39m
[35m[HTTP][39m [90m[39m
[35m[HTTP][39m [37m-->[39m [37mPOST[39m [37m/wd/hub/session/2d9cc4e8-b166-47a3-a3e2-d2e6ad46a84c/timeouts[39m
[35m[HTTP][39m [90m{"implicit":50}[39m
[35m[HTTP][39m [37m<-- POST /wd/hub/session/2d9cc4e8-b166-47a3-a3e2-d2e6ad46a84c/timeouts [39m[32m200[39m [90m3 ms - 14[39m
[35m[HTTP][39m [90m[39m
[35m[HTTP][39m [37m-->[39m [37mGET[39m [37m/wd/hub/session/2d9cc4e8-b166-47a3-a3e2-d2e6ad46a84c/window/rect[39m
[35m[HTTP][39m [90m{}[39m
[35m[HTTP][39m [37m<-- GET /wd/hub/session/2d9cc4e8-b166-47a3-a3e2-d2e6ad46a84c/window/rect [39m[32m200[39m [90m21 ms - 50[39m
[35m[HTTP][39m [90m[39m
[35m[HTTP][39m [37m-->[39m [37mPOST[39m [37m/wd/hub/session/2d9cc4e8-b166-47a3-a3e2-d2e6ad46a84c/elements[39m
[35m[HTTP][39m [90m{"using":"xpath","value":"//*[@class = 'android.widget.EditText' and (@text = 'NIP' or . = 'NIP') and @resource-id = 'com.bcaf.mobilesurvey:id/nip']"}[39m
[35m[HTTP][39m [37m<-- POST /wd/hub/session/2d9cc4e8-b166-47a3-a3e2-d2e6ad46a84c/elements [39m[32m200[39m [90m430 ms - 139[39m
[35m[HTTP][39m [90m[39m
[35m[HTTP][39m [37m-->[39m [37mGET[39m [37m/wd/hub/session/2d9cc4e8-b166-47a3-a3e2-d2e6ad46a84c/element/00000000-0000-07f8-ffff-ffff00002545/location[39m
[35m[HTTP][39m [90m{}[39m
[35m[W3C (2d9cc4e8)][39m Driver proxy active, passing request on via HTTP proxy
[35m[WD Proxy][39m Replacing sessionId 70aa52dc-f307-4520-9f5e-cf2717834991 with 2d9cc4e8-b166-47a3-a3e2-d2e6ad46a84c
[35m[HTTP][39m [37m<-- GET /wd/hub/session/2d9cc4e8-b166-47a3-a3e2-d2e6ad46a84c/element/00000000-0000-07f8-ffff-ffff00002545/location [39m[32m200[39m [90m37 ms - 78[39m
[35m[HTTP][39m [90m[39m
[35m[HTTP][39m [37m-->[39m [37mPOST[39m [37m/wd/hub/session/2d9cc4e8-b166-47a3-a3e2-d2e6ad46a84c/timeouts[39m
[35m[HTTP][39m [90m{"implicit":30000}[39m
[35m[HTTP][39m [37m<-- POST /wd/hub/session/2d9cc4e8-b166-47a3-a3e2-d2e6ad46a84c/timeouts [39m[32m200[39m [90m3 ms - 14[39m
[35m[HTTP][39m [90m[39m
[35m[HTTP][39m [37m-->[39m [37mPOST[39m [37m/wd/hub/session/2d9cc4e8-b166-47a3-a3e2-d2e6ad46a84c/element/00000000-0000-07f8-ffff-ffff00002545/clear[39m
[35m[HTTP][39m [90m{"id":"00000000-0000-07f8-ffff-ffff00002545"}[39m
[35m[HTTP][39m [37m<-- POST /wd/hub/session/2d9cc4e8-b166-47a3-a3e2-d2e6ad46a84c/element/00000000-0000-07f8-ffff-ffff00002545/clear [39m[32m200[39m [90m43 ms - 14[39m
[35m[HTTP][39m [90m[39m
[35m[HTTP][39m [37m-->[39m [37mPOST[39m [37m/wd/hub/session/2d9cc4e8-b166-47a3-a3e2-d2e6ad46a84c/element/00000000-0000-07f8-ffff-ffff00002545/value[39m
[35m[HTTP][39m [90m{"id":"00000000-0000-07f8-ffff-ffff00002545","text":"20211002","value":["2","0","2","1","1","0","0","2"]}[39m
[35m[HTTP][39m [37m<-- POST /wd/hub/session/2d9cc4e8-b166-47a3-a3e2-d2e6ad46a84c/element/00000000-0000-07f8-ffff-ffff00002545/value [39m[32m200[39m [90m577 ms - 14[39m
[35m[HTTP][39m [90m[39m
[35m[HTTP][39m [37m-->[39m [37mPOST[39m [37m/wd/hub/session/2d9cc4e8-b166-47a3-a3e2-d2e6ad46a84c/timeouts[39m
[35m[HTTP][39m [90m{"implicit":50}[39m
[35m[HTTP][39m [37m<-- POST /wd/hub/session/2d9cc4e8-b166-47a3-a3e2-d2e6ad46a84c/timeouts [39m[32m200[39m [90m2 ms - 14[39m
[35m[HTTP][39m [90m[39m
[35m[HTTP][39m [37m-->[39m [37mGET[39m [37m/wd/hub/session/2d9cc4e8-b166-47a3-a3e2-d2e6ad46a84c/window/rect[39m
[35m[HTTP][39m [90m{}[39m
[35m[HTTP][39m [37m<-- GET /wd/hub/session/2d9cc4e8-b166-47a3-a3e2-d2e6ad46a84c/window/rect [39m[32m200[39m [90m22 ms - 50[39m
[35m[HTTP][39m [90m[39m
[35m[HTTP][39m [37m-->[39m [37mPOST[39m [37m/wd/hub/session/2d9cc4e8-b166-47a3-a3e2-d2e6ad46a84c/elements[39m
[35m[HTTP][39m [90m{"using":"xpath","value":"//*[@class = 'android.widget.EditText' and (@text = 'Password' or . = 'Password') and @resource-id = 'com.bcaf.mobilesurvey:id/password']"}[39m
[35m[HTTP][39m [37m<-- POST /wd/hub/session/2d9cc4e8-b166-47a3-a3e2-d2e6ad46a84c/elements [39m[32m200[39m [90m380 ms - 139[39m
[35m[HTTP][39m [90m[39m
[35m[HTTP][39m [37m-->[39m [37mGET[39m [37m/wd/hub/session/2d9cc4e8-b166-47a3-a3e2-d2e6ad46a84c/element/00000000-0000-07f8-ffff-ffff00002551/location[39m
[35m[HTTP][39m [90m{}[39m
[35m[W3C (2d9cc4e8)][39m Driver proxy active, passing request on via HTTP proxy
[35m[WD Proxy][39m Replacing sessionId 70aa52dc-f307-4520-9f5e-cf2717834991 with 2d9cc4e8-b166-47a3-a3e2-d2e6ad46a84c
[35m[HTTP][39m [37m<-- GET /wd/hub/session/2d9cc4e8-b166-47a3-a3e2-d2e6ad46a84c/element/00000000-0000-07f8-ffff-ffff00002551/location [39m[32m200[39m [90m27 ms - 78[39m
[35m[HTTP][39m [90m[39m
[35m[HTTP][39m [37m-->[39m [37mPOST[39m [37m/wd/hub/session/2d9cc4e8-b166-47a3-a3e2-d2e6ad46a84c/timeouts[39m
[35m[HTTP][39m [90m{"implicit":30000}[39m
[35m[HTTP][39m [37m<-- POST /wd/hub/session/2d9cc4e8-b166-47a3-a3e2-d2e6ad46a84c/timeouts [39m[32m200[39m [90m3 ms - 14[39m
[35m[HTTP][39m [90m[39m
[35m[HTTP][39m [37m-->[39m [37mPOST[39m [37m/wd/hub/session/2d9cc4e8-b166-47a3-a3e2-d2e6ad46a84c/element/00000000-0000-07f8-ffff-ffff00002551/clear[39m
[35m[HTTP][39m [90m{"id":"00000000-0000-07f8-ffff-ffff00002551"}[39m
[35m[HTTP][39m [37m<-- POST /wd/hub/session/2d9cc4e8-b166-47a3-a3e2-d2e6ad46a84c/element/00000000-0000-07f8-ffff-ffff00002551/clear [39m[32m200[39m [90m58 ms - 14[39m
[35m[HTTP][39m [90m[39m
[35m[HTTP][39m [37m-->[39m [37mPOST[39m [37m/wd/hub/session/2d9cc4e8-b166-47a3-a3e2-d2e6ad46a84c/element/00000000-0000-07f8-ffff-ffff00002551/value[39m
[35m[HTTP][39m [90m{"id":"00000000-0000-07f8-ffff-ffff00002551","text":"mobile123+","value":["m","o","b","i","l","e","1","2","3","+"]}[39m
[35m[HTTP][39m [37m<-- POST /wd/hub/session/2d9cc4e8-b166-47a3-a3e2-d2e6ad46a84c/element/00000000-0000-07f8-ffff-ffff00002551/value [39m[32m200[39m [90m1124 ms - 14[39m
[35m[HTTP][39m [90m[39m
[35m[HTTP][39m [37m-->[39m [37mPOST[39m [37m/wd/hub/session/2d9cc4e8-b166-47a3-a3e2-d2e6ad46a84c/timeouts[39m
[35m[HTTP][39m [90m{"implicit":50}[39m
[35m[HTTP][39m [37m<-- POST /wd/hub/session/2d9cc4e8-b166-47a3-a3e2-d2e6ad46a84c/timeouts [39m[32m200[39m [90m2 ms - 14[39m
[35m[HTTP][39m [90m[39m
[35m[HTTP][39m [37m-->[39m [37mGET[39m [37m/wd/hub/session/2d9cc4e8-b166-47a3-a3e2-d2e6ad46a84c/window/rect[39m
[35m[HTTP][39m [90m{}[39m
[35m[HTTP][39m [37m<-- GET /wd/hub/session/2d9cc4e8-b166-47a3-a3e2-d2e6ad46a84c/window/rect [39m[32m200[39m [90m22 ms - 50[39m
[35m[HTTP][39m [90m[39m
[35m[HTTP][39m [37m-->[39m [37mPOST[39m [37m/wd/hub/session/2d9cc4e8-b166-47a3-a3e2-d2e6ad46a84c/elements[39m
[35m[HTTP][39m [90m{"using":"xpath","value":"//*[@class = 'android.widget.CheckBox' and (@text = 'Remember Me' or . = 'Remember Me') and @resource-id = 'com.bcaf.mobilesurvey:id/rememberMe']"}[39m
[35m[HTTP][39m [37m<-- POST /wd/hub/session/2d9cc4e8-b166-47a3-a3e2-d2e6ad46a84c/elements [39m[32m200[39m [90m466 ms - 139[39m
[35m[HTTP][39m [90m[39m
[35m[HTTP][39m [37m-->[39m [37mGET[39m [37m/wd/hub/session/2d9cc4e8-b166-47a3-a3e2-d2e6ad46a84c/element/00000000-0000-07f8-ffff-ffff0000255a/location[39m
[35m[HTTP][39m [90m{}[39m
[35m[W3C (2d9cc4e8)][39m Driver proxy active, passing request on via HTTP proxy
[35m[WD Proxy][39m Replacing sessionId 70aa52dc-f307-4520-9f5e-cf2717834991 with 2d9cc4e8-b166-47a3-a3e2-d2e6ad46a84c
[35m[HTTP][39m [37m<-- GET /wd/hub/session/2d9cc4e8-b166-47a3-a3e2-d2e6ad46a84c/element/00000000-0000-07f8-ffff-ffff0000255a/location [39m[32m200[39m [90m26 ms - 78[39m
[35m[HTTP][39m [90m[39m
[35m[HTTP][39m [37m-->[39m [37mPOST[39m [37m/wd/hub/session/2d9cc4e8-b166-47a3-a3e2-d2e6ad46a84c/timeouts[39m
[35m[HTTP][39m [90m{"implicit":30000}[39m
[35m[HTTP][39m [37m<-- POST /wd/hub/session/2d9cc4e8-b166-47a3-a3e2-d2e6ad46a84c/timeouts [39m[32m200[39m [90m2 ms - 14[39m
[35m[HTTP][39m [90m[39m
[35m[HTTP][39m [37m-->[39m [37mPOST[39m [37m/wd/hub/session/2d9cc4e8-b166-47a3-a3e2-d2e6ad46a84c/touch/perform[39m
[35m[HTTP][39m [90m{"actions":[{"action":"tap","options":{"x":1,"y":1,"element":"00000000-0000-07f8-ffff-ffff0000255a"}},{"action":"release","options":{}}]}[39m
[35m[UiAutomator2][39m calling get location: 00000000-0000-07f8-ffff-ffff0000255a
[35m[HTTP][39m [37m<-- POST /wd/hub/session/2d9cc4e8-b166-47a3-a3e2-d2e6ad46a84c/touch/perform [39m[32m200[39m [90m251 ms - 14[39m
[35m[HTTP][39m [90m[39m
[35m[HTTP][39m [37m-->[39m [37mGET[39m [37m/wd/hub/session/2d9cc4e8-b166-47a3-a3e2-d2e6ad46a84c/context[39m
[35m[HTTP][39m [90m{}[39m
[35m[HTTP][39m [37m<-- GET /wd/hub/session/2d9cc4e8-b166-47a3-a3e2-d2e6ad46a84c/context [39m[32m200[39m [90m1 ms - 22[39m
[35m[HTTP][39m [90m[39m
[35m[HTTP][39m [37m-->[39m [37mGET[39m [37m/wd/hub/session/2d9cc4e8-b166-47a3-a3e2-d2e6ad46a84c/contexts[39m
[35m[HTTP][39m [90m{}[39m
[35m[HTTP][39m [37m<-- GET /wd/hub/session/2d9cc4e8-b166-47a3-a3e2-d2e6ad46a84c/contexts [39m[32m200[39m [90m108 ms - 24[39m
[35m[HTTP][39m [90m[39m
[35m[HTTP][39m [37m-->[39m [37mPOST[39m [37m/wd/hub/session/2d9cc4e8-b166-47a3-a3e2-d2e6ad46a84c/context[39m
[35m[HTTP][39m [90m{"name":"NATIVE_APP"}[39m
[35m[HTTP][39m [37m<-- POST /wd/hub/session/2d9cc4e8-b166-47a3-a3e2-d2e6ad46a84c/context [39m[32m200[39m [90m3 ms - 14[39m
[35m[HTTP][39m [90m[39m
[35m[HTTP][39m [37m-->[39m [37mPOST[39m [37m/wd/hub/session/2d9cc4e8-b166-47a3-a3e2-d2e6ad46a84c/appium/device/hide_keyboard[39m
[35m[HTTP][39m [90m{}[39m
[35m[HTTP][39m [37m<-- POST /wd/hub/session/2d9cc4e8-b166-47a3-a3e2-d2e6ad46a84c/appium/device/hide_keyboard [39m[32m200[39m [90m3560 ms - 14[39m
[35m[HTTP][39m [90m[39m
[35m[HTTP][39m [37m-->[39m [37mPOST[39m [37m/wd/hub/session/2d9cc4e8-b166-47a3-a3e2-d2e6ad46a84c/context[39m
[35m[HTTP][39m [90m{"name":"NATIVE_APP"}[39m
[35m[HTTP][39m [37m<-- POST /wd/hub/session/2d9cc4e8-b166-47a3-a3e2-d2e6ad46a84c/context [39m[32m200[39m [90m2 ms - 14[39m
[35m[HTTP][39m [90m[39m
[35m[HTTP][39m [37m-->[39m [37mGET[39m [37m/wd/hub/session/2d9cc4e8-b166-47a3-a3e2-d2e6ad46a84c/context[39m
[35m[HTTP][39m [90m{}[39m
[35m[HTTP][39m [37m<-- GET /wd/hub/session/2d9cc4e8-b166-47a3-a3e2-d2e6ad46a84c/context [39m[32m200[39m [90m5 ms - 22[39m
[35m[HTTP][39m [90m[39m
[35m[HTTP][39m [37m-->[39m [37mGET[39m [37m/wd/hub/session/2d9cc4e8-b166-47a3-a3e2-d2e6ad46a84c/contexts[39m
[35m[HTTP][39m [90m{}[39m
[35m[HTTP][39m [37m<-- GET /wd/hub/session/2d9cc4e8-b166-47a3-a3e2-d2e6ad46a84c/contexts [39m[32m200[39m [90m102 ms - 24[39m
[35m[HTTP][39m [90m[39m
[35m[HTTP][39m [37m-->[39m [37mPOST[39m [37m/wd/hub/session/2d9cc4e8-b166-47a3-a3e2-d2e6ad46a84c/context[39m
[35m[HTTP][39m [90m{"name":"NATIVE_APP"}[39m
[35m[HTTP][39m [37m<-- POST /wd/hub/session/2d9cc4e8-b166-47a3-a3e2-d2e6ad46a84c/context [39m[32m200[39m [90m1 ms - 14[39m
[35m[HTTP][39m [90m[39m
[35m[HTTP][39m [37m-->[39m [37mGET[39m [37m/wd/hub/session/2d9cc4e8-b166-47a3-a3e2-d2e6ad46a84c/window/rect[39m
[35m[HTTP][39m [90m{}[39m
[35m[HTTP][39m [37m<-- GET /wd/hub/session/2d9cc4e8-b166-47a3-a3e2-d2e6ad46a84c/window/rect [39m[32m200[39m [90m23 ms - 50[39m
[35m[HTTP][39m [90m[39m
[35m[HTTP][39m [37m-->[39m [37mPOST[39m [37m/wd/hub/session/2d9cc4e8-b166-47a3-a3e2-d2e6ad46a84c/execute/sync[39m
[35m[HTTP][39m [90m{"script":"mobile: viewportScreenshot","args":[]}[39m
[35m[AndroidDriver][39m Executing native command 'mobile: viewportScreenshot'
[35m[HTTP][39m [37m<-- POST /wd/hub/session/2d9cc4e8-b166-47a3-a3e2-d2e6ad46a84c/execute/sync [39m[32m200[39m [90m1875 ms - 113828[39m
[35m[HTTP][39m [90m[39m
[35m[HTTP][39m [37m-->[39m [37mPOST[39m [37m/wd/hub/session/2d9cc4e8-b166-47a3-a3e2-d2e6ad46a84c/context[39m
[35m[HTTP][39m [90m{"name":"NATIVE_APP"}[39m
[35m[HTTP][39m [37m<-- POST /wd/hub/session/2d9cc4e8-b166-47a3-a3e2-d2e6ad46a84c/context [39m[32m200[39m [90m4 ms - 14[39m
[35m[HTTP][39m [90m[39m
[35m[HTTP][39m [37m-->[39m [37mPOST[39m [37m/wd/hub/session/2d9cc4e8-b166-47a3-a3e2-d2e6ad46a84c/timeouts[39m
[35m[HTTP][39m [90m{"implicit":50}[39m
[35m[HTTP][39m [37m<-- POST /wd/hub/session/2d9cc4e8-b166-47a3-a3e2-d2e6ad46a84c/timeouts [39m[32m200[39m [90m2 ms - 14[39m
[35m[HTTP][39m [90m[39m
[35m[HTTP][39m [37m-->[39m [37mGET[39m [37m/wd/hub/session/2d9cc4e8-b166-47a3-a3e2-d2e6ad46a84c/window/rect[39m
[35m[HTTP][39m [90m{}[39m
[35m[HTTP][39m [37m<-- GET /wd/hub/session/2d9cc4e8-b166-47a3-a3e2-d2e6ad46a84c/window/rect [39m[32m200[39m [90m34 ms - 50[39m
[35m[HTTP][39m [90m[39m
[35m[HTTP][39m [37m-->[39m [37mPOST[39m [37m/wd/hub/session/2d9cc4e8-b166-47a3-a3e2-d2e6ad46a84c/elements[39m
[35m[HTTP][39m [90m{"using":"xpath","value":"//*[@class = 'android.widget.Button' and (@text = 'LOGIN' or . = 'LOGIN') and @resource-id = 'com.bcaf.mobilesurvey:id/login']"}[39m
[35m[HTTP][39m [37m<-- POST /wd/hub/session/2d9cc4e8-b166-47a3-a3e2-d2e6ad46a84c/elements [39m[32m200[39m [90m522 ms - 139[39m
[35m[HTTP][39m [90m[39m
[35m[HTTP][39m [37m-->[39m [37mGET[39m [37m/wd/hub/session/2d9cc4e8-b166-47a3-a3e2-d2e6ad46a84c/element/00000000-0000-07f8-ffff-ffff0000255b/location[39m
[35m[HTTP][39m [90m{}[39m
[35m[W3C (2d9cc4e8)][39m Driver proxy active, passing request on via HTTP proxy
[35m[WD Proxy][39m Replacing sessionId 70aa52dc-f307-4520-9f5e-cf2717834991 with 2d9cc4e8-b166-47a3-a3e2-d2e6ad46a84c
[35m[HTTP][39m [37m<-- GET /wd/hub/session/2d9cc4e8-b166-47a3-a3e2-d2e6ad46a84c/element/00000000-0000-07f8-ffff-ffff0000255b/location [39m[32m200[39m [90m47 ms - 79[39m
[35m[HTTP][39m [90m[39m
[35m[HTTP][39m [37m-->[39m [37mPOST[39m [37m/wd/hub/session/2d9cc4e8-b166-47a3-a3e2-d2e6ad46a84c/timeouts[39m
[35m[HTTP][39m [90m{"implicit":30000}[39m
[35m[HTTP][39m [37m<-- POST /wd/hub/session/2d9cc4e8-b166-47a3-a3e2-d2e6ad46a84c/timeouts [39m[32m200[39m [90m2 ms - 14[39m
[35m[HTTP][39m [90m[39m
[35m[HTTP][39m [37m-->[39m [37mPOST[39m [37m/wd/hub/session/2d9cc4e8-b166-47a3-a3e2-d2e6ad46a84c/touch/perform[39m
[35m[HTTP][39m [90m{"actions":[{"action":"tap","options":{"x":1,"y":1,"element":"00000000-0000-07f8-ffff-ffff0000255b"}},{"action":"release","options":{}}]}[39m
[35m[UiAutomator2][39m calling get location: 00000000-0000-07f8-ffff-ffff0000255b
[35m[HTTP][39m [37m<-- POST /wd/hub/session/2d9cc4e8-b166-47a3-a3e2-d2e6ad46a84c/touch/perform [39m[32m200[39m [90m248 ms - 14[39m
[35m[HTTP][39m [90m[39m
[35m[HTTP][39m [37m-->[39m [37mGET[39m [37m/wd/hub/status[39m
[35m[HTTP][39m [90m{}[39m
[35m[HTTP][39m [37m<-- GET /wd/hub/status [39m[32m200[39m [90m1 ms - 68[39m
[35m[HTTP][39m [90m[39m
[35m[HTTP][39m [37m-->[39m [37mPOST[39m [37m/wd/hub/session[39m
[35m[HTTP][39m [90m{"desiredCapabilities":{"appActivity":".Settings","appPackage":"com.android.settings","newCommandTimeout":1800,"platformVersion":"11","automationName":"uiautomator2","autoGrantPermissions":true,"platformName":"Android","udid":"RR8N605F11Y","deviceName":"samsung SM-M315F (Android 11)","platform":"ANDROID","systemPort":8256},"capabilities":{"firstMatch":[{"appium:appActivity":".Settings","appium:appPackage":"com.android.settings","appium:autoGrantPermissions":true,"appium:automationName":"uiautomator2","appium:deviceName":"samsung SM-M315F (Android 11)","appium:newCommandTimeout":1800,"platform":"ANDROID","platformName":"android","appium:platformVersion":"11","appium:systemPort":8256,"appium:udid":"RR8N605F11Y"}]}}[39m
[35m[BaseDriver][39m The following capabilities are not standard capabilities and should have an extension prefix:
[35m[BaseDriver][39m   platform
[35m[BaseDriver][39m   chromedriverPort
[35m[Appium][39m Appium v1.22.2 creating new AndroidUiautomator2Driver (v1.70.1) session
[35m[BaseDriver][39m The following capabilities were provided, but are not recognized by Appium:
[35m[BaseDriver][39m   platform
[35m[BaseDriver][39m Session created with session id: 9509fedc-7297-4fa3-8400-d1d566f4daab
[35m[UiAutomator2][39m Starting 'com.android.settings' directly on the device
[35m[ADB][39m Using 'adb.exe' from 'C:\Users\Nia Yusniati\.katalon\tools\android_sdk\platform-tools\adb.exe'
[35m[AndroidDriver][39m Retrieving device list
[35m[AndroidDriver][39m Using device: RR8N605F11Y
[35m[ADB][39m Using 'adb.exe' from 'C:\Users\Nia Yusniati\.katalon\tools\android_sdk\platform-tools\adb.exe'
[35m[ADB][39m Getting device platform version
[35m[UiAutomator2][39m Relaxing hidden api policy
[35m[AndroidDriver][39m No app sent in, not parsing package/activity
[35m[UiAutomator2][39m Server packages are not going to be (re)installed
[35m[ADB][39m Adding packages ["io.appium.settings","io.appium.uiautomator2.server","io.appium.uiautomator2.server.test"] to Doze whitelist
[35m[UiAutomator2][39m Starting UIAutomator2 server 4.27.0
[35m[UiAutomator2][39m Using UIAutomator2 server from 'C:\Users\Nia Yusniati\AppData\Roaming\npm\node_modules\appium\node_modules\appium-uiautomator2-server\apks\appium-uiautomator2-server-v4.27.0.apk' and test from 'C:\Users\Nia Yusniati\AppData\Roaming\npm\node_modules\appium\node_modules\appium-uiautomator2-server\apks\appium-uiautomator2-server-debug-androidTest.apk'
[35m[UiAutomator2][39m Waiting up to 30000ms for UiAutomator2 to be online...
[35m[WD Proxy][39m socket hang up
[35m[WD Proxy][39m socket hang up
[35m[WD Proxy][39m socket hang up
[35m[WD Proxy][39m Determined the downstream protocol as 'W3C'
[35m[AndroidDriver][39m Screen already unlocked, doing nothing
[35m[UiAutomator2][39m Starting 'com.android.settings/.Settings and waiting for 'com.android.settings/.Settings'
[35m[Appium][39m New AndroidUiautomator2Driver session created successfully, session 9509fedc-7297-4fa3-8400-d1d566f4daab added to master session list
[35m[HTTP][39m [37m<-- POST /wd/hub/session [39m[32m200[39m [90m9889 ms - 1158[39m
[35m[HTTP][39m [90m[39m
[35m[HTTP][39m [37m-->[39m [37mGET[39m [37m/wd/hub/session/9509fedc-7297-4fa3-8400-d1d566f4daab[39m
[35m[HTTP][39m [90m{}[39m
[35m[HTTP][39m [37m<-- GET /wd/hub/session/9509fedc-7297-4fa3-8400-d1d566f4daab [39m[32m200[39m [90m13 ms - 1112[39m
[35m[HTTP][39m [90m[39m
[35m[HTTP][39m [37m-->[39m [37mGET[39m [37m/wd/hub/session/9509fedc-7297-4fa3-8400-d1d566f4daab[39m
[35m[HTTP][39m [90m{}[39m
[35m[HTTP][39m [37m<-- GET /wd/hub/session/9509fedc-7297-4fa3-8400-d1d566f4daab [39m[32m200[39m [90m11 ms - 1112[39m
[35m[HTTP][39m [90m[39m
[35m[HTTP][39m [37m-->[39m [37mGET[39m [37m/wd/hub/status[39m
[35m[HTTP][39m [90m{}[39m
[35m[HTTP][39m [37m<-- GET /wd/hub/status [39m[32m200[39m [90m1 ms - 68[39m
[35m[HTTP][39m [90m[39m
[35m[HTTP][39m [37m-->[39m [37mPOST[39m [37m/wd/hub/session/9509fedc-7297-4fa3-8400-d1d566f4daab/timeouts[39m
[35m[HTTP][39m [90m{"implicit":30000}[39m
[35m[HTTP][39m [37m<-- POST /wd/hub/session/9509fedc-7297-4fa3-8400-d1d566f4daab/timeouts [39m[32m200[39m [90m2 ms - 14[39m
[35m[HTTP][39m [90m[39m
[35m[HTTP][39m [37m-->[39m [37mGET[39m [37m/wd/hub/session/9509fedc-7297-4fa3-8400-d1d566f4daab/screenshot[39m
[35m[HTTP][39m [90m{}[39m
[35m[HTTP][39m [37m<-- GET /wd/hub/session/9509fedc-7297-4fa3-8400-d1d566f4daab/screenshot [39m[32m200[39m [90m614 ms - 184836[39m
[35m[HTTP][39m [90m[39m
[35m[HTTP][39m [37m-->[39m [37mGET[39m [37m/wd/hub/session/9509fedc-7297-4fa3-8400-d1d566f4daab/window/rect[39m
[35m[HTTP][39m [90m{}[39m
[35m[HTTP][39m [37m<-- GET /wd/hub/session/9509fedc-7297-4fa3-8400-d1d566f4daab/window/rect [39m[32m200[39m [90m11 ms - 50[39m
[35m[HTTP][39m [90m[39m
[35m[HTTP][39m [37m-->[39m [37mGET[39m [37m/wd/hub/session/9509fedc-7297-4fa3-8400-d1d566f4daab/appium/device/system_bars[39m
[35m[HTTP][39m [90m{}[39m
[35m[HTTP][39m [37m<-- GET /wd/hub/session/9509fedc-7297-4fa3-8400-d1d566f4daab/appium/device/system_bars [39m[32m200[39m [90m98 ms - 148[39m
[35m[HTTP][39m [90m[39m
[35m[HTTP][39m [37m-->[39m [37mPOST[39m [37m/wd/hub/session/9509fedc-7297-4fa3-8400-d1d566f4daab/appium/device/activate_app[39m
[35m[HTTP][39m [90m{"bundleId":"com.bcaf.mobilesurvey"}[39m
[35m[HTTP][39m [37m<-- POST /wd/hub/session/9509fedc-7297-4fa3-8400-d1d566f4daab/appium/device/activate_app [39m[32m200[39m [90m690 ms - 14[39m
[35m[HTTP][39m [90m[39m
[35m[HTTP][39m [37m-->[39m [37mGET[39m [37m/wd/hub/session/9509fedc-7297-4fa3-8400-d1d566f4daab/context[39m
[35m[HTTP][39m [90m{}[39m
[35m[HTTP][39m [37m<-- GET /wd/hub/session/9509fedc-7297-4fa3-8400-d1d566f4daab/context [39m[32m200[39m [90m3 ms - 22[39m
[35m[HTTP][39m [90m[39m
[35m[HTTP][39m [37m-->[39m [37mGET[39m [37m/wd/hub/session/9509fedc-7297-4fa3-8400-d1d566f4daab/contexts[39m
[35m[HTTP][39m [90m{}[39m
[35m[HTTP][39m [37m<-- GET /wd/hub/session/9509fedc-7297-4fa3-8400-d1d566f4daab/contexts [39m[32m200[39m [90m179 ms - 24[39m
[35m[HTTP][39m [90m[39m
[35m[HTTP][39m [37m-->[39m [37mPOST[39m [37m/wd/hub/session/9509fedc-7297-4fa3-8400-d1d566f4daab/context[39m
[35m[HTTP][39m [90m{"name":"NATIVE_APP"}[39m
[35m[HTTP][39m [37m<-- POST /wd/hub/session/9509fedc-7297-4fa3-8400-d1d566f4daab/context [39m[32m200[39m [90m2 ms - 14[39m
[35m[HTTP][39m [90m[39m
[35m[HTTP][39m [37m-->[39m [37mGET[39m [37m/wd/hub/session/9509fedc-7297-4fa3-8400-d1d566f4daab/window/rect[39m
[35m[HTTP][39m [90m{}[39m
[35m[HTTP][39m [37m<-- GET /wd/hub/session/9509fedc-7297-4fa3-8400-d1d566f4daab/window/rect [39m[32m200[39m [90m35 ms - 50[39m
[35m[HTTP][39m [90m[39m
[35m[HTTP][39m [37m-->[39m [37mPOST[39m [37m/wd/hub/session/9509fedc-7297-4fa3-8400-d1d566f4daab/execute/sync[39m
[35m[HTTP][39m [90m{"script":"mobile: viewportScreenshot","args":[]}[39m
[35m[AndroidDriver][39m Executing native command 'mobile: viewportScreenshot'
[35m[HTTP][39m [37m<-- POST /wd/hub/session/9509fedc-7297-4fa3-8400-d1d566f4daab/execute/sync [39m[32m200[39m [90m1897 ms - 178592[39m
[35m[HTTP][39m [90m[39m
[35m[HTTP][39m [37m-->[39m [37mPOST[39m [37m/wd/hub/session/9509fedc-7297-4fa3-8400-d1d566f4daab/context[39m
[35m[HTTP][39m [90m{"name":"NATIVE_APP"}[39m
[35m[HTTP][39m [37m<-- POST /wd/hub/session/9509fedc-7297-4fa3-8400-d1d566f4daab/context [39m[32m200[39m [90m3 ms - 14[39m
[35m[HTTP][39m [90m[39m
[35m[HTTP][39m [37m-->[39m [37mPOST[39m [37m/wd/hub/session/9509fedc-7297-4fa3-8400-d1d566f4daab/timeouts[39m
[35m[HTTP][39m [90m{"implicit":50}[39m
[35m[HTTP][39m [37m<-- POST /wd/hub/session/9509fedc-7297-4fa3-8400-d1d566f4daab/timeouts [39m[32m200[39m [90m2 ms - 14[39m
[35m[HTTP][39m [90m[39m
[35m[HTTP][39m [37m-->[39m [37mGET[39m [37m/wd/hub/session/9509fedc-7297-4fa3-8400-d1d566f4daab/window/rect[39m
[35m[HTTP][39m [90m{}[39m
[35m[HTTP][39m [37m<-- GET /wd/hub/session/9509fedc-7297-4fa3-8400-d1d566f4daab/window/rect [39m[32m200[39m [90m57 ms - 50[39m
[35m[HTTP][39m [90m[39m
[35m[HTTP][39m [37m-->[39m [37mPOST[39m [37m/wd/hub/session/9509fedc-7297-4fa3-8400-d1d566f4daab/elements[39m
[35m[HTTP][39m [90m{"using":"xpath","value":"//hierarchy/android.widget.FrameLayout[1]/android.widget.LinearLayout[1]/android.widget.FrameLayout[1]/android.widget.LinearLayout[1]/android.widget.FrameLayout[1]/android.widget.RelativeLayout[1]/android.widget.ScrollView[1]/android.widget.LinearLayout[1]/android.widget.LinearLayout[1]/android.widget.LinearLayout[1]/android.widget.LinearLayout[1]/android.widget.FrameLayout[2]/android.widget.LinearLayout[1]"}[39m
[35m[HTTP][39m [37m<-- POST /wd/hub/session/9509fedc-7297-4fa3-8400-d1d566f4daab/elements [39m[32m200[39m [90m1389 ms - 139[39m
[35m[HTTP][39m [90m[39m
[35m[HTTP][39m [37m-->[39m [37mGET[39m [37m/wd/hub/session/9509fedc-7297-4fa3-8400-d1d566f4daab/element/00000000-0000-0805-ffff-ffff000025de/location[39m
[35m[HTTP][39m [90m{}[39m
[35m[W3C (9509fedc)][39m Driver proxy active, passing request on via HTTP proxy
[35m[WD Proxy][39m Replacing sessionId 31c941d5-1490-4533-8766-ac467cd1111d with 9509fedc-7297-4fa3-8400-d1d566f4daab
[35m[HTTP][39m [37m<-- GET /wd/hub/session/9509fedc-7297-4fa3-8400-d1d566f4daab/element/00000000-0000-0805-ffff-ffff000025de/location [39m[32m200[39m [90m52 ms - 78[39m
[35m[HTTP][39m [90m[39m
[35m[HTTP][39m [37m-->[39m [37mPOST[39m [37m/wd/hub/session/9509fedc-7297-4fa3-8400-d1d566f4daab/timeouts[39m
[35m[HTTP][39m [90m{"implicit":30000}[39m
[35m[HTTP][39m [37m<-- POST /wd/hub/session/9509fedc-7297-4fa3-8400-d1d566f4daab/timeouts [39m[32m200[39m [90m3 ms - 14[39m
[35m[HTTP][39m [90m[39m
[35m[HTTP][39m [37m-->[39m [37mPOST[39m [37m/wd/hub/session/9509fedc-7297-4fa3-8400-d1d566f4daab/touch/perform[39m
[35m[HTTP][39m [90m{"actions":[{"action":"tap","options":{"x":1,"y":1,"element":"00000000-0000-0805-ffff-ffff000025de"}},{"action":"release","options":{}}]}[39m
[35m[UiAutomator2][39m calling get location: 00000000-0000-0805-ffff-ffff000025de
[35m[HTTP][39m [37m<-- POST /wd/hub/session/9509fedc-7297-4fa3-8400-d1d566f4daab/touch/perform [39m[32m200[39m [90m3717 ms - 14[39m
[35m[HTTP][39m [90m[39m
[35m[HTTP][39m [37m-->[39m [37mGET[39m [37m/wd/hub/session/9509fedc-7297-4fa3-8400-d1d566f4daab/context[39m
[35m[HTTP][39m [90m{}[39m
[35m[HTTP][39m [37m<-- GET /wd/hub/session/9509fedc-7297-4fa3-8400-d1d566f4daab/context [39m[32m200[39m [90m1 ms - 22[39m
[35m[HTTP][39m [90m[39m
[35m[HTTP][39m [37m-->[39m [37mGET[39m [37m/wd/hub/session/9509fedc-7297-4fa3-8400-d1d566f4daab/contexts[39m
[35m[HTTP][39m [90m{}[39m
[35m[HTTP][39m [37m<-- GET /wd/hub/session/9509fedc-7297-4fa3-8400-d1d566f4daab/contexts [39m[32m200[39m [90m146 ms - 24[39m
[35m[HTTP][39m [90m[39m
[35m[HTTP][39m [37m-->[39m [37mPOST[39m [37m/wd/hub/session/9509fedc-7297-4fa3-8400-d1d566f4daab/context[39m
[35m[HTTP][39m [90m{"name":"NATIVE_APP"}[39m
[35m[HTTP][39m [37m<-- POST /wd/hub/session/9509fedc-7297-4fa3-8400-d1d566f4daab/context [39m[32m200[39m [90m2 ms - 14[39m
[35m[HTTP][39m [90m[39m
[35m[HTTP][39m [37m-->[39m [37mGET[39m [37m/wd/hub/session/9509fedc-7297-4fa3-8400-d1d566f4daab/window/rect[39m
[35m[HTTP][39m [90m{}[39m
[35m[HTTP][39m [37m<-- GET /wd/hub/session/9509fedc-7297-4fa3-8400-d1d566f4daab/window/rect [39m[32m200[39m [90m50 ms - 50[39m
[35m[HTTP][39m [90m[39m
[35m[HTTP][39m [37m-->[39m [37mPOST[39m [37m/wd/hub/session/9509fedc-7297-4fa3-8400-d1d566f4daab/execute/sync[39m
[35m[HTTP][39m [90m{"script":"mobile: viewportScreenshot","args":[]}[39m
[35m[AndroidDriver][39m Executing native command 'mobile: viewportScreenshot'
[35m[HTTP][39m [37m<-- POST /wd/hub/session/9509fedc-7297-4fa3-8400-d1d566f4daab/execute/sync [39m[32m200[39m [90m1613 ms - 140512[39m
[35m[HTTP][39m [90m[39m
[35m[HTTP][39m [37m-->[39m [37mPOST[39m [37m/wd/hub/session/9509fedc-7297-4fa3-8400-d1d566f4daab/context[39m
[35m[HTTP][39m [90m{"name":"NATIVE_APP"}[39m
[35m[HTTP][39m [37m<-- POST /wd/hub/session/9509fedc-7297-4fa3-8400-d1d566f4daab/context [39m[32m200[39m [90m2 ms - 14[39m
[35m[HTTP][39m [90m[39m
[35m[HTTP][39m [37m-->[39m [37mPOST[39m [37m/wd/hub/session/9509fedc-7297-4fa3-8400-d1d566f4daab/timeouts[39m
[35m[HTTP][39m [90m{"implicit":50}[39m
[35m[HTTP][39m [37m<-- POST /wd/hub/session/9509fedc-7297-4fa3-8400-d1d566f4daab/timeouts [39m[32m200[39m [90m1 ms - 14[39m
[35m[HTTP][39m [90m[39m
[35m[HTTP][39m [37m-->[39m [37mGET[39m [37m/wd/hub/session/9509fedc-7297-4fa3-8400-d1d566f4daab/window/rect[39m
[35m[HTTP][39m [90m{}[39m
[35m[HTTP][39m [37m<-- GET /wd/hub/session/9509fedc-7297-4fa3-8400-d1d566f4daab/window/rect [39m[32m200[39m [90m54 ms - 50[39m
[35m[HTTP][39m [90m[39m
[35m[HTTP][39m [37m-->[39m [37mPOST[39m [37m/wd/hub/session/9509fedc-7297-4fa3-8400-d1d566f4daab/elements[39m
[35m[HTTP][39m [90m{"using":"xpath","value":"//hierarchy/android.widget.FrameLayout[1]/android.widget.LinearLayout[1]/android.widget.FrameLayout[1]/android.widget.LinearLayout[1]/android.widget.FrameLayout[1]/android.widget.RelativeLayout[1]/android.widget.ScrollView[1]/android.widget.LinearLayout[1]/android.widget.LinearLayout[1]/android.widget.LinearLayout[1]/android.widget.FrameLayout[1]/android.widget.LinearLayout[1]"}[39m
[35m[HTTP][39m [37m<-- POST /wd/hub/session/9509fedc-7297-4fa3-8400-d1d566f4daab/elements [39m[32m200[39m [90m326 ms - 139[39m
[35m[HTTP][39m [90m[39m
[35m[HTTP][39m [37m-->[39m [37mGET[39m [37m/wd/hub/session/9509fedc-7297-4fa3-8400-d1d566f4daab/element/00000000-0000-0805-ffff-ffff000025ca/location[39m
[35m[HTTP][39m [90m{}[39m
[35m[W3C (9509fedc)][39m Driver proxy active, passing request on via HTTP proxy
[35m[WD Proxy][39m Replacing sessionId 31c941d5-1490-4533-8766-ac467cd1111d with 9509fedc-7297-4fa3-8400-d1d566f4daab
[35m[HTTP][39m [37m<-- GET /wd/hub/session/9509fedc-7297-4fa3-8400-d1d566f4daab/element/00000000-0000-0805-ffff-ffff000025ca/location [39m[32m200[39m [90m51 ms - 78[39m
[35m[HTTP][39m [90m[39m
[35m[HTTP][39m [37m-->[39m [37mPOST[39m [37m/wd/hub/session/9509fedc-7297-4fa3-8400-d1d566f4daab/timeouts[39m
[35m[HTTP][39m [90m{"implicit":30000}[39m
[35m[HTTP][39m [37m<-- POST /wd/hub/session/9509fedc-7297-4fa3-8400-d1d566f4daab/timeouts [39m[32m200[39m [90m2 ms - 14[39m
[35m[HTTP][39m [90m[39m
[35m[HTTP][39m [37m-->[39m [37mPOST[39m [37m/wd/hub/session/9509fedc-7297-4fa3-8400-d1d566f4daab/touch/perform[39m
[35m[HTTP][39m [90m{"actions":[{"action":"tap","options":{"x":1,"y":1,"element":"00000000-0000-0805-ffff-ffff000025ca"}},{"action":"release","options":{}}]}[39m
[35m[UiAutomator2][39m calling get location: 00000000-0000-0805-ffff-ffff000025ca
[35m[HTTP][39m [37m<-- POST /wd/hub/session/9509fedc-7297-4fa3-8400-d1d566f4daab/touch/perform [39m[32m200[39m [90m326 ms - 14[39m
[35m[HTTP][39m [90m[39m
[35m[HTTP][39m [37m-->[39m [37mPOST[39m [37m/wd/hub/session/9509fedc-7297-4fa3-8400-d1d566f4daab/timeouts[39m
[35m[HTTP][39m [90m{"implicit":50}[39m
[35m[HTTP][39m [37m<-- POST /wd/hub/session/9509fedc-7297-4fa3-8400-d1d566f4daab/timeouts [39m[32m200[39m [90m2 ms - 14[39m
[35m[HTTP][39m [90m[39m
[35m[HTTP][39m [37m-->[39m [37mGET[39m [37m/wd/hub/session/9509fedc-7297-4fa3-8400-d1d566f4daab/window/rect[39m
[35m[HTTP][39m [90m{}[39m
[35m[HTTP][39m [37m<-- GET /wd/hub/session/9509fedc-7297-4fa3-8400-d1d566f4daab/window/rect [39m[32m200[39m [90m21 ms - 50[39m
[35m[HTTP][39m [90m[39m
[35m[HTTP][39m [37m-->[39m [37mPOST[39m [37m/wd/hub/session/9509fedc-7297-4fa3-8400-d1d566f4daab/elements[39m
[35m[HTTP][39m [90m{"using":"xpath","value":"//*[@class = 'android.widget.EditText' and (@text = 'No Polisi' or . = 'No Polisi') and @resource-id = 'com.bcaf.mobilesurvey:id/nopol']"}[39m
[35m[HTTP][39m [37m<-- POST /wd/hub/session/9509fedc-7297-4fa3-8400-d1d566f4daab/elements [39m[32m200[39m [90m1334 ms - 139[39m
[35m[HTTP][39m [90m[39m
[35m[HTTP][39m [37m-->[39m [37mGET[39m [37m/wd/hub/session/9509fedc-7297-4fa3-8400-d1d566f4daab/element/00000000-0000-0818-ffff-ffff00002625/location[39m
[35m[HTTP][39m [90m{}[39m
[35m[W3C (9509fedc)][39m Driver proxy active, passing request on via HTTP proxy
[35m[WD Proxy][39m Replacing sessionId 31c941d5-1490-4533-8766-ac467cd1111d with 9509fedc-7297-4fa3-8400-d1d566f4daab
[35m[HTTP][39m [37m<-- GET /wd/hub/session/9509fedc-7297-4fa3-8400-d1d566f4daab/element/00000000-0000-0818-ffff-ffff00002625/location [39m[32m200[39m [90m43 ms - 78[39m
[35m[HTTP][39m [90m[39m
[35m[HTTP][39m [37m-->[39m [37mPOST[39m [37m/wd/hub/session/9509fedc-7297-4fa3-8400-d1d566f4daab/timeouts[39m
[35m[HTTP][39m [90m{"implicit":30000}[39m
[35m[HTTP][39m [37m<-- POST /wd/hub/session/9509fedc-7297-4fa3-8400-d1d566f4daab/timeouts [39m[32m200[39m [90m2 ms - 14[39m
[35m[HTTP][39m [90m[39m
[35m[HTTP][39m [37m-->[39m [37mPOST[39m [37m/wd/hub/session/9509fedc-7297-4fa3-8400-d1d566f4daab/element/00000000-0000-0818-ffff-ffff00002625/clear[39m
[35m[HTTP][39m [90m{"id":"00000000-0000-0818-ffff-ffff00002625"}[39m
[35m[HTTP][39m [37m<-- POST /wd/hub/session/9509fedc-7297-4fa3-8400-d1d566f4daab/element/00000000-0000-0818-ffff-ffff00002625/clear [39m[32m200[39m [90m76 ms - 14[39m
[35m[HTTP][39m [90m[39m
[35m[HTTP][39m [37m-->[39m [37mPOST[39m [37m/wd/hub/session/9509fedc-7297-4fa3-8400-d1d566f4daab/element/00000000-0000-0818-ffff-ffff00002625/value[39m
[35m[HTTP][39m [90m{"id":"00000000-0000-0818-ffff-ffff00002625","text":"B777B","value":["B","7","7","7","B"]}[39m
[35m[HTTP][39m [37m<-- POST /wd/hub/session/9509fedc-7297-4fa3-8400-d1d566f4daab/element/00000000-0000-0818-ffff-ffff00002625/value [39m[32m200[39m [90m705 ms - 14[39m
[35m[HTTP][39m [90m[39m
[35m[HTTP][39m [37m-->[39m [37mPOST[39m [37m/wd/hub/session/9509fedc-7297-4fa3-8400-d1d566f4daab/timeouts[39m
[35m[HTTP][39m [90m{"implicit":50}[39m
[35m[HTTP][39m [37m<-- POST /wd/hub/session/9509fedc-7297-4fa3-8400-d1d566f4daab/timeouts [39m[32m200[39m [90m3 ms - 14[39m
[35m[HTTP][39m [90m[39m
[35m[HTTP][39m [37m-->[39m [37mGET[39m [37m/wd/hub/session/9509fedc-7297-4fa3-8400-d1d566f4daab/window/rect[39m
[35m[HTTP][39m [90m{}[39m
[35m[HTTP][39m [37m<-- GET /wd/hub/session/9509fedc-7297-4fa3-8400-d1d566f4daab/window/rect [39m[32m200[39m [90m44 ms - 50[39m
[35m[HTTP][39m [90m[39m
[35m[HTTP][39m [37m-->[39m [37mPOST[39m [37m/wd/hub/session/9509fedc-7297-4fa3-8400-d1d566f4daab/elements[39m
[35m[HTTP][39m [90m{"using":"xpath","value":"//*[@class = 'android.widget.Spinner' and @resource-id = 'com.bcaf.mobilesurvey:id/maskapai' and (@text = '' or . = '')]"}[39m
[35m[HTTP][39m [37m<-- POST /wd/hub/session/9509fedc-7297-4fa3-8400-d1d566f4daab/elements [39m[32m200[39m [90m633 ms - 139[39m
[35m[HTTP][39m [90m[39m
[35m[HTTP][39m [37m-->[39m [37mGET[39m [37m/wd/hub/session/9509fedc-7297-4fa3-8400-d1d566f4daab/element/00000000-0000-0818-ffff-ffff00002630/location[39m
[35m[HTTP][39m [90m{}[39m
[35m[W3C (9509fedc)][39m Driver proxy active, passing request on via HTTP proxy
[35m[WD Proxy][39m Replacing sessionId 31c941d5-1490-4533-8766-ac467cd1111d with 9509fedc-7297-4fa3-8400-d1d566f4daab
[35m[HTTP][39m [37m<-- GET /wd/hub/session/9509fedc-7297-4fa3-8400-d1d566f4daab/element/00000000-0000-0818-ffff-ffff00002630/location [39m[32m200[39m [90m42 ms - 78[39m
[35m[HTTP][39m [90m[39m
[35m[HTTP][39m [37m-->[39m [37mPOST[39m [37m/wd/hub/session/9509fedc-7297-4fa3-8400-d1d566f4daab/timeouts[39m
[35m[HTTP][39m [90m{"implicit":30000}[39m
[35m[HTTP][39m [37m<-- POST /wd/hub/session/9509fedc-7297-4fa3-8400-d1d566f4daab/timeouts [39m[32m200[39m [90m2 ms - 14[39m
[35m[HTTP][39m [90m[39m
[35m[HTTP][39m [37m-->[39m [37mPOST[39m [37m/wd/hub/session/9509fedc-7297-4fa3-8400-d1d566f4daab/touch/perform[39m
[35m[HTTP][39m [90m{"actions":[{"action":"tap","options":{"x":1,"y":1,"element":"00000000-0000-0818-ffff-ffff00002630"}},{"action":"release","options":{}}]}[39m
[35m[UiAutomator2][39m calling get location: 00000000-0000-0818-ffff-ffff00002630
[35m[HTTP][39m [37m<-- POST /wd/hub/session/9509fedc-7297-4fa3-8400-d1d566f4daab/touch/perform [39m[32m200[39m [90m239 ms - 14[39m
[35m[HTTP][39m [90m[39m
[35m[HTTP][39m [37m-->[39m [37mPOST[39m [37m/wd/hub/session/9509fedc-7297-4fa3-8400-d1d566f4daab/timeouts[39m
[35m[HTTP][39m [90m{"implicit":50}[39m
[35m[HTTP][39m [37m<-- POST /wd/hub/session/9509fedc-7297-4fa3-8400-d1d566f4daab/timeouts [39m[32m200[39m [90m2 ms - 14[39m
[35m[HTTP][39m [90m[39m
[35m[HTTP][39m [37m-->[39m [37mGET[39m [37m/wd/hub/session/9509fedc-7297-4fa3-8400-d1d566f4daab/window/rect[39m
[35m[HTTP][39m [90m{}[39m
[35m[HTTP][39m [37m<-- GET /wd/hub/session/9509fedc-7297-4fa3-8400-d1d566f4daab/window/rect [39m[32m200[39m [90m33 ms - 50[39m
[35m[HTTP][39m [90m[39m
[35m[HTTP][39m [37m-->[39m [37mPOST[39m [37m/wd/hub/session/9509fedc-7297-4fa3-8400-d1d566f4daab/elements[39m
[35m[HTTP][39m [90m{"using":"xpath","value":"//*[@class = 'android.widget.CheckedTextView' and (@text = 'Aswata' or . = 'Aswata') and @resource-id = 'android:id/text1']"}[39m
[35m[HTTP][39m [37m<-- POST /wd/hub/session/9509fedc-7297-4fa3-8400-d1d566f4daab/elements [39m[32m200[39m [90m1030 ms - 139[39m
[35m[HTTP][39m [90m[39m
[35m[HTTP][39m [37m-->[39m [37mGET[39m [37m/wd/hub/session/9509fedc-7297-4fa3-8400-d1d566f4daab/element/00000000-0000-0819-ffff-ffff00002773/location[39m
[35m[HTTP][39m [90m{}[39m
[35m[W3C (9509fedc)][39m Driver proxy active, passing request on via HTTP proxy
[35m[WD Proxy][39m Replacing sessionId 31c941d5-1490-4533-8766-ac467cd1111d with 9509fedc-7297-4fa3-8400-d1d566f4daab
[35m[HTTP][39m [37m<-- GET /wd/hub/session/9509fedc-7297-4fa3-8400-d1d566f4daab/element/00000000-0000-0819-ffff-ffff00002773/location [39m[32m200[39m [90m39 ms - 78[39m
[35m[HTTP][39m [90m[39m
[35m[HTTP][39m [37m-->[39m [37mPOST[39m [37m/wd/hub/session/9509fedc-7297-4fa3-8400-d1d566f4daab/timeouts[39m
[35m[HTTP][39m [90m{"implicit":30000}[39m
[35m[HTTP][39m [37m<-- POST /wd/hub/session/9509fedc-7297-4fa3-8400-d1d566f4daab/timeouts [39m[32m200[39m [90m5 ms - 14[39m
[35m[HTTP][39m [90m[39m
[35m[HTTP][39m [37m-->[39m [37mPOST[39m [37m/wd/hub/session/9509fedc-7297-4fa3-8400-d1d566f4daab/touch/perform[39m
[35m[HTTP][39m [90m{"actions":[{"action":"tap","options":{"x":1,"y":1,"element":"00000000-0000-0819-ffff-ffff00002773"}},{"action":"release","options":{}}]}[39m
[35m[UiAutomator2][39m calling get location: 00000000-0000-0819-ffff-ffff00002773
[35m[HTTP][39m [37m<-- POST /wd/hub/session/9509fedc-7297-4fa3-8400-d1d566f4daab/touch/perform [39m[32m200[39m [90m909 ms - 14[39m
[35m[HTTP][39m [90m[39m
[35m[HTTP][39m [37m-->[39m [37mGET[39m [37m/wd/hub/session/9509fedc-7297-4fa3-8400-d1d566f4daab/context[39m
[35m[HTTP][39m [90m{}[39m
[35m[HTTP][39m [37m<-- GET /wd/hub/session/9509fedc-7297-4fa3-8400-d1d566f4daab/context [39m[32m200[39m [90m3 ms - 22[39m
[35m[HTTP][39m [90m[39m
[35m[HTTP][39m [37m-->[39m [37mGET[39m [37m/wd/hub/session/9509fedc-7297-4fa3-8400-d1d566f4daab/contexts[39m
[35m[HTTP][39m [90m{}[39m
[35m[HTTP][39m [37m<-- GET /wd/hub/session/9509fedc-7297-4fa3-8400-d1d566f4daab/contexts [39m[32m200[39m [90m121 ms - 24[39m
[35m[HTTP][39m [90m[39m
[35m[HTTP][39m [37m-->[39m [37mPOST[39m [37m/wd/hub/session/9509fedc-7297-4fa3-8400-d1d566f4daab/context[39m
[35m[HTTP][39m [90m{"name":"NATIVE_APP"}[39m
[35m[HTTP][39m [37m<-- POST /wd/hub/session/9509fedc-7297-4fa3-8400-d1d566f4daab/context [39m[32m200[39m [90m1 ms - 14[39m
[35m[HTTP][39m [90m[39m
[35m[HTTP][39m [37m-->[39m [37mGET[39m [37m/wd/hub/session/9509fedc-7297-4fa3-8400-d1d566f4daab/window/rect[39m
[35m[HTTP][39m [90m{}[39m
[35m[HTTP][39m [37m<-- GET /wd/hub/session/9509fedc-7297-4fa3-8400-d1d566f4daab/window/rect [39m[32m200[39m [90m30 ms - 50[39m
[35m[HTTP][39m [90m[39m
[35m[HTTP][39m [37m-->[39m [37mPOST[39m [37m/wd/hub/session/9509fedc-7297-4fa3-8400-d1d566f4daab/execute/sync[39m
[35m[HTTP][39m [90m{"script":"mobile: viewportScreenshot","args":[]}[39m
[35m[AndroidDriver][39m Executing native command 'mobile: viewportScreenshot'
[35m[HTTP][39m [37m<-- POST /wd/hub/session/9509fedc-7297-4fa3-8400-d1d566f4daab/execute/sync [39m[32m200[39m [90m1473 ms - 97552[39m
[35m[HTTP][39m [90m[39m
[35m[HTTP][39m [37m-->[39m [37mPOST[39m [37m/wd/hub/session/9509fedc-7297-4fa3-8400-d1d566f4daab/context[39m
[35m[HTTP][39m [90m{"name":"NATIVE_APP"}[39m
[35m[HTTP][39m [37m<-- POST /wd/hub/session/9509fedc-7297-4fa3-8400-d1d566f4daab/context [39m[32m200[39m [90m3 ms - 14[39m
[35m[HTTP][39m [90m[39m
[35m[HTTP][39m [37m-->[39m [37mPOST[39m [37m/wd/hub/session/9509fedc-7297-4fa3-8400-d1d566f4daab/timeouts[39m
[35m[HTTP][39m [90m{"implicit":50}[39m
[35m[HTTP][39m [37m<-- POST /wd/hub/session/9509fedc-7297-4fa3-8400-d1d566f4daab/timeouts [39m[32m200[39m [90m1 ms - 14[39m
[35m[HTTP][39m [90m[39m
[35m[HTTP][39m [37m-->[39m [37mGET[39m [37m/wd/hub/session/9509fedc-7297-4fa3-8400-d1d566f4daab/window/rect[39m
[35m[HTTP][39m [90m{}[39m
[35m[HTTP][39m [37m<-- GET /wd/hub/session/9509fedc-7297-4fa3-8400-d1d566f4daab/window/rect [39m[32m200[39m [90m44 ms - 50[39m
[35m[HTTP][39m [90m[39m
[35m[HTTP][39m [37m-->[39m [37mPOST[39m [37m/wd/hub/session/9509fedc-7297-4fa3-8400-d1d566f4daab/elements[39m
[35m[HTTP][39m [90m{"using":"xpath","value":"//*[@class = 'android.widget.Button' and (@text = 'SEARCH' or . = 'SEARCH') and @resource-id = 'com.bcaf.mobilesurvey:id/search']"}[39m
[35m[HTTP][39m [37m<-- POST /wd/hub/session/9509fedc-7297-4fa3-8400-d1d566f4daab/elements [39m[32m200[39m [90m380 ms - 139[39m
[35m[HTTP][39m [90m[39m
[35m[HTTP][39m [37m-->[39m [37mGET[39m [37m/wd/hub/session/9509fedc-7297-4fa3-8400-d1d566f4daab/element/00000000-0000-0818-ffff-ffff00002631/location[39m
[35m[HTTP][39m [90m{}[39m
[35m[W3C (9509fedc)][39m Driver proxy active, passing request on via HTTP proxy
[35m[WD Proxy][39m Replacing sessionId 31c941d5-1490-4533-8766-ac467cd1111d with 9509fedc-7297-4fa3-8400-d1d566f4daab
[35m[HTTP][39m [37m<-- GET /wd/hub/session/9509fedc-7297-4fa3-8400-d1d566f4daab/element/00000000-0000-0818-ffff-ffff00002631/location [39m[32m200[39m [90m42 ms - 78[39m
[35m[HTTP][39m [90m[39m
[35m[HTTP][39m [37m-->[39m [37mPOST[39m [37m/wd/hub/session/9509fedc-7297-4fa3-8400-d1d566f4daab/timeouts[39m
[35m[HTTP][39m [90m{"implicit":30000}[39m
[35m[HTTP][39m [37m<-- POST /wd/hub/session/9509fedc-7297-4fa3-8400-d1d566f4daab/timeouts [39m[32m200[39m [90m2 ms - 14[39m
[35m[HTTP][39m [90m[39m
[35m[HTTP][39m [37m-->[39m [37mPOST[39m [37m/wd/hub/session/9509fedc-7297-4fa3-8400-d1d566f4daab/touch/perform[39m
[35m[HTTP][39m [90m{"actions":[{"action":"tap","options":{"x":1,"y":1,"element":"00000000-0000-0818-ffff-ffff00002631"}},{"action":"release","options":{}}]}[39m
[35m[UiAutomator2][39m calling get location: 00000000-0000-0818-ffff-ffff00002631
[35m[HTTP][39m [37m<-- POST /wd/hub/session/9509fedc-7297-4fa3-8400-d1d566f4daab/touch/perform [39m[32m200[39m [90m295 ms - 14[39m
[35m[HTTP][39m [90m[39m
[35m[HTTP][39m [37m-->[39m [37mGET[39m [37m/wd/hub/session/9509fedc-7297-4fa3-8400-d1d566f4daab/context[39m
[35m[HTTP][39m [90m{}[39m
[35m[HTTP][39m [37m<-- GET /wd/hub/session/9509fedc-7297-4fa3-8400-d1d566f4daab/context [39m[32m200[39m [90m2 ms - 22[39m
[35m[HTTP][39m [90m[39m
[35m[HTTP][39m [37m-->[39m [37mGET[39m [37m/wd/hub/session/9509fedc-7297-4fa3-8400-d1d566f4daab/contexts[39m
[35m[HTTP][39m [90m{}[39m
[35m[HTTP][39m [37m<-- GET /wd/hub/session/9509fedc-7297-4fa3-8400-d1d566f4daab/contexts [39m[32m200[39m [90m131 ms - 24[39m
[35m[HTTP][39m [90m[39m
[35m[HTTP][39m [37m-->[39m [37mPOST[39m [37m/wd/hub/session/9509fedc-7297-4fa3-8400-d1d566f4daab/context[39m
[35m[HTTP][39m [90m{"name":"NATIVE_APP"}[39m
[35m[HTTP][39m [37m<-- POST /wd/hub/session/9509fedc-7297-4fa3-8400-d1d566f4daab/context [39m[32m200[39m [90m2 ms - 14[39m
[35m[HTTP][39m [90m[39m
[35m[HTTP][39m [37m-->[39m [37mGET[39m [37m/wd/hub/session/9509fedc-7297-4fa3-8400-d1d566f4daab/window/rect[39m
[35m[HTTP][39m [90m{}[39m
[35m[HTTP][39m [37m<-- GET /wd/hub/session/9509fedc-7297-4fa3-8400-d1d566f4daab/window/rect [39m[32m200[39m [90m32 ms - 50[39m
[35m[HTTP][39m [90m[39m
[35m[HTTP][39m [37m-->[39m [37mPOST[39m [37m/wd/hub/session/9509fedc-7297-4fa3-8400-d1d566f4daab/execute/sync[39m
[35m[HTTP][39m [90m{"script":"mobile: viewportScreenshot","args":[]}[39m
[35m[AndroidDriver][39m Executing native command 'mobile: viewportScreenshot'
[35m[HTTP][39m [37m<-- POST /wd/hub/session/9509fedc-7297-4fa3-8400-d1d566f4daab/execute/sync [39m[32m200[39m [90m1495 ms - 361020[39m
[35m[HTTP][39m [90m[39m
[35m[HTTP][39m [37m-->[39m [37mPOST[39m [37m/wd/hub/session/9509fedc-7297-4fa3-8400-d1d566f4daab/context[39m
[35m[HTTP][39m [90m{"name":"NATIVE_APP"}[39m
[35m[HTTP][39m [37m<-- POST /wd/hub/session/9509fedc-7297-4fa3-8400-d1d566f4daab/context [39m[32m200[39m [90m2 ms - 14[39m
[35m[HTTP][39m [90m[39m
[35m[HTTP][39m [37m-->[39m [37mGET[39m [37m/wd/hub/session/9509fedc-7297-4fa3-8400-d1d566f4daab/context[39m
[35m[HTTP][39m [90m{}[39m
[35m[HTTP][39m [37m<-- GET /wd/hub/session/9509fedc-7297-4fa3-8400-d1d566f4daab/context [39m[32m200[39m [90m1 ms - 22[39m
[35m[HTTP][39m [90m[39m
[35m[HTTP][39m [37m-->[39m [37mGET[39m [37m/wd/hub/session/9509fedc-7297-4fa3-8400-d1d566f4daab/contexts[39m
[35m[HTTP][39m [90m{}[39m
[35m[HTTP][39m [37m<-- GET /wd/hub/session/9509fedc-7297-4fa3-8400-d1d566f4daab/contexts [39m[32m200[39m [90m108 ms - 24[39m
[35m[HTTP][39m [90m[39m
[35m[HTTP][39m [37m-->[39m [37mPOST[39m [37m/wd/hub/session/9509fedc-7297-4fa3-8400-d1d566f4daab/context[39m
[35m[HTTP][39m [90m{"name":"NATIVE_APP"}[39m
[35m[HTTP][39m [37m<-- POST /wd/hub/session/9509fedc-7297-4fa3-8400-d1d566f4daab/context [39m[32m200[39m [90m2 ms - 14[39m
[35m[HTTP][39m [90m[39m
[35m[HTTP][39m [37m-->[39m [37mPOST[39m [37m/wd/hub/session/9509fedc-7297-4fa3-8400-d1d566f4daab/element[39m
[35m[HTTP][39m [90m{"using":"-android uiautomator","value":"new UiScrollable(new UiSelector().scrollable(true).instance(0)).scrollIntoView(new UiSelector().textContains(\"Surat Kendaraan\"))"}[39m
[35m[HTTP][39m [37m<-- POST /wd/hub/session/9509fedc-7297-4fa3-8400-d1d566f4daab/element [39m[32m200[39m [90m5694 ms - 137[39m
[35m[HTTP][39m [90m[39m
[35m[HTTP][39m [37m-->[39m [37mPOST[39m [37m/wd/hub/session/9509fedc-7297-4fa3-8400-d1d566f4daab/context[39m
[35m[HTTP][39m [90m{"name":"NATIVE_APP"}[39m
[35m[HTTP][39m [37m<-- POST /wd/hub/session/9509fedc-7297-4fa3-8400-d1d566f4daab/context [39m[32m200[39m [90m3 ms - 14[39m
[35m[HTTP][39m [90m[39m
[35m[HTTP][39m [37m-->[39m [37mGET[39m [37m/wd/hub/session/9509fedc-7297-4fa3-8400-d1d566f4daab/context[39m
[35m[HTTP][39m [90m{}[39m
[35m[HTTP][39m [37m<-- GET /wd/hub/session/9509fedc-7297-4fa3-8400-d1d566f4daab/context [39m[32m200[39m [90m2 ms - 22[39m
[35m[HTTP][39m [90m[39m
[35m[HTTP][39m [37m-->[39m [37mGET[39m [37m/wd/hub/session/9509fedc-7297-4fa3-8400-d1d566f4daab/contexts[39m
[35m[HTTP][39m [90m{}[39m
[35m[HTTP][39m [37m<-- GET /wd/hub/session/9509fedc-7297-4fa3-8400-d1d566f4daab/contexts [39m[32m200[39m [90m132 ms - 24[39m
[35m[HTTP][39m [90m[39m
[35m[HTTP][39m [37m-->[39m [37mPOST[39m [37m/wd/hub/session/9509fedc-7297-4fa3-8400-d1d566f4daab/context[39m
[35m[HTTP][39m [90m{"name":"NATIVE_APP"}[39m
[35m[HTTP][39m [37m<-- POST /wd/hub/session/9509fedc-7297-4fa3-8400-d1d566f4daab/context [39m[32m200[39m [90m2 ms - 14[39m
[35m[HTTP][39m [90m[39m
[35m[HTTP][39m [37m-->[39m [37mGET[39m [37m/wd/hub/session/9509fedc-7297-4fa3-8400-d1d566f4daab/window/rect[39m
[35m[HTTP][39m [90m{}[39m
[35m[HTTP][39m [37m<-- GET /wd/hub/session/9509fedc-7297-4fa3-8400-d1d566f4daab/window/rect [39m[32m200[39m [90m42 ms - 50[39m
[35m[HTTP][39m [90m[39m
[35m[HTTP][39m [37m-->[39m [37mPOST[39m [37m/wd/hub/session/9509fedc-7297-4fa3-8400-d1d566f4daab/execute/sync[39m
[35m[HTTP][39m [90m{"script":"mobile: viewportScreenshot","args":[]}[39m
[35m[AndroidDriver][39m Executing native command 'mobile: viewportScreenshot'
[35m[HTTP][39m [37m<-- POST /wd/hub/session/9509fedc-7297-4fa3-8400-d1d566f4daab/execute/sync [39m[32m200[39m [90m1671 ms - 305944[39m
[35m[HTTP][39m [90m[39m
[35m[HTTP][39m [37m-->[39m [37mPOST[39m [37m/wd/hub/session/9509fedc-7297-4fa3-8400-d1d566f4daab/context[39m
[35m[HTTP][39m [90m{"name":"NATIVE_APP"}[39m
[35m[HTTP][39m [37m<-- POST /wd/hub/session/9509fedc-7297-4fa3-8400-d1d566f4daab/context [39m[32m200[39m [90m2 ms - 14[39m
[35m[HTTP][39m [90m[39m
[35m[HTTP][39m [37m-->[39m [37mPOST[39m [37m/wd/hub/session/9509fedc-7297-4fa3-8400-d1d566f4daab/timeouts[39m
[35m[HTTP][39m [90m{"implicit":50}[39m
[35m[HTTP][39m [37m<-- POST /wd/hub/session/9509fedc-7297-4fa3-8400-d1d566f4daab/timeouts [39m[32m200[39m [90m2 ms - 14[39m
[35m[HTTP][39m [90m[39m
[35m[HTTP][39m [37m-->[39m [37mGET[39m [37m/wd/hub/session/9509fedc-7297-4fa3-8400-d1d566f4daab/window/rect[39m
[35m[HTTP][39m [90m{}[39m
[35m[HTTP][39m [37m<-- GET /wd/hub/session/9509fedc-7297-4fa3-8400-d1d566f4daab/window/rect [39m[32m200[39m [90m44 ms - 50[39m
[35m[HTTP][39m [90m[39m
[35m[HTTP][39m [37m-->[39m [37mPOST[39m [37m/wd/hub/session/9509fedc-7297-4fa3-8400-d1d566f4daab/elements[39m
[35m[HTTP][39m [90m{"using":"xpath","value":"//*[@class = 'android.widget.TextView' and (@text = 'Surat Kendaraan' or . = 'Surat Kendaraan') and @resource-id = 'com.bcaf.mobilesurvey:id/showhide_surat']"}[39m
[35m[HTTP][39m [37m<-- POST /wd/hub/session/9509fedc-7297-4fa3-8400-d1d566f4daab/elements [39m[32m200[39m [90m758 ms - 139[39m
[35m[HTTP][39m [90m[39m
[35m[HTTP][39m [37m-->[39m [37mGET[39m [37m/wd/hub/session/9509fedc-7297-4fa3-8400-d1d566f4daab/element/00000000-0000-0818-ffff-ffff00002734/location[39m
[35m[HTTP][39m [90m{}[39m
[35m[W3C (9509fedc)][39m Driver proxy active, passing request on via HTTP proxy
[35m[WD Proxy][39m Replacing sessionId 31c941d5-1490-4533-8766-ac467cd1111d with 9509fedc-7297-4fa3-8400-d1d566f4daab
[35m[HTTP][39m [37m<-- GET /wd/hub/session/9509fedc-7297-4fa3-8400-d1d566f4daab/element/00000000-0000-0818-ffff-ffff00002734/location [39m[32m200[39m [90m50 ms - 78[39m
[35m[HTTP][39m [90m[39m
[35m[HTTP][39m [37m-->[39m [37mPOST[39m [37m/wd/hub/session/9509fedc-7297-4fa3-8400-d1d566f4daab/timeouts[39m
[35m[HTTP][39m [90m{"implicit":30000}[39m
[35m[HTTP][39m [37m<-- POST /wd/hub/session/9509fedc-7297-4fa3-8400-d1d566f4daab/timeouts [39m[32m200[39m [90m2 ms - 14[39m
[35m[HTTP][39m [90m[39m
[35m[HTTP][39m [37m-->[39m [37mPOST[39m [37m/wd/hub/session/9509fedc-7297-4fa3-8400-d1d566f4daab/touch/perform[39m
[35m[HTTP][39m [90m{"actions":[{"action":"tap","options":{"x":1,"y":1,"element":"00000000-0000-0818-ffff-ffff00002734"}},{"action":"release","options":{}}]}[39m
[35m[UiAutomator2][39m calling get location: 00000000-0000-0818-ffff-ffff00002734
[35m[HTTP][39m [37m<-- POST /wd/hub/session/9509fedc-7297-4fa3-8400-d1d566f4daab/touch/perform [39m[32m200[39m [90m915 ms - 14[39m
[35m[HTTP][39m [90m[39m
[35m[HTTP][39m [37m-->[39m [37mGET[39m [37m/wd/hub/session/9509fedc-7297-4fa3-8400-d1d566f4daab/context[39m
[35m[HTTP][39m [90m{}[39m
[35m[HTTP][39m [37m<-- GET /wd/hub/session/9509fedc-7297-4fa3-8400-d1d566f4daab/context [39m[32m200[39m [90m3 ms - 22[39m
[35m[HTTP][39m [90m[39m
[35m[HTTP][39m [37m-->[39m [37mGET[39m [37m/wd/hub/session/9509fedc-7297-4fa3-8400-d1d566f4daab/contexts[39m
[35m[HTTP][39m [90m{}[39m
[35m[HTTP][39m [37m<-- GET /wd/hub/session/9509fedc-7297-4fa3-8400-d1d566f4daab/contexts [39m[32m200[39m [90m148 ms - 24[39m
[35m[HTTP][39m [90m[39m
[35m[HTTP][39m [37m-->[39m [37mPOST[39m [37m/wd/hub/session/9509fedc-7297-4fa3-8400-d1d566f4daab/context[39m
[35m[HTTP][39m [90m{"name":"NATIVE_APP"}[39m
[35m[HTTP][39m [37m<-- POST /wd/hub/session/9509fedc-7297-4fa3-8400-d1d566f4daab/context [39m[32m200[39m [90m2 ms - 14[39m
[35m[HTTP][39m [90m[39m
[35m[HTTP][39m [37m-->[39m [37mGET[39m [37m/wd/hub/session/9509fedc-7297-4fa3-8400-d1d566f4daab/window/rect[39m
[35m[HTTP][39m [90m{}[39m
[35m[HTTP][39m [37m<-- GET /wd/hub/session/9509fedc-7297-4fa3-8400-d1d566f4daab/window/rect [39m[32m200[39m [90m41 ms - 50[39m
[35m[HTTP][39m [90m[39m
[35m[HTTP][39m [37m-->[39m [37mPOST[39m [37m/wd/hub/session/9509fedc-7297-4fa3-8400-d1d566f4daab/execute/sync[39m
[35m[HTTP][39m [90m{"script":"mobile: viewportScreenshot","args":[]}[39m
[35m[AndroidDriver][39m Executing native command 'mobile: viewportScreenshot'
[35m[HTTP][39m [37m<-- POST /wd/hub/session/9509fedc-7297-4fa3-8400-d1d566f4daab/execute/sync [39m[32m200[39m [90m1570 ms - 355296[39m
[35m[HTTP][39m [90m[39m
[35m[HTTP][39m [37m-->[39m [37mPOST[39m [37m/wd/hub/session/9509fedc-7297-4fa3-8400-d1d566f4daab/context[39m
[35m[HTTP][39m [90m{"name":"NATIVE_APP"}[39m
[35m[HTTP][39m [37m<-- POST /wd/hub/session/9509fedc-7297-4fa3-8400-d1d566f4daab/context [39m[32m200[39m [90m1 ms - 14[39m
[35m[HTTP][39m [90m[39m
[35m[HTTP][39m [37m-->[39m [37mPOST[39m [37m/wd/hub/session/9509fedc-7297-4fa3-8400-d1d566f4daab/timeouts[39m
[35m[HTTP][39m [90m{"implicit":50}[39m
[35m[HTTP][39m [37m<-- POST /wd/hub/session/9509fedc-7297-4fa3-8400-d1d566f4daab/timeouts [39m[32m200[39m [90m2 ms - 14[39m
[35m[HTTP][39m [90m[39m
[35m[HTTP][39m [37m-->[39m [37mGET[39m [37m/wd/hub/session/9509fedc-7297-4fa3-8400-d1d566f4daab/window/rect[39m
[35m[HTTP][39m [90m{}[39m
[35m[HTTP][39m [37m<-- GET /wd/hub/session/9509fedc-7297-4fa3-8400-d1d566f4daab/window/rect [39m[32m200[39m [90m44 ms - 50[39m
[35m[HTTP][39m [90m[39m
[35m[HTTP][39m [37m-->[39m [37mPOST[39m [37m/wd/hub/session/9509fedc-7297-4fa3-8400-d1d566f4daab/elements[39m
[35m[HTTP][39m [90m{"using":"xpath","value":"//*[@class = 'android.widget.TextView' and (@text = 'Kondisi Kendaraan' or . = 'Kondisi Kendaraan') and @resource-id = 'com.bcaf.mobilesurvey:id/showhide_kondisi']"}[39m
[35m[HTTP][39m [37m<-- POST /wd/hub/session/9509fedc-7297-4fa3-8400-d1d566f4daab/elements [39m[32m200[39m [90m768 ms - 139[39m
[35m[HTTP][39m [90m[39m
[35m[HTTP][39m [37m-->[39m [37mGET[39m [37m/wd/hub/session/9509fedc-7297-4fa3-8400-d1d566f4daab/element/00000000-0000-0818-ffff-ffff00002736/location[39m
[35m[HTTP][39m [90m{}[39m
[35m[W3C (9509fedc)][39m Driver proxy active, passing request on via HTTP proxy
[35m[WD Proxy][39m Replacing sessionId 31c941d5-1490-4533-8766-ac467cd1111d with 9509fedc-7297-4fa3-8400-d1d566f4daab
[35m[HTTP][39m [37m<-- GET /wd/hub/session/9509fedc-7297-4fa3-8400-d1d566f4daab/element/00000000-0000-0818-ffff-ffff00002736/location [39m[32m200[39m [90m53 ms - 78[39m
[35m[HTTP][39m [90m[39m
[35m[HTTP][39m [37m-->[39m [37mPOST[39m [37m/wd/hub/session/9509fedc-7297-4fa3-8400-d1d566f4daab/timeouts[39m
[35m[HTTP][39m [90m{"implicit":30000}[39m
[35m[HTTP][39m [37m<-- POST /wd/hub/session/9509fedc-7297-4fa3-8400-d1d566f4daab/timeouts [39m[32m200[39m [90m2 ms - 14[39m
[35m[HTTP][39m [90m[39m
[35m[HTTP][39m [37m-->[39m [37mPOST[39m [37m/wd/hub/session/9509fedc-7297-4fa3-8400-d1d566f4daab/touch/perform[39m
[35m[HTTP][39m [90m{"actions":[{"action":"tap","options":{"x":1,"y":1,"element":"00000000-0000-0818-ffff-ffff00002736"}},{"action":"release","options":{}}]}[39m
[35m[UiAutomator2][39m calling get location: 00000000-0000-0818-ffff-ffff00002736
[35m[HTTP][39m [37m<-- POST /wd/hub/session/9509fedc-7297-4fa3-8400-d1d566f4daab/touch/perform [39m[32m200[39m [90m959 ms - 14[39m
[35m[HTTP][39m [90m[39m
[35m[HTTP][39m [37m-->[39m [37mGET[39m [37m/wd/hub/session/9509fedc-7297-4fa3-8400-d1d566f4daab/context[39m
[35m[HTTP][39m [90m{}[39m
[35m[HTTP][39m [37m<-- GET /wd/hub/session/9509fedc-7297-4fa3-8400-d1d566f4daab/context [39m[32m200[39m [90m2 ms - 22[39m
[35m[HTTP][39m [90m[39m
[35m[HTTP][39m [37m-->[39m [37mGET[39m [37m/wd/hub/session/9509fedc-7297-4fa3-8400-d1d566f4daab/contexts[39m
[35m[HTTP][39m [90m{}[39m
[35m[HTTP][39m [37m<-- GET /wd/hub/session/9509fedc-7297-4fa3-8400-d1d566f4daab/contexts [39m[32m200[39m [90m133 ms - 24[39m
[35m[HTTP][39m [90m[39m
[35m[HTTP][39m [37m-->[39m [37mPOST[39m [37m/wd/hub/session/9509fedc-7297-4fa3-8400-d1d566f4daab/context[39m
[35m[HTTP][39m [90m{"name":"NATIVE_APP"}[39m
[35m[HTTP][39m [37m<-- POST /wd/hub/session/9509fedc-7297-4fa3-8400-d1d566f4daab/context [39m[32m200[39m [90m2 ms - 14[39m
[35m[HTTP][39m [90m[39m
[35m[HTTP][39m [37m-->[39m [37mGET[39m [37m/wd/hub/session/9509fedc-7297-4fa3-8400-d1d566f4daab/window/rect[39m
[35m[HTTP][39m [90m{}[39m
[35m[HTTP][39m [37m<-- GET /wd/hub/session/9509fedc-7297-4fa3-8400-d1d566f4daab/window/rect [39m[32m200[39m [90m35 ms - 50[39m
[35m[HTTP][39m [90m[39m
[35m[HTTP][39m [37m-->[39m [37mPOST[39m [37m/wd/hub/session/9509fedc-7297-4fa3-8400-d1d566f4daab/execute/sync[39m
[35m[HTTP][39m [90m{"script":"mobile: viewportScreenshot","args":[]}[39m
[35m[AndroidDriver][39m Executing native command 'mobile: viewportScreenshot'
[35m[HTTP][39m [37m<-- POST /wd/hub/session/9509fedc-7297-4fa3-8400-d1d566f4daab/execute/sync [39m[32m200[39m [90m1683 ms - 380488[39m
[35m[HTTP][39m [90m[39m
[35m[HTTP][39m [37m-->[39m [37mPOST[39m [37m/wd/hub/session/9509fedc-7297-4fa3-8400-d1d566f4daab/context[39m
[35m[HTTP][39m [90m{"name":"NATIVE_APP"}[39m
[35m[HTTP][39m [37m<-- POST /wd/hub/session/9509fedc-7297-4fa3-8400-d1d566f4daab/context [39m[32m200[39m [90m1 ms - 14[39m
[35m[HTTP][39m [90m[39m
[35m[HTTP][39m [37m-->[39m [37mGET[39m [37m/wd/hub/session/9509fedc-7297-4fa3-8400-d1d566f4daab/context[39m
[35m[HTTP][39m [90m{}[39m
[35m[HTTP][39m [37m<-- GET /wd/hub/session/9509fedc-7297-4fa3-8400-d1d566f4daab/context [39m[32m200[39m [90m1 ms - 22[39m
[35m[HTTP][39m [90m[39m
[35m[HTTP][39m [37m-->[39m [37mGET[39m [37m/wd/hub/session/9509fedc-7297-4fa3-8400-d1d566f4daab/contexts[39m
[35m[HTTP][39m [90m{}[39m
[35m[HTTP][39m [37m<-- GET /wd/hub/session/9509fedc-7297-4fa3-8400-d1d566f4daab/contexts [39m[32m200[39m [90m111 ms - 24[39m
[35m[HTTP][39m [90m[39m
[35m[HTTP][39m [37m-->[39m [37mPOST[39m [37m/wd/hub/session/9509fedc-7297-4fa3-8400-d1d566f4daab/context[39m
[35m[HTTP][39m [90m{"name":"NATIVE_APP"}[39m
[35m[HTTP][39m [37m<-- POST /wd/hub/session/9509fedc-7297-4fa3-8400-d1d566f4daab/context [39m[32m200[39m [90m2 ms - 14[39m
[35m[HTTP][39m [90m[39m
[35m[HTTP][39m [37m-->[39m [37mPOST[39m [37m/wd/hub/session/9509fedc-7297-4fa3-8400-d1d566f4daab/element[39m
[35m[HTTP][39m [90m{"using":"-android uiautomator","value":"new UiScrollable(new UiSelector().scrollable(true).instance(0)).scrollIntoView(new UiSelector().textContains(\"Optional\"))"}[39m
[35m[HTTP][39m [37m<-- POST /wd/hub/session/9509fedc-7297-4fa3-8400-d1d566f4daab/element [39m[32m200[39m [90m11116 ms - 137[39m
[35m[HTTP][39m [90m[39m
[35m[HTTP][39m [37m-->[39m [37mPOST[39m [37m/wd/hub/session/9509fedc-7297-4fa3-8400-d1d566f4daab/context[39m
[35m[HTTP][39m [90m{"name":"NATIVE_APP"}[39m
[35m[HTTP][39m [37m<-- POST /wd/hub/session/9509fedc-7297-4fa3-8400-d1d566f4daab/context [39m[32m200[39m [90m2 ms - 14[39m
[35m[HTTP][39m [90m[39m
[35m[HTTP][39m [37m-->[39m [37mGET[39m [37m/wd/hub/session/9509fedc-7297-4fa3-8400-d1d566f4daab/context[39m
[35m[HTTP][39m [90m{}[39m
[35m[HTTP][39m [37m<-- GET /wd/hub/session/9509fedc-7297-4fa3-8400-d1d566f4daab/context [39m[32m200[39m [90m2 ms - 22[39m
[35m[HTTP][39m [90m[39m
[35m[HTTP][39m [37m-->[39m [37mGET[39m [37m/wd/hub/session/9509fedc-7297-4fa3-8400-d1d566f4daab/contexts[39m
[35m[HTTP][39m [90m{}[39m
[35m[HTTP][39m [37m<-- GET /wd/hub/session/9509fedc-7297-4fa3-8400-d1d566f4daab/contexts [39m[32m200[39m [90m106 ms - 24[39m
[35m[HTTP][39m [90m[39m
[35m[HTTP][39m [37m-->[39m [37mPOST[39m [37m/wd/hub/session/9509fedc-7297-4fa3-8400-d1d566f4daab/context[39m
[35m[HTTP][39m [90m{"name":"NATIVE_APP"}[39m
[35m[HTTP][39m [37m<-- POST /wd/hub/session/9509fedc-7297-4fa3-8400-d1d566f4daab/context [39m[32m200[39m [90m3 ms - 14[39m
[35m[HTTP][39m [90m[39m
[35m[HTTP][39m [37m-->[39m [37mGET[39m [37m/wd/hub/session/9509fedc-7297-4fa3-8400-d1d566f4daab/window/rect[39m
[35m[HTTP][39m [90m{}[39m
[35m[HTTP][39m [37m<-- GET /wd/hub/session/9509fedc-7297-4fa3-8400-d1d566f4daab/window/rect [39m[32m200[39m [90m22 ms - 50[39m
[35m[HTTP][39m [90m[39m
[35m[HTTP][39m [37m-->[39m [37mPOST[39m [37m/wd/hub/session/9509fedc-7297-4fa3-8400-d1d566f4daab/execute/sync[39m
[35m[HTTP][39m [90m{"script":"mobile: viewportScreenshot","args":[]}[39m
[35m[AndroidDriver][39m Executing native command 'mobile: viewportScreenshot'
[35m[HTTP][39m [37m<-- POST /wd/hub/session/9509fedc-7297-4fa3-8400-d1d566f4daab/execute/sync [39m[32m200[39m [90m1816 ms - 331576[39m
[35m[HTTP][39m [90m[39m
[35m[HTTP][39m [37m-->[39m [37mPOST[39m [37m/wd/hub/session/9509fedc-7297-4fa3-8400-d1d566f4daab/context[39m
[35m[HTTP][39m [90m{"name":"NATIVE_APP"}[39m
[35m[HTTP][39m [37m<-- POST /wd/hub/session/9509fedc-7297-4fa3-8400-d1d566f4daab/context [39m[32m200[39m [90m2 ms - 14[39m
[35m[HTTP][39m [90m[39m
[35m[HTTP][39m [37m-->[39m [37mPOST[39m [37m/wd/hub/session/9509fedc-7297-4fa3-8400-d1d566f4daab/timeouts[39m
[35m[HTTP][39m [90m{"implicit":50}[39m
[35m[HTTP][39m [37m<-- POST /wd/hub/session/9509fedc-7297-4fa3-8400-d1d566f4daab/timeouts [39m[32m200[39m [90m2 ms - 14[39m
[35m[HTTP][39m [90m[39m
[35m[HTTP][39m [37m-->[39m [37mGET[39m [37m/wd/hub/session/9509fedc-7297-4fa3-8400-d1d566f4daab/window/rect[39m
[35m[HTTP][39m [90m{}[39m
[35m[HTTP][39m [37m<-- GET /wd/hub/session/9509fedc-7297-4fa3-8400-d1d566f4daab/window/rect [39m[32m200[39m [90m36 ms - 50[39m
[35m[HTTP][39m [90m[39m
[35m[HTTP][39m [37m-->[39m [37mPOST[39m [37m/wd/hub/session/9509fedc-7297-4fa3-8400-d1d566f4daab/elements[39m
[35m[HTTP][39m [90m{"using":"xpath","value":"//*[@class = 'android.widget.TextView' and (@text = 'Foto Mobil' or . = 'Foto Mobil') and @resource-id = 'com.bcaf.mobilesurvey:id/showhide_foto']"}[39m
[35m[HTTP][39m [37m<-- POST /wd/hub/session/9509fedc-7297-4fa3-8400-d1d566f4daab/elements [39m[32m200[39m [90m1958 ms - 139[39m
[35m[HTTP][39m [90m[39m
[35m[HTTP][39m [37m-->[39m [37mGET[39m [37m/wd/hub/session/9509fedc-7297-4fa3-8400-d1d566f4daab/element/00000000-0000-0818-ffff-ffff00002756/location[39m
[35m[HTTP][39m [90m{}[39m
[35m[W3C (9509fedc)][39m Driver proxy active, passing request on via HTTP proxy
[35m[WD Proxy][39m Replacing sessionId 31c941d5-1490-4533-8766-ac467cd1111d with 9509fedc-7297-4fa3-8400-d1d566f4daab
[35m[HTTP][39m [37m<-- GET /wd/hub/session/9509fedc-7297-4fa3-8400-d1d566f4daab/element/00000000-0000-0818-ffff-ffff00002756/location [39m[32m200[39m [90m50 ms - 78[39m
[35m[HTTP][39m [90m[39m
[35m[HTTP][39m [37m-->[39m [37mPOST[39m [37m/wd/hub/session/9509fedc-7297-4fa3-8400-d1d566f4daab/timeouts[39m
[35m[HTTP][39m [90m{"implicit":30000}[39m
[35m[HTTP][39m [37m<-- POST /wd/hub/session/9509fedc-7297-4fa3-8400-d1d566f4daab/timeouts [39m[32m200[39m [90m1 ms - 14[39m
[35m[HTTP][39m [90m[39m
[35m[HTTP][39m [37m-->[39m [37mPOST[39m [37m/wd/hub/session/9509fedc-7297-4fa3-8400-d1d566f4daab/touch/perform[39m
[35m[HTTP][39m [90m{"actions":[{"action":"tap","options":{"x":1,"y":1,"element":"00000000-0000-0818-ffff-ffff00002756"}},{"action":"release","options":{}}]}[39m
[35m[UiAutomator2][39m calling get location: 00000000-0000-0818-ffff-ffff00002756
[35m[HTTP][39m [37m<-- POST /wd/hub/session/9509fedc-7297-4fa3-8400-d1d566f4daab/touch/perform [39m[32m200[39m [90m1257 ms - 14[39m
[35m[HTTP][39m [90m[39m
[35m[HTTP][39m [37m-->[39m [37mGET[39m [37m/wd/hub/session/9509fedc-7297-4fa3-8400-d1d566f4daab/context[39m
[35m[HTTP][39m [90m{}[39m
[35m[HTTP][39m [37m<-- GET /wd/hub/session/9509fedc-7297-4fa3-8400-d1d566f4daab/context [39m[32m200[39m [90m3 ms - 22[39m
[35m[HTTP][39m [90m[39m
[35m[HTTP][39m [37m-->[39m [37mGET[39m [37m/wd/hub/session/9509fedc-7297-4fa3-8400-d1d566f4daab/contexts[39m
[35m[HTTP][39m [90m{}[39m
[35m[HTTP][39m [37m<-- GET /wd/hub/session/9509fedc-7297-4fa3-8400-d1d566f4daab/contexts [39m[32m200[39m [90m139 ms - 24[39m
[35m[HTTP][39m [90m[39m
[35m[HTTP][39m [37m-->[39m [37mPOST[39m [37m/wd/hub/session/9509fedc-7297-4fa3-8400-d1d566f4daab/context[39m
[35m[HTTP][39m [90m{"name":"NATIVE_APP"}[39m
[35m[HTTP][39m [37m<-- POST /wd/hub/session/9509fedc-7297-4fa3-8400-d1d566f4daab/context [39m[32m200[39m [90m2 ms - 14[39m
[35m[HTTP][39m [90m[39m
[35m[HTTP][39m [37m-->[39m [37mPOST[39m [37m/wd/hub/session/9509fedc-7297-4fa3-8400-d1d566f4daab/element[39m
[35m[HTTP][39m [90m{"using":"-android uiautomator","value":"new UiScrollable(new UiSelector().scrollable(true).instance(0)).scrollIntoView(new UiSelector().textContains(\"Kanan Depan\"))"}[39m
[35m[HTTP][39m [37m<-- POST /wd/hub/session/9509fedc-7297-4fa3-8400-d1d566f4daab/element [39m[32m200[39m [90m20061 ms - 137[39m
[35m[HTTP][39m [90m[39m
[35m[HTTP][39m [37m-->[39m [37mPOST[39m [37m/wd/hub/session/9509fedc-7297-4fa3-8400-d1d566f4daab/context[39m
[35m[HTTP][39m [90m{"name":"NATIVE_APP"}[39m
[35m[HTTP][39m [37m<-- POST /wd/hub/session/9509fedc-7297-4fa3-8400-d1d566f4daab/context [39m[32m200[39m [90m2 ms - 14[39m
[35m[HTTP][39m [90m[39m
[35m[HTTP][39m [37m-->[39m [37mGET[39m [37m/wd/hub/session/9509fedc-7297-4fa3-8400-d1d566f4daab/context[39m
[35m[HTTP][39m [90m{}[39m
[35m[HTTP][39m [37m<-- GET /wd/hub/session/9509fedc-7297-4fa3-8400-d1d566f4daab/context [39m[32m200[39m [90m3 ms - 22[39m
[35m[HTTP][39m [90m[39m
[35m[HTTP][39m [37m-->[39m [37mGET[39m [37m/wd/hub/session/9509fedc-7297-4fa3-8400-d1d566f4daab/contexts[39m
[35m[HTTP][39m [90m{}[39m
[35m[HTTP][39m [37m<-- GET /wd/hub/session/9509fedc-7297-4fa3-8400-d1d566f4daab/contexts [39m[32m200[39m [90m120 ms - 24[39m
[35m[HTTP][39m [90m[39m
[35m[HTTP][39m [37m-->[39m [37mPOST[39m [37m/wd/hub/session/9509fedc-7297-4fa3-8400-d1d566f4daab/context[39m
[35m[HTTP][39m [90m{"name":"NATIVE_APP"}[39m
[35m[HTTP][39m [37m<-- POST /wd/hub/session/9509fedc-7297-4fa3-8400-d1d566f4daab/context [39m[32m200[39m [90m2 ms - 14[39m
[35m[HTTP][39m [90m[39m
[35m[HTTP][39m [37m-->[39m [37mGET[39m [37m/wd/hub/session/9509fedc-7297-4fa3-8400-d1d566f4daab/window/rect[39m
[35m[HTTP][39m [90m{}[39m
[35m[HTTP][39m [37m<-- GET /wd/hub/session/9509fedc-7297-4fa3-8400-d1d566f4daab/window/rect [39m[32m200[39m [90m39 ms - 50[39m
[35m[HTTP][39m [90m[39m
[35m[HTTP][39m [37m-->[39m [37mPOST[39m [37m/wd/hub/session/9509fedc-7297-4fa3-8400-d1d566f4daab/execute/sync[39m
[35m[HTTP][39m [90m{"script":"mobile: viewportScreenshot","args":[]}[39m
[35m[AndroidDriver][39m Executing native command 'mobile: viewportScreenshot'
[35m[HTTP][39m [37m<-- POST /wd/hub/session/9509fedc-7297-4fa3-8400-d1d566f4daab/execute/sync [39m[32m200[39m [90m2434 ms - 1800176[39m
[35m[HTTP][39m [90m[39m
[35m[HTTP][39m [37m-->[39m [37mPOST[39m [37m/wd/hub/session/9509fedc-7297-4fa3-8400-d1d566f4daab/context[39m
[35m[HTTP][39m [90m{"name":"NATIVE_APP"}[39m
[35m[HTTP][39m [37m<-- POST /wd/hub/session/9509fedc-7297-4fa3-8400-d1d566f4daab/context [39m[32m200[39m [90m1 ms - 14[39m
[35m[HTTP][39m [90m[39m
[35m[HTTP][39m [37m-->[39m [37mGET[39m [37m/wd/hub/session/9509fedc-7297-4fa3-8400-d1d566f4daab/context[39m
[35m[HTTP][39m [90m{}[39m
[35m[HTTP][39m [37m<-- GET /wd/hub/session/9509fedc-7297-4fa3-8400-d1d566f4daab/context [39m[32m200[39m [90m2 ms - 22[39m
[35m[HTTP][39m [90m[39m
[35m[HTTP][39m [37m-->[39m [37mGET[39m [37m/wd/hub/session/9509fedc-7297-4fa3-8400-d1d566f4daab/contexts[39m
[35m[HTTP][39m [90m{}[39m
[35m[HTTP][39m [37m<-- GET /wd/hub/session/9509fedc-7297-4fa3-8400-d1d566f4daab/contexts [39m[32m200[39m [90m107 ms - 24[39m
[35m[HTTP][39m [90m[39m
[35m[HTTP][39m [37m-->[39m [37mPOST[39m [37m/wd/hub/session/9509fedc-7297-4fa3-8400-d1d566f4daab/context[39m
[35m[HTTP][39m [90m{"name":"NATIVE_APP"}[39m
[35m[HTTP][39m [37m<-- POST /wd/hub/session/9509fedc-7297-4fa3-8400-d1d566f4daab/context [39m[32m200[39m [90m2 ms - 14[39m
[35m[HTTP][39m [90m[39m
[35m[HTTP][39m [37m-->[39m [37mPOST[39m [37m/wd/hub/session/9509fedc-7297-4fa3-8400-d1d566f4daab/element[39m
[35m[HTTP][39m [90m{"using":"-android uiautomator","value":"new UiScrollable(new UiSelector().scrollable(true).instance(0)).scrollIntoView(new UiSelector().textContains(\"SUBMIT\"))"}[39m
[35m[HTTP][39m [37m<-- POST /wd/hub/session/9509fedc-7297-4fa3-8400-d1d566f4daab/element [39m[32m200[39m [90m19528 ms - 137[39m
[35m[HTTP][39m [90m[39m
[35m[HTTP][39m [37m-->[39m [37mPOST[39m [37m/wd/hub/session/9509fedc-7297-4fa3-8400-d1d566f4daab/context[39m
[35m[HTTP][39m [90m{"name":"NATIVE_APP"}[39m
[35m[HTTP][39m [37m<-- POST /wd/hub/session/9509fedc-7297-4fa3-8400-d1d566f4daab/context [39m[32m200[39m [90m2 ms - 14[39m
[35m[HTTP][39m [90m[39m
[35m[HTTP][39m [37m-->[39m [37mPOST[39m [37m/wd/hub/session/9509fedc-7297-4fa3-8400-d1d566f4daab/timeouts[39m
[35m[HTTP][39m [90m{"implicit":50}[39m
[35m[HTTP][39m [37m<-- POST /wd/hub/session/9509fedc-7297-4fa3-8400-d1d566f4daab/timeouts [39m[32m200[39m [90m2 ms - 14[39m
[35m[HTTP][39m [90m[39m
[35m[HTTP][39m [37m-->[39m [37mGET[39m [37m/wd/hub/session/9509fedc-7297-4fa3-8400-d1d566f4daab/window/rect[39m
[35m[HTTP][39m [90m{}[39m
[35m[HTTP][39m [37m<-- GET /wd/hub/session/9509fedc-7297-4fa3-8400-d1d566f4daab/window/rect [39m[32m200[39m [90m24 ms - 50[39m
[35m[HTTP][39m [90m[39m
[35m[HTTP][39m [37m-->[39m [37mPOST[39m [37m/wd/hub/session/9509fedc-7297-4fa3-8400-d1d566f4daab/elements[39m
[35m[HTTP][39m [90m{"using":"xpath","value":"//*[@class = 'android.widget.RadioButton' and (@text = 'Approved' or . = 'Approved') and @resource-id = 'com.bcaf.mobilesurvey:id/yes']"}[39m
[35m[HTTP][39m [37m<-- POST /wd/hub/session/9509fedc-7297-4fa3-8400-d1d566f4daab/elements [39m[32m200[39m [90m744 ms - 139[39m
[35m[HTTP][39m [90m[39m
[35m[HTTP][39m [37m-->[39m [37mGET[39m [37m/wd/hub/session/9509fedc-7297-4fa3-8400-d1d566f4daab/element/00000000-0000-0818-ffff-ffff0000275b/location[39m
[35m[HTTP][39m [90m{}[39m
[35m[W3C (9509fedc)][39m Driver proxy active, passing request on via HTTP proxy
[35m[WD Proxy][39m Replacing sessionId 31c941d5-1490-4533-8766-ac467cd1111d with 9509fedc-7297-4fa3-8400-d1d566f4daab
[35m[HTTP][39m [37m<-- GET /wd/hub/session/9509fedc-7297-4fa3-8400-d1d566f4daab/element/00000000-0000-0818-ffff-ffff0000275b/location [39m[32m200[39m [90m57 ms - 78[39m
[35m[HTTP][39m [90m[39m
[35m[HTTP][39m [37m-->[39m [37mPOST[39m [37m/wd/hub/session/9509fedc-7297-4fa3-8400-d1d566f4daab/timeouts[39m
[35m[HTTP][39m [90m{"implicit":30000}[39m
[35m[HTTP][39m [37m<-- POST /wd/hub/session/9509fedc-7297-4fa3-8400-d1d566f4daab/timeouts [39m[32m200[39m [90m2 ms - 14[39m
[35m[HTTP][39m [90m[39m
[35m[HTTP][39m [37m-->[39m [37mPOST[39m [37m/wd/hub/session/9509fedc-7297-4fa3-8400-d1d566f4daab/touch/perform[39m
[35m[HTTP][39m [90m{"actions":[{"action":"tap","options":{"x":1,"y":1,"element":"00000000-0000-0818-ffff-ffff0000275b"}},{"action":"release","options":{}}]}[39m
[35m[UiAutomator2][39m calling get location: 00000000-0000-0818-ffff-ffff0000275b
[35m[HTTP][39m [37m<-- POST /wd/hub/session/9509fedc-7297-4fa3-8400-d1d566f4daab/touch/perform [39m[32m200[39m [90m269 ms - 14[39m
[35m[HTTP][39m [90m[39m
[35m[HTTP][39m [37m-->[39m [37mPOST[39m [37m/wd/hub/session/9509fedc-7297-4fa3-8400-d1d566f4daab/timeouts[39m
[35m[HTTP][39m [90m{"implicit":50}[39m
[35m[HTTP][39m [37m<-- POST /wd/hub/session/9509fedc-7297-4fa3-8400-d1d566f4daab/timeouts [39m[32m200[39m [90m2 ms - 14[39m
[35m[HTTP][39m [90m[39m
[35m[HTTP][39m [37m-->[39m [37mGET[39m [37m/wd/hub/session/9509fedc-7297-4fa3-8400-d1d566f4daab/window/rect[39m
[35m[HTTP][39m [90m{}[39m
[35m[HTTP][39m [37m<-- GET /wd/hub/session/9509fedc-7297-4fa3-8400-d1d566f4daab/window/rect [39m[32m200[39m [90m23 ms - 50[39m
[35m[HTTP][39m [90m[39m
[35m[HTTP][39m [37m-->[39m [37mPOST[39m [37m/wd/hub/session/9509fedc-7297-4fa3-8400-d1d566f4daab/elements[39m
[35m[HTTP][39m [90m{"using":"xpath","value":"//*[@class = 'android.widget.EditText' and (@text = 'Komentar' or . = 'Komentar') and @resource-id = 'com.bcaf.mobilesurvey:id/komentar_ken']"}[39m
[35m[HTTP][39m [37m<-- POST /wd/hub/session/9509fedc-7297-4fa3-8400-d1d566f4daab/elements [39m[32m200[39m [90m984 ms - 139[39m
[35m[HTTP][39m [90m[39m
[35m[HTTP][39m [37m-->[39m [37mGET[39m [37m/wd/hub/session/9509fedc-7297-4fa3-8400-d1d566f4daab/element/00000000-0000-0818-ffff-ffff00002760/location[39m
[35m[HTTP][39m [90m{}[39m
[35m[W3C (9509fedc)][39m Driver proxy active, passing request on via HTTP proxy
[35m[WD Proxy][39m Replacing sessionId 31c941d5-1490-4533-8766-ac467cd1111d with 9509fedc-7297-4fa3-8400-d1d566f4daab
[35m[HTTP][39m [37m<-- GET /wd/hub/session/9509fedc-7297-4fa3-8400-d1d566f4daab/element/00000000-0000-0818-ffff-ffff00002760/location [39m[32m200[39m [90m37 ms - 78[39m
[35m[HTTP][39m [90m[39m
[35m[HTTP][39m [37m-->[39m [37mPOST[39m [37m/wd/hub/session/9509fedc-7297-4fa3-8400-d1d566f4daab/timeouts[39m
[35m[HTTP][39m [90m{"implicit":30000}[39m
[35m[HTTP][39m [37m<-- POST /wd/hub/session/9509fedc-7297-4fa3-8400-d1d566f4daab/timeouts [39m[32m200[39m [90m4 ms - 14[39m
[35m[HTTP][39m [90m[39m
[35m[HTTP][39m [37m-->[39m [37mPOST[39m [37m/wd/hub/session/9509fedc-7297-4fa3-8400-d1d566f4daab/element/00000000-0000-0818-ffff-ffff00002760/clear[39m
[35m[HTTP][39m [90m{"id":"00000000-0000-0818-ffff-ffff00002760"}[39m
[35m[HTTP][39m [37m<-- POST /wd/hub/session/9509fedc-7297-4fa3-8400-d1d566f4daab/element/00000000-0000-0818-ffff-ffff00002760/clear [39m[32m200[39m [90m47 ms - 14[39m
[35m[HTTP][39m [90m[39m
[35m[HTTP][39m [37m-->[39m [37mPOST[39m [37m/wd/hub/session/9509fedc-7297-4fa3-8400-d1d566f4daab/element/00000000-0000-0818-ffff-ffff00002760/value[39m
[35m[HTTP][39m [90m{"id":"00000000-0000-0818-ffff-ffff00002760","text":"Status Survey 3 : Tidak Submit","value":["S","t","a","t","u","s"," ","S","u","r","v","e","y"," ","3"," ",":"," ","T","i","d","a","k"," ","S","u","b","m","i","t"]}[39m
[35m[HTTP][39m [37m<-- POST /wd/hub/session/9509fedc-7297-4fa3-8400-d1d566f4daab/element/00000000-0000-0818-ffff-ffff00002760/value [39m[32m200[39m [90m1036 ms - 14[39m
[35m[HTTP][39m [90m[39m
[35m[HTTP][39m [37m-->[39m [37mGET[39m [37m/wd/hub/session/9509fedc-7297-4fa3-8400-d1d566f4daab/context[39m
[35m[HTTP][39m [90m{}[39m
[35m[HTTP][39m [37m<-- GET /wd/hub/session/9509fedc-7297-4fa3-8400-d1d566f4daab/context [39m[32m200[39m [90m2 ms - 22[39m
[35m[HTTP][39m [90m[39m
[35m[HTTP][39m [37m-->[39m [37mGET[39m [37m/wd/hub/session/9509fedc-7297-4fa3-8400-d1d566f4daab/contexts[39m
[35m[HTTP][39m [90m{}[39m
[35m[HTTP][39m [37m<-- GET /wd/hub/session/9509fedc-7297-4fa3-8400-d1d566f4daab/contexts [39m[32m200[39m [90m132 ms - 24[39m
[35m[HTTP][39m [90m[39m
[35m[HTTP][39m [37m-->[39m [37mPOST[39m [37m/wd/hub/session/9509fedc-7297-4fa3-8400-d1d566f4daab/context[39m
[35m[HTTP][39m [90m{"name":"NATIVE_APP"}[39m
[35m[HTTP][39m [37m<-- POST /wd/hub/session/9509fedc-7297-4fa3-8400-d1d566f4daab/context [39m[32m200[39m [90m3 ms - 14[39m
[35m[HTTP][39m [90m[39m
[35m[HTTP][39m [37m-->[39m [37mGET[39m [37m/wd/hub/session/9509fedc-7297-4fa3-8400-d1d566f4daab/window/rect[39m
[35m[HTTP][39m [90m{}[39m
[35m[HTTP][39m [37m<-- GET /wd/hub/session/9509fedc-7297-4fa3-8400-d1d566f4daab/window/rect [39m[32m200[39m [90m20 ms - 50[39m
[35m[HTTP][39m [90m[39m
[35m[HTTP][39m [37m-->[39m [37mPOST[39m [37m/wd/hub/session/9509fedc-7297-4fa3-8400-d1d566f4daab/execute/sync[39m
[35m[HTTP][39m [90m{"script":"mobile: viewportScreenshot","args":[]}[39m
[35m[AndroidDriver][39m Executing native command 'mobile: viewportScreenshot'
[35m[HTTP][39m [37m<-- POST /wd/hub/session/9509fedc-7297-4fa3-8400-d1d566f4daab/execute/sync [39m[32m200[39m [90m2436 ms - 1767152[39m
[35m[HTTP][39m [90m[39m
[35m[HTTP][39m [37m-->[39m [37mPOST[39m [37m/wd/hub/session/9509fedc-7297-4fa3-8400-d1d566f4daab/context[39m
[35m[HTTP][39m [90m{"name":"NATIVE_APP"}[39m
[35m[HTTP][39m [37m<-- POST /wd/hub/session/9509fedc-7297-4fa3-8400-d1d566f4daab/context [39m[32m200[39m [90m1 ms - 14[39m
[35m[HTTP][39m [90m[39m
[35m[HTTP][39m [37m-->[39m [37mDELETE[39m [37m/wd/hub/session/9509fedc-7297-4fa3-8400-d1d566f4daab[39m
[35m[HTTP][39m [90m{}[39m
[35m[Appium][39m Removing session 9509fedc-7297-4fa3-8400-d1d566f4daab from our master session list
[35m[UiAutomator2][39m Restoring hidden api policy to the device default configuration
[35m[HTTP][39m [37m<-- DELETE /wd/hub/session/9509fedc-7297-4fa3-8400-d1d566f4daab [39m[32m200[39m [90m825 ms - 14[39m
[35m[HTTP][39m [90m[39m
