[35m[Appium][39m Welcome to Appium v1.22.2
[35m[Appium][39m Non-default server args:
[35m[Appium][39m   port: 60721
[35m[Appium][39m   loglevel: info
[35m[Appium][39m   tmpDir: C:\Users\NIAYUS~1\AppData\Local\Temp\\Katalon\Appium\Temp1645424091405
[35m[Appium][39m   chromedriverPort: 60722
[35m[Appium][39m Deprecated server args:
[35m[Appium][39m   [31m--chromedriver-port[39m => --default-capabilities
[35m[Appium][39m Default capabilities, which will be added to each request unless overridden by desired capabilities:
[35m[Appium][39m   chromedriverPort: 60722
[35m[Appium][39m Appium REST http interface listener started on 0.0.0.0:60721
[35m[HTTP][39m [37m-->[39m [37mGET[39m [37m/wd/hub/status[39m
[35m[HTTP][39m [90m{}[39m
[35m[HTTP][39m [37m<-- GET /wd/hub/status [39m[32m200[39m [90m10 ms - 68[39m
[35m[HTTP][39m [90m[39m
[35m[HTTP][39m [37m-->[39m [37mPOST[39m [37m/wd/hub/session[39m
[35m[HTTP][39m [90m{"desiredCapabilities":{"appActivity":".Settings","appPackage":"com.android.settings","newCommandTimeout":1800,"platformVersion":"11","automationName":"uiautomator2","autoGrantPermissions":true,"platformName":"Android","udid":"RR8N605F11Y","deviceName":"samsung SM-M315F (Android 11)","platform":"ANDROID","systemPort":8255},"capabilities":{"firstMatch":[{"appium:appActivity":".Settings","appium:appPackage":"com.android.settings","appium:autoGrantPermissions":true,"appium:automationName":"uiautomator2","appium:deviceName":"samsung SM-M315F (Android 11)","appium:newCommandTimeout":1800,"platform":"ANDROID","platformName":"android","appium:platformVersion":"11","appium:systemPort":8255,"appium:udid":"RR8N605F11Y"}]}}[39m
[35m[BaseDriver][39m The following capabilities are not standard capabilities and should have an extension prefix:
[35m[BaseDriver][39m   platform
[35m[BaseDriver][39m   chromedriverPort
[35m[Appium][39m Appium v1.22.2 creating new AndroidUiautomator2Driver (v1.70.1) session
[35m[BaseDriver][39m The following capabilities were provided, but are not recognized by Appium:
[35m[BaseDriver][39m   platform
[35m[BaseDriver][39m Session created with session id: 5b9bc829-7d10-4644-8e17-c750da6488d3
[35m[UiAutomator2][39m Starting 'com.android.settings' directly on the device
[35m[ADB][39m Cannot sort build-tools folders ["29.0.3","android-8.1.0"] by semantic version names.
[35m[ADB][39m Falling back to sorting by modification date. Original error: Invalid Version: android-8.1.0
[35m[ADB][39m Found 2 'build-tools' folders under 'C:\Users\Nia Yusniati\.katalon\tools\android_sdk' (newest first):
[35m[ADB][39m     C:/Users/Nia Yusniati/.katalon/tools/android_sdk/build-tools/29.0.3
[35m[ADB][39m     C:/Users/Nia Yusniati/.katalon/tools/android_sdk/build-tools/android-8.1.0
[35m[ADB][39m Using 'adb.exe' from 'C:\Users\Nia Yusniati\.katalon\tools\android_sdk\platform-tools\adb.exe'
[35m[AndroidDriver][39m Retrieving device list
[35m[AndroidDriver][39m Using device: RR8N605F11Y
[35m[ADB][39m Using 'adb.exe' from 'C:\Users\Nia Yusniati\.katalon\tools\android_sdk\platform-tools\adb.exe'
[35m[ADB][39m Getting device platform version
[35m[UiAutomator2][39m Relaxing hidden api policy
[35m[AndroidDriver][39m No app sent in, not parsing package/activity
[35m[ADB][39m Using 'apksigner.jar' from 'C:\Users\Nia Yusniati\.katalon\tools\android_sdk\build-tools\29.0.3\lib\apksigner.jar'
[35m[ADB][39m 'C:\Users\Nia Yusniati\AppData\Roaming\npm\node_modules\appium\node_modules\appium-uiautomator2-server\apks\appium-uiautomator2-server-v4.27.0.apk' is signed with the default certificate
[35m[ADB][39m 'C:\Users\Nia Yusniati\AppData\Roaming\npm\node_modules\appium\node_modules\appium-uiautomator2-server\apks\appium-uiautomator2-server-debug-androidTest.apk' is signed with the default certificate
[35m[UiAutomator2][39m Server packages are not going to be (re)installed
[35m[ADB][39m Adding packages ["io.appium.settings","io.appium.uiautomator2.server","io.appium.uiautomator2.server.test"] to Doze whitelist
[35m[UiAutomator2][39m Starting UIAutomator2 server 4.27.0
[35m[UiAutomator2][39m Using UIAutomator2 server from 'C:\Users\Nia Yusniati\AppData\Roaming\npm\node_modules\appium\node_modules\appium-uiautomator2-server\apks\appium-uiautomator2-server-v4.27.0.apk' and test from 'C:\Users\Nia Yusniati\AppData\Roaming\npm\node_modules\appium\node_modules\appium-uiautomator2-server\apks\appium-uiautomator2-server-debug-androidTest.apk'
[35m[UiAutomator2][39m Waiting up to 30000ms for UiAutomator2 to be online...
[35m[WD Proxy][39m socket hang up
[35m[WD Proxy][39m socket hang up
[35m[WD Proxy][39m socket hang up
[35m[WD Proxy][39m Determined the downstream protocol as 'W3C'
[35m[AndroidDriver][39m Screen already unlocked, doing nothing
[35m[UiAutomator2][39m Starting 'com.android.settings/.Settings and waiting for 'com.android.settings/.Settings'
[35m[Appium][39m New AndroidUiautomator2Driver session created successfully, session 5b9bc829-7d10-4644-8e17-c750da6488d3 added to master session list
[35m[HTTP][39m [37m<-- POST /wd/hub/session [39m[32m200[39m [90m12178 ms - 1158[39m
[35m[HTTP][39m [90m[39m
[35m[HTTP][39m [37m-->[39m [37mGET[39m [37m/wd/hub/session/5b9bc829-7d10-4644-8e17-c750da6488d3[39m
[35m[HTTP][39m [90m{}[39m
[35m[HTTP][39m [37m<-- GET /wd/hub/session/5b9bc829-7d10-4644-8e17-c750da6488d3 [39m[32m200[39m [90m13 ms - 1112[39m
[35m[HTTP][39m [90m[39m
[35m[HTTP][39m [37m-->[39m [37mGET[39m [37m/wd/hub/session/5b9bc829-7d10-4644-8e17-c750da6488d3[39m
[35m[HTTP][39m [90m{}[39m
[35m[HTTP][39m [37m<-- GET /wd/hub/session/5b9bc829-7d10-4644-8e17-c750da6488d3 [39m[32m200[39m [90m11 ms - 1112[39m
[35m[HTTP][39m [90m[39m
[35m[HTTP][39m [37m-->[39m [37mGET[39m [37m/wd/hub/status[39m
[35m[HTTP][39m [90m{}[39m
[35m[HTTP][39m [37m<-- GET /wd/hub/status [39m[32m200[39m [90m1 ms - 68[39m
[35m[HTTP][39m [90m[39m
[35m[HTTP][39m [37m-->[39m [37mPOST[39m [37m/wd/hub/session/5b9bc829-7d10-4644-8e17-c750da6488d3/timeouts[39m
[35m[HTTP][39m [90m{"implicit":30000}[39m
[35m[HTTP][39m [37m<-- POST /wd/hub/session/5b9bc829-7d10-4644-8e17-c750da6488d3/timeouts [39m[32m200[39m [90m4 ms - 14[39m
[35m[HTTP][39m [90m[39m
[35m[HTTP][39m [37m-->[39m [37mGET[39m [37m/wd/hub/session/5b9bc829-7d10-4644-8e17-c750da6488d3/screenshot[39m
[35m[HTTP][39m [90m{}[39m
[35m[HTTP][39m [37m<-- GET /wd/hub/session/5b9bc829-7d10-4644-8e17-c750da6488d3/screenshot [39m[32m200[39m [90m603 ms - 184434[39m
[35m[HTTP][39m [90m[39m
[35m[HTTP][39m [37m-->[39m [37mGET[39m [37m/wd/hub/session/5b9bc829-7d10-4644-8e17-c750da6488d3/window/rect[39m
[35m[HTTP][39m [90m{}[39m
[35m[HTTP][39m [37m<-- GET /wd/hub/session/5b9bc829-7d10-4644-8e17-c750da6488d3/window/rect [39m[32m200[39m [90m43 ms - 50[39m
[35m[HTTP][39m [90m[39m
[35m[HTTP][39m [37m-->[39m [37mGET[39m [37m/wd/hub/session/5b9bc829-7d10-4644-8e17-c750da6488d3/appium/device/system_bars[39m
[35m[HTTP][39m [90m{}[39m
[35m[HTTP][39m [37m<-- GET /wd/hub/session/5b9bc829-7d10-4644-8e17-c750da6488d3/appium/device/system_bars [39m[32m200[39m [90m175 ms - 148[39m
[35m[HTTP][39m [90m[39m
[35m[HTTP][39m [37m-->[39m [37mPOST[39m [37m/wd/hub/session/5b9bc829-7d10-4644-8e17-c750da6488d3/appium/device/activate_app[39m
[35m[HTTP][39m [90m{"bundleId":"com.bcaf.mobilesurvey"}[39m
[35m[HTTP][39m [37m<-- POST /wd/hub/session/5b9bc829-7d10-4644-8e17-c750da6488d3/appium/device/activate_app [39m[32m200[39m [90m704 ms - 14[39m
[35m[HTTP][39m [90m[39m
[35m[HTTP][39m [37m-->[39m [37mPOST[39m [37m/wd/hub/session/5b9bc829-7d10-4644-8e17-c750da6488d3/timeouts[39m
[35m[HTTP][39m [90m{"implicit":50}[39m
[35m[HTTP][39m [37m<-- POST /wd/hub/session/5b9bc829-7d10-4644-8e17-c750da6488d3/timeouts [39m[32m200[39m [90m4 ms - 14[39m
[35m[HTTP][39m [90m[39m
[35m[HTTP][39m [37m-->[39m [37mGET[39m [37m/wd/hub/session/5b9bc829-7d10-4644-8e17-c750da6488d3/window/rect[39m
[35m[HTTP][39m [90m{}[39m
[35m[HTTP][39m [37m<-- GET /wd/hub/session/5b9bc829-7d10-4644-8e17-c750da6488d3/window/rect [39m[32m200[39m [90m41 ms - 50[39m
[35m[HTTP][39m [90m[39m
[35m[HTTP][39m [37m-->[39m [37mPOST[39m [37m/wd/hub/session/5b9bc829-7d10-4644-8e17-c750da6488d3/elements[39m
[35m[HTTP][39m [90m{"using":"xpath","value":"//*[@class = 'android.widget.EditText' and (@text = 'NIP' or . = 'NIP') and @resource-id = 'com.bcaf.mobilesurvey:id/nip']"}[39m
[35m[HTTP][39m [37m<-- POST /wd/hub/session/5b9bc829-7d10-4644-8e17-c750da6488d3/elements [39m[32m200[39m [90m517 ms - 139[39m
[35m[HTTP][39m [90m[39m
[35m[HTTP][39m [37m-->[39m [37mGET[39m [37m/wd/hub/session/5b9bc829-7d10-4644-8e17-c750da6488d3/element/00000000-0000-0723-ffff-ffff00000fca/location[39m
[35m[HTTP][39m [90m{}[39m
[35m[W3C (5b9bc829)][39m Driver proxy active, passing request on via HTTP proxy
[35m[WD Proxy][39m Replacing sessionId 7167aa1c-a3e3-4044-be30-326959795116 with 5b9bc829-7d10-4644-8e17-c750da6488d3
[35m[HTTP][39m [37m<-- GET /wd/hub/session/5b9bc829-7d10-4644-8e17-c750da6488d3/element/00000000-0000-0723-ffff-ffff00000fca/location [39m[32m200[39m [90m36 ms - 78[39m
[35m[HTTP][39m [90m[39m
[35m[HTTP][39m [37m-->[39m [37mPOST[39m [37m/wd/hub/session/5b9bc829-7d10-4644-8e17-c750da6488d3/timeouts[39m
[35m[HTTP][39m [90m{"implicit":30000}[39m
[35m[HTTP][39m [37m<-- POST /wd/hub/session/5b9bc829-7d10-4644-8e17-c750da6488d3/timeouts [39m[32m200[39m [90m2 ms - 14[39m
[35m[HTTP][39m [90m[39m
[35m[HTTP][39m [37m-->[39m [37mPOST[39m [37m/wd/hub/session/5b9bc829-7d10-4644-8e17-c750da6488d3/element/00000000-0000-0723-ffff-ffff00000fca/clear[39m
[35m[HTTP][39m [90m{"id":"00000000-0000-0723-ffff-ffff00000fca"}[39m
[35m[HTTP][39m [37m<-- POST /wd/hub/session/5b9bc829-7d10-4644-8e17-c750da6488d3/element/00000000-0000-0723-ffff-ffff00000fca/clear [39m[32m200[39m [90m58 ms - 14[39m
[35m[HTTP][39m [90m[39m
[35m[HTTP][39m [37m-->[39m [37mPOST[39m [37m/wd/hub/session/5b9bc829-7d10-4644-8e17-c750da6488d3/element/00000000-0000-0723-ffff-ffff00000fca/value[39m
[35m[HTTP][39m [90m{"id":"00000000-0000-0723-ffff-ffff00000fca","text":"20211002","value":["2","0","2","1","1","0","0","2"]}[39m
[35m[HTTP][39m [37m<-- POST /wd/hub/session/5b9bc829-7d10-4644-8e17-c750da6488d3/element/00000000-0000-0723-ffff-ffff00000fca/value [39m[32m200[39m [90m1037 ms - 14[39m
[35m[HTTP][39m [90m[39m
[35m[HTTP][39m [37m-->[39m [37mPOST[39m [37m/wd/hub/session/5b9bc829-7d10-4644-8e17-c750da6488d3/timeouts[39m
[35m[HTTP][39m [90m{"implicit":50}[39m
[35m[HTTP][39m [37m<-- POST /wd/hub/session/5b9bc829-7d10-4644-8e17-c750da6488d3/timeouts [39m[32m200[39m [90m2 ms - 14[39m
[35m[HTTP][39m [90m[39m
[35m[HTTP][39m [37m-->[39m [37mGET[39m [37m/wd/hub/session/5b9bc829-7d10-4644-8e17-c750da6488d3/window/rect[39m
[35m[HTTP][39m [90m{}[39m
[35m[HTTP][39m [37m<-- GET /wd/hub/session/5b9bc829-7d10-4644-8e17-c750da6488d3/window/rect [39m[32m200[39m [90m40 ms - 50[39m
[35m[HTTP][39m [90m[39m
[35m[HTTP][39m [37m-->[39m [37mPOST[39m [37m/wd/hub/session/5b9bc829-7d10-4644-8e17-c750da6488d3/elements[39m
[35m[HTTP][39m [90m{"using":"xpath","value":"//*[@class = 'android.widget.EditText' and (@text = 'Password' or . = 'Password') and @resource-id = 'com.bcaf.mobilesurvey:id/password']"}[39m
[35m[HTTP][39m [37m<-- POST /wd/hub/session/5b9bc829-7d10-4644-8e17-c750da6488d3/elements [39m[32m200[39m [90m285 ms - 139[39m
[35m[HTTP][39m [90m[39m
[35m[HTTP][39m [37m-->[39m [37mGET[39m [37m/wd/hub/session/5b9bc829-7d10-4644-8e17-c750da6488d3/element/00000000-0000-0723-ffff-ffff00000fd6/location[39m
[35m[HTTP][39m [90m{}[39m
[35m[W3C (5b9bc829)][39m Driver proxy active, passing request on via HTTP proxy
[35m[WD Proxy][39m Replacing sessionId 7167aa1c-a3e3-4044-be30-326959795116 with 5b9bc829-7d10-4644-8e17-c750da6488d3
[35m[HTTP][39m [37m<-- GET /wd/hub/session/5b9bc829-7d10-4644-8e17-c750da6488d3/element/00000000-0000-0723-ffff-ffff00000fd6/location [39m[32m200[39m [90m28 ms - 78[39m
[35m[HTTP][39m [90m[39m
[35m[HTTP][39m [37m-->[39m [37mPOST[39m [37m/wd/hub/session/5b9bc829-7d10-4644-8e17-c750da6488d3/timeouts[39m
[35m[HTTP][39m [90m{"implicit":30000}[39m
[35m[HTTP][39m [37m<-- POST /wd/hub/session/5b9bc829-7d10-4644-8e17-c750da6488d3/timeouts [39m[32m200[39m [90m2 ms - 14[39m
[35m[HTTP][39m [90m[39m
[35m[HTTP][39m [37m-->[39m [37mPOST[39m [37m/wd/hub/session/5b9bc829-7d10-4644-8e17-c750da6488d3/element/00000000-0000-0723-ffff-ffff00000fd6/clear[39m
[35m[HTTP][39m [90m{"id":"00000000-0000-0723-ffff-ffff00000fd6"}[39m
[35m[HTTP][39m [37m<-- POST /wd/hub/session/5b9bc829-7d10-4644-8e17-c750da6488d3/element/00000000-0000-0723-ffff-ffff00000fd6/clear [39m[32m200[39m [90m61 ms - 14[39m
[35m[HTTP][39m [90m[39m
[35m[HTTP][39m [37m-->[39m [37mPOST[39m [37m/wd/hub/session/5b9bc829-7d10-4644-8e17-c750da6488d3/element/00000000-0000-0723-ffff-ffff00000fd6/value[39m
[35m[HTTP][39m [90m{"id":"00000000-0000-0723-ffff-ffff00000fd6","text":"mobile123+","value":["m","o","b","i","l","e","1","2","3","+"]}[39m
[35m[HTTP][39m [37m<-- POST /wd/hub/session/5b9bc829-7d10-4644-8e17-c750da6488d3/element/00000000-0000-0723-ffff-ffff00000fd6/value [39m[32m200[39m [90m1987 ms - 14[39m
[35m[HTTP][39m [90m[39m
[35m[HTTP][39m [37m-->[39m [37mPOST[39m [37m/wd/hub/session/5b9bc829-7d10-4644-8e17-c750da6488d3/timeouts[39m
[35m[HTTP][39m [90m{"implicit":50}[39m
[35m[HTTP][39m [37m<-- POST /wd/hub/session/5b9bc829-7d10-4644-8e17-c750da6488d3/timeouts [39m[32m200[39m [90m3 ms - 14[39m
[35m[HTTP][39m [90m[39m
[35m[HTTP][39m [37m-->[39m [37mGET[39m [37m/wd/hub/session/5b9bc829-7d10-4644-8e17-c750da6488d3/window/rect[39m
[35m[HTTP][39m [90m{}[39m
[35m[HTTP][39m [37m<-- GET /wd/hub/session/5b9bc829-7d10-4644-8e17-c750da6488d3/window/rect [39m[32m200[39m [90m26 ms - 50[39m
[35m[HTTP][39m [90m[39m
[35m[HTTP][39m [37m-->[39m [37mPOST[39m [37m/wd/hub/session/5b9bc829-7d10-4644-8e17-c750da6488d3/elements[39m
[35m[HTTP][39m [90m{"using":"xpath","value":"//*[@class = 'android.widget.CheckBox' and (@text = 'Remember Me' or . = 'Remember Me') and @resource-id = 'com.bcaf.mobilesurvey:id/rememberMe']"}[39m
[35m[HTTP][39m [37m<-- POST /wd/hub/session/5b9bc829-7d10-4644-8e17-c750da6488d3/elements [39m[32m200[39m [90m628 ms - 139[39m
[35m[HTTP][39m [90m[39m
[35m[HTTP][39m [37m-->[39m [37mGET[39m [37m/wd/hub/session/5b9bc829-7d10-4644-8e17-c750da6488d3/element/00000000-0000-0723-ffff-ffff00000fdf/location[39m
[35m[HTTP][39m [90m{}[39m
[35m[W3C (5b9bc829)][39m Driver proxy active, passing request on via HTTP proxy
[35m[WD Proxy][39m Replacing sessionId 7167aa1c-a3e3-4044-be30-326959795116 with 5b9bc829-7d10-4644-8e17-c750da6488d3
[35m[HTTP][39m [37m<-- GET /wd/hub/session/5b9bc829-7d10-4644-8e17-c750da6488d3/element/00000000-0000-0723-ffff-ffff00000fdf/location [39m[32m200[39m [90m38 ms - 78[39m
[35m[HTTP][39m [90m[39m
[35m[HTTP][39m [37m-->[39m [37mPOST[39m [37m/wd/hub/session/5b9bc829-7d10-4644-8e17-c750da6488d3/timeouts[39m
[35m[HTTP][39m [90m{"implicit":30000}[39m
[35m[HTTP][39m [37m<-- POST /wd/hub/session/5b9bc829-7d10-4644-8e17-c750da6488d3/timeouts [39m[32m200[39m [90m2 ms - 14[39m
[35m[HTTP][39m [90m[39m
[35m[HTTP][39m [37m-->[39m [37mPOST[39m [37m/wd/hub/session/5b9bc829-7d10-4644-8e17-c750da6488d3/touch/perform[39m
[35m[HTTP][39m [90m{"actions":[{"action":"tap","options":{"x":1,"y":1,"element":"00000000-0000-0723-ffff-ffff00000fdf"}},{"action":"release","options":{}}]}[39m
[35m[UiAutomator2][39m calling get location: 00000000-0000-0723-ffff-ffff00000fdf
[35m[HTTP][39m [37m<-- POST /wd/hub/session/5b9bc829-7d10-4644-8e17-c750da6488d3/touch/perform [39m[32m200[39m [90m1034 ms - 14[39m
[35m[HTTP][39m [90m[39m
[35m[HTTP][39m [37m-->[39m [37mGET[39m [37m/wd/hub/session/5b9bc829-7d10-4644-8e17-c750da6488d3/context[39m
[35m[HTTP][39m [90m{}[39m
[35m[HTTP][39m [37m<-- GET /wd/hub/session/5b9bc829-7d10-4644-8e17-c750da6488d3/context [39m[32m200[39m [90m2 ms - 22[39m
[35m[HTTP][39m [90m[39m
[35m[HTTP][39m [37m-->[39m [37mGET[39m [37m/wd/hub/session/5b9bc829-7d10-4644-8e17-c750da6488d3/contexts[39m
[35m[HTTP][39m [90m{}[39m
[35m[HTTP][39m [37m<-- GET /wd/hub/session/5b9bc829-7d10-4644-8e17-c750da6488d3/contexts [39m[32m200[39m [90m141 ms - 24[39m
[35m[HTTP][39m [90m[39m
[35m[HTTP][39m [37m-->[39m [37mPOST[39m [37m/wd/hub/session/5b9bc829-7d10-4644-8e17-c750da6488d3/context[39m
[35m[HTTP][39m [90m{"name":"NATIVE_APP"}[39m
[35m[HTTP][39m [37m<-- POST /wd/hub/session/5b9bc829-7d10-4644-8e17-c750da6488d3/context [39m[32m200[39m [90m2 ms - 14[39m
[35m[HTTP][39m [90m[39m
[35m[HTTP][39m [37m-->[39m [37mPOST[39m [37m/wd/hub/session/5b9bc829-7d10-4644-8e17-c750da6488d3/appium/device/hide_keyboard[39m
[35m[HTTP][39m [90m{}[39m
[35m[HTTP][39m [37m<-- POST /wd/hub/session/5b9bc829-7d10-4644-8e17-c750da6488d3/appium/device/hide_keyboard [39m[32m200[39m [90m3052 ms - 14[39m
[35m[HTTP][39m [90m[39m
[35m[HTTP][39m [37m-->[39m [37mPOST[39m [37m/wd/hub/session/5b9bc829-7d10-4644-8e17-c750da6488d3/context[39m
[35m[HTTP][39m [90m{"name":"NATIVE_APP"}[39m
[35m[HTTP][39m [37m<-- POST /wd/hub/session/5b9bc829-7d10-4644-8e17-c750da6488d3/context [39m[32m200[39m [90m2 ms - 14[39m
[35m[HTTP][39m [90m[39m
[35m[HTTP][39m [37m-->[39m [37mGET[39m [37m/wd/hub/session/5b9bc829-7d10-4644-8e17-c750da6488d3/context[39m
[35m[HTTP][39m [90m{}[39m
[35m[HTTP][39m [37m<-- GET /wd/hub/session/5b9bc829-7d10-4644-8e17-c750da6488d3/context [39m[32m200[39m [90m5 ms - 22[39m
[35m[HTTP][39m [90m[39m
[35m[HTTP][39m [37m-->[39m [37mGET[39m [37m/wd/hub/session/5b9bc829-7d10-4644-8e17-c750da6488d3/contexts[39m
[35m[HTTP][39m [90m{}[39m
[35m[HTTP][39m [37m<-- GET /wd/hub/session/5b9bc829-7d10-4644-8e17-c750da6488d3/contexts [39m[32m200[39m [90m131 ms - 24[39m
[35m[HTTP][39m [90m[39m
[35m[HTTP][39m [37m-->[39m [37mPOST[39m [37m/wd/hub/session/5b9bc829-7d10-4644-8e17-c750da6488d3/context[39m
[35m[HTTP][39m [90m{"name":"NATIVE_APP"}[39m
[35m[HTTP][39m [37m<-- POST /wd/hub/session/5b9bc829-7d10-4644-8e17-c750da6488d3/context [39m[32m200[39m [90m2 ms - 14[39m
[35m[HTTP][39m [90m[39m
[35m[HTTP][39m [37m-->[39m [37mGET[39m [37m/wd/hub/session/5b9bc829-7d10-4644-8e17-c750da6488d3/window/rect[39m
[35m[HTTP][39m [90m{}[39m
[35m[HTTP][39m [37m<-- GET /wd/hub/session/5b9bc829-7d10-4644-8e17-c750da6488d3/window/rect [39m[32m200[39m [90m48 ms - 50[39m
[35m[HTTP][39m [90m[39m
[35m[HTTP][39m [37m-->[39m [37mPOST[39m [37m/wd/hub/session/5b9bc829-7d10-4644-8e17-c750da6488d3/execute/sync[39m
[35m[HTTP][39m [90m{"script":"mobile: viewportScreenshot","args":[]}[39m
[35m[AndroidDriver][39m Executing native command 'mobile: viewportScreenshot'
[35m[HTTP][39m [37m<-- POST /wd/hub/session/5b9bc829-7d10-4644-8e17-c750da6488d3/execute/sync [39m[32m200[39m [90m1918 ms - 113844[39m
[35m[HTTP][39m [90m[39m
[35m[HTTP][39m [37m-->[39m [37mPOST[39m [37m/wd/hub/session/5b9bc829-7d10-4644-8e17-c750da6488d3/context[39m
[35m[HTTP][39m [90m{"name":"NATIVE_APP"}[39m
[35m[HTTP][39m [37m<-- POST /wd/hub/session/5b9bc829-7d10-4644-8e17-c750da6488d3/context [39m[32m200[39m [90m2 ms - 14[39m
[35m[HTTP][39m [90m[39m
[35m[HTTP][39m [37m-->[39m [37mPOST[39m [37m/wd/hub/session/5b9bc829-7d10-4644-8e17-c750da6488d3/timeouts[39m
[35m[HTTP][39m [90m{"implicit":50}[39m
[35m[HTTP][39m [37m<-- POST /wd/hub/session/5b9bc829-7d10-4644-8e17-c750da6488d3/timeouts [39m[32m200[39m [90m1 ms - 14[39m
[35m[HTTP][39m [90m[39m
[35m[HTTP][39m [37m-->[39m [37mGET[39m [37m/wd/hub/session/5b9bc829-7d10-4644-8e17-c750da6488d3/window/rect[39m
[35m[HTTP][39m [90m{}[39m
[35m[HTTP][39m [37m<-- GET /wd/hub/session/5b9bc829-7d10-4644-8e17-c750da6488d3/window/rect [39m[32m200[39m [90m34 ms - 50[39m
[35m[HTTP][39m [90m[39m
[35m[HTTP][39m [37m-->[39m [37mPOST[39m [37m/wd/hub/session/5b9bc829-7d10-4644-8e17-c750da6488d3/elements[39m
[35m[HTTP][39m [90m{"using":"xpath","value":"//*[@class = 'android.widget.Button' and (@text = 'LOGIN' or . = 'LOGIN') and @resource-id = 'com.bcaf.mobilesurvey:id/login']"}[39m
[35m[HTTP][39m [37m<-- POST /wd/hub/session/5b9bc829-7d10-4644-8e17-c750da6488d3/elements [39m[32m200[39m [90m340 ms - 139[39m
[35m[HTTP][39m [90m[39m
[35m[HTTP][39m [37m-->[39m [37mGET[39m [37m/wd/hub/session/5b9bc829-7d10-4644-8e17-c750da6488d3/element/00000000-0000-0723-ffff-ffff00000fe0/location[39m
[35m[HTTP][39m [90m{}[39m
[35m[W3C (5b9bc829)][39m Driver proxy active, passing request on via HTTP proxy
[35m[WD Proxy][39m Replacing sessionId 7167aa1c-a3e3-4044-be30-326959795116 with 5b9bc829-7d10-4644-8e17-c750da6488d3
[35m[HTTP][39m [37m<-- GET /wd/hub/session/5b9bc829-7d10-4644-8e17-c750da6488d3/element/00000000-0000-0723-ffff-ffff00000fe0/location [39m[32m200[39m [90m45 ms - 79[39m
[35m[HTTP][39m [90m[39m
[35m[HTTP][39m [37m-->[39m [37mPOST[39m [37m/wd/hub/session/5b9bc829-7d10-4644-8e17-c750da6488d3/timeouts[39m
[35m[HTTP][39m [90m{"implicit":30000}[39m
[35m[HTTP][39m [37m<-- POST /wd/hub/session/5b9bc829-7d10-4644-8e17-c750da6488d3/timeouts [39m[32m200[39m [90m3 ms - 14[39m
[35m[HTTP][39m [90m[39m
[35m[HTTP][39m [37m-->[39m [37mPOST[39m [37m/wd/hub/session/5b9bc829-7d10-4644-8e17-c750da6488d3/touch/perform[39m
[35m[HTTP][39m [90m{"actions":[{"action":"tap","options":{"x":1,"y":1,"element":"00000000-0000-0723-ffff-ffff00000fe0"}},{"action":"release","options":{}}]}[39m
[35m[UiAutomator2][39m calling get location: 00000000-0000-0723-ffff-ffff00000fe0
[35m[HTTP][39m [37m<-- POST /wd/hub/session/5b9bc829-7d10-4644-8e17-c750da6488d3/touch/perform [39m[32m200[39m [90m310 ms - 14[39m
[35m[HTTP][39m [90m[39m
[35m[HTTP][39m [37m-->[39m [37mGET[39m [37m/wd/hub/status[39m
[35m[HTTP][39m [90m{}[39m
[35m[HTTP][39m [37m<-- GET /wd/hub/status [39m[32m200[39m [90m3 ms - 68[39m
[35m[HTTP][39m [90m[39m
[35m[HTTP][39m [37m-->[39m [37mPOST[39m [37m/wd/hub/session[39m
[35m[HTTP][39m [90m{"desiredCapabilities":{"appActivity":".Settings","appPackage":"com.android.settings","newCommandTimeout":1800,"platformVersion":"11","automationName":"uiautomator2","autoGrantPermissions":true,"platformName":"Android","udid":"RR8N605F11Y","deviceName":"samsung SM-M315F (Android 11)","platform":"ANDROID","systemPort":8290},"capabilities":{"firstMatch":[{"appium:appActivity":".Settings","appium:appPackage":"com.android.settings","appium:autoGrantPermissions":true,"appium:automationName":"uiautomator2","appium:deviceName":"samsung SM-M315F (Android 11)","appium:newCommandTimeout":1800,"platform":"ANDROID","platformName":"android","appium:platformVersion":"11","appium:systemPort":8290,"appium:udid":"RR8N605F11Y"}]}}[39m
[35m[BaseDriver][39m The following capabilities are not standard capabilities and should have an extension prefix:
[35m[BaseDriver][39m   platform
[35m[BaseDriver][39m   chromedriverPort
[35m[Appium][39m Appium v1.22.2 creating new AndroidUiautomator2Driver (v1.70.1) session
[35m[BaseDriver][39m The following capabilities were provided, but are not recognized by Appium:
[35m[BaseDriver][39m   platform
[35m[BaseDriver][39m Session created with session id: 3846b4b6-b5d3-4e01-9cdd-3fac4a98c771
[35m[UiAutomator2][39m Starting 'com.android.settings' directly on the device
[35m[ADB][39m Using 'adb.exe' from 'C:\Users\Nia Yusniati\.katalon\tools\android_sdk\platform-tools\adb.exe'
[35m[AndroidDriver][39m Retrieving device list
[35m[AndroidDriver][39m Using device: RR8N605F11Y
[35m[ADB][39m Using 'adb.exe' from 'C:\Users\Nia Yusniati\.katalon\tools\android_sdk\platform-tools\adb.exe'
[35m[ADB][39m Getting device platform version
[35m[UiAutomator2][39m Relaxing hidden api policy
[35m[AndroidDriver][39m No app sent in, not parsing package/activity
[35m[UiAutomator2][39m Server packages are not going to be (re)installed
[35m[ADB][39m Adding packages ["io.appium.settings","io.appium.uiautomator2.server","io.appium.uiautomator2.server.test"] to Doze whitelist
[35m[UiAutomator2][39m Starting UIAutomator2 server 4.27.0
[35m[UiAutomator2][39m Using UIAutomator2 server from 'C:\Users\Nia Yusniati\AppData\Roaming\npm\node_modules\appium\node_modules\appium-uiautomator2-server\apks\appium-uiautomator2-server-v4.27.0.apk' and test from 'C:\Users\Nia Yusniati\AppData\Roaming\npm\node_modules\appium\node_modules\appium-uiautomator2-server\apks\appium-uiautomator2-server-debug-androidTest.apk'
[35m[UiAutomator2][39m Waiting up to 30000ms for UiAutomator2 to be online...
[35m[WD Proxy][39m socket hang up
[35m[WD Proxy][39m socket hang up
[35m[WD Proxy][39m socket hang up
[35m[WD Proxy][39m Determined the downstream protocol as 'W3C'
[35m[AndroidDriver][39m Screen already unlocked, doing nothing
[35m[UiAutomator2][39m Starting 'com.android.settings/.Settings and waiting for 'com.android.settings/.Settings'
[35m[Appium][39m New AndroidUiautomator2Driver session created successfully, session 3846b4b6-b5d3-4e01-9cdd-3fac4a98c771 added to master session list
[35m[HTTP][39m [37m<-- POST /wd/hub/session [39m[32m200[39m [90m10121 ms - 1158[39m
[35m[HTTP][39m [90m[39m
[35m[HTTP][39m [37m-->[39m [37mGET[39m [37m/wd/hub/session/3846b4b6-b5d3-4e01-9cdd-3fac4a98c771[39m
[35m[HTTP][39m [90m{}[39m
[35m[HTTP][39m [37m<-- GET /wd/hub/session/3846b4b6-b5d3-4e01-9cdd-3fac4a98c771 [39m[32m200[39m [90m21 ms - 1112[39m
[35m[HTTP][39m [90m[39m
[35m[HTTP][39m [37m-->[39m [37mGET[39m [37m/wd/hub/session/3846b4b6-b5d3-4e01-9cdd-3fac4a98c771[39m
[35m[HTTP][39m [90m{}[39m
[35m[HTTP][39m [37m<-- GET /wd/hub/session/3846b4b6-b5d3-4e01-9cdd-3fac4a98c771 [39m[32m200[39m [90m12 ms - 1112[39m
[35m[HTTP][39m [90m[39m
[35m[HTTP][39m [37m-->[39m [37mGET[39m [37m/wd/hub/status[39m
[35m[HTTP][39m [90m{}[39m
[35m[HTTP][39m [37m<-- GET /wd/hub/status [39m[32m200[39m [90m1 ms - 68[39m
[35m[HTTP][39m [90m[39m
[35m[HTTP][39m [37m-->[39m [37mPOST[39m [37m/wd/hub/session/3846b4b6-b5d3-4e01-9cdd-3fac4a98c771/timeouts[39m
[35m[HTTP][39m [90m{"implicit":30000}[39m
[35m[HTTP][39m [37m<-- POST /wd/hub/session/3846b4b6-b5d3-4e01-9cdd-3fac4a98c771/timeouts [39m[32m200[39m [90m2 ms - 14[39m
[35m[HTTP][39m [90m[39m
[35m[HTTP][39m [37m-->[39m [37mGET[39m [37m/wd/hub/session/3846b4b6-b5d3-4e01-9cdd-3fac4a98c771/screenshot[39m
[35m[HTTP][39m [90m{}[39m
[35m[HTTP][39m [37m<-- GET /wd/hub/session/3846b4b6-b5d3-4e01-9cdd-3fac4a98c771/screenshot [39m[32m200[39m [90m572 ms - 185900[39m
[35m[HTTP][39m [90m[39m
[35m[HTTP][39m [37m-->[39m [37mGET[39m [37m/wd/hub/session/3846b4b6-b5d3-4e01-9cdd-3fac4a98c771/window/rect[39m
[35m[HTTP][39m [90m{}[39m
[35m[HTTP][39m [37m<-- GET /wd/hub/session/3846b4b6-b5d3-4e01-9cdd-3fac4a98c771/window/rect [39m[32m200[39m [90m10 ms - 50[39m
[35m[HTTP][39m [90m[39m
[35m[HTTP][39m [37m-->[39m [37mGET[39m [37m/wd/hub/session/3846b4b6-b5d3-4e01-9cdd-3fac4a98c771/appium/device/system_bars[39m
[35m[HTTP][39m [90m{}[39m
[35m[HTTP][39m [37m<-- GET /wd/hub/session/3846b4b6-b5d3-4e01-9cdd-3fac4a98c771/appium/device/system_bars [39m[32m200[39m [90m85 ms - 148[39m
[35m[HTTP][39m [90m[39m
[35m[HTTP][39m [37m-->[39m [37mPOST[39m [37m/wd/hub/session/3846b4b6-b5d3-4e01-9cdd-3fac4a98c771/appium/device/activate_app[39m
[35m[HTTP][39m [90m{"bundleId":"com.bcaf.mobilesurvey"}[39m
[35m[HTTP][39m [37m<-- POST /wd/hub/session/3846b4b6-b5d3-4e01-9cdd-3fac4a98c771/appium/device/activate_app [39m[32m200[39m [90m581 ms - 14[39m
[35m[HTTP][39m [90m[39m
[35m[HTTP][39m [37m-->[39m [37mGET[39m [37m/wd/hub/session/3846b4b6-b5d3-4e01-9cdd-3fac4a98c771/context[39m
[35m[HTTP][39m [90m{}[39m
[35m[HTTP][39m [37m<-- GET /wd/hub/session/3846b4b6-b5d3-4e01-9cdd-3fac4a98c771/context [39m[32m200[39m [90m4 ms - 22[39m
[35m[HTTP][39m [90m[39m
[35m[HTTP][39m [37m-->[39m [37mGET[39m [37m/wd/hub/session/3846b4b6-b5d3-4e01-9cdd-3fac4a98c771/contexts[39m
[35m[HTTP][39m [90m{}[39m
[35m[HTTP][39m [37m<-- GET /wd/hub/session/3846b4b6-b5d3-4e01-9cdd-3fac4a98c771/contexts [39m[32m200[39m [90m150 ms - 24[39m
[35m[HTTP][39m [90m[39m
[35m[HTTP][39m [37m-->[39m [37mPOST[39m [37m/wd/hub/session/3846b4b6-b5d3-4e01-9cdd-3fac4a98c771/context[39m
[35m[HTTP][39m [90m{"name":"NATIVE_APP"}[39m
[35m[HTTP][39m [37m<-- POST /wd/hub/session/3846b4b6-b5d3-4e01-9cdd-3fac4a98c771/context [39m[32m200[39m [90m2 ms - 14[39m
[35m[HTTP][39m [90m[39m
[35m[HTTP][39m [37m-->[39m [37mGET[39m [37m/wd/hub/session/3846b4b6-b5d3-4e01-9cdd-3fac4a98c771/window/rect[39m
[35m[HTTP][39m [90m{}[39m
[35m[HTTP][39m [37m<-- GET /wd/hub/session/3846b4b6-b5d3-4e01-9cdd-3fac4a98c771/window/rect [39m[32m200[39m [90m26 ms - 50[39m
[35m[HTTP][39m [90m[39m
[35m[HTTP][39m [37m-->[39m [37mPOST[39m [37m/wd/hub/session/3846b4b6-b5d3-4e01-9cdd-3fac4a98c771/execute/sync[39m
[35m[HTTP][39m [90m{"script":"mobile: viewportScreenshot","args":[]}[39m
[35m[AndroidDriver][39m Executing native command 'mobile: viewportScreenshot'
[35m[HTTP][39m [37m<-- POST /wd/hub/session/3846b4b6-b5d3-4e01-9cdd-3fac4a98c771/execute/sync [39m[32m200[39m [90m2216 ms - 178592[39m
[35m[HTTP][39m [90m[39m
[35m[HTTP][39m [37m-->[39m [37mPOST[39m [37m/wd/hub/session/3846b4b6-b5d3-4e01-9cdd-3fac4a98c771/context[39m
[35m[HTTP][39m [90m{"name":"NATIVE_APP"}[39m
[35m[HTTP][39m [37m<-- POST /wd/hub/session/3846b4b6-b5d3-4e01-9cdd-3fac4a98c771/context [39m[32m200[39m [90m3 ms - 14[39m
[35m[HTTP][39m [90m[39m
[35m[HTTP][39m [37m-->[39m [37mPOST[39m [37m/wd/hub/session/3846b4b6-b5d3-4e01-9cdd-3fac4a98c771/timeouts[39m
[35m[HTTP][39m [90m{"implicit":50}[39m
[35m[HTTP][39m [37m<-- POST /wd/hub/session/3846b4b6-b5d3-4e01-9cdd-3fac4a98c771/timeouts [39m[32m200[39m [90m3 ms - 14[39m
[35m[HTTP][39m [90m[39m
[35m[HTTP][39m [37m-->[39m [37mGET[39m [37m/wd/hub/session/3846b4b6-b5d3-4e01-9cdd-3fac4a98c771/window/rect[39m
[35m[HTTP][39m [90m{}[39m
[35m[HTTP][39m [37m<-- GET /wd/hub/session/3846b4b6-b5d3-4e01-9cdd-3fac4a98c771/window/rect [39m[32m200[39m [90m48 ms - 50[39m
[35m[HTTP][39m [90m[39m
[35m[HTTP][39m [37m-->[39m [37mPOST[39m [37m/wd/hub/session/3846b4b6-b5d3-4e01-9cdd-3fac4a98c771/elements[39m
[35m[HTTP][39m [90m{"using":"xpath","value":"//hierarchy/android.widget.FrameLayout[1]/android.widget.LinearLayout[1]/android.widget.FrameLayout[1]/android.widget.LinearLayout[1]/android.widget.FrameLayout[1]/android.widget.RelativeLayout[1]/android.widget.ScrollView[1]/android.widget.LinearLayout[1]/android.widget.LinearLayout[1]/android.widget.LinearLayout[1]/android.widget.LinearLayout[1]/android.widget.FrameLayout[2]/android.widget.LinearLayout[1]"}[39m
[35m[HTTP][39m [37m<-- POST /wd/hub/session/3846b4b6-b5d3-4e01-9cdd-3fac4a98c771/elements [39m[32m200[39m [90m507 ms - 139[39m
[35m[HTTP][39m [90m[39m
[35m[HTTP][39m [37m-->[39m [37mGET[39m [37m/wd/hub/session/3846b4b6-b5d3-4e01-9cdd-3fac4a98c771/element/00000000-0000-0739-ffff-ffff00001063/location[39m
[35m[HTTP][39m [90m{}[39m
[35m[W3C (3846b4b6)][39m Driver proxy active, passing request on via HTTP proxy
[35m[WD Proxy][39m Replacing sessionId 6897263d-473c-453a-8ed4-b884facf2775 with 3846b4b6-b5d3-4e01-9cdd-3fac4a98c771
[35m[HTTP][39m [37m<-- GET /wd/hub/session/3846b4b6-b5d3-4e01-9cdd-3fac4a98c771/element/00000000-0000-0739-ffff-ffff00001063/location [39m[32m200[39m [90m42 ms - 78[39m
[35m[HTTP][39m [90m[39m
[35m[HTTP][39m [37m-->[39m [37mPOST[39m [37m/wd/hub/session/3846b4b6-b5d3-4e01-9cdd-3fac4a98c771/timeouts[39m
[35m[HTTP][39m [90m{"implicit":30000}[39m
[35m[HTTP][39m [37m<-- POST /wd/hub/session/3846b4b6-b5d3-4e01-9cdd-3fac4a98c771/timeouts [39m[32m200[39m [90m4 ms - 14[39m
[35m[HTTP][39m [90m[39m
[35m[HTTP][39m [37m-->[39m [37mPOST[39m [37m/wd/hub/session/3846b4b6-b5d3-4e01-9cdd-3fac4a98c771/touch/perform[39m
[35m[HTTP][39m [90m{"actions":[{"action":"tap","options":{"x":1,"y":1,"element":"00000000-0000-0739-ffff-ffff00001063"}},{"action":"release","options":{}}]}[39m
[35m[UiAutomator2][39m calling get location: 00000000-0000-0739-ffff-ffff00001063
[35m[HTTP][39m [37m<-- POST /wd/hub/session/3846b4b6-b5d3-4e01-9cdd-3fac4a98c771/touch/perform [39m[32m200[39m [90m243 ms - 14[39m
[35m[HTTP][39m [90m[39m
[35m[HTTP][39m [37m-->[39m [37mGET[39m [37m/wd/hub/session/3846b4b6-b5d3-4e01-9cdd-3fac4a98c771/context[39m
[35m[HTTP][39m [90m{}[39m
[35m[HTTP][39m [37m<-- GET /wd/hub/session/3846b4b6-b5d3-4e01-9cdd-3fac4a98c771/context [39m[32m200[39m [90m5 ms - 22[39m
[35m[HTTP][39m [90m[39m
[35m[HTTP][39m [37m-->[39m [37mGET[39m [37m/wd/hub/session/3846b4b6-b5d3-4e01-9cdd-3fac4a98c771/contexts[39m
[35m[HTTP][39m [90m{}[39m
[35m[HTTP][39m [37m<-- GET /wd/hub/session/3846b4b6-b5d3-4e01-9cdd-3fac4a98c771/contexts [39m[32m200[39m [90m145 ms - 24[39m
[35m[HTTP][39m [90m[39m
[35m[HTTP][39m [37m-->[39m [37mPOST[39m [37m/wd/hub/session/3846b4b6-b5d3-4e01-9cdd-3fac4a98c771/context[39m
[35m[HTTP][39m [90m{"name":"NATIVE_APP"}[39m
[35m[HTTP][39m [37m<-- POST /wd/hub/session/3846b4b6-b5d3-4e01-9cdd-3fac4a98c771/context [39m[32m200[39m [90m3 ms - 14[39m
[35m[HTTP][39m [90m[39m
[35m[HTTP][39m [37m-->[39m [37mGET[39m [37m/wd/hub/session/3846b4b6-b5d3-4e01-9cdd-3fac4a98c771/window/rect[39m
[35m[HTTP][39m [90m{}[39m
[35m[HTTP][39m [37m<-- GET /wd/hub/session/3846b4b6-b5d3-4e01-9cdd-3fac4a98c771/window/rect [39m[32m200[39m [90m47 ms - 50[39m
[35m[HTTP][39m [90m[39m
[35m[HTTP][39m [37m-->[39m [37mPOST[39m [37m/wd/hub/session/3846b4b6-b5d3-4e01-9cdd-3fac4a98c771/execute/sync[39m
[35m[HTTP][39m [90m{"script":"mobile: viewportScreenshot","args":[]}[39m
[35m[AndroidDriver][39m Executing native command 'mobile: viewportScreenshot'
[35m[HTTP][39m [37m<-- POST /wd/hub/session/3846b4b6-b5d3-4e01-9cdd-3fac4a98c771/execute/sync [39m[32m200[39m [90m1412 ms - 140512[39m
[35m[HTTP][39m [90m[39m
[35m[HTTP][39m [37m-->[39m [37mPOST[39m [37m/wd/hub/session/3846b4b6-b5d3-4e01-9cdd-3fac4a98c771/context[39m
[35m[HTTP][39m [90m{"name":"NATIVE_APP"}[39m
[35m[HTTP][39m [37m<-- POST /wd/hub/session/3846b4b6-b5d3-4e01-9cdd-3fac4a98c771/context [39m[32m200[39m [90m3 ms - 14[39m
[35m[HTTP][39m [90m[39m
[35m[HTTP][39m [37m-->[39m [37mPOST[39m [37m/wd/hub/session/3846b4b6-b5d3-4e01-9cdd-3fac4a98c771/timeouts[39m
[35m[HTTP][39m [90m{"implicit":50}[39m
[35m[HTTP][39m [37m<-- POST /wd/hub/session/3846b4b6-b5d3-4e01-9cdd-3fac4a98c771/timeouts [39m[32m200[39m [90m1 ms - 14[39m
[35m[HTTP][39m [90m[39m
[35m[HTTP][39m [37m-->[39m [37mGET[39m [37m/wd/hub/session/3846b4b6-b5d3-4e01-9cdd-3fac4a98c771/window/rect[39m
[35m[HTTP][39m [90m{}[39m
[35m[HTTP][39m [37m<-- GET /wd/hub/session/3846b4b6-b5d3-4e01-9cdd-3fac4a98c771/window/rect [39m[32m200[39m [90m46 ms - 50[39m
[35m[HTTP][39m [90m[39m
[35m[HTTP][39m [37m-->[39m [37mPOST[39m [37m/wd/hub/session/3846b4b6-b5d3-4e01-9cdd-3fac4a98c771/elements[39m
[35m[HTTP][39m [90m{"using":"xpath","value":"//hierarchy/android.widget.FrameLayout[1]/android.widget.LinearLayout[1]/android.widget.FrameLayout[1]/android.widget.LinearLayout[1]/android.widget.FrameLayout[1]/android.widget.RelativeLayout[1]/android.widget.ScrollView[1]/android.widget.LinearLayout[1]/android.widget.LinearLayout[1]/android.widget.LinearLayout[1]/android.widget.FrameLayout[2]/android.widget.LinearLayout[1]"}[39m
[35m[HTTP][39m [37m<-- POST /wd/hub/session/3846b4b6-b5d3-4e01-9cdd-3fac4a98c771/elements [39m[32m200[39m [90m299 ms - 139[39m
[35m[HTTP][39m [90m[39m
[35m[HTTP][39m [37m-->[39m [37mGET[39m [37m/wd/hub/session/3846b4b6-b5d3-4e01-9cdd-3fac4a98c771/element/00000000-0000-0739-ffff-ffff00001055/location[39m
[35m[HTTP][39m [90m{}[39m
[35m[W3C (3846b4b6)][39m Driver proxy active, passing request on via HTTP proxy
[35m[WD Proxy][39m Replacing sessionId 6897263d-473c-453a-8ed4-b884facf2775 with 3846b4b6-b5d3-4e01-9cdd-3fac4a98c771
[35m[HTTP][39m [37m<-- GET /wd/hub/session/3846b4b6-b5d3-4e01-9cdd-3fac4a98c771/element/00000000-0000-0739-ffff-ffff00001055/location [39m[32m200[39m [90m49 ms - 79[39m
[35m[HTTP][39m [90m[39m
[35m[HTTP][39m [37m-->[39m [37mPOST[39m [37m/wd/hub/session/3846b4b6-b5d3-4e01-9cdd-3fac4a98c771/timeouts[39m
[35m[HTTP][39m [90m{"implicit":30000}[39m
[35m[HTTP][39m [37m<-- POST /wd/hub/session/3846b4b6-b5d3-4e01-9cdd-3fac4a98c771/timeouts [39m[32m200[39m [90m3 ms - 14[39m
[35m[HTTP][39m [90m[39m
[35m[HTTP][39m [37m-->[39m [37mPOST[39m [37m/wd/hub/session/3846b4b6-b5d3-4e01-9cdd-3fac4a98c771/touch/perform[39m
[35m[HTTP][39m [90m{"actions":[{"action":"tap","options":{"x":1,"y":1,"element":"00000000-0000-0739-ffff-ffff00001055"}},{"action":"release","options":{}}]}[39m
[35m[UiAutomator2][39m calling get location: 00000000-0000-0739-ffff-ffff00001055
[35m[HTTP][39m [37m<-- POST /wd/hub/session/3846b4b6-b5d3-4e01-9cdd-3fac4a98c771/touch/perform [39m[32m200[39m [90m375 ms - 14[39m
[35m[HTTP][39m [90m[39m
[35m[HTTP][39m [37m-->[39m [37mPOST[39m [37m/wd/hub/session/3846b4b6-b5d3-4e01-9cdd-3fac4a98c771/timeouts[39m
[35m[HTTP][39m [90m{"implicit":50}[39m
[35m[HTTP][39m [37m<-- POST /wd/hub/session/3846b4b6-b5d3-4e01-9cdd-3fac4a98c771/timeouts [39m[32m200[39m [90m5 ms - 14[39m
[35m[HTTP][39m [90m[39m
[35m[HTTP][39m [37m-->[39m [37mGET[39m [37m/wd/hub/session/3846b4b6-b5d3-4e01-9cdd-3fac4a98c771/window/rect[39m
[35m[HTTP][39m [90m{}[39m
[35m[HTTP][39m [37m<-- GET /wd/hub/session/3846b4b6-b5d3-4e01-9cdd-3fac4a98c771/window/rect [39m[32m200[39m [90m33 ms - 50[39m
[35m[HTTP][39m [90m[39m
[35m[HTTP][39m [37m-->[39m [37mPOST[39m [37m/wd/hub/session/3846b4b6-b5d3-4e01-9cdd-3fac4a98c771/elements[39m
[35m[HTTP][39m [90m{"using":"xpath","value":"//*[@class = 'android.widget.EditText' and (@text = 'No Polisi' or . = 'No Polisi') and @resource-id = 'com.bcaf.mobilesurvey:id/nopol']"}[39m
[35m[HTTP][39m [37m<-- POST /wd/hub/session/3846b4b6-b5d3-4e01-9cdd-3fac4a98c771/elements [39m[32m200[39m [90m598 ms - 139[39m
[35m[HTTP][39m [90m[39m
[35m[HTTP][39m [37m-->[39m [37mGET[39m [37m/wd/hub/session/3846b4b6-b5d3-4e01-9cdd-3fac4a98c771/element/00000000-0000-074b-ffff-ffff0000108f/location[39m
[35m[HTTP][39m [90m{}[39m
[35m[W3C (3846b4b6)][39m Driver proxy active, passing request on via HTTP proxy
[35m[WD Proxy][39m Replacing sessionId 6897263d-473c-453a-8ed4-b884facf2775 with 3846b4b6-b5d3-4e01-9cdd-3fac4a98c771
[35m[HTTP][39m [37m<-- GET /wd/hub/session/3846b4b6-b5d3-4e01-9cdd-3fac4a98c771/element/00000000-0000-074b-ffff-ffff0000108f/location [39m[32m200[39m [90m25 ms - 78[39m
[35m[HTTP][39m [90m[39m
[35m[HTTP][39m [37m-->[39m [37mPOST[39m [37m/wd/hub/session/3846b4b6-b5d3-4e01-9cdd-3fac4a98c771/timeouts[39m
[35m[HTTP][39m [90m{"implicit":30000}[39m
[35m[HTTP][39m [37m<-- POST /wd/hub/session/3846b4b6-b5d3-4e01-9cdd-3fac4a98c771/timeouts [39m[32m200[39m [90m2 ms - 14[39m
[35m[HTTP][39m [90m[39m
[35m[HTTP][39m [37m-->[39m [37mPOST[39m [37m/wd/hub/session/3846b4b6-b5d3-4e01-9cdd-3fac4a98c771/element/00000000-0000-074b-ffff-ffff0000108f/clear[39m
[35m[HTTP][39m [90m{"id":"00000000-0000-074b-ffff-ffff0000108f"}[39m
[35m[HTTP][39m [37m<-- POST /wd/hub/session/3846b4b6-b5d3-4e01-9cdd-3fac4a98c771/element/00000000-0000-074b-ffff-ffff0000108f/clear [39m[32m200[39m [90m33 ms - 14[39m
[35m[HTTP][39m [90m[39m
[35m[HTTP][39m [37m-->[39m [37mPOST[39m [37m/wd/hub/session/3846b4b6-b5d3-4e01-9cdd-3fac4a98c771/element/00000000-0000-074b-ffff-ffff0000108f/value[39m
[35m[HTTP][39m [90m{"id":"00000000-0000-074b-ffff-ffff0000108f","text":"B777B","value":["B","7","7","7","B"]}[39m
[35m[HTTP][39m [37m<-- POST /wd/hub/session/3846b4b6-b5d3-4e01-9cdd-3fac4a98c771/element/00000000-0000-074b-ffff-ffff0000108f/value [39m[32m200[39m [90m1119 ms - 14[39m
[35m[HTTP][39m [90m[39m
[35m[HTTP][39m [37m-->[39m [37mGET[39m [37m/wd/hub/session/3846b4b6-b5d3-4e01-9cdd-3fac4a98c771/context[39m
[35m[HTTP][39m [90m{}[39m
[35m[HTTP][39m [37m<-- GET /wd/hub/session/3846b4b6-b5d3-4e01-9cdd-3fac4a98c771/context [39m[32m200[39m [90m3 ms - 22[39m
[35m[HTTP][39m [90m[39m
[35m[HTTP][39m [37m-->[39m [37mGET[39m [37m/wd/hub/session/3846b4b6-b5d3-4e01-9cdd-3fac4a98c771/contexts[39m
[35m[HTTP][39m [90m{}[39m
[35m[HTTP][39m [37m<-- GET /wd/hub/session/3846b4b6-b5d3-4e01-9cdd-3fac4a98c771/contexts [39m[32m200[39m [90m130 ms - 24[39m
[35m[HTTP][39m [90m[39m
[35m[HTTP][39m [37m-->[39m [37mPOST[39m [37m/wd/hub/session/3846b4b6-b5d3-4e01-9cdd-3fac4a98c771/context[39m
[35m[HTTP][39m [90m{"name":"NATIVE_APP"}[39m
[35m[HTTP][39m [37m<-- POST /wd/hub/session/3846b4b6-b5d3-4e01-9cdd-3fac4a98c771/context [39m[32m200[39m [90m2 ms - 14[39m
[35m[HTTP][39m [90m[39m
[35m[HTTP][39m [37m-->[39m [37mGET[39m [37m/wd/hub/session/3846b4b6-b5d3-4e01-9cdd-3fac4a98c771/window/rect[39m
[35m[HTTP][39m [90m{}[39m
[35m[HTTP][39m [37m<-- GET /wd/hub/session/3846b4b6-b5d3-4e01-9cdd-3fac4a98c771/window/rect [39m[32m200[39m [90m29 ms - 50[39m
[35m[HTTP][39m [90m[39m
[35m[HTTP][39m [37m-->[39m [37mPOST[39m [37m/wd/hub/session/3846b4b6-b5d3-4e01-9cdd-3fac4a98c771/execute/sync[39m
[35m[HTTP][39m [90m{"script":"mobile: viewportScreenshot","args":[]}[39m
[35m[AndroidDriver][39m Executing native command 'mobile: viewportScreenshot'
[35m[HTTP][39m [37m<-- POST /wd/hub/session/3846b4b6-b5d3-4e01-9cdd-3fac4a98c771/execute/sync [39m[32m200[39m [90m1335 ms - 85692[39m
[35m[HTTP][39m [90m[39m
[35m[HTTP][39m [37m-->[39m [37mPOST[39m [37m/wd/hub/session/3846b4b6-b5d3-4e01-9cdd-3fac4a98c771/context[39m
[35m[HTTP][39m [90m{"name":"NATIVE_APP"}[39m
[35m[HTTP][39m [37m<-- POST /wd/hub/session/3846b4b6-b5d3-4e01-9cdd-3fac4a98c771/context [39m[32m200[39m [90m2 ms - 14[39m
[35m[HTTP][39m [90m[39m
[35m[HTTP][39m [37m-->[39m [37mPOST[39m [37m/wd/hub/session/3846b4b6-b5d3-4e01-9cdd-3fac4a98c771/timeouts[39m
[35m[HTTP][39m [90m{"implicit":50}[39m
[35m[HTTP][39m [37m<-- POST /wd/hub/session/3846b4b6-b5d3-4e01-9cdd-3fac4a98c771/timeouts [39m[32m200[39m [90m1 ms - 14[39m
[35m[HTTP][39m [90m[39m
[35m[HTTP][39m [37m-->[39m [37mGET[39m [37m/wd/hub/session/3846b4b6-b5d3-4e01-9cdd-3fac4a98c771/window/rect[39m
[35m[HTTP][39m [90m{}[39m
[35m[HTTP][39m [37m<-- GET /wd/hub/session/3846b4b6-b5d3-4e01-9cdd-3fac4a98c771/window/rect [39m[32m200[39m [90m38 ms - 50[39m
[35m[HTTP][39m [90m[39m
[35m[HTTP][39m [37m-->[39m [37mPOST[39m [37m/wd/hub/session/3846b4b6-b5d3-4e01-9cdd-3fac4a98c771/elements[39m
[35m[HTTP][39m [90m{"using":"xpath","value":"//*[@class = 'android.widget.Button' and (@text = 'SEARCH' or . = 'SEARCH') and @resource-id = 'com.bcaf.mobilesurvey:id/search']"}[39m
[35m[HTTP][39m [37m<-- POST /wd/hub/session/3846b4b6-b5d3-4e01-9cdd-3fac4a98c771/elements [39m[32m200[39m [90m328 ms - 139[39m
[35m[HTTP][39m [90m[39m
[35m[HTTP][39m [37m-->[39m [37mGET[39m [37m/wd/hub/session/3846b4b6-b5d3-4e01-9cdd-3fac4a98c771/element/00000000-0000-074b-ffff-ffff0000109b/location[39m
[35m[HTTP][39m [90m{}[39m
[35m[W3C (3846b4b6)][39m Driver proxy active, passing request on via HTTP proxy
[35m[WD Proxy][39m Replacing sessionId 6897263d-473c-453a-8ed4-b884facf2775 with 3846b4b6-b5d3-4e01-9cdd-3fac4a98c771
[35m[HTTP][39m [37m<-- GET /wd/hub/session/3846b4b6-b5d3-4e01-9cdd-3fac4a98c771/element/00000000-0000-074b-ffff-ffff0000109b/location [39m[32m200[39m [90m41 ms - 78[39m
[35m[HTTP][39m [90m[39m
[35m[HTTP][39m [37m-->[39m [37mPOST[39m [37m/wd/hub/session/3846b4b6-b5d3-4e01-9cdd-3fac4a98c771/timeouts[39m
[35m[HTTP][39m [90m{"implicit":30000}[39m
[35m[HTTP][39m [37m<-- POST /wd/hub/session/3846b4b6-b5d3-4e01-9cdd-3fac4a98c771/timeouts [39m[32m200[39m [90m2 ms - 14[39m
[35m[HTTP][39m [90m[39m
[35m[HTTP][39m [37m-->[39m [37mPOST[39m [37m/wd/hub/session/3846b4b6-b5d3-4e01-9cdd-3fac4a98c771/touch/perform[39m
[35m[HTTP][39m [90m{"actions":[{"action":"tap","options":{"x":1,"y":1,"element":"00000000-0000-074b-ffff-ffff0000109b"}},{"action":"release","options":{}}]}[39m
[35m[UiAutomator2][39m calling get location: 00000000-0000-074b-ffff-ffff0000109b
[35m[HTTP][39m [37m<-- POST /wd/hub/session/3846b4b6-b5d3-4e01-9cdd-3fac4a98c771/touch/perform [39m[32m200[39m [90m302 ms - 14[39m
[35m[HTTP][39m [90m[39m
[35m[HTTP][39m [37m-->[39m [37mGET[39m [37m/wd/hub/session/3846b4b6-b5d3-4e01-9cdd-3fac4a98c771/context[39m
[35m[HTTP][39m [90m{}[39m
[35m[HTTP][39m [37m<-- GET /wd/hub/session/3846b4b6-b5d3-4e01-9cdd-3fac4a98c771/context [39m[32m200[39m [90m3 ms - 22[39m
[35m[HTTP][39m [90m[39m
[35m[HTTP][39m [37m-->[39m [37mGET[39m [37m/wd/hub/session/3846b4b6-b5d3-4e01-9cdd-3fac4a98c771/contexts[39m
[35m[HTTP][39m [90m{}[39m
[35m[HTTP][39m [37m<-- GET /wd/hub/session/3846b4b6-b5d3-4e01-9cdd-3fac4a98c771/contexts [39m[32m200[39m [90m172 ms - 24[39m
[35m[HTTP][39m [90m[39m
[35m[HTTP][39m [37m-->[39m [37mPOST[39m [37m/wd/hub/session/3846b4b6-b5d3-4e01-9cdd-3fac4a98c771/context[39m
[35m[HTTP][39m [90m{"name":"NATIVE_APP"}[39m
[35m[HTTP][39m [37m<-- POST /wd/hub/session/3846b4b6-b5d3-4e01-9cdd-3fac4a98c771/context [39m[32m200[39m [90m2 ms - 14[39m
[35m[HTTP][39m [90m[39m
[35m[HTTP][39m [37m-->[39m [37mGET[39m [37m/wd/hub/session/3846b4b6-b5d3-4e01-9cdd-3fac4a98c771/window/rect[39m
[35m[HTTP][39m [90m{}[39m
[35m[HTTP][39m [37m<-- GET /wd/hub/session/3846b4b6-b5d3-4e01-9cdd-3fac4a98c771/window/rect [39m[32m200[39m [90m28 ms - 50[39m
[35m[HTTP][39m [90m[39m
[35m[HTTP][39m [37m-->[39m [37mPOST[39m [37m/wd/hub/session/3846b4b6-b5d3-4e01-9cdd-3fac4a98c771/execute/sync[39m
[35m[HTTP][39m [90m{"script":"mobile: viewportScreenshot","args":[]}[39m
[35m[AndroidDriver][39m Executing native command 'mobile: viewportScreenshot'
[35m[HTTP][39m [37m<-- POST /wd/hub/session/3846b4b6-b5d3-4e01-9cdd-3fac4a98c771/execute/sync [39m[32m200[39m [90m1443 ms - 356368[39m
[35m[HTTP][39m [90m[39m
[35m[HTTP][39m [37m-->[39m [37mPOST[39m [37m/wd/hub/session/3846b4b6-b5d3-4e01-9cdd-3fac4a98c771/context[39m
[35m[HTTP][39m [90m{"name":"NATIVE_APP"}[39m
[35m[HTTP][39m [37m<-- POST /wd/hub/session/3846b4b6-b5d3-4e01-9cdd-3fac4a98c771/context [39m[32m200[39m [90m2 ms - 14[39m
[35m[HTTP][39m [90m[39m
[35m[HTTP][39m [37m-->[39m [37mGET[39m [37m/wd/hub/session/3846b4b6-b5d3-4e01-9cdd-3fac4a98c771/context[39m
[35m[HTTP][39m [90m{}[39m
[35m[HTTP][39m [37m<-- GET /wd/hub/session/3846b4b6-b5d3-4e01-9cdd-3fac4a98c771/context [39m[32m200[39m [90m1 ms - 22[39m
[35m[HTTP][39m [90m[39m
[35m[HTTP][39m [37m-->[39m [37mGET[39m [37m/wd/hub/session/3846b4b6-b5d3-4e01-9cdd-3fac4a98c771/contexts[39m
[35m[HTTP][39m [90m{}[39m
[35m[HTTP][39m [37m<-- GET /wd/hub/session/3846b4b6-b5d3-4e01-9cdd-3fac4a98c771/contexts [39m[32m200[39m [90m126 ms - 24[39m
[35m[HTTP][39m [90m[39m
[35m[HTTP][39m [37m-->[39m [37mPOST[39m [37m/wd/hub/session/3846b4b6-b5d3-4e01-9cdd-3fac4a98c771/context[39m
[35m[HTTP][39m [90m{"name":"NATIVE_APP"}[39m
[35m[HTTP][39m [37m<-- POST /wd/hub/session/3846b4b6-b5d3-4e01-9cdd-3fac4a98c771/context [39m[32m200[39m [90m2 ms - 14[39m
[35m[HTTP][39m [90m[39m
[35m[HTTP][39m [37m-->[39m [37mPOST[39m [37m/wd/hub/session/3846b4b6-b5d3-4e01-9cdd-3fac4a98c771/element[39m
[35m[HTTP][39m [90m{"using":"-android uiautomator","value":"new UiScrollable(new UiSelector().scrollable(true).instance(0)).scrollIntoView(new UiSelector().textContains(\"Data Kendaraan\"))"}[39m
[35m[HTTP][39m [37m<-- POST /wd/hub/session/3846b4b6-b5d3-4e01-9cdd-3fac4a98c771/element [39m[32m200[39m [90m4947 ms - 137[39m
[35m[HTTP][39m [90m[39m
[35m[HTTP][39m [37m-->[39m [37mPOST[39m [37m/wd/hub/session/3846b4b6-b5d3-4e01-9cdd-3fac4a98c771/context[39m
[35m[HTTP][39m [90m{"name":"NATIVE_APP"}[39m
[35m[HTTP][39m [37m<-- POST /wd/hub/session/3846b4b6-b5d3-4e01-9cdd-3fac4a98c771/context [39m[32m200[39m [90m2 ms - 14[39m
[35m[HTTP][39m [90m[39m
[35m[HTTP][39m [37m-->[39m [37mGET[39m [37m/wd/hub/session/3846b4b6-b5d3-4e01-9cdd-3fac4a98c771/context[39m
[35m[HTTP][39m [90m{}[39m
[35m[HTTP][39m [37m<-- GET /wd/hub/session/3846b4b6-b5d3-4e01-9cdd-3fac4a98c771/context [39m[32m200[39m [90m3 ms - 22[39m
[35m[HTTP][39m [90m[39m
[35m[HTTP][39m [37m-->[39m [37mGET[39m [37m/wd/hub/session/3846b4b6-b5d3-4e01-9cdd-3fac4a98c771/contexts[39m
[35m[HTTP][39m [90m{}[39m
[35m[HTTP][39m [37m<-- GET /wd/hub/session/3846b4b6-b5d3-4e01-9cdd-3fac4a98c771/contexts [39m[32m200[39m [90m110 ms - 24[39m
[35m[HTTP][39m [90m[39m
[35m[HTTP][39m [37m-->[39m [37mPOST[39m [37m/wd/hub/session/3846b4b6-b5d3-4e01-9cdd-3fac4a98c771/context[39m
[35m[HTTP][39m [90m{"name":"NATIVE_APP"}[39m
[35m[HTTP][39m [37m<-- POST /wd/hub/session/3846b4b6-b5d3-4e01-9cdd-3fac4a98c771/context [39m[32m200[39m [90m1 ms - 14[39m
[35m[HTTP][39m [90m[39m
[35m[HTTP][39m [37m-->[39m [37mGET[39m [37m/wd/hub/session/3846b4b6-b5d3-4e01-9cdd-3fac4a98c771/window/rect[39m
[35m[HTTP][39m [90m{}[39m
[35m[HTTP][39m [37m<-- GET /wd/hub/session/3846b4b6-b5d3-4e01-9cdd-3fac4a98c771/window/rect [39m[32m200[39m [90m38 ms - 50[39m
[35m[HTTP][39m [90m[39m
[35m[HTTP][39m [37m-->[39m [37mPOST[39m [37m/wd/hub/session/3846b4b6-b5d3-4e01-9cdd-3fac4a98c771/execute/sync[39m
[35m[HTTP][39m [90m{"script":"mobile: viewportScreenshot","args":[]}[39m
[35m[AndroidDriver][39m Executing native command 'mobile: viewportScreenshot'
[35m[HTTP][39m [37m<-- POST /wd/hub/session/3846b4b6-b5d3-4e01-9cdd-3fac4a98c771/execute/sync [39m[32m200[39m [90m1709 ms - 357608[39m
[35m[HTTP][39m [90m[39m
[35m[HTTP][39m [37m-->[39m [37mPOST[39m [37m/wd/hub/session/3846b4b6-b5d3-4e01-9cdd-3fac4a98c771/context[39m
[35m[HTTP][39m [90m{"name":"NATIVE_APP"}[39m
[35m[HTTP][39m [37m<-- POST /wd/hub/session/3846b4b6-b5d3-4e01-9cdd-3fac4a98c771/context [39m[32m200[39m [90m1 ms - 14[39m
[35m[HTTP][39m [90m[39m
[35m[HTTP][39m [37m-->[39m [37mPOST[39m [37m/wd/hub/session/3846b4b6-b5d3-4e01-9cdd-3fac4a98c771/timeouts[39m
[35m[HTTP][39m [90m{"implicit":50}[39m
[35m[HTTP][39m [37m<-- POST /wd/hub/session/3846b4b6-b5d3-4e01-9cdd-3fac4a98c771/timeouts [39m[32m200[39m [90m3 ms - 14[39m
[35m[HTTP][39m [90m[39m
[35m[HTTP][39m [37m-->[39m [37mGET[39m [37m/wd/hub/session/3846b4b6-b5d3-4e01-9cdd-3fac4a98c771/window/rect[39m
[35m[HTTP][39m [90m{}[39m
[35m[HTTP][39m [37m<-- GET /wd/hub/session/3846b4b6-b5d3-4e01-9cdd-3fac4a98c771/window/rect [39m[32m200[39m [90m44 ms - 50[39m
[35m[HTTP][39m [90m[39m
[35m[HTTP][39m [37m-->[39m [37mPOST[39m [37m/wd/hub/session/3846b4b6-b5d3-4e01-9cdd-3fac4a98c771/elements[39m
[35m[HTTP][39m [90m{"using":"xpath","value":"//*[@class = 'android.widget.TextView' and (@text = 'Surat Kendaraan' or . = 'Surat Kendaraan') and @resource-id = 'com.bcaf.mobilesurvey:id/showhide_surat']"}[39m
[35m[HTTP][39m [37m<-- POST /wd/hub/session/3846b4b6-b5d3-4e01-9cdd-3fac4a98c771/elements [39m[32m200[39m [90m695 ms - 139[39m
[35m[HTTP][39m [90m[39m
[35m[HTTP][39m [37m-->[39m [37mGET[39m [37m/wd/hub/session/3846b4b6-b5d3-4e01-9cdd-3fac4a98c771/element/00000000-0000-074e-ffff-ffff000011e9/location[39m
[35m[HTTP][39m [90m{}[39m
[35m[W3C (3846b4b6)][39m Driver proxy active, passing request on via HTTP proxy
[35m[WD Proxy][39m Replacing sessionId 6897263d-473c-453a-8ed4-b884facf2775 with 3846b4b6-b5d3-4e01-9cdd-3fac4a98c771
[35m[HTTP][39m [37m<-- GET /wd/hub/session/3846b4b6-b5d3-4e01-9cdd-3fac4a98c771/element/00000000-0000-074e-ffff-ffff000011e9/location [39m[32m200[39m [90m54 ms - 78[39m
[35m[HTTP][39m [90m[39m
[35m[HTTP][39m [37m-->[39m [37mPOST[39m [37m/wd/hub/session/3846b4b6-b5d3-4e01-9cdd-3fac4a98c771/timeouts[39m
[35m[HTTP][39m [90m{"implicit":30000}[39m
[35m[HTTP][39m [37m<-- POST /wd/hub/session/3846b4b6-b5d3-4e01-9cdd-3fac4a98c771/timeouts [39m[32m200[39m [90m2 ms - 14[39m
[35m[HTTP][39m [90m[39m
[35m[HTTP][39m [37m-->[39m [37mPOST[39m [37m/wd/hub/session/3846b4b6-b5d3-4e01-9cdd-3fac4a98c771/touch/perform[39m
[35m[HTTP][39m [90m{"actions":[{"action":"tap","options":{"x":1,"y":1,"element":"00000000-0000-074e-ffff-ffff000011e9"}},{"action":"release","options":{}}]}[39m
[35m[UiAutomator2][39m calling get location: 00000000-0000-074e-ffff-ffff000011e9
[35m[HTTP][39m [37m<-- POST /wd/hub/session/3846b4b6-b5d3-4e01-9cdd-3fac4a98c771/touch/perform [39m[32m200[39m [90m901 ms - 14[39m
[35m[HTTP][39m [90m[39m
[35m[HTTP][39m [37m-->[39m [37mGET[39m [37m/wd/hub/session/3846b4b6-b5d3-4e01-9cdd-3fac4a98c771/context[39m
[35m[HTTP][39m [90m{}[39m
[35m[HTTP][39m [37m<-- GET /wd/hub/session/3846b4b6-b5d3-4e01-9cdd-3fac4a98c771/context [39m[32m200[39m [90m3 ms - 22[39m
[35m[HTTP][39m [90m[39m
[35m[HTTP][39m [37m-->[39m [37mGET[39m [37m/wd/hub/session/3846b4b6-b5d3-4e01-9cdd-3fac4a98c771/contexts[39m
[35m[HTTP][39m [90m{}[39m
[35m[HTTP][39m [37m<-- GET /wd/hub/session/3846b4b6-b5d3-4e01-9cdd-3fac4a98c771/contexts [39m[32m200[39m [90m128 ms - 24[39m
[35m[HTTP][39m [90m[39m
[35m[HTTP][39m [37m-->[39m [37mPOST[39m [37m/wd/hub/session/3846b4b6-b5d3-4e01-9cdd-3fac4a98c771/context[39m
[35m[HTTP][39m [90m{"name":"NATIVE_APP"}[39m
[35m[HTTP][39m [37m<-- POST /wd/hub/session/3846b4b6-b5d3-4e01-9cdd-3fac4a98c771/context [39m[32m200[39m [90m2 ms - 14[39m
[35m[HTTP][39m [90m[39m
[35m[HTTP][39m [37m-->[39m [37mGET[39m [37m/wd/hub/session/3846b4b6-b5d3-4e01-9cdd-3fac4a98c771/window/rect[39m
[35m[HTTP][39m [90m{}[39m
[35m[HTTP][39m [37m<-- GET /wd/hub/session/3846b4b6-b5d3-4e01-9cdd-3fac4a98c771/window/rect [39m[32m200[39m [90m38 ms - 50[39m
[35m[HTTP][39m [90m[39m
[35m[HTTP][39m [37m-->[39m [37mPOST[39m [37m/wd/hub/session/3846b4b6-b5d3-4e01-9cdd-3fac4a98c771/execute/sync[39m
[35m[HTTP][39m [90m{"script":"mobile: viewportScreenshot","args":[]}[39m
[35m[AndroidDriver][39m Executing native command 'mobile: viewportScreenshot'
[35m[HTTP][39m [37m<-- POST /wd/hub/session/3846b4b6-b5d3-4e01-9cdd-3fac4a98c771/execute/sync [39m[32m200[39m [90m1557 ms - 379752[39m
[35m[HTTP][39m [90m[39m
[35m[HTTP][39m [37m-->[39m [37mPOST[39m [37m/wd/hub/session/3846b4b6-b5d3-4e01-9cdd-3fac4a98c771/context[39m
[35m[HTTP][39m [90m{"name":"NATIVE_APP"}[39m
[35m[HTTP][39m [37m<-- POST /wd/hub/session/3846b4b6-b5d3-4e01-9cdd-3fac4a98c771/context [39m[32m200[39m [90m2 ms - 14[39m
[35m[HTTP][39m [90m[39m
[35m[HTTP][39m [37m-->[39m [37mGET[39m [37m/wd/hub/session/3846b4b6-b5d3-4e01-9cdd-3fac4a98c771/context[39m
[35m[HTTP][39m [90m{}[39m
[35m[HTTP][39m [37m<-- GET /wd/hub/session/3846b4b6-b5d3-4e01-9cdd-3fac4a98c771/context [39m[32m200[39m [90m1 ms - 22[39m
[35m[HTTP][39m [90m[39m
[35m[HTTP][39m [37m-->[39m [37mGET[39m [37m/wd/hub/session/3846b4b6-b5d3-4e01-9cdd-3fac4a98c771/contexts[39m
[35m[HTTP][39m [90m{}[39m
[35m[HTTP][39m [37m<-- GET /wd/hub/session/3846b4b6-b5d3-4e01-9cdd-3fac4a98c771/contexts [39m[32m200[39m [90m131 ms - 24[39m
[35m[HTTP][39m [90m[39m
[35m[HTTP][39m [37m-->[39m [37mPOST[39m [37m/wd/hub/session/3846b4b6-b5d3-4e01-9cdd-3fac4a98c771/context[39m
[35m[HTTP][39m [90m{"name":"NATIVE_APP"}[39m
[35m[HTTP][39m [37m<-- POST /wd/hub/session/3846b4b6-b5d3-4e01-9cdd-3fac4a98c771/context [39m[32m200[39m [90m1 ms - 14[39m
[35m[HTTP][39m [90m[39m
[35m[HTTP][39m [37m-->[39m [37mPOST[39m [37m/wd/hub/session/3846b4b6-b5d3-4e01-9cdd-3fac4a98c771/element[39m
[35m[HTTP][39m [90m{"using":"-android uiautomator","value":"new UiScrollable(new UiSelector().scrollable(true).instance(0)).scrollIntoView(new UiSelector().textContains(\"Kondisi Kendaraan\"))"}[39m
[35m[HTTP][39m [37m<-- POST /wd/hub/session/3846b4b6-b5d3-4e01-9cdd-3fac4a98c771/element [39m[32m200[39m [90m5668 ms - 137[39m
[35m[HTTP][39m [90m[39m
[35m[HTTP][39m [37m-->[39m [37mPOST[39m [37m/wd/hub/session/3846b4b6-b5d3-4e01-9cdd-3fac4a98c771/context[39m
[35m[HTTP][39m [90m{"name":"NATIVE_APP"}[39m
[35m[HTTP][39m [37m<-- POST /wd/hub/session/3846b4b6-b5d3-4e01-9cdd-3fac4a98c771/context [39m[32m200[39m [90m2 ms - 14[39m
[35m[HTTP][39m [90m[39m
[35m[HTTP][39m [37m-->[39m [37mPOST[39m [37m/wd/hub/session/3846b4b6-b5d3-4e01-9cdd-3fac4a98c771/timeouts[39m
[35m[HTTP][39m [90m{"implicit":50}[39m
[35m[HTTP][39m [37m<-- POST /wd/hub/session/3846b4b6-b5d3-4e01-9cdd-3fac4a98c771/timeouts [39m[32m200[39m [90m1 ms - 14[39m
[35m[HTTP][39m [90m[39m
[35m[HTTP][39m [37m-->[39m [37mGET[39m [37m/wd/hub/session/3846b4b6-b5d3-4e01-9cdd-3fac4a98c771/window/rect[39m
[35m[HTTP][39m [90m{}[39m
[35m[HTTP][39m [37m<-- GET /wd/hub/session/3846b4b6-b5d3-4e01-9cdd-3fac4a98c771/window/rect [39m[32m200[39m [90m42 ms - 50[39m
[35m[HTTP][39m [90m[39m
[35m[HTTP][39m [37m-->[39m [37mPOST[39m [37m/wd/hub/session/3846b4b6-b5d3-4e01-9cdd-3fac4a98c771/elements[39m
[35m[HTTP][39m [90m{"using":"xpath","value":"//*[@class = 'android.widget.TextView' and (@text = 'Kondisi Kendaraan' or . = 'Kondisi Kendaraan') and @resource-id = 'com.bcaf.mobilesurvey:id/showhide_kondisi']"}[39m
[35m[HTTP][39m [37m<-- POST /wd/hub/session/3846b4b6-b5d3-4e01-9cdd-3fac4a98c771/elements [39m[32m200[39m [90m765 ms - 139[39m
[35m[HTTP][39m [90m[39m
[35m[HTTP][39m [37m-->[39m [37mGET[39m [37m/wd/hub/session/3846b4b6-b5d3-4e01-9cdd-3fac4a98c771/element/00000000-0000-074e-ffff-ffff000011eb/location[39m
[35m[HTTP][39m [90m{}[39m
[35m[W3C (3846b4b6)][39m Driver proxy active, passing request on via HTTP proxy
[35m[WD Proxy][39m Replacing sessionId 6897263d-473c-453a-8ed4-b884facf2775 with 3846b4b6-b5d3-4e01-9cdd-3fac4a98c771
[35m[HTTP][39m [37m<-- GET /wd/hub/session/3846b4b6-b5d3-4e01-9cdd-3fac4a98c771/element/00000000-0000-074e-ffff-ffff000011eb/location [39m[32m200[39m [90m43 ms - 78[39m
[35m[HTTP][39m [90m[39m
[35m[HTTP][39m [37m-->[39m [37mPOST[39m [37m/wd/hub/session/3846b4b6-b5d3-4e01-9cdd-3fac4a98c771/timeouts[39m
[35m[HTTP][39m [90m{"implicit":30000}[39m
[35m[HTTP][39m [37m<-- POST /wd/hub/session/3846b4b6-b5d3-4e01-9cdd-3fac4a98c771/timeouts [39m[32m200[39m [90m3 ms - 14[39m
[35m[HTTP][39m [90m[39m
[35m[HTTP][39m [37m-->[39m [37mPOST[39m [37m/wd/hub/session/3846b4b6-b5d3-4e01-9cdd-3fac4a98c771/touch/perform[39m
[35m[HTTP][39m [90m{"actions":[{"action":"tap","options":{"x":1,"y":1,"element":"00000000-0000-074e-ffff-ffff000011eb"}},{"action":"release","options":{}}]}[39m
[35m[UiAutomator2][39m calling get location: 00000000-0000-074e-ffff-ffff000011eb
[35m[HTTP][39m [37m<-- POST /wd/hub/session/3846b4b6-b5d3-4e01-9cdd-3fac4a98c771/touch/perform [39m[32m200[39m [90m874 ms - 14[39m
[35m[HTTP][39m [90m[39m
[35m[HTTP][39m [37m-->[39m [37mGET[39m [37m/wd/hub/session/3846b4b6-b5d3-4e01-9cdd-3fac4a98c771/context[39m
[35m[HTTP][39m [90m{}[39m
[35m[HTTP][39m [37m<-- GET /wd/hub/session/3846b4b6-b5d3-4e01-9cdd-3fac4a98c771/context [39m[32m200[39m [90m2 ms - 22[39m
[35m[HTTP][39m [90m[39m
[35m[HTTP][39m [37m-->[39m [37mGET[39m [37m/wd/hub/session/3846b4b6-b5d3-4e01-9cdd-3fac4a98c771/contexts[39m
[35m[HTTP][39m [90m{}[39m
[35m[HTTP][39m [37m<-- GET /wd/hub/session/3846b4b6-b5d3-4e01-9cdd-3fac4a98c771/contexts [39m[32m200[39m [90m132 ms - 24[39m
[35m[HTTP][39m [90m[39m
[35m[HTTP][39m [37m-->[39m [37mPOST[39m [37m/wd/hub/session/3846b4b6-b5d3-4e01-9cdd-3fac4a98c771/context[39m
[35m[HTTP][39m [90m{"name":"NATIVE_APP"}[39m
[35m[HTTP][39m [37m<-- POST /wd/hub/session/3846b4b6-b5d3-4e01-9cdd-3fac4a98c771/context [39m[32m200[39m [90m3 ms - 14[39m
[35m[HTTP][39m [90m[39m
[35m[HTTP][39m [37m-->[39m [37mGET[39m [37m/wd/hub/session/3846b4b6-b5d3-4e01-9cdd-3fac4a98c771/window/rect[39m
[35m[HTTP][39m [90m{}[39m
[35m[HTTP][39m [37m<-- GET /wd/hub/session/3846b4b6-b5d3-4e01-9cdd-3fac4a98c771/window/rect [39m[32m200[39m [90m36 ms - 50[39m
[35m[HTTP][39m [90m[39m
[35m[HTTP][39m [37m-->[39m [37mPOST[39m [37m/wd/hub/session/3846b4b6-b5d3-4e01-9cdd-3fac4a98c771/execute/sync[39m
[35m[HTTP][39m [90m{"script":"mobile: viewportScreenshot","args":[]}[39m
[35m[AndroidDriver][39m Executing native command 'mobile: viewportScreenshot'
[35m[HTTP][39m [37m<-- POST /wd/hub/session/3846b4b6-b5d3-4e01-9cdd-3fac4a98c771/execute/sync [39m[32m200[39m [90m1472 ms - 381628[39m
[35m[HTTP][39m [90m[39m
[35m[HTTP][39m [37m-->[39m [37mPOST[39m [37m/wd/hub/session/3846b4b6-b5d3-4e01-9cdd-3fac4a98c771/context[39m
[35m[HTTP][39m [90m{"name":"NATIVE_APP"}[39m
[35m[HTTP][39m [37m<-- POST /wd/hub/session/3846b4b6-b5d3-4e01-9cdd-3fac4a98c771/context [39m[32m200[39m [90m2 ms - 14[39m
[35m[HTTP][39m [90m[39m
[35m[HTTP][39m [37m-->[39m [37mGET[39m [37m/wd/hub/session/3846b4b6-b5d3-4e01-9cdd-3fac4a98c771/context[39m
[35m[HTTP][39m [90m{}[39m
[35m[HTTP][39m [37m<-- GET /wd/hub/session/3846b4b6-b5d3-4e01-9cdd-3fac4a98c771/context [39m[32m200[39m [90m1 ms - 22[39m
[35m[HTTP][39m [90m[39m
[35m[HTTP][39m [37m-->[39m [37mGET[39m [37m/wd/hub/session/3846b4b6-b5d3-4e01-9cdd-3fac4a98c771/contexts[39m
[35m[HTTP][39m [90m{}[39m
[35m[HTTP][39m [37m<-- GET /wd/hub/session/3846b4b6-b5d3-4e01-9cdd-3fac4a98c771/contexts [39m[32m200[39m [90m125 ms - 24[39m
[35m[HTTP][39m [90m[39m
[35m[HTTP][39m [37m-->[39m [37mPOST[39m [37m/wd/hub/session/3846b4b6-b5d3-4e01-9cdd-3fac4a98c771/context[39m
[35m[HTTP][39m [90m{"name":"NATIVE_APP"}[39m
[35m[HTTP][39m [37m<-- POST /wd/hub/session/3846b4b6-b5d3-4e01-9cdd-3fac4a98c771/context [39m[32m200[39m [90m1 ms - 14[39m
[35m[HTTP][39m [90m[39m
[35m[HTTP][39m [37m-->[39m [37mPOST[39m [37m/wd/hub/session/3846b4b6-b5d3-4e01-9cdd-3fac4a98c771/element[39m
[35m[HTTP][39m [90m{"using":"-android uiautomator","value":"new UiScrollable(new UiSelector().scrollable(true).instance(0)).scrollIntoView(new UiSelector().textContains(\"Foto Mobil\"))"}[39m
[35m[HTTP][39m [37m<-- POST /wd/hub/session/3846b4b6-b5d3-4e01-9cdd-3fac4a98c771/element [39m[32m200[39m [90m11513 ms - 137[39m
[35m[HTTP][39m [90m[39m
[35m[HTTP][39m [37m-->[39m [37mPOST[39m [37m/wd/hub/session/3846b4b6-b5d3-4e01-9cdd-3fac4a98c771/context[39m
[35m[HTTP][39m [90m{"name":"NATIVE_APP"}[39m
[35m[HTTP][39m [37m<-- POST /wd/hub/session/3846b4b6-b5d3-4e01-9cdd-3fac4a98c771/context [39m[32m200[39m [90m3 ms - 14[39m
[35m[HTTP][39m [90m[39m
[35m[HTTP][39m [37m-->[39m [37mGET[39m [37m/wd/hub/session/3846b4b6-b5d3-4e01-9cdd-3fac4a98c771/context[39m
[35m[HTTP][39m [90m{}[39m
[35m[HTTP][39m [37m<-- GET /wd/hub/session/3846b4b6-b5d3-4e01-9cdd-3fac4a98c771/context [39m[32m200[39m [90m3 ms - 22[39m
[35m[HTTP][39m [90m[39m
[35m[HTTP][39m [37m-->[39m [37mGET[39m [37m/wd/hub/session/3846b4b6-b5d3-4e01-9cdd-3fac4a98c771/contexts[39m
[35m[HTTP][39m [90m{}[39m
[35m[HTTP][39m [37m<-- GET /wd/hub/session/3846b4b6-b5d3-4e01-9cdd-3fac4a98c771/contexts [39m[32m200[39m [90m118 ms - 24[39m
[35m[HTTP][39m [90m[39m
[35m[HTTP][39m [37m-->[39m [37mPOST[39m [37m/wd/hub/session/3846b4b6-b5d3-4e01-9cdd-3fac4a98c771/context[39m
[35m[HTTP][39m [90m{"name":"NATIVE_APP"}[39m
[35m[HTTP][39m [37m<-- POST /wd/hub/session/3846b4b6-b5d3-4e01-9cdd-3fac4a98c771/context [39m[32m200[39m [90m3 ms - 14[39m
[35m[HTTP][39m [90m[39m
[35m[HTTP][39m [37m-->[39m [37mGET[39m [37m/wd/hub/session/3846b4b6-b5d3-4e01-9cdd-3fac4a98c771/window/rect[39m
[35m[HTTP][39m [90m{}[39m
[35m[HTTP][39m [37m<-- GET /wd/hub/session/3846b4b6-b5d3-4e01-9cdd-3fac4a98c771/window/rect [39m[32m200[39m [90m40 ms - 50[39m
[35m[HTTP][39m [90m[39m
[35m[HTTP][39m [37m-->[39m [37mPOST[39m [37m/wd/hub/session/3846b4b6-b5d3-4e01-9cdd-3fac4a98c771/execute/sync[39m
[35m[HTTP][39m [90m{"script":"mobile: viewportScreenshot","args":[]}[39m
[35m[AndroidDriver][39m Executing native command 'mobile: viewportScreenshot'
[35m[HTTP][39m [37m<-- POST /wd/hub/session/3846b4b6-b5d3-4e01-9cdd-3fac4a98c771/execute/sync [39m[32m200[39m [90m1619 ms - 364708[39m
[35m[HTTP][39m [90m[39m
[35m[HTTP][39m [37m-->[39m [37mPOST[39m [37m/wd/hub/session/3846b4b6-b5d3-4e01-9cdd-3fac4a98c771/context[39m
[35m[HTTP][39m [90m{"name":"NATIVE_APP"}[39m
[35m[HTTP][39m [37m<-- POST /wd/hub/session/3846b4b6-b5d3-4e01-9cdd-3fac4a98c771/context [39m[32m200[39m [90m2 ms - 14[39m
[35m[HTTP][39m [90m[39m
[35m[HTTP][39m [37m-->[39m [37mPOST[39m [37m/wd/hub/session/3846b4b6-b5d3-4e01-9cdd-3fac4a98c771/timeouts[39m
[35m[HTTP][39m [90m{"implicit":50}[39m
[35m[HTTP][39m [37m<-- POST /wd/hub/session/3846b4b6-b5d3-4e01-9cdd-3fac4a98c771/timeouts [39m[32m200[39m [90m3 ms - 14[39m
[35m[HTTP][39m [90m[39m
[35m[HTTP][39m [37m-->[39m [37mGET[39m [37m/wd/hub/session/3846b4b6-b5d3-4e01-9cdd-3fac4a98c771/window/rect[39m
[35m[HTTP][39m [90m{}[39m
[35m[HTTP][39m [37m<-- GET /wd/hub/session/3846b4b6-b5d3-4e01-9cdd-3fac4a98c771/window/rect [39m[32m200[39m [90m34 ms - 50[39m
[35m[HTTP][39m [90m[39m
[35m[HTTP][39m [37m-->[39m [37mPOST[39m [37m/wd/hub/session/3846b4b6-b5d3-4e01-9cdd-3fac4a98c771/elements[39m
[35m[HTTP][39m [90m{"using":"xpath","value":"//*[@class = 'android.widget.TextView' and (@text = 'Foto Mobil' or . = 'Foto Mobil') and @resource-id = 'com.bcaf.mobilesurvey:id/showhide_foto']"}[39m
[35m[HTTP][39m [37m<-- POST /wd/hub/session/3846b4b6-b5d3-4e01-9cdd-3fac4a98c771/elements [39m[32m200[39m [90m985 ms - 139[39m
[35m[HTTP][39m [90m[39m
[35m[HTTP][39m [37m-->[39m [37mGET[39m [37m/wd/hub/session/3846b4b6-b5d3-4e01-9cdd-3fac4a98c771/element/00000000-0000-074e-ffff-ffff0000120b/location[39m
[35m[HTTP][39m [90m{}[39m
[35m[W3C (3846b4b6)][39m Driver proxy active, passing request on via HTTP proxy
[35m[WD Proxy][39m Replacing sessionId 6897263d-473c-453a-8ed4-b884facf2775 with 3846b4b6-b5d3-4e01-9cdd-3fac4a98c771
[35m[HTTP][39m [37m<-- GET /wd/hub/session/3846b4b6-b5d3-4e01-9cdd-3fac4a98c771/element/00000000-0000-074e-ffff-ffff0000120b/location [39m[32m200[39m [90m433 ms - 78[39m
[35m[HTTP][39m [90m[39m
[35m[HTTP][39m [37m-->[39m [37mPOST[39m [37m/wd/hub/session/3846b4b6-b5d3-4e01-9cdd-3fac4a98c771/timeouts[39m
[35m[HTTP][39m [90m{"implicit":30000}[39m
[35m[HTTP][39m [37m<-- POST /wd/hub/session/3846b4b6-b5d3-4e01-9cdd-3fac4a98c771/timeouts [39m[32m200[39m [90m3 ms - 14[39m
[35m[HTTP][39m [90m[39m
[35m[HTTP][39m [37m-->[39m [37mPOST[39m [37m/wd/hub/session/3846b4b6-b5d3-4e01-9cdd-3fac4a98c771/touch/perform[39m
[35m[HTTP][39m [90m{"actions":[{"action":"tap","options":{"x":1,"y":1,"element":"00000000-0000-074e-ffff-ffff0000120b"}},{"action":"release","options":{}}]}[39m
[35m[UiAutomator2][39m calling get location: 00000000-0000-074e-ffff-ffff0000120b
[35m[HTTP][39m [37m<-- POST /wd/hub/session/3846b4b6-b5d3-4e01-9cdd-3fac4a98c771/touch/perform [39m[32m200[39m [90m850 ms - 14[39m
[35m[HTTP][39m [90m[39m
[35m[HTTP][39m [37m-->[39m [37mGET[39m [37m/wd/hub/session/3846b4b6-b5d3-4e01-9cdd-3fac4a98c771/context[39m
[35m[HTTP][39m [90m{}[39m
[35m[HTTP][39m [37m<-- GET /wd/hub/session/3846b4b6-b5d3-4e01-9cdd-3fac4a98c771/context [39m[32m200[39m [90m2 ms - 22[39m
[35m[HTTP][39m [90m[39m
[35m[HTTP][39m [37m-->[39m [37mGET[39m [37m/wd/hub/session/3846b4b6-b5d3-4e01-9cdd-3fac4a98c771/contexts[39m
[35m[HTTP][39m [90m{}[39m
[35m[HTTP][39m [37m<-- GET /wd/hub/session/3846b4b6-b5d3-4e01-9cdd-3fac4a98c771/contexts [39m[32m200[39m [90m152 ms - 24[39m
[35m[HTTP][39m [90m[39m
[35m[HTTP][39m [37m-->[39m [37mPOST[39m [37m/wd/hub/session/3846b4b6-b5d3-4e01-9cdd-3fac4a98c771/context[39m
[35m[HTTP][39m [90m{"name":"NATIVE_APP"}[39m
[35m[HTTP][39m [37m<-- POST /wd/hub/session/3846b4b6-b5d3-4e01-9cdd-3fac4a98c771/context [39m[32m200[39m [90m2 ms - 14[39m
[35m[HTTP][39m [90m[39m
[35m[HTTP][39m [37m-->[39m [37mPOST[39m [37m/wd/hub/session/3846b4b6-b5d3-4e01-9cdd-3fac4a98c771/element[39m
[35m[HTTP][39m [90m{"using":"-android uiautomator","value":"new UiScrollable(new UiSelector().scrollable(true).instance(0)).scrollIntoView(new UiSelector().textContains(\"Kiri Depan\"))"}[39m
[35m[HTTP][39m [37m<-- POST /wd/hub/session/3846b4b6-b5d3-4e01-9cdd-3fac4a98c771/element [39m[32m200[39m [90m14641 ms - 137[39m
[35m[HTTP][39m [90m[39m
[35m[HTTP][39m [37m-->[39m [37mPOST[39m [37m/wd/hub/session/3846b4b6-b5d3-4e01-9cdd-3fac4a98c771/context[39m
[35m[HTTP][39m [90m{"name":"NATIVE_APP"}[39m
[35m[HTTP][39m [37m<-- POST /wd/hub/session/3846b4b6-b5d3-4e01-9cdd-3fac4a98c771/context [39m[32m200[39m [90m2 ms - 14[39m
[35m[HTTP][39m [90m[39m
[35m[HTTP][39m [37m-->[39m [37mGET[39m [37m/wd/hub/session/3846b4b6-b5d3-4e01-9cdd-3fac4a98c771/context[39m
[35m[HTTP][39m [90m{}[39m
[35m[HTTP][39m [37m<-- GET /wd/hub/session/3846b4b6-b5d3-4e01-9cdd-3fac4a98c771/context [39m[32m200[39m [90m3 ms - 22[39m
[35m[HTTP][39m [90m[39m
[35m[HTTP][39m [37m-->[39m [37mGET[39m [37m/wd/hub/session/3846b4b6-b5d3-4e01-9cdd-3fac4a98c771/contexts[39m
[35m[HTTP][39m [90m{}[39m
[35m[HTTP][39m [37m<-- GET /wd/hub/session/3846b4b6-b5d3-4e01-9cdd-3fac4a98c771/contexts [39m[32m200[39m [90m163 ms - 24[39m
[35m[HTTP][39m [90m[39m
[35m[HTTP][39m [37m-->[39m [37mPOST[39m [37m/wd/hub/session/3846b4b6-b5d3-4e01-9cdd-3fac4a98c771/context[39m
[35m[HTTP][39m [90m{"name":"NATIVE_APP"}[39m
[35m[HTTP][39m [37m<-- POST /wd/hub/session/3846b4b6-b5d3-4e01-9cdd-3fac4a98c771/context [39m[32m200[39m [90m2 ms - 14[39m
[35m[HTTP][39m [90m[39m
[35m[HTTP][39m [37m-->[39m [37mGET[39m [37m/wd/hub/session/3846b4b6-b5d3-4e01-9cdd-3fac4a98c771/window/rect[39m
[35m[HTTP][39m [90m{}[39m
[35m[HTTP][39m [37m<-- GET /wd/hub/session/3846b4b6-b5d3-4e01-9cdd-3fac4a98c771/window/rect [39m[32m200[39m [90m32 ms - 50[39m
[35m[HTTP][39m [90m[39m
[35m[HTTP][39m [37m-->[39m [37mPOST[39m [37m/wd/hub/session/3846b4b6-b5d3-4e01-9cdd-3fac4a98c771/execute/sync[39m
[35m[HTTP][39m [90m{"script":"mobile: viewportScreenshot","args":[]}[39m
[35m[AndroidDriver][39m Executing native command 'mobile: viewportScreenshot'
[35m[HTTP][39m [37m<-- POST /wd/hub/session/3846b4b6-b5d3-4e01-9cdd-3fac4a98c771/execute/sync [39m[32m200[39m [90m2891 ms - 2033416[39m
[35m[HTTP][39m [90m[39m
[35m[HTTP][39m [37m-->[39m [37mPOST[39m [37m/wd/hub/session/3846b4b6-b5d3-4e01-9cdd-3fac4a98c771/context[39m
[35m[HTTP][39m [90m{"name":"NATIVE_APP"}[39m
[35m[HTTP][39m [37m<-- POST /wd/hub/session/3846b4b6-b5d3-4e01-9cdd-3fac4a98c771/context [39m[32m200[39m [90m1 ms - 14[39m
[35m[HTTP][39m [90m[39m
[35m[HTTP][39m [37m-->[39m [37mDELETE[39m [37m/wd/hub/session/3846b4b6-b5d3-4e01-9cdd-3fac4a98c771[39m
[35m[HTTP][39m [90m{}[39m
[35m[Appium][39m Removing session 3846b4b6-b5d3-4e01-9cdd-3fac4a98c771 from our master session list
[35m[UiAutomator2][39m Restoring hidden api policy to the device default configuration
[35m[HTTP][39m [37m<-- DELETE /wd/hub/session/3846b4b6-b5d3-4e01-9cdd-3fac4a98c771 [39m[32m200[39m [90m546 ms - 14[39m
[35m[HTTP][39m [90m[39m
