[35m[Appium][39m Welcome to Appium v1.22.2
[35m[Appium][39m Non-default server args:
[35m[Appium][39m   port: 61352
[35m[Appium][39m   loglevel: info
[35m[Appium][39m   tmpDir: C:\Users\NIAYUS~1\AppData\Local\Temp\\Katalon\Appium\Temp1645424967796
[35m[Appium][39m   chromedriverPort: 61354
[35m[Appium][39m Deprecated server args:
[35m[Appium][39m   [31m--chromedriver-port[39m => --default-capabilities
[35m[Appium][39m Default capabilities, which will be added to each request unless overridden by desired capabilities:
[35m[Appium][39m   chromedriverPort: 61354
[35m[Appium][39m Appium REST http interface listener started on 0.0.0.0:61352
[35m[HTTP][39m [37m-->[39m [37mGET[39m [37m/wd/hub/status[39m
[35m[HTTP][39m [90m{}[39m
[35m[HTTP][39m [37m<-- GET /wd/hub/status [39m[32m200[39m [90m19 ms - 68[39m
[35m[HTTP][39m [90m[39m
[35m[HTTP][39m [37m-->[39m [37mPOST[39m [37m/wd/hub/session[39m
[35m[HTTP][39m [90m{"desiredCapabilities":{"appActivity":".Settings","appPackage":"com.android.settings","newCommandTimeout":1800,"platformVersion":"11","automationName":"uiautomator2","autoGrantPermissions":true,"platformName":"Android","udid":"RR8N605F11Y","deviceName":"samsung SM-M315F (Android 11)","platform":"ANDROID","systemPort":8228},"capabilities":{"firstMatch":[{"appium:appActivity":".Settings","appium:appPackage":"com.android.settings","appium:autoGrantPermissions":true,"appium:automationName":"uiautomator2","appium:deviceName":"samsung SM-M315F (Android 11)","appium:newCommandTimeout":1800,"platform":"ANDROID","platformName":"android","appium:platformVersion":"11","appium:systemPort":8228,"appium:udid":"RR8N605F11Y"}]}}[39m
[35m[BaseDriver][39m The following capabilities are not standard capabilities and should have an extension prefix:
[35m[BaseDriver][39m   platform
[35m[BaseDriver][39m   chromedriverPort
[35m[Appium][39m Appium v1.22.2 creating new AndroidUiautomator2Driver (v1.70.1) session
[35m[BaseDriver][39m The following capabilities were provided, but are not recognized by Appium:
[35m[BaseDriver][39m   platform
[35m[BaseDriver][39m Session created with session id: 51ed7566-4d01-4b04-83c1-f3f77c952695
[35m[UiAutomator2][39m Starting 'com.android.settings' directly on the device
[35m[ADB][39m Cannot sort build-tools folders ["29.0.3","android-8.1.0"] by semantic version names.
[35m[ADB][39m Falling back to sorting by modification date. Original error: Invalid Version: android-8.1.0
[35m[ADB][39m Found 2 'build-tools' folders under 'C:\Users\Nia Yusniati\.katalon\tools\android_sdk' (newest first):
[35m[ADB][39m     C:/Users/Nia Yusniati/.katalon/tools/android_sdk/build-tools/29.0.3
[35m[ADB][39m     C:/Users/Nia Yusniati/.katalon/tools/android_sdk/build-tools/android-8.1.0
[35m[ADB][39m Using 'adb.exe' from 'C:\Users\Nia Yusniati\.katalon\tools\android_sdk\platform-tools\adb.exe'
[35m[AndroidDriver][39m Retrieving device list
[35m[AndroidDriver][39m Using device: RR8N605F11Y
[35m[ADB][39m Using 'adb.exe' from 'C:\Users\Nia Yusniati\.katalon\tools\android_sdk\platform-tools\adb.exe'
[35m[ADB][39m Getting device platform version
[35m[UiAutomator2][39m Relaxing hidden api policy
[35m[AndroidDriver][39m No app sent in, not parsing package/activity
[35m[ADB][39m Using 'apksigner.jar' from 'C:\Users\Nia Yusniati\.katalon\tools\android_sdk\build-tools\29.0.3\lib\apksigner.jar'
[35m[ADB][39m 'C:\Users\Nia Yusniati\AppData\Roaming\npm\node_modules\appium\node_modules\appium-uiautomator2-server\apks\appium-uiautomator2-server-v4.27.0.apk' is signed with the default certificate
[35m[ADB][39m 'C:\Users\Nia Yusniati\AppData\Roaming\npm\node_modules\appium\node_modules\appium-uiautomator2-server\apks\appium-uiautomator2-server-debug-androidTest.apk' is signed with the default certificate
[35m[UiAutomator2][39m Server packages are not going to be (re)installed
[35m[ADB][39m Adding packages ["io.appium.settings","io.appium.uiautomator2.server","io.appium.uiautomator2.server.test"] to Doze whitelist
[35m[UiAutomator2][39m Starting UIAutomator2 server 4.27.0
[35m[UiAutomator2][39m Using UIAutomator2 server from 'C:\Users\Nia Yusniati\AppData\Roaming\npm\node_modules\appium\node_modules\appium-uiautomator2-server\apks\appium-uiautomator2-server-v4.27.0.apk' and test from 'C:\Users\Nia Yusniati\AppData\Roaming\npm\node_modules\appium\node_modules\appium-uiautomator2-server\apks\appium-uiautomator2-server-debug-androidTest.apk'
[35m[UiAutomator2][39m Waiting up to 30000ms for UiAutomator2 to be online...
[35m[WD Proxy][39m socket hang up
[35m[WD Proxy][39m socket hang up
[35m[WD Proxy][39m socket hang up
[35m[WD Proxy][39m Determined the downstream protocol as 'W3C'
[35m[AndroidDriver][39m Screen already unlocked, doing nothing
[35m[UiAutomator2][39m Starting 'com.android.settings/.Settings and waiting for 'com.android.settings/.Settings'
[35m[Appium][39m New AndroidUiautomator2Driver session created successfully, session 51ed7566-4d01-4b04-83c1-f3f77c952695 added to master session list
[35m[HTTP][39m [37m<-- POST /wd/hub/session [39m[32m200[39m [90m11677 ms - 1158[39m
[35m[HTTP][39m [90m[39m
[35m[HTTP][39m [37m-->[39m [37mGET[39m [37m/wd/hub/session/51ed7566-4d01-4b04-83c1-f3f77c952695[39m
[35m[HTTP][39m [90m{}[39m
[35m[HTTP][39m [37m<-- GET /wd/hub/session/51ed7566-4d01-4b04-83c1-f3f77c952695 [39m[32m200[39m [90m11 ms - 1112[39m
[35m[HTTP][39m [90m[39m
[35m[HTTP][39m [37m-->[39m [37mGET[39m [37m/wd/hub/session/51ed7566-4d01-4b04-83c1-f3f77c952695[39m
[35m[HTTP][39m [90m{}[39m
[35m[HTTP][39m [37m<-- GET /wd/hub/session/51ed7566-4d01-4b04-83c1-f3f77c952695 [39m[32m200[39m [90m12 ms - 1112[39m
[35m[HTTP][39m [90m[39m
[35m[HTTP][39m [37m-->[39m [37mGET[39m [37m/wd/hub/status[39m
[35m[HTTP][39m [90m{}[39m
[35m[HTTP][39m [37m<-- GET /wd/hub/status [39m[32m200[39m [90m1 ms - 68[39m
[35m[HTTP][39m [90m[39m
[35m[HTTP][39m [37m-->[39m [37mPOST[39m [37m/wd/hub/session/51ed7566-4d01-4b04-83c1-f3f77c952695/timeouts[39m
[35m[HTTP][39m [90m{"implicit":30000}[39m
[35m[HTTP][39m [37m<-- POST /wd/hub/session/51ed7566-4d01-4b04-83c1-f3f77c952695/timeouts [39m[32m200[39m [90m5 ms - 14[39m
[35m[HTTP][39m [90m[39m
[35m[HTTP][39m [37m-->[39m [37mGET[39m [37m/wd/hub/session/51ed7566-4d01-4b04-83c1-f3f77c952695/screenshot[39m
[35m[HTTP][39m [90m{}[39m
[35m[HTTP][39m [37m<-- GET /wd/hub/session/51ed7566-4d01-4b04-83c1-f3f77c952695/screenshot [39m[32m200[39m [90m577 ms - 185362[39m
[35m[HTTP][39m [90m[39m
[35m[HTTP][39m [37m-->[39m [37mGET[39m [37m/wd/hub/session/51ed7566-4d01-4b04-83c1-f3f77c952695/window/rect[39m
[35m[HTTP][39m [90m{}[39m
[35m[HTTP][39m [37m<-- GET /wd/hub/session/51ed7566-4d01-4b04-83c1-f3f77c952695/window/rect [39m[32m200[39m [90m31 ms - 50[39m
[35m[HTTP][39m [90m[39m
[35m[HTTP][39m [37m-->[39m [37mGET[39m [37m/wd/hub/session/51ed7566-4d01-4b04-83c1-f3f77c952695/appium/device/system_bars[39m
[35m[HTTP][39m [90m{}[39m
[35m[HTTP][39m [37m<-- GET /wd/hub/session/51ed7566-4d01-4b04-83c1-f3f77c952695/appium/device/system_bars [39m[32m200[39m [90m148 ms - 148[39m
[35m[HTTP][39m [90m[39m
[35m[HTTP][39m [37m-->[39m [37mPOST[39m [37m/wd/hub/session/51ed7566-4d01-4b04-83c1-f3f77c952695/appium/device/activate_app[39m
[35m[HTTP][39m [90m{"bundleId":"com.bcaf.mobilesurvey"}[39m
[35m[HTTP][39m [37m<-- POST /wd/hub/session/51ed7566-4d01-4b04-83c1-f3f77c952695/appium/device/activate_app [39m[32m200[39m [90m577 ms - 14[39m
[35m[HTTP][39m [90m[39m
[35m[HTTP][39m [37m-->[39m [37mPOST[39m [37m/wd/hub/session/51ed7566-4d01-4b04-83c1-f3f77c952695/timeouts[39m
[35m[HTTP][39m [90m{"implicit":50}[39m
[35m[HTTP][39m [37m<-- POST /wd/hub/session/51ed7566-4d01-4b04-83c1-f3f77c952695/timeouts [39m[32m200[39m [90m3 ms - 14[39m
[35m[HTTP][39m [90m[39m
[35m[HTTP][39m [37m-->[39m [37mGET[39m [37m/wd/hub/session/51ed7566-4d01-4b04-83c1-f3f77c952695/window/rect[39m
[35m[HTTP][39m [90m{}[39m
[35m[HTTP][39m [37m<-- GET /wd/hub/session/51ed7566-4d01-4b04-83c1-f3f77c952695/window/rect [39m[32m200[39m [90m24 ms - 50[39m
[35m[HTTP][39m [90m[39m
[35m[HTTP][39m [37m-->[39m [37mPOST[39m [37m/wd/hub/session/51ed7566-4d01-4b04-83c1-f3f77c952695/elements[39m
[35m[HTTP][39m [90m{"using":"xpath","value":"//*[@class = 'android.widget.EditText' and (@text = 'NIP' or . = 'NIP') and @resource-id = 'com.bcaf.mobilesurvey:id/nip']"}[39m
[35m[HTTP][39m [37m<-- POST /wd/hub/session/51ed7566-4d01-4b04-83c1-f3f77c952695/elements [39m[32m200[39m [90m460 ms - 139[39m
[35m[HTTP][39m [90m[39m
[35m[HTTP][39m [37m-->[39m [37mGET[39m [37m/wd/hub/session/51ed7566-4d01-4b04-83c1-f3f77c952695/element/00000000-0000-0782-ffff-ffff000016ae/location[39m
[35m[HTTP][39m [90m{}[39m
[35m[W3C (51ed7566)][39m Driver proxy active, passing request on via HTTP proxy
[35m[WD Proxy][39m Replacing sessionId 60dcbcd1-91b3-46ea-b1c9-7504b74021d5 with 51ed7566-4d01-4b04-83c1-f3f77c952695
[35m[HTTP][39m [37m<-- GET /wd/hub/session/51ed7566-4d01-4b04-83c1-f3f77c952695/element/00000000-0000-0782-ffff-ffff000016ae/location [39m[32m200[39m [90m30 ms - 78[39m
[35m[HTTP][39m [90m[39m
[35m[HTTP][39m [37m-->[39m [37mPOST[39m [37m/wd/hub/session/51ed7566-4d01-4b04-83c1-f3f77c952695/timeouts[39m
[35m[HTTP][39m [90m{"implicit":30000}[39m
[35m[HTTP][39m [37m<-- POST /wd/hub/session/51ed7566-4d01-4b04-83c1-f3f77c952695/timeouts [39m[32m200[39m [90m1 ms - 14[39m
[35m[HTTP][39m [90m[39m
[35m[HTTP][39m [37m-->[39m [37mPOST[39m [37m/wd/hub/session/51ed7566-4d01-4b04-83c1-f3f77c952695/element/00000000-0000-0782-ffff-ffff000016ae/clear[39m
[35m[HTTP][39m [90m{"id":"00000000-0000-0782-ffff-ffff000016ae"}[39m
[35m[HTTP][39m [37m<-- POST /wd/hub/session/51ed7566-4d01-4b04-83c1-f3f77c952695/element/00000000-0000-0782-ffff-ffff000016ae/clear [39m[32m200[39m [90m39 ms - 14[39m
[35m[HTTP][39m [90m[39m
[35m[HTTP][39m [37m-->[39m [37mPOST[39m [37m/wd/hub/session/51ed7566-4d01-4b04-83c1-f3f77c952695/element/00000000-0000-0782-ffff-ffff000016ae/value[39m
[35m[HTTP][39m [90m{"id":"00000000-0000-0782-ffff-ffff000016ae","text":"20211001","value":["2","0","2","1","1","0","0","1"]}[39m
[35m[HTTP][39m [37m<-- POST /wd/hub/session/51ed7566-4d01-4b04-83c1-f3f77c952695/element/00000000-0000-0782-ffff-ffff000016ae/value [39m[32m200[39m [90m1030 ms - 14[39m
[35m[HTTP][39m [90m[39m
[35m[HTTP][39m [37m-->[39m [37mPOST[39m [37m/wd/hub/session/51ed7566-4d01-4b04-83c1-f3f77c952695/timeouts[39m
[35m[HTTP][39m [90m{"implicit":50}[39m
[35m[HTTP][39m [37m<-- POST /wd/hub/session/51ed7566-4d01-4b04-83c1-f3f77c952695/timeouts [39m[32m200[39m [90m1 ms - 14[39m
[35m[HTTP][39m [90m[39m
[35m[HTTP][39m [37m-->[39m [37mGET[39m [37m/wd/hub/session/51ed7566-4d01-4b04-83c1-f3f77c952695/window/rect[39m
[35m[HTTP][39m [90m{}[39m
[35m[HTTP][39m [37m<-- GET /wd/hub/session/51ed7566-4d01-4b04-83c1-f3f77c952695/window/rect [39m[32m200[39m [90m30 ms - 50[39m
[35m[HTTP][39m [90m[39m
[35m[HTTP][39m [37m-->[39m [37mPOST[39m [37m/wd/hub/session/51ed7566-4d01-4b04-83c1-f3f77c952695/elements[39m
[35m[HTTP][39m [90m{"using":"xpath","value":"//*[@class = 'android.widget.EditText' and (@text = 'Password' or . = 'Password') and @resource-id = 'com.bcaf.mobilesurvey:id/password']"}[39m
[35m[HTTP][39m [37m<-- POST /wd/hub/session/51ed7566-4d01-4b04-83c1-f3f77c952695/elements [39m[32m200[39m [90m556 ms - 139[39m
[35m[HTTP][39m [90m[39m
[35m[HTTP][39m [37m-->[39m [37mGET[39m [37m/wd/hub/session/51ed7566-4d01-4b04-83c1-f3f77c952695/element/00000000-0000-0782-ffff-ffff000016ba/location[39m
[35m[HTTP][39m [90m{}[39m
[35m[W3C (51ed7566)][39m Driver proxy active, passing request on via HTTP proxy
[35m[WD Proxy][39m Replacing sessionId 60dcbcd1-91b3-46ea-b1c9-7504b74021d5 with 51ed7566-4d01-4b04-83c1-f3f77c952695
[35m[HTTP][39m [37m<-- GET /wd/hub/session/51ed7566-4d01-4b04-83c1-f3f77c952695/element/00000000-0000-0782-ffff-ffff000016ba/location [39m[32m200[39m [90m43 ms - 78[39m
[35m[HTTP][39m [90m[39m
[35m[HTTP][39m [37m-->[39m [37mPOST[39m [37m/wd/hub/session/51ed7566-4d01-4b04-83c1-f3f77c952695/timeouts[39m
[35m[HTTP][39m [90m{"implicit":30000}[39m
[35m[HTTP][39m [37m<-- POST /wd/hub/session/51ed7566-4d01-4b04-83c1-f3f77c952695/timeouts [39m[32m200[39m [90m2 ms - 14[39m
[35m[HTTP][39m [90m[39m
[35m[HTTP][39m [37m-->[39m [37mPOST[39m [37m/wd/hub/session/51ed7566-4d01-4b04-83c1-f3f77c952695/element/00000000-0000-0782-ffff-ffff000016ba/clear[39m
[35m[HTTP][39m [90m{"id":"00000000-0000-0782-ffff-ffff000016ba"}[39m
[35m[HTTP][39m [37m<-- POST /wd/hub/session/51ed7566-4d01-4b04-83c1-f3f77c952695/element/00000000-0000-0782-ffff-ffff000016ba/clear [39m[32m200[39m [90m84 ms - 14[39m
[35m[HTTP][39m [90m[39m
[35m[HTTP][39m [37m-->[39m [37mPOST[39m [37m/wd/hub/session/51ed7566-4d01-4b04-83c1-f3f77c952695/element/00000000-0000-0782-ffff-ffff000016ba/value[39m
[35m[HTTP][39m [90m{"id":"00000000-0000-0782-ffff-ffff000016ba","text":"mobile123+","value":["m","o","b","i","l","e","1","2","3","+"]}[39m
[35m[HTTP][39m [37m<-- POST /wd/hub/session/51ed7566-4d01-4b04-83c1-f3f77c952695/element/00000000-0000-0782-ffff-ffff000016ba/value [39m[32m200[39m [90m649 ms - 14[39m
[35m[HTTP][39m [90m[39m
[35m[HTTP][39m [37m-->[39m [37mPOST[39m [37m/wd/hub/session/51ed7566-4d01-4b04-83c1-f3f77c952695/timeouts[39m
[35m[HTTP][39m [90m{"implicit":50}[39m
[35m[HTTP][39m [37m<-- POST /wd/hub/session/51ed7566-4d01-4b04-83c1-f3f77c952695/timeouts [39m[32m200[39m [90m2 ms - 14[39m
[35m[HTTP][39m [90m[39m
[35m[HTTP][39m [37m-->[39m [37mGET[39m [37m/wd/hub/session/51ed7566-4d01-4b04-83c1-f3f77c952695/window/rect[39m
[35m[HTTP][39m [90m{}[39m
[35m[HTTP][39m [37m<-- GET /wd/hub/session/51ed7566-4d01-4b04-83c1-f3f77c952695/window/rect [39m[32m200[39m [90m35 ms - 50[39m
[35m[HTTP][39m [90m[39m
[35m[HTTP][39m [37m-->[39m [37mPOST[39m [37m/wd/hub/session/51ed7566-4d01-4b04-83c1-f3f77c952695/elements[39m
[35m[HTTP][39m [90m{"using":"xpath","value":"//*[@class = 'android.widget.CheckBox' and (@text = 'Remember Me' or . = 'Remember Me') and @resource-id = 'com.bcaf.mobilesurvey:id/rememberMe']"}[39m
[35m[HTTP][39m [37m<-- POST /wd/hub/session/51ed7566-4d01-4b04-83c1-f3f77c952695/elements [39m[32m200[39m [90m610 ms - 139[39m
[35m[HTTP][39m [90m[39m
[35m[HTTP][39m [37m-->[39m [37mGET[39m [37m/wd/hub/session/51ed7566-4d01-4b04-83c1-f3f77c952695/element/00000000-0000-0782-ffff-ffff000016c3/location[39m
[35m[HTTP][39m [90m{}[39m
[35m[W3C (51ed7566)][39m Driver proxy active, passing request on via HTTP proxy
[35m[WD Proxy][39m Replacing sessionId 60dcbcd1-91b3-46ea-b1c9-7504b74021d5 with 51ed7566-4d01-4b04-83c1-f3f77c952695
[35m[HTTP][39m [37m<-- GET /wd/hub/session/51ed7566-4d01-4b04-83c1-f3f77c952695/element/00000000-0000-0782-ffff-ffff000016c3/location [39m[32m200[39m [90m43 ms - 78[39m
[35m[HTTP][39m [90m[39m
[35m[HTTP][39m [37m-->[39m [37mPOST[39m [37m/wd/hub/session/51ed7566-4d01-4b04-83c1-f3f77c952695/timeouts[39m
[35m[HTTP][39m [90m{"implicit":30000}[39m
[35m[HTTP][39m [37m<-- POST /wd/hub/session/51ed7566-4d01-4b04-83c1-f3f77c952695/timeouts [39m[32m200[39m [90m2 ms - 14[39m
[35m[HTTP][39m [90m[39m
[35m[HTTP][39m [37m-->[39m [37mPOST[39m [37m/wd/hub/session/51ed7566-4d01-4b04-83c1-f3f77c952695/touch/perform[39m
[35m[HTTP][39m [90m{"actions":[{"action":"tap","options":{"x":1,"y":1,"element":"00000000-0000-0782-ffff-ffff000016c3"}},{"action":"release","options":{}}]}[39m
[35m[UiAutomator2][39m calling get location: 00000000-0000-0782-ffff-ffff000016c3
[35m[HTTP][39m [37m<-- POST /wd/hub/session/51ed7566-4d01-4b04-83c1-f3f77c952695/touch/perform [39m[32m200[39m [90m325 ms - 14[39m
[35m[HTTP][39m [90m[39m
[35m[HTTP][39m [37m-->[39m [37mGET[39m [37m/wd/hub/session/51ed7566-4d01-4b04-83c1-f3f77c952695/context[39m
[35m[HTTP][39m [90m{}[39m
[35m[HTTP][39m [37m<-- GET /wd/hub/session/51ed7566-4d01-4b04-83c1-f3f77c952695/context [39m[32m200[39m [90m2 ms - 22[39m
[35m[HTTP][39m [90m[39m
[35m[HTTP][39m [37m-->[39m [37mGET[39m [37m/wd/hub/session/51ed7566-4d01-4b04-83c1-f3f77c952695/contexts[39m
[35m[HTTP][39m [90m{}[39m
[35m[HTTP][39m [37m<-- GET /wd/hub/session/51ed7566-4d01-4b04-83c1-f3f77c952695/contexts [39m[32m200[39m [90m98 ms - 24[39m
[35m[HTTP][39m [90m[39m
[35m[HTTP][39m [37m-->[39m [37mPOST[39m [37m/wd/hub/session/51ed7566-4d01-4b04-83c1-f3f77c952695/context[39m
[35m[HTTP][39m [90m{"name":"NATIVE_APP"}[39m
[35m[HTTP][39m [37m<-- POST /wd/hub/session/51ed7566-4d01-4b04-83c1-f3f77c952695/context [39m[32m200[39m [90m2 ms - 14[39m
[35m[HTTP][39m [90m[39m
[35m[HTTP][39m [37m-->[39m [37mPOST[39m [37m/wd/hub/session/51ed7566-4d01-4b04-83c1-f3f77c952695/appium/device/hide_keyboard[39m
[35m[HTTP][39m [90m{}[39m
[35m[HTTP][39m [37m<-- POST /wd/hub/session/51ed7566-4d01-4b04-83c1-f3f77c952695/appium/device/hide_keyboard [39m[32m200[39m [90m3114 ms - 14[39m
[35m[HTTP][39m [90m[39m
[35m[HTTP][39m [37m-->[39m [37mPOST[39m [37m/wd/hub/session/51ed7566-4d01-4b04-83c1-f3f77c952695/context[39m
[35m[HTTP][39m [90m{"name":"NATIVE_APP"}[39m
[35m[HTTP][39m [37m<-- POST /wd/hub/session/51ed7566-4d01-4b04-83c1-f3f77c952695/context [39m[32m200[39m [90m4 ms - 14[39m
[35m[HTTP][39m [90m[39m
[35m[HTTP][39m [37m-->[39m [37mGET[39m [37m/wd/hub/session/51ed7566-4d01-4b04-83c1-f3f77c952695/context[39m
[35m[HTTP][39m [90m{}[39m
[35m[HTTP][39m [37m<-- GET /wd/hub/session/51ed7566-4d01-4b04-83c1-f3f77c952695/context [39m[32m200[39m [90m4 ms - 22[39m
[35m[HTTP][39m [90m[39m
[35m[HTTP][39m [37m-->[39m [37mGET[39m [37m/wd/hub/session/51ed7566-4d01-4b04-83c1-f3f77c952695/contexts[39m
[35m[HTTP][39m [90m{}[39m
[35m[HTTP][39m [37m<-- GET /wd/hub/session/51ed7566-4d01-4b04-83c1-f3f77c952695/contexts [39m[32m200[39m [90m127 ms - 24[39m
[35m[HTTP][39m [90m[39m
[35m[HTTP][39m [37m-->[39m [37mPOST[39m [37m/wd/hub/session/51ed7566-4d01-4b04-83c1-f3f77c952695/context[39m
[35m[HTTP][39m [90m{"name":"NATIVE_APP"}[39m
[35m[HTTP][39m [37m<-- POST /wd/hub/session/51ed7566-4d01-4b04-83c1-f3f77c952695/context [39m[32m200[39m [90m2 ms - 14[39m
[35m[HTTP][39m [90m[39m
[35m[HTTP][39m [37m-->[39m [37mGET[39m [37m/wd/hub/session/51ed7566-4d01-4b04-83c1-f3f77c952695/window/rect[39m
[35m[HTTP][39m [90m{}[39m
[35m[HTTP][39m [37m<-- GET /wd/hub/session/51ed7566-4d01-4b04-83c1-f3f77c952695/window/rect [39m[32m200[39m [90m48 ms - 50[39m
[35m[HTTP][39m [90m[39m
[35m[HTTP][39m [37m-->[39m [37mPOST[39m [37m/wd/hub/session/51ed7566-4d01-4b04-83c1-f3f77c952695/execute/sync[39m
[35m[HTTP][39m [90m{"script":"mobile: viewportScreenshot","args":[]}[39m
[35m[AndroidDriver][39m Executing native command 'mobile: viewportScreenshot'
[35m[HTTP][39m [37m<-- POST /wd/hub/session/51ed7566-4d01-4b04-83c1-f3f77c952695/execute/sync [39m[32m200[39m [90m1459 ms - 113228[39m
[35m[HTTP][39m [90m[39m
[35m[HTTP][39m [37m-->[39m [37mPOST[39m [37m/wd/hub/session/51ed7566-4d01-4b04-83c1-f3f77c952695/context[39m
[35m[HTTP][39m [90m{"name":"NATIVE_APP"}[39m
[35m[HTTP][39m [37m<-- POST /wd/hub/session/51ed7566-4d01-4b04-83c1-f3f77c952695/context [39m[32m200[39m [90m1 ms - 14[39m
[35m[HTTP][39m [90m[39m
[35m[HTTP][39m [37m-->[39m [37mPOST[39m [37m/wd/hub/session/51ed7566-4d01-4b04-83c1-f3f77c952695/timeouts[39m
[35m[HTTP][39m [90m{"implicit":50}[39m
[35m[HTTP][39m [37m<-- POST /wd/hub/session/51ed7566-4d01-4b04-83c1-f3f77c952695/timeouts [39m[32m200[39m [90m2 ms - 14[39m
[35m[HTTP][39m [90m[39m
[35m[HTTP][39m [37m-->[39m [37mGET[39m [37m/wd/hub/session/51ed7566-4d01-4b04-83c1-f3f77c952695/window/rect[39m
[35m[HTTP][39m [90m{}[39m
[35m[HTTP][39m [37m<-- GET /wd/hub/session/51ed7566-4d01-4b04-83c1-f3f77c952695/window/rect [39m[32m200[39m [90m25 ms - 50[39m
[35m[HTTP][39m [90m[39m
[35m[HTTP][39m [37m-->[39m [37mPOST[39m [37m/wd/hub/session/51ed7566-4d01-4b04-83c1-f3f77c952695/elements[39m
[35m[HTTP][39m [90m{"using":"xpath","value":"//*[@class = 'android.widget.Button' and (@text = 'LOGIN' or . = 'LOGIN') and @resource-id = 'com.bcaf.mobilesurvey:id/login']"}[39m
[35m[HTTP][39m [37m<-- POST /wd/hub/session/51ed7566-4d01-4b04-83c1-f3f77c952695/elements [39m[32m200[39m [90m323 ms - 139[39m
[35m[HTTP][39m [90m[39m
[35m[HTTP][39m [37m-->[39m [37mGET[39m [37m/wd/hub/session/51ed7566-4d01-4b04-83c1-f3f77c952695/element/00000000-0000-0782-ffff-ffff000016c4/location[39m
[35m[HTTP][39m [90m{}[39m
[35m[W3C (51ed7566)][39m Driver proxy active, passing request on via HTTP proxy
[35m[WD Proxy][39m Replacing sessionId 60dcbcd1-91b3-46ea-b1c9-7504b74021d5 with 51ed7566-4d01-4b04-83c1-f3f77c952695
[35m[HTTP][39m [37m<-- GET /wd/hub/session/51ed7566-4d01-4b04-83c1-f3f77c952695/element/00000000-0000-0782-ffff-ffff000016c4/location [39m[32m200[39m [90m41 ms - 79[39m
[35m[HTTP][39m [90m[39m
[35m[HTTP][39m [37m-->[39m [37mPOST[39m [37m/wd/hub/session/51ed7566-4d01-4b04-83c1-f3f77c952695/timeouts[39m
[35m[HTTP][39m [90m{"implicit":30000}[39m
[35m[HTTP][39m [37m<-- POST /wd/hub/session/51ed7566-4d01-4b04-83c1-f3f77c952695/timeouts [39m[32m200[39m [90m1 ms - 14[39m
[35m[HTTP][39m [90m[39m
[35m[HTTP][39m [37m-->[39m [37mPOST[39m [37m/wd/hub/session/51ed7566-4d01-4b04-83c1-f3f77c952695/touch/perform[39m
[35m[HTTP][39m [90m{"actions":[{"action":"tap","options":{"x":1,"y":1,"element":"00000000-0000-0782-ffff-ffff000016c4"}},{"action":"release","options":{}}]}[39m
[35m[UiAutomator2][39m calling get location: 00000000-0000-0782-ffff-ffff000016c4
[35m[HTTP][39m [37m<-- POST /wd/hub/session/51ed7566-4d01-4b04-83c1-f3f77c952695/touch/perform [39m[32m200[39m [90m312 ms - 14[39m
[35m[HTTP][39m [90m[39m
[35m[HTTP][39m [37m-->[39m [37mGET[39m [37m/wd/hub/status[39m
[35m[HTTP][39m [90m{}[39m
[35m[HTTP][39m [37m<-- GET /wd/hub/status [39m[32m200[39m [90m1 ms - 68[39m
[35m[HTTP][39m [90m[39m
[35m[HTTP][39m [37m-->[39m [37mPOST[39m [37m/wd/hub/session[39m
[35m[HTTP][39m [90m{"desiredCapabilities":{"appActivity":".Settings","appPackage":"com.android.settings","newCommandTimeout":1800,"platformVersion":"11","automationName":"uiautomator2","autoGrantPermissions":true,"platformName":"Android","udid":"RR8N605F11Y","deviceName":"samsung SM-M315F (Android 11)","platform":"ANDROID","systemPort":8284},"capabilities":{"firstMatch":[{"appium:appActivity":".Settings","appium:appPackage":"com.android.settings","appium:autoGrantPermissions":true,"appium:automationName":"uiautomator2","appium:deviceName":"samsung SM-M315F (Android 11)","appium:newCommandTimeout":1800,"platform":"ANDROID","platformName":"android","appium:platformVersion":"11","appium:systemPort":8284,"appium:udid":"RR8N605F11Y"}]}}[39m
[35m[BaseDriver][39m The following capabilities are not standard capabilities and should have an extension prefix:
[35m[BaseDriver][39m   platform
[35m[BaseDriver][39m   chromedriverPort
[35m[Appium][39m Appium v1.22.2 creating new AndroidUiautomator2Driver (v1.70.1) session
[35m[BaseDriver][39m The following capabilities were provided, but are not recognized by Appium:
[35m[BaseDriver][39m   platform
[35m[BaseDriver][39m Session created with session id: 220ab180-6bdf-49e4-a842-7e512558b433
[35m[UiAutomator2][39m Starting 'com.android.settings' directly on the device
[35m[ADB][39m Using 'adb.exe' from 'C:\Users\Nia Yusniati\.katalon\tools\android_sdk\platform-tools\adb.exe'
[35m[AndroidDriver][39m Retrieving device list
[35m[AndroidDriver][39m Using device: RR8N605F11Y
[35m[ADB][39m Using 'adb.exe' from 'C:\Users\Nia Yusniati\.katalon\tools\android_sdk\platform-tools\adb.exe'
[35m[ADB][39m Getting device platform version
[35m[UiAutomator2][39m Relaxing hidden api policy
[35m[AndroidDriver][39m No app sent in, not parsing package/activity
[35m[UiAutomator2][39m Server packages are not going to be (re)installed
[35m[ADB][39m Adding packages ["io.appium.settings","io.appium.uiautomator2.server","io.appium.uiautomator2.server.test"] to Doze whitelist
[35m[UiAutomator2][39m Starting UIAutomator2 server 4.27.0
[35m[UiAutomator2][39m Using UIAutomator2 server from 'C:\Users\Nia Yusniati\AppData\Roaming\npm\node_modules\appium\node_modules\appium-uiautomator2-server\apks\appium-uiautomator2-server-v4.27.0.apk' and test from 'C:\Users\Nia Yusniati\AppData\Roaming\npm\node_modules\appium\node_modules\appium-uiautomator2-server\apks\appium-uiautomator2-server-debug-androidTest.apk'
[35m[UiAutomator2][39m Waiting up to 30000ms for UiAutomator2 to be online...
[35m[WD Proxy][39m socket hang up
[35m[WD Proxy][39m socket hang up
[35m[WD Proxy][39m socket hang up
[35m[WD Proxy][39m Determined the downstream protocol as 'W3C'
[35m[AndroidDriver][39m Screen already unlocked, doing nothing
[35m[UiAutomator2][39m Starting 'com.android.settings/.Settings and waiting for 'com.android.settings/.Settings'
[35m[Appium][39m New AndroidUiautomator2Driver session created successfully, session 220ab180-6bdf-49e4-a842-7e512558b433 added to master session list
[35m[HTTP][39m [37m<-- POST /wd/hub/session [39m[32m200[39m [90m9937 ms - 1158[39m
[35m[HTTP][39m [90m[39m
[35m[HTTP][39m [37m-->[39m [37mGET[39m [37m/wd/hub/session/220ab180-6bdf-49e4-a842-7e512558b433[39m
[35m[HTTP][39m [90m{}[39m
[35m[HTTP][39m [37m<-- GET /wd/hub/session/220ab180-6bdf-49e4-a842-7e512558b433 [39m[32m200[39m [90m14 ms - 1112[39m
[35m[HTTP][39m [90m[39m
[35m[HTTP][39m [37m-->[39m [37mGET[39m [37m/wd/hub/session/220ab180-6bdf-49e4-a842-7e512558b433[39m
[35m[HTTP][39m [90m{}[39m
[35m[HTTP][39m [37m<-- GET /wd/hub/session/220ab180-6bdf-49e4-a842-7e512558b433 [39m[32m200[39m [90m12 ms - 1112[39m
[35m[HTTP][39m [90m[39m
[35m[HTTP][39m [37m-->[39m [37mGET[39m [37m/wd/hub/status[39m
[35m[HTTP][39m [90m{}[39m
[35m[HTTP][39m [37m<-- GET /wd/hub/status [39m[32m200[39m [90m1 ms - 68[39m
[35m[HTTP][39m [90m[39m
[35m[HTTP][39m [37m-->[39m [37mPOST[39m [37m/wd/hub/session/220ab180-6bdf-49e4-a842-7e512558b433/timeouts[39m
[35m[HTTP][39m [90m{"implicit":30000}[39m
[35m[HTTP][39m [37m<-- POST /wd/hub/session/220ab180-6bdf-49e4-a842-7e512558b433/timeouts [39m[32m200[39m [90m3 ms - 14[39m
[35m[HTTP][39m [90m[39m
[35m[HTTP][39m [37m-->[39m [37mGET[39m [37m/wd/hub/session/220ab180-6bdf-49e4-a842-7e512558b433/screenshot[39m
[35m[HTTP][39m [90m{}[39m
[35m[HTTP][39m [37m<-- GET /wd/hub/session/220ab180-6bdf-49e4-a842-7e512558b433/screenshot [39m[32m200[39m [90m561 ms - 184438[39m
[35m[HTTP][39m [90m[39m
[35m[HTTP][39m [37m-->[39m [37mGET[39m [37m/wd/hub/session/220ab180-6bdf-49e4-a842-7e512558b433/window/rect[39m
[35m[HTTP][39m [90m{}[39m
[35m[HTTP][39m [37m<-- GET /wd/hub/session/220ab180-6bdf-49e4-a842-7e512558b433/window/rect [39m[32m200[39m [90m10 ms - 50[39m
[35m[HTTP][39m [90m[39m
[35m[HTTP][39m [37m-->[39m [37mGET[39m [37m/wd/hub/session/220ab180-6bdf-49e4-a842-7e512558b433/appium/device/system_bars[39m
[35m[HTTP][39m [90m{}[39m
[35m[HTTP][39m [37m<-- GET /wd/hub/session/220ab180-6bdf-49e4-a842-7e512558b433/appium/device/system_bars [39m[32m200[39m [90m83 ms - 148[39m
[35m[HTTP][39m [90m[39m
[35m[HTTP][39m [37m-->[39m [37mPOST[39m [37m/wd/hub/session/220ab180-6bdf-49e4-a842-7e512558b433/appium/device/activate_app[39m
[35m[HTTP][39m [90m{"bundleId":"com.bcaf.mobilesurvey"}[39m
[35m[HTTP][39m [37m<-- POST /wd/hub/session/220ab180-6bdf-49e4-a842-7e512558b433/appium/device/activate_app [39m[32m200[39m [90m695 ms - 14[39m
[35m[HTTP][39m [90m[39m
[35m[HTTP][39m [37m-->[39m [37mGET[39m [37m/wd/hub/session/220ab180-6bdf-49e4-a842-7e512558b433/context[39m
[35m[HTTP][39m [90m{}[39m
[35m[HTTP][39m [37m<-- GET /wd/hub/session/220ab180-6bdf-49e4-a842-7e512558b433/context [39m[32m200[39m [90m3 ms - 22[39m
[35m[HTTP][39m [90m[39m
[35m[HTTP][39m [37m-->[39m [37mGET[39m [37m/wd/hub/session/220ab180-6bdf-49e4-a842-7e512558b433/contexts[39m
[35m[HTTP][39m [90m{}[39m
[35m[HTTP][39m [37m<-- GET /wd/hub/session/220ab180-6bdf-49e4-a842-7e512558b433/contexts [39m[32m200[39m [90m140 ms - 24[39m
[35m[HTTP][39m [90m[39m
[35m[HTTP][39m [37m-->[39m [37mPOST[39m [37m/wd/hub/session/220ab180-6bdf-49e4-a842-7e512558b433/context[39m
[35m[HTTP][39m [90m{"name":"NATIVE_APP"}[39m
[35m[HTTP][39m [37m<-- POST /wd/hub/session/220ab180-6bdf-49e4-a842-7e512558b433/context [39m[32m200[39m [90m2 ms - 14[39m
[35m[HTTP][39m [90m[39m
[35m[HTTP][39m [37m-->[39m [37mGET[39m [37m/wd/hub/session/220ab180-6bdf-49e4-a842-7e512558b433/window/rect[39m
[35m[HTTP][39m [90m{}[39m
[35m[HTTP][39m [37m<-- GET /wd/hub/session/220ab180-6bdf-49e4-a842-7e512558b433/window/rect [39m[32m200[39m [90m30 ms - 50[39m
[35m[HTTP][39m [90m[39m
[35m[HTTP][39m [37m-->[39m [37mPOST[39m [37m/wd/hub/session/220ab180-6bdf-49e4-a842-7e512558b433/execute/sync[39m
[35m[HTTP][39m [90m{"script":"mobile: viewportScreenshot","args":[]}[39m
[35m[AndroidDriver][39m Executing native command 'mobile: viewportScreenshot'
[35m[HTTP][39m [37m<-- POST /wd/hub/session/220ab180-6bdf-49e4-a842-7e512558b433/execute/sync [39m[32m200[39m [90m2346 ms - 177796[39m
[35m[HTTP][39m [90m[39m
[35m[HTTP][39m [37m-->[39m [37mPOST[39m [37m/wd/hub/session/220ab180-6bdf-49e4-a842-7e512558b433/context[39m
[35m[HTTP][39m [90m{"name":"NATIVE_APP"}[39m
[35m[HTTP][39m [37m<-- POST /wd/hub/session/220ab180-6bdf-49e4-a842-7e512558b433/context [39m[32m200[39m [90m5 ms - 14[39m
[35m[HTTP][39m [90m[39m
[35m[HTTP][39m [37m-->[39m [37mPOST[39m [37m/wd/hub/session/220ab180-6bdf-49e4-a842-7e512558b433/timeouts[39m
[35m[HTTP][39m [90m{"implicit":50}[39m
[35m[HTTP][39m [37m<-- POST /wd/hub/session/220ab180-6bdf-49e4-a842-7e512558b433/timeouts [39m[32m200[39m [90m1 ms - 14[39m
[35m[HTTP][39m [90m[39m
[35m[HTTP][39m [37m-->[39m [37mGET[39m [37m/wd/hub/session/220ab180-6bdf-49e4-a842-7e512558b433/window/rect[39m
[35m[HTTP][39m [90m{}[39m
[35m[HTTP][39m [37m<-- GET /wd/hub/session/220ab180-6bdf-49e4-a842-7e512558b433/window/rect [39m[32m200[39m [90m32 ms - 50[39m
[35m[HTTP][39m [90m[39m
[35m[HTTP][39m [37m-->[39m [37mPOST[39m [37m/wd/hub/session/220ab180-6bdf-49e4-a842-7e512558b433/elements[39m
[35m[HTTP][39m [90m{"using":"xpath","value":"//hierarchy/android.widget.FrameLayout[1]/android.widget.LinearLayout[1]/android.widget.FrameLayout[1]/android.widget.LinearLayout[1]/android.widget.FrameLayout[1]/android.widget.RelativeLayout[1]/android.widget.ScrollView[1]/android.widget.LinearLayout[1]/android.widget.LinearLayout[1]/android.widget.LinearLayout[1]/android.widget.LinearLayout[1]/android.widget.FrameLayout[2]/android.widget.LinearLayout[1]"}[39m
[35m[HTTP][39m [37m<-- POST /wd/hub/session/220ab180-6bdf-49e4-a842-7e512558b433/elements [39m[32m200[39m [90m476 ms - 139[39m
[35m[HTTP][39m [90m[39m
[35m[HTTP][39m [37m-->[39m [37mGET[39m [37m/wd/hub/session/220ab180-6bdf-49e4-a842-7e512558b433/element/00000000-0000-0799-ffff-ffff00001764/location[39m
[35m[HTTP][39m [90m{}[39m
[35m[W3C (220ab180)][39m Driver proxy active, passing request on via HTTP proxy
[35m[WD Proxy][39m Replacing sessionId 3d0f6094-000a-4121-a14e-31ca05eeb540 with 220ab180-6bdf-49e4-a842-7e512558b433
[35m[HTTP][39m [37m<-- GET /wd/hub/session/220ab180-6bdf-49e4-a842-7e512558b433/element/00000000-0000-0799-ffff-ffff00001764/location [39m[32m200[39m [90m39 ms - 78[39m
[35m[HTTP][39m [90m[39m
[35m[HTTP][39m [37m-->[39m [37mPOST[39m [37m/wd/hub/session/220ab180-6bdf-49e4-a842-7e512558b433/timeouts[39m
[35m[HTTP][39m [90m{"implicit":30000}[39m
[35m[HTTP][39m [37m<-- POST /wd/hub/session/220ab180-6bdf-49e4-a842-7e512558b433/timeouts [39m[32m200[39m [90m3 ms - 14[39m
[35m[HTTP][39m [90m[39m
[35m[HTTP][39m [37m-->[39m [37mPOST[39m [37m/wd/hub/session/220ab180-6bdf-49e4-a842-7e512558b433/touch/perform[39m
[35m[HTTP][39m [90m{"actions":[{"action":"tap","options":{"x":1,"y":1,"element":"00000000-0000-0799-ffff-ffff00001764"}},{"action":"release","options":{}}]}[39m
[35m[UiAutomator2][39m calling get location: 00000000-0000-0799-ffff-ffff00001764
[35m[HTTP][39m [37m<-- POST /wd/hub/session/220ab180-6bdf-49e4-a842-7e512558b433/touch/perform [39m[32m200[39m [90m285 ms - 14[39m
[35m[HTTP][39m [90m[39m
[35m[HTTP][39m [37m-->[39m [37mGET[39m [37m/wd/hub/session/220ab180-6bdf-49e4-a842-7e512558b433/context[39m
[35m[HTTP][39m [90m{}[39m
[35m[HTTP][39m [37m<-- GET /wd/hub/session/220ab180-6bdf-49e4-a842-7e512558b433/context [39m[32m200[39m [90m3 ms - 22[39m
[35m[HTTP][39m [90m[39m
[35m[HTTP][39m [37m-->[39m [37mGET[39m [37m/wd/hub/session/220ab180-6bdf-49e4-a842-7e512558b433/contexts[39m
[35m[HTTP][39m [90m{}[39m
[35m[HTTP][39m [37m<-- GET /wd/hub/session/220ab180-6bdf-49e4-a842-7e512558b433/contexts [39m[32m200[39m [90m135 ms - 24[39m
[35m[HTTP][39m [90m[39m
[35m[HTTP][39m [37m-->[39m [37mPOST[39m [37m/wd/hub/session/220ab180-6bdf-49e4-a842-7e512558b433/context[39m
[35m[HTTP][39m [90m{"name":"NATIVE_APP"}[39m
[35m[HTTP][39m [37m<-- POST /wd/hub/session/220ab180-6bdf-49e4-a842-7e512558b433/context [39m[32m200[39m [90m2 ms - 14[39m
[35m[HTTP][39m [90m[39m
[35m[HTTP][39m [37m-->[39m [37mGET[39m [37m/wd/hub/session/220ab180-6bdf-49e4-a842-7e512558b433/window/rect[39m
[35m[HTTP][39m [90m{}[39m
[35m[HTTP][39m [37m<-- GET /wd/hub/session/220ab180-6bdf-49e4-a842-7e512558b433/window/rect [39m[32m200[39m [90m34 ms - 50[39m
[35m[HTTP][39m [90m[39m
[35m[HTTP][39m [37m-->[39m [37mPOST[39m [37m/wd/hub/session/220ab180-6bdf-49e4-a842-7e512558b433/execute/sync[39m
[35m[HTTP][39m [90m{"script":"mobile: viewportScreenshot","args":[]}[39m
[35m[AndroidDriver][39m Executing native command 'mobile: viewportScreenshot'
[35m[HTTP][39m [37m<-- POST /wd/hub/session/220ab180-6bdf-49e4-a842-7e512558b433/execute/sync [39m[32m200[39m [90m1522 ms - 139904[39m
[35m[HTTP][39m [90m[39m
[35m[HTTP][39m [37m-->[39m [37mPOST[39m [37m/wd/hub/session/220ab180-6bdf-49e4-a842-7e512558b433/context[39m
[35m[HTTP][39m [90m{"name":"NATIVE_APP"}[39m
[35m[HTTP][39m [37m<-- POST /wd/hub/session/220ab180-6bdf-49e4-a842-7e512558b433/context [39m[32m200[39m [90m2 ms - 14[39m
[35m[HTTP][39m [90m[39m
[35m[HTTP][39m [37m-->[39m [37mPOST[39m [37m/wd/hub/session/220ab180-6bdf-49e4-a842-7e512558b433/timeouts[39m
[35m[HTTP][39m [90m{"implicit":50}[39m
[35m[HTTP][39m [37m<-- POST /wd/hub/session/220ab180-6bdf-49e4-a842-7e512558b433/timeouts [39m[32m200[39m [90m2 ms - 14[39m
[35m[HTTP][39m [90m[39m
[35m[HTTP][39m [37m-->[39m [37mGET[39m [37m/wd/hub/session/220ab180-6bdf-49e4-a842-7e512558b433/window/rect[39m
[35m[HTTP][39m [90m{}[39m
[35m[HTTP][39m [37m<-- GET /wd/hub/session/220ab180-6bdf-49e4-a842-7e512558b433/window/rect [39m[32m200[39m [90m47 ms - 50[39m
[35m[HTTP][39m [90m[39m
[35m[HTTP][39m [37m-->[39m [37mPOST[39m [37m/wd/hub/session/220ab180-6bdf-49e4-a842-7e512558b433/elements[39m
[35m[HTTP][39m [90m{"using":"xpath","value":"//*[@class = 'android.widget.FrameLayout' and @resource-id = 'com.bcaf.mobilesurvey:id/historyKendaraan_ken' and (@text = '' or . = '')]"}[39m
[35m[HTTP][39m [37m<-- POST /wd/hub/session/220ab180-6bdf-49e4-a842-7e512558b433/elements [39m[32m200[39m [90m384 ms - 139[39m
[35m[HTTP][39m [90m[39m
[35m[HTTP][39m [37m-->[39m [37mGET[39m [37m/wd/hub/session/220ab180-6bdf-49e4-a842-7e512558b433/element/00000000-0000-0799-ffff-ffff00001755/location[39m
[35m[HTTP][39m [90m{}[39m
[35m[W3C (220ab180)][39m Driver proxy active, passing request on via HTTP proxy
[35m[WD Proxy][39m Replacing sessionId 3d0f6094-000a-4121-a14e-31ca05eeb540 with 220ab180-6bdf-49e4-a842-7e512558b433
[35m[HTTP][39m [37m<-- GET /wd/hub/session/220ab180-6bdf-49e4-a842-7e512558b433/element/00000000-0000-0799-ffff-ffff00001755/location [39m[32m200[39m [90m51 ms - 79[39m
[35m[HTTP][39m [90m[39m
[35m[HTTP][39m [37m-->[39m [37mPOST[39m [37m/wd/hub/session/220ab180-6bdf-49e4-a842-7e512558b433/timeouts[39m
[35m[HTTP][39m [90m{"implicit":30000}[39m
[35m[HTTP][39m [37m<-- POST /wd/hub/session/220ab180-6bdf-49e4-a842-7e512558b433/timeouts [39m[32m200[39m [90m2 ms - 14[39m
[35m[HTTP][39m [90m[39m
[35m[HTTP][39m [37m-->[39m [37mPOST[39m [37m/wd/hub/session/220ab180-6bdf-49e4-a842-7e512558b433/touch/perform[39m
[35m[HTTP][39m [90m{"actions":[{"action":"tap","options":{"x":1,"y":1,"element":"00000000-0000-0799-ffff-ffff00001755"}},{"action":"release","options":{}}]}[39m
[35m[UiAutomator2][39m calling get location: 00000000-0000-0799-ffff-ffff00001755
[35m[HTTP][39m [37m<-- POST /wd/hub/session/220ab180-6bdf-49e4-a842-7e512558b433/touch/perform [39m[32m200[39m [90m384 ms - 14[39m
[35m[HTTP][39m [90m[39m
[35m[HTTP][39m [37m-->[39m [37mPOST[39m [37m/wd/hub/session/220ab180-6bdf-49e4-a842-7e512558b433/timeouts[39m
[35m[HTTP][39m [90m{"implicit":50}[39m
[35m[HTTP][39m [37m<-- POST /wd/hub/session/220ab180-6bdf-49e4-a842-7e512558b433/timeouts [39m[32m200[39m [90m3 ms - 14[39m
[35m[HTTP][39m [90m[39m
[35m[HTTP][39m [37m-->[39m [37mGET[39m [37m/wd/hub/session/220ab180-6bdf-49e4-a842-7e512558b433/window/rect[39m
[35m[HTTP][39m [90m{}[39m
[35m[HTTP][39m [37m<-- GET /wd/hub/session/220ab180-6bdf-49e4-a842-7e512558b433/window/rect [39m[32m200[39m [90m32 ms - 50[39m
[35m[HTTP][39m [90m[39m
[35m[HTTP][39m [37m-->[39m [37mPOST[39m [37m/wd/hub/session/220ab180-6bdf-49e4-a842-7e512558b433/elements[39m
[35m[HTTP][39m [90m{"using":"xpath","value":"//*[@class = 'android.widget.EditText' and (@text = 'No Polisi' or . = 'No Polisi') and @resource-id = 'com.bcaf.mobilesurvey:id/nopol']"}[39m
[35m[HTTP][39m [37m<-- POST /wd/hub/session/220ab180-6bdf-49e4-a842-7e512558b433/elements [39m[32m200[39m [90m546 ms - 139[39m
[35m[HTTP][39m [90m[39m
[35m[HTTP][39m [37m-->[39m [37mGET[39m [37m/wd/hub/session/220ab180-6bdf-49e4-a842-7e512558b433/element/00000000-0000-07a7-ffff-ffff00001790/location[39m
[35m[HTTP][39m [90m{}[39m
[35m[W3C (220ab180)][39m Driver proxy active, passing request on via HTTP proxy
[35m[WD Proxy][39m Replacing sessionId 3d0f6094-000a-4121-a14e-31ca05eeb540 with 220ab180-6bdf-49e4-a842-7e512558b433
[35m[HTTP][39m [37m<-- GET /wd/hub/session/220ab180-6bdf-49e4-a842-7e512558b433/element/00000000-0000-07a7-ffff-ffff00001790/location [39m[32m200[39m [90m28 ms - 78[39m
[35m[HTTP][39m [90m[39m
[35m[HTTP][39m [37m-->[39m [37mPOST[39m [37m/wd/hub/session/220ab180-6bdf-49e4-a842-7e512558b433/timeouts[39m
[35m[HTTP][39m [90m{"implicit":30000}[39m
[35m[HTTP][39m [37m<-- POST /wd/hub/session/220ab180-6bdf-49e4-a842-7e512558b433/timeouts [39m[32m200[39m [90m2 ms - 14[39m
[35m[HTTP][39m [90m[39m
[35m[HTTP][39m [37m-->[39m [37mPOST[39m [37m/wd/hub/session/220ab180-6bdf-49e4-a842-7e512558b433/element/00000000-0000-07a7-ffff-ffff00001790/clear[39m
[35m[HTTP][39m [90m{"id":"00000000-0000-07a7-ffff-ffff00001790"}[39m
[35m[HTTP][39m [37m<-- POST /wd/hub/session/220ab180-6bdf-49e4-a842-7e512558b433/element/00000000-0000-07a7-ffff-ffff00001790/clear [39m[32m200[39m [90m37 ms - 14[39m
[35m[HTTP][39m [90m[39m
[35m[HTTP][39m [37m-->[39m [37mPOST[39m [37m/wd/hub/session/220ab180-6bdf-49e4-a842-7e512558b433/element/00000000-0000-07a7-ffff-ffff00001790/value[39m
[35m[HTTP][39m [90m{"id":"00000000-0000-07a7-ffff-ffff00001790","text":"B777B","value":["B","7","7","7","B"]}[39m
[35m[HTTP][39m [37m<-- POST /wd/hub/session/220ab180-6bdf-49e4-a842-7e512558b433/element/00000000-0000-07a7-ffff-ffff00001790/value [39m[32m200[39m [90m686 ms - 14[39m
[35m[HTTP][39m [90m[39m
[35m[HTTP][39m [37m-->[39m [37mGET[39m [37m/wd/hub/session/220ab180-6bdf-49e4-a842-7e512558b433/context[39m
[35m[HTTP][39m [90m{}[39m
[35m[HTTP][39m [37m<-- GET /wd/hub/session/220ab180-6bdf-49e4-a842-7e512558b433/context [39m[32m200[39m [90m3 ms - 22[39m
[35m[HTTP][39m [90m[39m
[35m[HTTP][39m [37m-->[39m [37mGET[39m [37m/wd/hub/session/220ab180-6bdf-49e4-a842-7e512558b433/contexts[39m
[35m[HTTP][39m [90m{}[39m
[35m[HTTP][39m [37m<-- GET /wd/hub/session/220ab180-6bdf-49e4-a842-7e512558b433/contexts [39m[32m200[39m [90m125 ms - 24[39m
[35m[HTTP][39m [90m[39m
[35m[HTTP][39m [37m-->[39m [37mPOST[39m [37m/wd/hub/session/220ab180-6bdf-49e4-a842-7e512558b433/context[39m
[35m[HTTP][39m [90m{"name":"NATIVE_APP"}[39m
[35m[HTTP][39m [37m<-- POST /wd/hub/session/220ab180-6bdf-49e4-a842-7e512558b433/context [39m[32m200[39m [90m1 ms - 14[39m
[35m[HTTP][39m [90m[39m
[35m[HTTP][39m [37m-->[39m [37mGET[39m [37m/wd/hub/session/220ab180-6bdf-49e4-a842-7e512558b433/window/rect[39m
[35m[HTTP][39m [90m{}[39m
[35m[HTTP][39m [37m<-- GET /wd/hub/session/220ab180-6bdf-49e4-a842-7e512558b433/window/rect [39m[32m200[39m [90m30 ms - 50[39m
[35m[HTTP][39m [90m[39m
[35m[HTTP][39m [37m-->[39m [37mPOST[39m [37m/wd/hub/session/220ab180-6bdf-49e4-a842-7e512558b433/execute/sync[39m
[35m[HTTP][39m [90m{"script":"mobile: viewportScreenshot","args":[]}[39m
[35m[AndroidDriver][39m Executing native command 'mobile: viewportScreenshot'
[35m[HTTP][39m [37m<-- POST /wd/hub/session/220ab180-6bdf-49e4-a842-7e512558b433/execute/sync [39m[32m200[39m [90m1308 ms - 85692[39m
[35m[HTTP][39m [90m[39m
[35m[HTTP][39m [37m-->[39m [37mPOST[39m [37m/wd/hub/session/220ab180-6bdf-49e4-a842-7e512558b433/context[39m
[35m[HTTP][39m [90m{"name":"NATIVE_APP"}[39m
[35m[HTTP][39m [37m<-- POST /wd/hub/session/220ab180-6bdf-49e4-a842-7e512558b433/context [39m[32m200[39m [90m2 ms - 14[39m
[35m[HTTP][39m [90m[39m
[35m[HTTP][39m [37m-->[39m [37mPOST[39m [37m/wd/hub/session/220ab180-6bdf-49e4-a842-7e512558b433/timeouts[39m
[35m[HTTP][39m [90m{"implicit":50}[39m
[35m[HTTP][39m [37m<-- POST /wd/hub/session/220ab180-6bdf-49e4-a842-7e512558b433/timeouts [39m[32m200[39m [90m3 ms - 14[39m
[35m[HTTP][39m [90m[39m
[35m[HTTP][39m [37m-->[39m [37mGET[39m [37m/wd/hub/session/220ab180-6bdf-49e4-a842-7e512558b433/window/rect[39m
[35m[HTTP][39m [90m{}[39m
[35m[HTTP][39m [37m<-- GET /wd/hub/session/220ab180-6bdf-49e4-a842-7e512558b433/window/rect [39m[32m200[39m [90m48 ms - 50[39m
[35m[HTTP][39m [90m[39m
[35m[HTTP][39m [37m-->[39m [37mPOST[39m [37m/wd/hub/session/220ab180-6bdf-49e4-a842-7e512558b433/elements[39m
[35m[HTTP][39m [90m{"using":"xpath","value":"//*[@class = 'android.widget.Button' and (@text = 'SEARCH' or . = 'SEARCH') and @resource-id = 'com.bcaf.mobilesurvey:id/search']"}[39m
[35m[HTTP][39m [37m<-- POST /wd/hub/session/220ab180-6bdf-49e4-a842-7e512558b433/elements [39m[32m200[39m [90m306 ms - 139[39m
[35m[HTTP][39m [90m[39m
[35m[HTTP][39m [37m-->[39m [37mGET[39m [37m/wd/hub/session/220ab180-6bdf-49e4-a842-7e512558b433/element/00000000-0000-07a7-ffff-ffff0000179c/location[39m
[35m[HTTP][39m [90m{}[39m
[35m[W3C (220ab180)][39m Driver proxy active, passing request on via HTTP proxy
[35m[WD Proxy][39m Replacing sessionId 3d0f6094-000a-4121-a14e-31ca05eeb540 with 220ab180-6bdf-49e4-a842-7e512558b433
[35m[HTTP][39m [37m<-- GET /wd/hub/session/220ab180-6bdf-49e4-a842-7e512558b433/element/00000000-0000-07a7-ffff-ffff0000179c/location [39m[32m200[39m [90m44 ms - 78[39m
[35m[HTTP][39m [90m[39m
[35m[HTTP][39m [37m-->[39m [37mPOST[39m [37m/wd/hub/session/220ab180-6bdf-49e4-a842-7e512558b433/timeouts[39m
[35m[HTTP][39m [90m{"implicit":30000}[39m
[35m[HTTP][39m [37m<-- POST /wd/hub/session/220ab180-6bdf-49e4-a842-7e512558b433/timeouts [39m[32m200[39m [90m4 ms - 14[39m
[35m[HTTP][39m [90m[39m
[35m[HTTP][39m [37m-->[39m [37mPOST[39m [37m/wd/hub/session/220ab180-6bdf-49e4-a842-7e512558b433/touch/perform[39m
[35m[HTTP][39m [90m{"actions":[{"action":"tap","options":{"x":1,"y":1,"element":"00000000-0000-07a7-ffff-ffff0000179c"}},{"action":"release","options":{}}]}[39m
[35m[UiAutomator2][39m calling get location: 00000000-0000-07a7-ffff-ffff0000179c
[35m[HTTP][39m [37m<-- POST /wd/hub/session/220ab180-6bdf-49e4-a842-7e512558b433/touch/perform [39m[32m200[39m [90m302 ms - 14[39m
[35m[HTTP][39m [90m[39m
[35m[HTTP][39m [37m-->[39m [37mGET[39m [37m/wd/hub/session/220ab180-6bdf-49e4-a842-7e512558b433/context[39m
[35m[HTTP][39m [90m{}[39m
[35m[HTTP][39m [37m<-- GET /wd/hub/session/220ab180-6bdf-49e4-a842-7e512558b433/context [39m[32m200[39m [90m3 ms - 22[39m
[35m[HTTP][39m [90m[39m
[35m[HTTP][39m [37m-->[39m [37mGET[39m [37m/wd/hub/session/220ab180-6bdf-49e4-a842-7e512558b433/contexts[39m
[35m[HTTP][39m [90m{}[39m
[35m[HTTP][39m [37m<-- GET /wd/hub/session/220ab180-6bdf-49e4-a842-7e512558b433/contexts [39m[32m200[39m [90m126 ms - 24[39m
[35m[HTTP][39m [90m[39m
[35m[HTTP][39m [37m-->[39m [37mPOST[39m [37m/wd/hub/session/220ab180-6bdf-49e4-a842-7e512558b433/context[39m
[35m[HTTP][39m [90m{"name":"NATIVE_APP"}[39m
[35m[HTTP][39m [37m<-- POST /wd/hub/session/220ab180-6bdf-49e4-a842-7e512558b433/context [39m[32m200[39m [90m2 ms - 14[39m
[35m[HTTP][39m [90m[39m
[35m[HTTP][39m [37m-->[39m [37mGET[39m [37m/wd/hub/session/220ab180-6bdf-49e4-a842-7e512558b433/window/rect[39m
[35m[HTTP][39m [90m{}[39m
[35m[HTTP][39m [37m<-- GET /wd/hub/session/220ab180-6bdf-49e4-a842-7e512558b433/window/rect [39m[32m200[39m [90m24 ms - 50[39m
[35m[HTTP][39m [90m[39m
[35m[HTTP][39m [37m-->[39m [37mPOST[39m [37m/wd/hub/session/220ab180-6bdf-49e4-a842-7e512558b433/execute/sync[39m
[35m[HTTP][39m [90m{"script":"mobile: viewportScreenshot","args":[]}[39m
[35m[AndroidDriver][39m Executing native command 'mobile: viewportScreenshot'
[35m[HTTP][39m [37m<-- POST /wd/hub/session/220ab180-6bdf-49e4-a842-7e512558b433/execute/sync [39m[32m200[39m [90m1477 ms - 356368[39m
[35m[HTTP][39m [90m[39m
[35m[HTTP][39m [37m-->[39m [37mPOST[39m [37m/wd/hub/session/220ab180-6bdf-49e4-a842-7e512558b433/context[39m
[35m[HTTP][39m [90m{"name":"NATIVE_APP"}[39m
[35m[HTTP][39m [37m<-- POST /wd/hub/session/220ab180-6bdf-49e4-a842-7e512558b433/context [39m[32m200[39m [90m1 ms - 14[39m
[35m[HTTP][39m [90m[39m
[35m[HTTP][39m [37m-->[39m [37mGET[39m [37m/wd/hub/session/220ab180-6bdf-49e4-a842-7e512558b433/context[39m
[35m[HTTP][39m [90m{}[39m
[35m[HTTP][39m [37m<-- GET /wd/hub/session/220ab180-6bdf-49e4-a842-7e512558b433/context [39m[32m200[39m [90m2 ms - 22[39m
[35m[HTTP][39m [90m[39m
[35m[HTTP][39m [37m-->[39m [37mGET[39m [37m/wd/hub/session/220ab180-6bdf-49e4-a842-7e512558b433/contexts[39m
[35m[HTTP][39m [90m{}[39m
[35m[HTTP][39m [37m<-- GET /wd/hub/session/220ab180-6bdf-49e4-a842-7e512558b433/contexts [39m[32m200[39m [90m136 ms - 24[39m
[35m[HTTP][39m [90m[39m
[35m[HTTP][39m [37m-->[39m [37mPOST[39m [37m/wd/hub/session/220ab180-6bdf-49e4-a842-7e512558b433/context[39m
[35m[HTTP][39m [90m{"name":"NATIVE_APP"}[39m
[35m[HTTP][39m [37m<-- POST /wd/hub/session/220ab180-6bdf-49e4-a842-7e512558b433/context [39m[32m200[39m [90m2 ms - 14[39m
[35m[HTTP][39m [90m[39m
[35m[HTTP][39m [37m-->[39m [37mPOST[39m [37m/wd/hub/session/220ab180-6bdf-49e4-a842-7e512558b433/element[39m
[35m[HTTP][39m [90m{"using":"-android uiautomator","value":"new UiScrollable(new UiSelector().scrollable(true).instance(0)).scrollIntoView(new UiSelector().textContains(\"Data Kendaraan\"))"}[39m
[35m[HTTP][39m [37m<-- POST /wd/hub/session/220ab180-6bdf-49e4-a842-7e512558b433/element [39m[32m200[39m [90m5047 ms - 137[39m
[35m[HTTP][39m [90m[39m
[35m[HTTP][39m [37m-->[39m [37mPOST[39m [37m/wd/hub/session/220ab180-6bdf-49e4-a842-7e512558b433/context[39m
[35m[HTTP][39m [90m{"name":"NATIVE_APP"}[39m
[35m[HTTP][39m [37m<-- POST /wd/hub/session/220ab180-6bdf-49e4-a842-7e512558b433/context [39m[32m200[39m [90m3 ms - 14[39m
[35m[HTTP][39m [90m[39m
[35m[HTTP][39m [37m-->[39m [37mGET[39m [37m/wd/hub/session/220ab180-6bdf-49e4-a842-7e512558b433/context[39m
[35m[HTTP][39m [90m{}[39m
[35m[HTTP][39m [37m<-- GET /wd/hub/session/220ab180-6bdf-49e4-a842-7e512558b433/context [39m[32m200[39m [90m3 ms - 22[39m
[35m[HTTP][39m [90m[39m
[35m[HTTP][39m [37m-->[39m [37mGET[39m [37m/wd/hub/session/220ab180-6bdf-49e4-a842-7e512558b433/contexts[39m
[35m[HTTP][39m [90m{}[39m
[35m[HTTP][39m [37m<-- GET /wd/hub/session/220ab180-6bdf-49e4-a842-7e512558b433/contexts [39m[32m200[39m [90m134 ms - 24[39m
[35m[HTTP][39m [90m[39m
[35m[HTTP][39m [37m-->[39m [37mPOST[39m [37m/wd/hub/session/220ab180-6bdf-49e4-a842-7e512558b433/context[39m
[35m[HTTP][39m [90m{"name":"NATIVE_APP"}[39m
[35m[HTTP][39m [37m<-- POST /wd/hub/session/220ab180-6bdf-49e4-a842-7e512558b433/context [39m[32m200[39m [90m1 ms - 14[39m
[35m[HTTP][39m [90m[39m
[35m[HTTP][39m [37m-->[39m [37mGET[39m [37m/wd/hub/session/220ab180-6bdf-49e4-a842-7e512558b433/window/rect[39m
[35m[HTTP][39m [90m{}[39m
[35m[HTTP][39m [37m<-- GET /wd/hub/session/220ab180-6bdf-49e4-a842-7e512558b433/window/rect [39m[32m200[39m [90m43 ms - 50[39m
[35m[HTTP][39m [90m[39m
[35m[HTTP][39m [37m-->[39m [37mPOST[39m [37m/wd/hub/session/220ab180-6bdf-49e4-a842-7e512558b433/execute/sync[39m
[35m[HTTP][39m [90m{"script":"mobile: viewportScreenshot","args":[]}[39m
[35m[AndroidDriver][39m Executing native command 'mobile: viewportScreenshot'
[35m[HTTP][39m [37m<-- POST /wd/hub/session/220ab180-6bdf-49e4-a842-7e512558b433/execute/sync [39m[32m200[39m [90m1436 ms - 357608[39m
[35m[HTTP][39m [90m[39m
[35m[HTTP][39m [37m-->[39m [37mPOST[39m [37m/wd/hub/session/220ab180-6bdf-49e4-a842-7e512558b433/context[39m
[35m[HTTP][39m [90m{"name":"NATIVE_APP"}[39m
[35m[HTTP][39m [37m<-- POST /wd/hub/session/220ab180-6bdf-49e4-a842-7e512558b433/context [39m[32m200[39m [90m2 ms - 14[39m
[35m[HTTP][39m [90m[39m
[35m[HTTP][39m [37m-->[39m [37mPOST[39m [37m/wd/hub/session/220ab180-6bdf-49e4-a842-7e512558b433/timeouts[39m
[35m[HTTP][39m [90m{"implicit":50}[39m
[35m[HTTP][39m [37m<-- POST /wd/hub/session/220ab180-6bdf-49e4-a842-7e512558b433/timeouts [39m[32m200[39m [90m4 ms - 14[39m
[35m[HTTP][39m [90m[39m
[35m[HTTP][39m [37m-->[39m [37mGET[39m [37m/wd/hub/session/220ab180-6bdf-49e4-a842-7e512558b433/window/rect[39m
[35m[HTTP][39m [90m{}[39m
[35m[HTTP][39m [37m<-- GET /wd/hub/session/220ab180-6bdf-49e4-a842-7e512558b433/window/rect [39m[32m200[39m [90m45 ms - 50[39m
[35m[HTTP][39m [90m[39m
[35m[HTTP][39m [37m-->[39m [37mPOST[39m [37m/wd/hub/session/220ab180-6bdf-49e4-a842-7e512558b433/elements[39m
[35m[HTTP][39m [90m{"using":"xpath","value":"//*[@class = 'android.widget.TextView' and (@text = 'Surat Kendaraan' or . = 'Surat Kendaraan') and @resource-id = 'com.bcaf.mobilesurvey:id/showhide_surat']"}[39m
[35m[HTTP][39m [37m<-- POST /wd/hub/session/220ab180-6bdf-49e4-a842-7e512558b433/elements [39m[32m200[39m [90m690 ms - 139[39m
[35m[HTTP][39m [90m[39m
[35m[HTTP][39m [37m-->[39m [37mGET[39m [37m/wd/hub/session/220ab180-6bdf-49e4-a842-7e512558b433/element/00000000-0000-07aa-ffff-ffff000018ea/location[39m
[35m[HTTP][39m [90m{}[39m
[35m[W3C (220ab180)][39m Driver proxy active, passing request on via HTTP proxy
[35m[WD Proxy][39m Replacing sessionId 3d0f6094-000a-4121-a14e-31ca05eeb540 with 220ab180-6bdf-49e4-a842-7e512558b433
[35m[HTTP][39m [37m<-- GET /wd/hub/session/220ab180-6bdf-49e4-a842-7e512558b433/element/00000000-0000-07aa-ffff-ffff000018ea/location [39m[32m200[39m [90m63 ms - 78[39m
[35m[HTTP][39m [90m[39m
[35m[HTTP][39m [37m-->[39m [37mPOST[39m [37m/wd/hub/session/220ab180-6bdf-49e4-a842-7e512558b433/timeouts[39m
[35m[HTTP][39m [90m{"implicit":30000}[39m
[35m[HTTP][39m [37m<-- POST /wd/hub/session/220ab180-6bdf-49e4-a842-7e512558b433/timeouts [39m[32m200[39m [90m3 ms - 14[39m
[35m[HTTP][39m [90m[39m
[35m[HTTP][39m [37m-->[39m [37mPOST[39m [37m/wd/hub/session/220ab180-6bdf-49e4-a842-7e512558b433/touch/perform[39m
[35m[HTTP][39m [90m{"actions":[{"action":"tap","options":{"x":1,"y":1,"element":"00000000-0000-07aa-ffff-ffff000018ea"}},{"action":"release","options":{}}]}[39m
[35m[UiAutomator2][39m calling get location: 00000000-0000-07aa-ffff-ffff000018ea
[35m[HTTP][39m [37m<-- POST /wd/hub/session/220ab180-6bdf-49e4-a842-7e512558b433/touch/perform [39m[32m200[39m [90m1377 ms - 14[39m
[35m[HTTP][39m [90m[39m
[35m[HTTP][39m [37m-->[39m [37mGET[39m [37m/wd/hub/session/220ab180-6bdf-49e4-a842-7e512558b433/context[39m
[35m[HTTP][39m [90m{}[39m
[35m[HTTP][39m [37m<-- GET /wd/hub/session/220ab180-6bdf-49e4-a842-7e512558b433/context [39m[32m200[39m [90m3 ms - 22[39m
[35m[HTTP][39m [90m[39m
[35m[HTTP][39m [37m-->[39m [37mGET[39m [37m/wd/hub/session/220ab180-6bdf-49e4-a842-7e512558b433/contexts[39m
[35m[HTTP][39m [90m{}[39m
[35m[HTTP][39m [37m<-- GET /wd/hub/session/220ab180-6bdf-49e4-a842-7e512558b433/contexts [39m[32m200[39m [90m132 ms - 24[39m
[35m[HTTP][39m [90m[39m
[35m[HTTP][39m [37m-->[39m [37mPOST[39m [37m/wd/hub/session/220ab180-6bdf-49e4-a842-7e512558b433/context[39m
[35m[HTTP][39m [90m{"name":"NATIVE_APP"}[39m
[35m[HTTP][39m [37m<-- POST /wd/hub/session/220ab180-6bdf-49e4-a842-7e512558b433/context [39m[32m200[39m [90m1 ms - 14[39m
[35m[HTTP][39m [90m[39m
[35m[HTTP][39m [37m-->[39m [37mGET[39m [37m/wd/hub/session/220ab180-6bdf-49e4-a842-7e512558b433/window/rect[39m
[35m[HTTP][39m [90m{}[39m
[35m[HTTP][39m [37m<-- GET /wd/hub/session/220ab180-6bdf-49e4-a842-7e512558b433/window/rect [39m[32m200[39m [90m46 ms - 50[39m
[35m[HTTP][39m [90m[39m
[35m[HTTP][39m [37m-->[39m [37mPOST[39m [37m/wd/hub/session/220ab180-6bdf-49e4-a842-7e512558b433/execute/sync[39m
[35m[HTTP][39m [90m{"script":"mobile: viewportScreenshot","args":[]}[39m
[35m[AndroidDriver][39m Executing native command 'mobile: viewportScreenshot'
[35m[HTTP][39m [37m<-- POST /wd/hub/session/220ab180-6bdf-49e4-a842-7e512558b433/execute/sync [39m[32m200[39m [90m2660 ms - 379752[39m
[35m[HTTP][39m [90m[39m
[35m[HTTP][39m [37m-->[39m [37mPOST[39m [37m/wd/hub/session/220ab180-6bdf-49e4-a842-7e512558b433/context[39m
[35m[HTTP][39m [90m{"name":"NATIVE_APP"}[39m
[35m[HTTP][39m [37m<-- POST /wd/hub/session/220ab180-6bdf-49e4-a842-7e512558b433/context [39m[32m200[39m [90m4 ms - 14[39m
[35m[HTTP][39m [90m[39m
[35m[HTTP][39m [37m-->[39m [37mGET[39m [37m/wd/hub/session/220ab180-6bdf-49e4-a842-7e512558b433/context[39m
[35m[HTTP][39m [90m{}[39m
[35m[HTTP][39m [37m<-- GET /wd/hub/session/220ab180-6bdf-49e4-a842-7e512558b433/context [39m[32m200[39m [90m1 ms - 22[39m
[35m[HTTP][39m [90m[39m
[35m[HTTP][39m [37m-->[39m [37mGET[39m [37m/wd/hub/session/220ab180-6bdf-49e4-a842-7e512558b433/contexts[39m
[35m[HTTP][39m [90m{}[39m
[35m[HTTP][39m [37m<-- GET /wd/hub/session/220ab180-6bdf-49e4-a842-7e512558b433/contexts [39m[32m200[39m [90m144 ms - 24[39m
[35m[HTTP][39m [90m[39m
[35m[HTTP][39m [37m-->[39m [37mPOST[39m [37m/wd/hub/session/220ab180-6bdf-49e4-a842-7e512558b433/context[39m
[35m[HTTP][39m [90m{"name":"NATIVE_APP"}[39m
[35m[HTTP][39m [37m<-- POST /wd/hub/session/220ab180-6bdf-49e4-a842-7e512558b433/context [39m[32m200[39m [90m2 ms - 14[39m
[35m[HTTP][39m [90m[39m
[35m[HTTP][39m [37m-->[39m [37mPOST[39m [37m/wd/hub/session/220ab180-6bdf-49e4-a842-7e512558b433/element[39m
[35m[HTTP][39m [90m{"using":"-android uiautomator","value":"new UiScrollable(new UiSelector().scrollable(true).instance(0)).scrollIntoView(new UiSelector().textContains(\"Kondisi Kendaraan\"))"}[39m
[35m[HTTP][39m [37m<-- POST /wd/hub/session/220ab180-6bdf-49e4-a842-7e512558b433/element [39m[32m200[39m [90m5592 ms - 137[39m
[35m[HTTP][39m [90m[39m
[35m[HTTP][39m [37m-->[39m [37mPOST[39m [37m/wd/hub/session/220ab180-6bdf-49e4-a842-7e512558b433/context[39m
[35m[HTTP][39m [90m{"name":"NATIVE_APP"}[39m
[35m[HTTP][39m [37m<-- POST /wd/hub/session/220ab180-6bdf-49e4-a842-7e512558b433/context [39m[32m200[39m [90m3 ms - 14[39m
[35m[HTTP][39m [90m[39m
[35m[HTTP][39m [37m-->[39m [37mPOST[39m [37m/wd/hub/session/220ab180-6bdf-49e4-a842-7e512558b433/timeouts[39m
[35m[HTTP][39m [90m{"implicit":50}[39m
[35m[HTTP][39m [37m<-- POST /wd/hub/session/220ab180-6bdf-49e4-a842-7e512558b433/timeouts [39m[32m200[39m [90m1 ms - 14[39m
[35m[HTTP][39m [90m[39m
[35m[HTTP][39m [37m-->[39m [37mGET[39m [37m/wd/hub/session/220ab180-6bdf-49e4-a842-7e512558b433/window/rect[39m
[35m[HTTP][39m [90m{}[39m
[35m[HTTP][39m [37m<-- GET /wd/hub/session/220ab180-6bdf-49e4-a842-7e512558b433/window/rect [39m[32m200[39m [90m36 ms - 50[39m
[35m[HTTP][39m [90m[39m
[35m[HTTP][39m [37m-->[39m [37mPOST[39m [37m/wd/hub/session/220ab180-6bdf-49e4-a842-7e512558b433/elements[39m
[35m[HTTP][39m [90m{"using":"xpath","value":"//*[@class = 'android.widget.TextView' and (@text = 'Kondisi Kendaraan' or . = 'Kondisi Kendaraan') and @resource-id = 'com.bcaf.mobilesurvey:id/showhide_kondisi']"}[39m
[35m[HTTP][39m [37m<-- POST /wd/hub/session/220ab180-6bdf-49e4-a842-7e512558b433/elements [39m[32m200[39m [90m685 ms - 139[39m
[35m[HTTP][39m [90m[39m
[35m[HTTP][39m [37m-->[39m [37mGET[39m [37m/wd/hub/session/220ab180-6bdf-49e4-a842-7e512558b433/element/00000000-0000-07aa-ffff-ffff000018ec/location[39m
[35m[HTTP][39m [90m{}[39m
[35m[W3C (220ab180)][39m Driver proxy active, passing request on via HTTP proxy
[35m[WD Proxy][39m Replacing sessionId 3d0f6094-000a-4121-a14e-31ca05eeb540 with 220ab180-6bdf-49e4-a842-7e512558b433
[35m[HTTP][39m [37m<-- GET /wd/hub/session/220ab180-6bdf-49e4-a842-7e512558b433/element/00000000-0000-07aa-ffff-ffff000018ec/location [39m[32m200[39m [90m40 ms - 78[39m
[35m[HTTP][39m [90m[39m
[35m[HTTP][39m [37m-->[39m [37mPOST[39m [37m/wd/hub/session/220ab180-6bdf-49e4-a842-7e512558b433/timeouts[39m
[35m[HTTP][39m [90m{"implicit":30000}[39m
[35m[HTTP][39m [37m<-- POST /wd/hub/session/220ab180-6bdf-49e4-a842-7e512558b433/timeouts [39m[32m200[39m [90m2 ms - 14[39m
[35m[HTTP][39m [90m[39m
[35m[HTTP][39m [37m-->[39m [37mPOST[39m [37m/wd/hub/session/220ab180-6bdf-49e4-a842-7e512558b433/touch/perform[39m
[35m[HTTP][39m [90m{"actions":[{"action":"tap","options":{"x":1,"y":1,"element":"00000000-0000-07aa-ffff-ffff000018ec"}},{"action":"release","options":{}}]}[39m
[35m[UiAutomator2][39m calling get location: 00000000-0000-07aa-ffff-ffff000018ec
[35m[HTTP][39m [37m<-- POST /wd/hub/session/220ab180-6bdf-49e4-a842-7e512558b433/touch/perform [39m[32m200[39m [90m902 ms - 14[39m
[35m[HTTP][39m [90m[39m
[35m[HTTP][39m [37m-->[39m [37mGET[39m [37m/wd/hub/session/220ab180-6bdf-49e4-a842-7e512558b433/context[39m
[35m[HTTP][39m [90m{}[39m
[35m[HTTP][39m [37m<-- GET /wd/hub/session/220ab180-6bdf-49e4-a842-7e512558b433/context [39m[32m200[39m [90m2 ms - 22[39m
[35m[HTTP][39m [90m[39m
[35m[HTTP][39m [37m-->[39m [37mGET[39m [37m/wd/hub/session/220ab180-6bdf-49e4-a842-7e512558b433/contexts[39m
[35m[HTTP][39m [90m{}[39m
[35m[HTTP][39m [37m<-- GET /wd/hub/session/220ab180-6bdf-49e4-a842-7e512558b433/contexts [39m[32m200[39m [90m124 ms - 24[39m
[35m[HTTP][39m [90m[39m
[35m[HTTP][39m [37m-->[39m [37mPOST[39m [37m/wd/hub/session/220ab180-6bdf-49e4-a842-7e512558b433/context[39m
[35m[HTTP][39m [90m{"name":"NATIVE_APP"}[39m
[35m[HTTP][39m [37m<-- POST /wd/hub/session/220ab180-6bdf-49e4-a842-7e512558b433/context [39m[32m200[39m [90m2 ms - 14[39m
[35m[HTTP][39m [90m[39m
[35m[HTTP][39m [37m-->[39m [37mGET[39m [37m/wd/hub/session/220ab180-6bdf-49e4-a842-7e512558b433/window/rect[39m
[35m[HTTP][39m [90m{}[39m
[35m[HTTP][39m [37m<-- GET /wd/hub/session/220ab180-6bdf-49e4-a842-7e512558b433/window/rect [39m[32m200[39m [90m20 ms - 50[39m
[35m[HTTP][39m [90m[39m
[35m[HTTP][39m [37m-->[39m [37mPOST[39m [37m/wd/hub/session/220ab180-6bdf-49e4-a842-7e512558b433/execute/sync[39m
[35m[HTTP][39m [90m{"script":"mobile: viewportScreenshot","args":[]}[39m
[35m[AndroidDriver][39m Executing native command 'mobile: viewportScreenshot'
[35m[HTTP][39m [37m<-- POST /wd/hub/session/220ab180-6bdf-49e4-a842-7e512558b433/execute/sync [39m[32m200[39m [90m1707 ms - 374556[39m
[35m[HTTP][39m [90m[39m
[35m[HTTP][39m [37m-->[39m [37mPOST[39m [37m/wd/hub/session/220ab180-6bdf-49e4-a842-7e512558b433/context[39m
[35m[HTTP][39m [90m{"name":"NATIVE_APP"}[39m
[35m[HTTP][39m [37m<-- POST /wd/hub/session/220ab180-6bdf-49e4-a842-7e512558b433/context [39m[32m200[39m [90m2 ms - 14[39m
[35m[HTTP][39m [90m[39m
[35m[HTTP][39m [37m-->[39m [37mGET[39m [37m/wd/hub/session/220ab180-6bdf-49e4-a842-7e512558b433/context[39m
[35m[HTTP][39m [90m{}[39m
[35m[HTTP][39m [37m<-- GET /wd/hub/session/220ab180-6bdf-49e4-a842-7e512558b433/context [39m[32m200[39m [90m2 ms - 22[39m
[35m[HTTP][39m [90m[39m
[35m[HTTP][39m [37m-->[39m [37mGET[39m [37m/wd/hub/session/220ab180-6bdf-49e4-a842-7e512558b433/contexts[39m
[35m[HTTP][39m [90m{}[39m
[35m[HTTP][39m [37m<-- GET /wd/hub/session/220ab180-6bdf-49e4-a842-7e512558b433/contexts [39m[32m200[39m [90m122 ms - 24[39m
[35m[HTTP][39m [90m[39m
[35m[HTTP][39m [37m-->[39m [37mPOST[39m [37m/wd/hub/session/220ab180-6bdf-49e4-a842-7e512558b433/context[39m
[35m[HTTP][39m [90m{"name":"NATIVE_APP"}[39m
[35m[HTTP][39m [37m<-- POST /wd/hub/session/220ab180-6bdf-49e4-a842-7e512558b433/context [39m[32m200[39m [90m2 ms - 14[39m
[35m[HTTP][39m [90m[39m
[35m[HTTP][39m [37m-->[39m [37mPOST[39m [37m/wd/hub/session/220ab180-6bdf-49e4-a842-7e512558b433/element[39m
[35m[HTTP][39m [90m{"using":"-android uiautomator","value":"new UiScrollable(new UiSelector().scrollable(true).instance(0)).scrollIntoView(new UiSelector().textContains(\"Foto Mobil\"))"}[39m
[35m[HTTP][39m [37m<-- POST /wd/hub/session/220ab180-6bdf-49e4-a842-7e512558b433/element [39m[32m200[39m [90m11160 ms - 137[39m
[35m[HTTP][39m [90m[39m
[35m[HTTP][39m [37m-->[39m [37mPOST[39m [37m/wd/hub/session/220ab180-6bdf-49e4-a842-7e512558b433/context[39m
[35m[HTTP][39m [90m{"name":"NATIVE_APP"}[39m
[35m[HTTP][39m [37m<-- POST /wd/hub/session/220ab180-6bdf-49e4-a842-7e512558b433/context [39m[32m200[39m [90m2 ms - 14[39m
[35m[HTTP][39m [90m[39m
[35m[HTTP][39m [37m-->[39m [37mPOST[39m [37m/wd/hub/session/220ab180-6bdf-49e4-a842-7e512558b433/timeouts[39m
[35m[HTTP][39m [90m{"implicit":50}[39m
[35m[HTTP][39m [37m<-- POST /wd/hub/session/220ab180-6bdf-49e4-a842-7e512558b433/timeouts [39m[32m200[39m [90m2 ms - 14[39m
[35m[HTTP][39m [90m[39m
[35m[HTTP][39m [37m-->[39m [37mGET[39m [37m/wd/hub/session/220ab180-6bdf-49e4-a842-7e512558b433/window/rect[39m
[35m[HTTP][39m [90m{}[39m
[35m[HTTP][39m [37m<-- GET /wd/hub/session/220ab180-6bdf-49e4-a842-7e512558b433/window/rect [39m[32m200[39m [90m50 ms - 50[39m
[35m[HTTP][39m [90m[39m
[35m[HTTP][39m [37m-->[39m [37mPOST[39m [37m/wd/hub/session/220ab180-6bdf-49e4-a842-7e512558b433/elements[39m
[35m[HTTP][39m [90m{"using":"xpath","value":"//*[@class = 'android.widget.TextView' and (@text = 'Foto Mobil' or . = 'Foto Mobil') and @resource-id = 'com.bcaf.mobilesurvey:id/showhide_foto']"}[39m
[35m[HTTP][39m [37m<-- POST /wd/hub/session/220ab180-6bdf-49e4-a842-7e512558b433/elements [39m[32m200[39m [90m949 ms - 139[39m
[35m[HTTP][39m [90m[39m
[35m[HTTP][39m [37m-->[39m [37mGET[39m [37m/wd/hub/session/220ab180-6bdf-49e4-a842-7e512558b433/element/00000000-0000-07aa-ffff-ffff0000190c/location[39m
[35m[HTTP][39m [90m{}[39m
[35m[W3C (220ab180)][39m Driver proxy active, passing request on via HTTP proxy
[35m[WD Proxy][39m Replacing sessionId 3d0f6094-000a-4121-a14e-31ca05eeb540 with 220ab180-6bdf-49e4-a842-7e512558b433
[35m[HTTP][39m [37m<-- GET /wd/hub/session/220ab180-6bdf-49e4-a842-7e512558b433/element/00000000-0000-07aa-ffff-ffff0000190c/location [39m[32m200[39m [90m36 ms - 78[39m
[35m[HTTP][39m [90m[39m
[35m[HTTP][39m [37m-->[39m [37mPOST[39m [37m/wd/hub/session/220ab180-6bdf-49e4-a842-7e512558b433/timeouts[39m
[35m[HTTP][39m [90m{"implicit":30000}[39m
[35m[HTTP][39m [37m<-- POST /wd/hub/session/220ab180-6bdf-49e4-a842-7e512558b433/timeouts [39m[32m200[39m [90m2 ms - 14[39m
[35m[HTTP][39m [90m[39m
[35m[HTTP][39m [37m-->[39m [37mPOST[39m [37m/wd/hub/session/220ab180-6bdf-49e4-a842-7e512558b433/touch/perform[39m
[35m[HTTP][39m [90m{"actions":[{"action":"tap","options":{"x":1,"y":1,"element":"00000000-0000-07aa-ffff-ffff0000190c"}},{"action":"release","options":{}}]}[39m
[35m[UiAutomator2][39m calling get location: 00000000-0000-07aa-ffff-ffff0000190c
[35m[HTTP][39m [37m<-- POST /wd/hub/session/220ab180-6bdf-49e4-a842-7e512558b433/touch/perform [39m[32m200[39m [90m838 ms - 14[39m
[35m[HTTP][39m [90m[39m
[35m[HTTP][39m [37m-->[39m [37mGET[39m [37m/wd/hub/session/220ab180-6bdf-49e4-a842-7e512558b433/context[39m
[35m[HTTP][39m [90m{}[39m
[35m[HTTP][39m [37m<-- GET /wd/hub/session/220ab180-6bdf-49e4-a842-7e512558b433/context [39m[32m200[39m [90m1 ms - 22[39m
[35m[HTTP][39m [90m[39m
[35m[HTTP][39m [37m-->[39m [37mGET[39m [37m/wd/hub/session/220ab180-6bdf-49e4-a842-7e512558b433/contexts[39m
[35m[HTTP][39m [90m{}[39m
[35m[HTTP][39m [37m<-- GET /wd/hub/session/220ab180-6bdf-49e4-a842-7e512558b433/contexts [39m[32m200[39m [90m123 ms - 24[39m
[35m[HTTP][39m [90m[39m
[35m[HTTP][39m [37m-->[39m [37mPOST[39m [37m/wd/hub/session/220ab180-6bdf-49e4-a842-7e512558b433/context[39m
[35m[HTTP][39m [90m{"name":"NATIVE_APP"}[39m
[35m[HTTP][39m [37m<-- POST /wd/hub/session/220ab180-6bdf-49e4-a842-7e512558b433/context [39m[32m200[39m [90m2 ms - 14[39m
[35m[HTTP][39m [90m[39m
[35m[HTTP][39m [37m-->[39m [37mPOST[39m [37m/wd/hub/session/220ab180-6bdf-49e4-a842-7e512558b433/element[39m
[35m[HTTP][39m [90m{"using":"-android uiautomator","value":"new UiScrollable(new UiSelector().scrollable(true).instance(0)).scrollIntoView(new UiSelector().textContains(\"Kiri Depan\"))"}[39m
[35m[HTTP][39m [37m<-- POST /wd/hub/session/220ab180-6bdf-49e4-a842-7e512558b433/element [39m[32m200[39m [90m12953 ms - 137[39m
[35m[HTTP][39m [90m[39m
[35m[HTTP][39m [37m-->[39m [37mPOST[39m [37m/wd/hub/session/220ab180-6bdf-49e4-a842-7e512558b433/context[39m
[35m[HTTP][39m [90m{"name":"NATIVE_APP"}[39m
[35m[HTTP][39m [37m<-- POST /wd/hub/session/220ab180-6bdf-49e4-a842-7e512558b433/context [39m[32m200[39m [90m2 ms - 14[39m
[35m[HTTP][39m [90m[39m
[35m[HTTP][39m [37m-->[39m [37mGET[39m [37m/wd/hub/session/220ab180-6bdf-49e4-a842-7e512558b433/context[39m
[35m[HTTP][39m [90m{}[39m
[35m[HTTP][39m [37m<-- GET /wd/hub/session/220ab180-6bdf-49e4-a842-7e512558b433/context [39m[32m200[39m [90m2 ms - 22[39m
[35m[HTTP][39m [90m[39m
[35m[HTTP][39m [37m-->[39m [37mGET[39m [37m/wd/hub/session/220ab180-6bdf-49e4-a842-7e512558b433/contexts[39m
[35m[HTTP][39m [90m{}[39m
[35m[HTTP][39m [37m<-- GET /wd/hub/session/220ab180-6bdf-49e4-a842-7e512558b433/contexts [39m[32m200[39m [90m125 ms - 24[39m
[35m[HTTP][39m [90m[39m
[35m[HTTP][39m [37m-->[39m [37mPOST[39m [37m/wd/hub/session/220ab180-6bdf-49e4-a842-7e512558b433/context[39m
[35m[HTTP][39m [90m{"name":"NATIVE_APP"}[39m
[35m[HTTP][39m [37m<-- POST /wd/hub/session/220ab180-6bdf-49e4-a842-7e512558b433/context [39m[32m200[39m [90m2 ms - 14[39m
[35m[HTTP][39m [90m[39m
[35m[HTTP][39m [37m-->[39m [37mGET[39m [37m/wd/hub/session/220ab180-6bdf-49e4-a842-7e512558b433/window/rect[39m
[35m[HTTP][39m [90m{}[39m
[35m[HTTP][39m [37m<-- GET /wd/hub/session/220ab180-6bdf-49e4-a842-7e512558b433/window/rect [39m[32m200[39m [90m49 ms - 50[39m
[35m[HTTP][39m [90m[39m
[35m[HTTP][39m [37m-->[39m [37mPOST[39m [37m/wd/hub/session/220ab180-6bdf-49e4-a842-7e512558b433/execute/sync[39m
[35m[HTTP][39m [90m{"script":"mobile: viewportScreenshot","args":[]}[39m
[35m[AndroidDriver][39m Executing native command 'mobile: viewportScreenshot'
[35m[HTTP][39m [37m<-- POST /wd/hub/session/220ab180-6bdf-49e4-a842-7e512558b433/execute/sync [39m[32m200[39m [90m2910 ms - 2033416[39m
[35m[HTTP][39m [90m[39m
[35m[HTTP][39m [37m-->[39m [37mPOST[39m [37m/wd/hub/session/220ab180-6bdf-49e4-a842-7e512558b433/context[39m
[35m[HTTP][39m [90m{"name":"NATIVE_APP"}[39m
[35m[HTTP][39m [37m<-- POST /wd/hub/session/220ab180-6bdf-49e4-a842-7e512558b433/context [39m[32m200[39m [90m2 ms - 14[39m
[35m[HTTP][39m [90m[39m
[35m[HTTP][39m [37m-->[39m [37mDELETE[39m [37m/wd/hub/session/220ab180-6bdf-49e4-a842-7e512558b433[39m
[35m[HTTP][39m [90m{}[39m
[35m[Appium][39m Removing session 220ab180-6bdf-49e4-a842-7e512558b433 from our master session list
[35m[UiAutomator2][39m Restoring hidden api policy to the device default configuration
[35m[HTTP][39m [37m<-- DELETE /wd/hub/session/220ab180-6bdf-49e4-a842-7e512558b433 [39m[32m200[39m [90m826 ms - 14[39m
[35m[HTTP][39m [90m[39m
