[35m[Appium][39m Welcome to Appium v1.22.2
[35m[Appium][39m Non-default server args:
[35m[Appium][39m   port: 58593
[35m[Appium][39m   loglevel: info
[35m[Appium][39m   tmpDir: C:\Users\NIAYUS~1\AppData\Local\Temp\\Katalon\Appium\Temp1645428580339
[35m[Appium][39m   chromedriverPort: 58594
[35m[Appium][39m Deprecated server args:
[35m[Appium][39m   [31m--chromedriver-port[39m => --default-capabilities
[35m[Appium][39m Default capabilities, which will be added to each request unless overridden by desired capabilities:
[35m[Appium][39m   chromedriverPort: 58594
[35m[Appium][39m Appium REST http interface listener started on 0.0.0.0:58593
[35m[HTTP][39m [37m-->[39m [37mGET[39m [37m/wd/hub/status[39m
[35m[HTTP][39m [90m{}[39m
[35m[HTTP][39m [37m<-- GET /wd/hub/status [39m[32m200[39m [90m16 ms - 68[39m
[35m[HTTP][39m [90m[39m
[35m[HTTP][39m [37m-->[39m [37mPOST[39m [37m/wd/hub/session[39m
[35m[HTTP][39m [90m{"desiredCapabilities":{"appActivity":".Settings","appPackage":"com.android.settings","newCommandTimeout":1800,"platformVersion":"11","automationName":"uiautomator2","autoGrantPermissions":true,"platformName":"Android","udid":"RR8N605F11Y","deviceName":"samsung SM-M315F (Android 11)","platform":"ANDROID","systemPort":8239},"capabilities":{"firstMatch":[{"appium:appActivity":".Settings","appium:appPackage":"com.android.settings","appium:autoGrantPermissions":true,"appium:automationName":"uiautomator2","appium:deviceName":"samsung SM-M315F (Android 11)","appium:newCommandTimeout":1800,"platform":"ANDROID","platformName":"android","appium:platformVersion":"11","appium:systemPort":8239,"appium:udid":"RR8N605F11Y"}]}}[39m
[35m[BaseDriver][39m The following capabilities are not standard capabilities and should have an extension prefix:
[35m[BaseDriver][39m   platform
[35m[BaseDriver][39m   chromedriverPort
[35m[Appium][39m Appium v1.22.2 creating new AndroidUiautomator2Driver (v1.70.1) session
[35m[BaseDriver][39m The following capabilities were provided, but are not recognized by Appium:
[35m[BaseDriver][39m   platform
[35m[BaseDriver][39m Session created with session id: 0dd07d9f-4b40-43c7-91ca-5c1166ccfab1
[35m[UiAutomator2][39m Starting 'com.android.settings' directly on the device
[35m[ADB][39m Cannot sort build-tools folders ["29.0.3","android-8.1.0"] by semantic version names.
[35m[ADB][39m Falling back to sorting by modification date. Original error: Invalid Version: android-8.1.0
[35m[ADB][39m Found 2 'build-tools' folders under 'C:\Users\Nia Yusniati\.katalon\tools\android_sdk' (newest first):
[35m[ADB][39m     C:/Users/Nia Yusniati/.katalon/tools/android_sdk/build-tools/29.0.3
[35m[ADB][39m     C:/Users/Nia Yusniati/.katalon/tools/android_sdk/build-tools/android-8.1.0
[35m[ADB][39m Using 'adb.exe' from 'C:\Users\Nia Yusniati\.katalon\tools\android_sdk\platform-tools\adb.exe'
[35m[AndroidDriver][39m Retrieving device list
[35m[AndroidDriver][39m Using device: RR8N605F11Y
[35m[ADB][39m Using 'adb.exe' from 'C:\Users\Nia Yusniati\.katalon\tools\android_sdk\platform-tools\adb.exe'
[35m[ADB][39m Getting device platform version
[35m[UiAutomator2][39m Relaxing hidden api policy
[35m[AndroidDriver][39m No app sent in, not parsing package/activity
[35m[ADB][39m Using 'apksigner.jar' from 'C:\Users\Nia Yusniati\.katalon\tools\android_sdk\build-tools\29.0.3\lib\apksigner.jar'
[35m[ADB][39m 'C:\Users\Nia Yusniati\AppData\Roaming\npm\node_modules\appium\node_modules\appium-uiautomator2-server\apks\appium-uiautomator2-server-v4.27.0.apk' is signed with the default certificate
[35m[ADB][39m 'C:\Users\Nia Yusniati\AppData\Roaming\npm\node_modules\appium\node_modules\appium-uiautomator2-server\apks\appium-uiautomator2-server-debug-androidTest.apk' is signed with the default certificate
[35m[UiAutomator2][39m Server packages are not going to be (re)installed
[35m[ADB][39m Adding packages ["io.appium.settings","io.appium.uiautomator2.server","io.appium.uiautomator2.server.test"] to Doze whitelist
[35m[UiAutomator2][39m Starting UIAutomator2 server 4.27.0
[35m[UiAutomator2][39m Using UIAutomator2 server from 'C:\Users\Nia Yusniati\AppData\Roaming\npm\node_modules\appium\node_modules\appium-uiautomator2-server\apks\appium-uiautomator2-server-v4.27.0.apk' and test from 'C:\Users\Nia Yusniati\AppData\Roaming\npm\node_modules\appium\node_modules\appium-uiautomator2-server\apks\appium-uiautomator2-server-debug-androidTest.apk'
[35m[UiAutomator2][39m Waiting up to 30000ms for UiAutomator2 to be online...
[35m[WD Proxy][39m socket hang up
[35m[WD Proxy][39m socket hang up
[35m[WD Proxy][39m socket hang up
[35m[WD Proxy][39m Determined the downstream protocol as 'W3C'
[35m[AndroidDriver][39m Screen already unlocked, doing nothing
[35m[UiAutomator2][39m Starting 'com.android.settings/.Settings and waiting for 'com.android.settings/.Settings'
[35m[Appium][39m New AndroidUiautomator2Driver session created successfully, session 0dd07d9f-4b40-43c7-91ca-5c1166ccfab1 added to master session list
[35m[HTTP][39m [37m<-- POST /wd/hub/session [39m[32m200[39m [90m11636 ms - 1158[39m
[35m[HTTP][39m [90m[39m
[35m[HTTP][39m [37m-->[39m [37mGET[39m [37m/wd/hub/session/0dd07d9f-4b40-43c7-91ca-5c1166ccfab1[39m
[35m[HTTP][39m [90m{}[39m
[35m[HTTP][39m [37m<-- GET /wd/hub/session/0dd07d9f-4b40-43c7-91ca-5c1166ccfab1 [39m[32m200[39m [90m15 ms - 1112[39m
[35m[HTTP][39m [90m[39m
[35m[HTTP][39m [37m-->[39m [37mGET[39m [37m/wd/hub/session/0dd07d9f-4b40-43c7-91ca-5c1166ccfab1[39m
[35m[HTTP][39m [90m{}[39m
[35m[HTTP][39m [37m<-- GET /wd/hub/session/0dd07d9f-4b40-43c7-91ca-5c1166ccfab1 [39m[32m200[39m [90m16 ms - 1112[39m
[35m[HTTP][39m [90m[39m
[35m[HTTP][39m [37m-->[39m [37mGET[39m [37m/wd/hub/status[39m
[35m[HTTP][39m [90m{}[39m
[35m[HTTP][39m [37m<-- GET /wd/hub/status [39m[32m200[39m [90m1 ms - 68[39m
[35m[HTTP][39m [90m[39m
[35m[HTTP][39m [37m-->[39m [37mPOST[39m [37m/wd/hub/session/0dd07d9f-4b40-43c7-91ca-5c1166ccfab1/timeouts[39m
[35m[HTTP][39m [90m{"implicit":30000}[39m
[35m[HTTP][39m [37m<-- POST /wd/hub/session/0dd07d9f-4b40-43c7-91ca-5c1166ccfab1/timeouts [39m[32m200[39m [90m5 ms - 14[39m
[35m[HTTP][39m [90m[39m
[35m[HTTP][39m [37m-->[39m [37mGET[39m [37m/wd/hub/session/0dd07d9f-4b40-43c7-91ca-5c1166ccfab1/screenshot[39m
[35m[HTTP][39m [90m{}[39m
[35m[HTTP][39m [37m<-- GET /wd/hub/session/0dd07d9f-4b40-43c7-91ca-5c1166ccfab1/screenshot [39m[32m200[39m [90m621 ms - 185636[39m
[35m[HTTP][39m [90m[39m
[35m[HTTP][39m [37m-->[39m [37mGET[39m [37m/wd/hub/session/0dd07d9f-4b40-43c7-91ca-5c1166ccfab1/window/rect[39m
[35m[HTTP][39m [90m{}[39m
[35m[HTTP][39m [37m<-- GET /wd/hub/session/0dd07d9f-4b40-43c7-91ca-5c1166ccfab1/window/rect [39m[32m200[39m [90m45 ms - 50[39m
[35m[HTTP][39m [90m[39m
[35m[HTTP][39m [37m-->[39m [37mGET[39m [37m/wd/hub/session/0dd07d9f-4b40-43c7-91ca-5c1166ccfab1/appium/device/system_bars[39m
[35m[HTTP][39m [90m{}[39m
[35m[HTTP][39m [37m<-- GET /wd/hub/session/0dd07d9f-4b40-43c7-91ca-5c1166ccfab1/appium/device/system_bars [39m[32m200[39m [90m168 ms - 148[39m
[35m[HTTP][39m [90m[39m
[35m[HTTP][39m [37m-->[39m [37mPOST[39m [37m/wd/hub/session/0dd07d9f-4b40-43c7-91ca-5c1166ccfab1/appium/device/activate_app[39m
[35m[HTTP][39m [90m{"bundleId":"com.bcaf.mobilesurvey"}[39m
[35m[HTTP][39m [37m<-- POST /wd/hub/session/0dd07d9f-4b40-43c7-91ca-5c1166ccfab1/appium/device/activate_app [39m[32m200[39m [90m713 ms - 14[39m
[35m[HTTP][39m [90m[39m
[35m[HTTP][39m [37m-->[39m [37mPOST[39m [37m/wd/hub/session/0dd07d9f-4b40-43c7-91ca-5c1166ccfab1/timeouts[39m
[35m[HTTP][39m [90m{"implicit":50}[39m
[35m[HTTP][39m [37m<-- POST /wd/hub/session/0dd07d9f-4b40-43c7-91ca-5c1166ccfab1/timeouts [39m[32m200[39m [90m4 ms - 14[39m
[35m[HTTP][39m [90m[39m
[35m[HTTP][39m [37m-->[39m [37mGET[39m [37m/wd/hub/session/0dd07d9f-4b40-43c7-91ca-5c1166ccfab1/window/rect[39m
[35m[HTTP][39m [90m{}[39m
[35m[HTTP][39m [37m<-- GET /wd/hub/session/0dd07d9f-4b40-43c7-91ca-5c1166ccfab1/window/rect [39m[32m200[39m [90m28 ms - 50[39m
[35m[HTTP][39m [90m[39m
[35m[HTTP][39m [37m-->[39m [37mPOST[39m [37m/wd/hub/session/0dd07d9f-4b40-43c7-91ca-5c1166ccfab1/elements[39m
[35m[HTTP][39m [90m{"using":"xpath","value":"//*[@class = 'android.widget.EditText' and (@text = 'NIP' or . = 'NIP') and @resource-id = 'com.bcaf.mobilesurvey:id/nip']"}[39m
[35m[HTTP][39m [37m<-- POST /wd/hub/session/0dd07d9f-4b40-43c7-91ca-5c1166ccfab1/elements [39m[32m200[39m [90m1313 ms - 139[39m
[35m[HTTP][39m [90m[39m
[35m[HTTP][39m [37m-->[39m [37mGET[39m [37m/wd/hub/session/0dd07d9f-4b40-43c7-91ca-5c1166ccfab1/element/00000000-0000-08a6-ffff-ffff0000321b/location[39m
[35m[HTTP][39m [90m{}[39m
[35m[W3C (0dd07d9f)][39m Driver proxy active, passing request on via HTTP proxy
[35m[WD Proxy][39m Replacing sessionId 308efde0-89d7-4983-9f8e-1eaf8a37b637 with 0dd07d9f-4b40-43c7-91ca-5c1166ccfab1
[35m[HTTP][39m [37m<-- GET /wd/hub/session/0dd07d9f-4b40-43c7-91ca-5c1166ccfab1/element/00000000-0000-08a6-ffff-ffff0000321b/location [39m[32m200[39m [90m35 ms - 78[39m
[35m[HTTP][39m [90m[39m
[35m[HTTP][39m [37m-->[39m [37mPOST[39m [37m/wd/hub/session/0dd07d9f-4b40-43c7-91ca-5c1166ccfab1/timeouts[39m
[35m[HTTP][39m [90m{"implicit":30000}[39m
[35m[HTTP][39m [37m<-- POST /wd/hub/session/0dd07d9f-4b40-43c7-91ca-5c1166ccfab1/timeouts [39m[32m200[39m [90m3 ms - 14[39m
[35m[HTTP][39m [90m[39m
[35m[HTTP][39m [37m-->[39m [37mPOST[39m [37m/wd/hub/session/0dd07d9f-4b40-43c7-91ca-5c1166ccfab1/element/00000000-0000-08a6-ffff-ffff0000321b/clear[39m
[35m[HTTP][39m [90m{"id":"00000000-0000-08a6-ffff-ffff0000321b"}[39m
[35m[HTTP][39m [37m<-- POST /wd/hub/session/0dd07d9f-4b40-43c7-91ca-5c1166ccfab1/element/00000000-0000-08a6-ffff-ffff0000321b/clear [39m[32m200[39m [90m96 ms - 14[39m
[35m[HTTP][39m [90m[39m
[35m[HTTP][39m [37m-->[39m [37mPOST[39m [37m/wd/hub/session/0dd07d9f-4b40-43c7-91ca-5c1166ccfab1/element/00000000-0000-08a6-ffff-ffff0000321b/value[39m
[35m[HTTP][39m [90m{"id":"00000000-0000-08a6-ffff-ffff0000321b","text":"20211001","value":["2","0","2","1","1","0","0","1"]}[39m
[35m[HTTP][39m [37m<-- POST /wd/hub/session/0dd07d9f-4b40-43c7-91ca-5c1166ccfab1/element/00000000-0000-08a6-ffff-ffff0000321b/value [39m[32m200[39m [90m1081 ms - 14[39m
[35m[HTTP][39m [90m[39m
[35m[HTTP][39m [37m-->[39m [37mPOST[39m [37m/wd/hub/session/0dd07d9f-4b40-43c7-91ca-5c1166ccfab1/timeouts[39m
[35m[HTTP][39m [90m{"implicit":50}[39m
[35m[HTTP][39m [37m<-- POST /wd/hub/session/0dd07d9f-4b40-43c7-91ca-5c1166ccfab1/timeouts [39m[32m200[39m [90m2 ms - 14[39m
[35m[HTTP][39m [90m[39m
[35m[HTTP][39m [37m-->[39m [37mGET[39m [37m/wd/hub/session/0dd07d9f-4b40-43c7-91ca-5c1166ccfab1/window/rect[39m
[35m[HTTP][39m [90m{}[39m
[35m[HTTP][39m [37m<-- GET /wd/hub/session/0dd07d9f-4b40-43c7-91ca-5c1166ccfab1/window/rect [39m[32m200[39m [90m33 ms - 50[39m
[35m[HTTP][39m [90m[39m
[35m[HTTP][39m [37m-->[39m [37mPOST[39m [37m/wd/hub/session/0dd07d9f-4b40-43c7-91ca-5c1166ccfab1/elements[39m
[35m[HTTP][39m [90m{"using":"xpath","value":"//*[@class = 'android.widget.EditText' and (@text = 'Password' or . = 'Password') and @resource-id = 'com.bcaf.mobilesurvey:id/password']"}[39m
[35m[HTTP][39m [37m<-- POST /wd/hub/session/0dd07d9f-4b40-43c7-91ca-5c1166ccfab1/elements [39m[32m200[39m [90m391 ms - 139[39m
[35m[HTTP][39m [90m[39m
[35m[HTTP][39m [37m-->[39m [37mGET[39m [37m/wd/hub/session/0dd07d9f-4b40-43c7-91ca-5c1166ccfab1/element/00000000-0000-08a6-ffff-ffff00003227/location[39m
[35m[HTTP][39m [90m{}[39m
[35m[W3C (0dd07d9f)][39m Driver proxy active, passing request on via HTTP proxy
[35m[WD Proxy][39m Replacing sessionId 308efde0-89d7-4983-9f8e-1eaf8a37b637 with 0dd07d9f-4b40-43c7-91ca-5c1166ccfab1
[35m[HTTP][39m [37m<-- GET /wd/hub/session/0dd07d9f-4b40-43c7-91ca-5c1166ccfab1/element/00000000-0000-08a6-ffff-ffff00003227/location [39m[32m200[39m [90m26 ms - 78[39m
[35m[HTTP][39m [90m[39m
[35m[HTTP][39m [37m-->[39m [37mPOST[39m [37m/wd/hub/session/0dd07d9f-4b40-43c7-91ca-5c1166ccfab1/timeouts[39m
[35m[HTTP][39m [90m{"implicit":30000}[39m
[35m[HTTP][39m [37m<-- POST /wd/hub/session/0dd07d9f-4b40-43c7-91ca-5c1166ccfab1/timeouts [39m[32m200[39m [90m2 ms - 14[39m
[35m[HTTP][39m [90m[39m
[35m[HTTP][39m [37m-->[39m [37mPOST[39m [37m/wd/hub/session/0dd07d9f-4b40-43c7-91ca-5c1166ccfab1/element/00000000-0000-08a6-ffff-ffff00003227/clear[39m
[35m[HTTP][39m [90m{"id":"00000000-0000-08a6-ffff-ffff00003227"}[39m
[35m[HTTP][39m [37m<-- POST /wd/hub/session/0dd07d9f-4b40-43c7-91ca-5c1166ccfab1/element/00000000-0000-08a6-ffff-ffff00003227/clear [39m[32m200[39m [90m77 ms - 14[39m
[35m[HTTP][39m [90m[39m
[35m[HTTP][39m [37m-->[39m [37mPOST[39m [37m/wd/hub/session/0dd07d9f-4b40-43c7-91ca-5c1166ccfab1/element/00000000-0000-08a6-ffff-ffff00003227/value[39m
[35m[HTTP][39m [90m{"id":"00000000-0000-08a6-ffff-ffff00003227","text":"mobile123+","value":["m","o","b","i","l","e","1","2","3","+"]}[39m
[35m[HTTP][39m [37m<-- POST /wd/hub/session/0dd07d9f-4b40-43c7-91ca-5c1166ccfab1/element/00000000-0000-08a6-ffff-ffff00003227/value [39m[32m200[39m [90m671 ms - 14[39m
[35m[HTTP][39m [90m[39m
[35m[HTTP][39m [37m-->[39m [37mPOST[39m [37m/wd/hub/session/0dd07d9f-4b40-43c7-91ca-5c1166ccfab1/timeouts[39m
[35m[HTTP][39m [90m{"implicit":50}[39m
[35m[HTTP][39m [37m<-- POST /wd/hub/session/0dd07d9f-4b40-43c7-91ca-5c1166ccfab1/timeouts [39m[32m200[39m [90m2 ms - 14[39m
[35m[HTTP][39m [90m[39m
[35m[HTTP][39m [37m-->[39m [37mGET[39m [37m/wd/hub/session/0dd07d9f-4b40-43c7-91ca-5c1166ccfab1/window/rect[39m
[35m[HTTP][39m [90m{}[39m
[35m[HTTP][39m [37m<-- GET /wd/hub/session/0dd07d9f-4b40-43c7-91ca-5c1166ccfab1/window/rect [39m[32m200[39m [90m32 ms - 50[39m
[35m[HTTP][39m [90m[39m
[35m[HTTP][39m [37m-->[39m [37mPOST[39m [37m/wd/hub/session/0dd07d9f-4b40-43c7-91ca-5c1166ccfab1/elements[39m
[35m[HTTP][39m [90m{"using":"xpath","value":"//*[@class = 'android.widget.CheckBox' and (@text = 'Remember Me' or . = 'Remember Me') and @resource-id = 'com.bcaf.mobilesurvey:id/rememberMe']"}[39m
[35m[HTTP][39m [37m<-- POST /wd/hub/session/0dd07d9f-4b40-43c7-91ca-5c1166ccfab1/elements [39m[32m200[39m [90m631 ms - 139[39m
[35m[HTTP][39m [90m[39m
[35m[HTTP][39m [37m-->[39m [37mGET[39m [37m/wd/hub/session/0dd07d9f-4b40-43c7-91ca-5c1166ccfab1/element/00000000-0000-08a6-ffff-ffff00003230/location[39m
[35m[HTTP][39m [90m{}[39m
[35m[W3C (0dd07d9f)][39m Driver proxy active, passing request on via HTTP proxy
[35m[WD Proxy][39m Replacing sessionId 308efde0-89d7-4983-9f8e-1eaf8a37b637 with 0dd07d9f-4b40-43c7-91ca-5c1166ccfab1
[35m[HTTP][39m [37m<-- GET /wd/hub/session/0dd07d9f-4b40-43c7-91ca-5c1166ccfab1/element/00000000-0000-08a6-ffff-ffff00003230/location [39m[32m200[39m [90m42 ms - 78[39m
[35m[HTTP][39m [90m[39m
[35m[HTTP][39m [37m-->[39m [37mPOST[39m [37m/wd/hub/session/0dd07d9f-4b40-43c7-91ca-5c1166ccfab1/timeouts[39m
[35m[HTTP][39m [90m{"implicit":30000}[39m
[35m[HTTP][39m [37m<-- POST /wd/hub/session/0dd07d9f-4b40-43c7-91ca-5c1166ccfab1/timeouts [39m[32m200[39m [90m2 ms - 14[39m
[35m[HTTP][39m [90m[39m
[35m[HTTP][39m [37m-->[39m [37mPOST[39m [37m/wd/hub/session/0dd07d9f-4b40-43c7-91ca-5c1166ccfab1/touch/perform[39m
[35m[HTTP][39m [90m{"actions":[{"action":"tap","options":{"x":1,"y":1,"element":"00000000-0000-08a6-ffff-ffff00003230"}},{"action":"release","options":{}}]}[39m
[35m[UiAutomator2][39m calling get location: 00000000-0000-08a6-ffff-ffff00003230
[35m[HTTP][39m [37m<-- POST /wd/hub/session/0dd07d9f-4b40-43c7-91ca-5c1166ccfab1/touch/perform [39m[32m200[39m [90m332 ms - 14[39m
[35m[HTTP][39m [90m[39m
[35m[HTTP][39m [37m-->[39m [37mGET[39m [37m/wd/hub/session/0dd07d9f-4b40-43c7-91ca-5c1166ccfab1/context[39m
[35m[HTTP][39m [90m{}[39m
[35m[HTTP][39m [37m<-- GET /wd/hub/session/0dd07d9f-4b40-43c7-91ca-5c1166ccfab1/context [39m[32m200[39m [90m2 ms - 22[39m
[35m[HTTP][39m [90m[39m
[35m[HTTP][39m [37m-->[39m [37mGET[39m [37m/wd/hub/session/0dd07d9f-4b40-43c7-91ca-5c1166ccfab1/contexts[39m
[35m[HTTP][39m [90m{}[39m
[35m[HTTP][39m [37m<-- GET /wd/hub/session/0dd07d9f-4b40-43c7-91ca-5c1166ccfab1/contexts [39m[32m200[39m [90m113 ms - 24[39m
[35m[HTTP][39m [90m[39m
[35m[HTTP][39m [37m-->[39m [37mPOST[39m [37m/wd/hub/session/0dd07d9f-4b40-43c7-91ca-5c1166ccfab1/context[39m
[35m[HTTP][39m [90m{"name":"NATIVE_APP"}[39m
[35m[HTTP][39m [37m<-- POST /wd/hub/session/0dd07d9f-4b40-43c7-91ca-5c1166ccfab1/context [39m[32m200[39m [90m4 ms - 14[39m
[35m[HTTP][39m [90m[39m
[35m[HTTP][39m [37m-->[39m [37mPOST[39m [37m/wd/hub/session/0dd07d9f-4b40-43c7-91ca-5c1166ccfab1/appium/device/hide_keyboard[39m
[35m[HTTP][39m [90m{}[39m
[35m[HTTP][39m [37m<-- POST /wd/hub/session/0dd07d9f-4b40-43c7-91ca-5c1166ccfab1/appium/device/hide_keyboard [39m[32m200[39m [90m3327 ms - 14[39m
[35m[HTTP][39m [90m[39m
[35m[HTTP][39m [37m-->[39m [37mPOST[39m [37m/wd/hub/session/0dd07d9f-4b40-43c7-91ca-5c1166ccfab1/context[39m
[35m[HTTP][39m [90m{"name":"NATIVE_APP"}[39m
[35m[HTTP][39m [37m<-- POST /wd/hub/session/0dd07d9f-4b40-43c7-91ca-5c1166ccfab1/context [39m[32m200[39m [90m2 ms - 14[39m
[35m[HTTP][39m [90m[39m
[35m[HTTP][39m [37m-->[39m [37mGET[39m [37m/wd/hub/session/0dd07d9f-4b40-43c7-91ca-5c1166ccfab1/context[39m
[35m[HTTP][39m [90m{}[39m
[35m[HTTP][39m [37m<-- GET /wd/hub/session/0dd07d9f-4b40-43c7-91ca-5c1166ccfab1/context [39m[32m200[39m [90m4 ms - 22[39m
[35m[HTTP][39m [90m[39m
[35m[HTTP][39m [37m-->[39m [37mGET[39m [37m/wd/hub/session/0dd07d9f-4b40-43c7-91ca-5c1166ccfab1/contexts[39m
[35m[HTTP][39m [90m{}[39m
[35m[HTTP][39m [37m<-- GET /wd/hub/session/0dd07d9f-4b40-43c7-91ca-5c1166ccfab1/contexts [39m[32m200[39m [90m131 ms - 24[39m
[35m[HTTP][39m [90m[39m
[35m[HTTP][39m [37m-->[39m [37mPOST[39m [37m/wd/hub/session/0dd07d9f-4b40-43c7-91ca-5c1166ccfab1/context[39m
[35m[HTTP][39m [90m{"name":"NATIVE_APP"}[39m
[35m[HTTP][39m [37m<-- POST /wd/hub/session/0dd07d9f-4b40-43c7-91ca-5c1166ccfab1/context [39m[32m200[39m [90m2 ms - 14[39m
[35m[HTTP][39m [90m[39m
[35m[HTTP][39m [37m-->[39m [37mGET[39m [37m/wd/hub/session/0dd07d9f-4b40-43c7-91ca-5c1166ccfab1/window/rect[39m
[35m[HTTP][39m [90m{}[39m
[35m[HTTP][39m [37m<-- GET /wd/hub/session/0dd07d9f-4b40-43c7-91ca-5c1166ccfab1/window/rect [39m[32m200[39m [90m81 ms - 50[39m
[35m[HTTP][39m [90m[39m
[35m[HTTP][39m [37m-->[39m [37mPOST[39m [37m/wd/hub/session/0dd07d9f-4b40-43c7-91ca-5c1166ccfab1/execute/sync[39m
[35m[HTTP][39m [90m{"script":"mobile: viewportScreenshot","args":[]}[39m
[35m[AndroidDriver][39m Executing native command 'mobile: viewportScreenshot'
[35m[HTTP][39m [37m<-- POST /wd/hub/session/0dd07d9f-4b40-43c7-91ca-5c1166ccfab1/execute/sync [39m[32m200[39m [90m2165 ms - 113204[39m
[35m[HTTP][39m [90m[39m
[35m[HTTP][39m [37m-->[39m [37mPOST[39m [37m/wd/hub/session/0dd07d9f-4b40-43c7-91ca-5c1166ccfab1/context[39m
[35m[HTTP][39m [90m{"name":"NATIVE_APP"}[39m
[35m[HTTP][39m [37m<-- POST /wd/hub/session/0dd07d9f-4b40-43c7-91ca-5c1166ccfab1/context [39m[32m200[39m [90m2 ms - 14[39m
[35m[HTTP][39m [90m[39m
[35m[HTTP][39m [37m-->[39m [37mPOST[39m [37m/wd/hub/session/0dd07d9f-4b40-43c7-91ca-5c1166ccfab1/timeouts[39m
[35m[HTTP][39m [90m{"implicit":50}[39m
[35m[HTTP][39m [37m<-- POST /wd/hub/session/0dd07d9f-4b40-43c7-91ca-5c1166ccfab1/timeouts [39m[32m200[39m [90m1 ms - 14[39m
[35m[HTTP][39m [90m[39m
[35m[HTTP][39m [37m-->[39m [37mGET[39m [37m/wd/hub/session/0dd07d9f-4b40-43c7-91ca-5c1166ccfab1/window/rect[39m
[35m[HTTP][39m [90m{}[39m
[35m[HTTP][39m [37m<-- GET /wd/hub/session/0dd07d9f-4b40-43c7-91ca-5c1166ccfab1/window/rect [39m[32m200[39m [90m41 ms - 50[39m
[35m[HTTP][39m [90m[39m
[35m[HTTP][39m [37m-->[39m [37mPOST[39m [37m/wd/hub/session/0dd07d9f-4b40-43c7-91ca-5c1166ccfab1/elements[39m
[35m[HTTP][39m [90m{"using":"xpath","value":"//*[@class = 'android.widget.Button' and (@text = 'LOGIN' or . = 'LOGIN') and @resource-id = 'com.bcaf.mobilesurvey:id/login']"}[39m
[35m[HTTP][39m [37m<-- POST /wd/hub/session/0dd07d9f-4b40-43c7-91ca-5c1166ccfab1/elements [39m[32m200[39m [90m780 ms - 139[39m
[35m[HTTP][39m [90m[39m
[35m[HTTP][39m [37m-->[39m [37mGET[39m [37m/wd/hub/session/0dd07d9f-4b40-43c7-91ca-5c1166ccfab1/element/00000000-0000-08a6-ffff-ffff00003231/location[39m
[35m[HTTP][39m [90m{}[39m
[35m[W3C (0dd07d9f)][39m Driver proxy active, passing request on via HTTP proxy
[35m[WD Proxy][39m Replacing sessionId 308efde0-89d7-4983-9f8e-1eaf8a37b637 with 0dd07d9f-4b40-43c7-91ca-5c1166ccfab1
[35m[HTTP][39m [37m<-- GET /wd/hub/session/0dd07d9f-4b40-43c7-91ca-5c1166ccfab1/element/00000000-0000-08a6-ffff-ffff00003231/location [39m[32m200[39m [90m51 ms - 79[39m
[35m[HTTP][39m [90m[39m
[35m[HTTP][39m [37m-->[39m [37mPOST[39m [37m/wd/hub/session/0dd07d9f-4b40-43c7-91ca-5c1166ccfab1/timeouts[39m
[35m[HTTP][39m [90m{"implicit":30000}[39m
[35m[HTTP][39m [37m<-- POST /wd/hub/session/0dd07d9f-4b40-43c7-91ca-5c1166ccfab1/timeouts [39m[32m200[39m [90m4 ms - 14[39m
[35m[HTTP][39m [90m[39m
[35m[HTTP][39m [37m-->[39m [37mPOST[39m [37m/wd/hub/session/0dd07d9f-4b40-43c7-91ca-5c1166ccfab1/touch/perform[39m
[35m[HTTP][39m [90m{"actions":[{"action":"tap","options":{"x":1,"y":1,"element":"00000000-0000-08a6-ffff-ffff00003231"}},{"action":"release","options":{}}]}[39m
[35m[UiAutomator2][39m calling get location: 00000000-0000-08a6-ffff-ffff00003231
[35m[HTTP][39m [37m<-- POST /wd/hub/session/0dd07d9f-4b40-43c7-91ca-5c1166ccfab1/touch/perform [39m[32m200[39m [90m329 ms - 14[39m
[35m[HTTP][39m [90m[39m
[35m[HTTP][39m [37m-->[39m [37mGET[39m [37m/wd/hub/status[39m
[35m[HTTP][39m [90m{}[39m
[35m[HTTP][39m [37m<-- GET /wd/hub/status [39m[32m200[39m [90m1 ms - 68[39m
[35m[HTTP][39m [90m[39m
[35m[HTTP][39m [37m-->[39m [37mPOST[39m [37m/wd/hub/session[39m
[35m[HTTP][39m [90m{"desiredCapabilities":{"appActivity":".Settings","appPackage":"com.android.settings","newCommandTimeout":1800,"platformVersion":"11","automationName":"uiautomator2","autoGrantPermissions":true,"platformName":"Android","udid":"RR8N605F11Y","deviceName":"samsung SM-M315F (Android 11)","platform":"ANDROID","systemPort":8200},"capabilities":{"firstMatch":[{"appium:appActivity":".Settings","appium:appPackage":"com.android.settings","appium:autoGrantPermissions":true,"appium:automationName":"uiautomator2","appium:deviceName":"samsung SM-M315F (Android 11)","appium:newCommandTimeout":1800,"platform":"ANDROID","platformName":"android","appium:platformVersion":"11","appium:systemPort":8200,"appium:udid":"RR8N605F11Y"}]}}[39m
[35m[BaseDriver][39m The following capabilities are not standard capabilities and should have an extension prefix:
[35m[BaseDriver][39m   platform
[35m[BaseDriver][39m   chromedriverPort
[35m[Appium][39m Appium v1.22.2 creating new AndroidUiautomator2Driver (v1.70.1) session
[35m[BaseDriver][39m The following capabilities were provided, but are not recognized by Appium:
[35m[BaseDriver][39m   platform
[35m[BaseDriver][39m Session created with session id: e1d7d3ef-7c8a-41e1-be7d-fcca28b76d28
[35m[UiAutomator2][39m Starting 'com.android.settings' directly on the device
[35m[ADB][39m Using 'adb.exe' from 'C:\Users\Nia Yusniati\.katalon\tools\android_sdk\platform-tools\adb.exe'
[35m[AndroidDriver][39m Retrieving device list
[35m[AndroidDriver][39m Using device: RR8N605F11Y
[35m[ADB][39m Using 'adb.exe' from 'C:\Users\Nia Yusniati\.katalon\tools\android_sdk\platform-tools\adb.exe'
[35m[ADB][39m Getting device platform version
[35m[UiAutomator2][39m Relaxing hidden api policy
[35m[AndroidDriver][39m No app sent in, not parsing package/activity
[35m[UiAutomator2][39m Server packages are not going to be (re)installed
[35m[ADB][39m Adding packages ["io.appium.settings","io.appium.uiautomator2.server","io.appium.uiautomator2.server.test"] to Doze whitelist
[35m[UiAutomator2][39m Starting UIAutomator2 server 4.27.0
[35m[UiAutomator2][39m Using UIAutomator2 server from 'C:\Users\Nia Yusniati\AppData\Roaming\npm\node_modules\appium\node_modules\appium-uiautomator2-server\apks\appium-uiautomator2-server-v4.27.0.apk' and test from 'C:\Users\Nia Yusniati\AppData\Roaming\npm\node_modules\appium\node_modules\appium-uiautomator2-server\apks\appium-uiautomator2-server-debug-androidTest.apk'
[35m[UiAutomator2][39m Waiting up to 30000ms for UiAutomator2 to be online...
[35m[WD Proxy][39m socket hang up
[35m[WD Proxy][39m socket hang up
[35m[WD Proxy][39m socket hang up
[35m[WD Proxy][39m Determined the downstream protocol as 'W3C'
[35m[AndroidDriver][39m Screen already unlocked, doing nothing
[35m[UiAutomator2][39m Starting 'com.android.settings/.Settings and waiting for 'com.android.settings/.Settings'
[35m[Appium][39m New AndroidUiautomator2Driver session created successfully, session e1d7d3ef-7c8a-41e1-be7d-fcca28b76d28 added to master session list
[35m[HTTP][39m [37m<-- POST /wd/hub/session [39m[32m200[39m [90m10404 ms - 1158[39m
[35m[HTTP][39m [90m[39m
[35m[HTTP][39m [37m-->[39m [37mGET[39m [37m/wd/hub/session/e1d7d3ef-7c8a-41e1-be7d-fcca28b76d28[39m
[35m[HTTP][39m [90m{}[39m
[35m[HTTP][39m [37m<-- GET /wd/hub/session/e1d7d3ef-7c8a-41e1-be7d-fcca28b76d28 [39m[32m200[39m [90m19 ms - 1112[39m
[35m[HTTP][39m [90m[39m
[35m[HTTP][39m [37m-->[39m [37mGET[39m [37m/wd/hub/session/e1d7d3ef-7c8a-41e1-be7d-fcca28b76d28[39m
[35m[HTTP][39m [90m{}[39m
[35m[HTTP][39m [37m<-- GET /wd/hub/session/e1d7d3ef-7c8a-41e1-be7d-fcca28b76d28 [39m[32m200[39m [90m10 ms - 1112[39m
[35m[HTTP][39m [90m[39m
[35m[HTTP][39m [37m-->[39m [37mGET[39m [37m/wd/hub/status[39m
[35m[HTTP][39m [90m{}[39m
[35m[HTTP][39m [37m<-- GET /wd/hub/status [39m[32m200[39m [90m1 ms - 68[39m
[35m[HTTP][39m [90m[39m
[35m[HTTP][39m [37m-->[39m [37mPOST[39m [37m/wd/hub/session/e1d7d3ef-7c8a-41e1-be7d-fcca28b76d28/timeouts[39m
[35m[HTTP][39m [90m{"implicit":30000}[39m
[35m[HTTP][39m [37m<-- POST /wd/hub/session/e1d7d3ef-7c8a-41e1-be7d-fcca28b76d28/timeouts [39m[32m200[39m [90m2 ms - 14[39m
[35m[HTTP][39m [90m[39m
[35m[HTTP][39m [37m-->[39m [37mGET[39m [37m/wd/hub/session/e1d7d3ef-7c8a-41e1-be7d-fcca28b76d28/screenshot[39m
[35m[HTTP][39m [90m{}[39m
[35m[HTTP][39m [37m<-- GET /wd/hub/session/e1d7d3ef-7c8a-41e1-be7d-fcca28b76d28/screenshot [39m[32m200[39m [90m536 ms - 188202[39m
[35m[HTTP][39m [90m[39m
[35m[HTTP][39m [37m-->[39m [37mGET[39m [37m/wd/hub/session/e1d7d3ef-7c8a-41e1-be7d-fcca28b76d28/window/rect[39m
[35m[HTTP][39m [90m{}[39m
[35m[HTTP][39m [37m<-- GET /wd/hub/session/e1d7d3ef-7c8a-41e1-be7d-fcca28b76d28/window/rect [39m[32m200[39m [90m10 ms - 50[39m
[35m[HTTP][39m [90m[39m
[35m[HTTP][39m [37m-->[39m [37mGET[39m [37m/wd/hub/session/e1d7d3ef-7c8a-41e1-be7d-fcca28b76d28/appium/device/system_bars[39m
[35m[HTTP][39m [90m{}[39m
[35m[HTTP][39m [37m<-- GET /wd/hub/session/e1d7d3ef-7c8a-41e1-be7d-fcca28b76d28/appium/device/system_bars [39m[32m200[39m [90m96 ms - 148[39m
[35m[HTTP][39m [90m[39m
[35m[HTTP][39m [37m-->[39m [37mPOST[39m [37m/wd/hub/session/e1d7d3ef-7c8a-41e1-be7d-fcca28b76d28/appium/device/activate_app[39m
[35m[HTTP][39m [90m{"bundleId":"com.bcaf.mobilesurvey"}[39m
[35m[HTTP][39m [37m<-- POST /wd/hub/session/e1d7d3ef-7c8a-41e1-be7d-fcca28b76d28/appium/device/activate_app [39m[32m200[39m [90m668 ms - 14[39m
[35m[HTTP][39m [90m[39m
[35m[HTTP][39m [37m-->[39m [37mGET[39m [37m/wd/hub/session/e1d7d3ef-7c8a-41e1-be7d-fcca28b76d28/context[39m
[35m[HTTP][39m [90m{}[39m
[35m[HTTP][39m [37m<-- GET /wd/hub/session/e1d7d3ef-7c8a-41e1-be7d-fcca28b76d28/context [39m[32m200[39m [90m3 ms - 22[39m
[35m[HTTP][39m [90m[39m
[35m[HTTP][39m [37m-->[39m [37mGET[39m [37m/wd/hub/session/e1d7d3ef-7c8a-41e1-be7d-fcca28b76d28/contexts[39m
[35m[HTTP][39m [90m{}[39m
[35m[HTTP][39m [37m<-- GET /wd/hub/session/e1d7d3ef-7c8a-41e1-be7d-fcca28b76d28/contexts [39m[32m200[39m [90m126 ms - 24[39m
[35m[HTTP][39m [90m[39m
[35m[HTTP][39m [37m-->[39m [37mPOST[39m [37m/wd/hub/session/e1d7d3ef-7c8a-41e1-be7d-fcca28b76d28/context[39m
[35m[HTTP][39m [90m{"name":"NATIVE_APP"}[39m
[35m[HTTP][39m [37m<-- POST /wd/hub/session/e1d7d3ef-7c8a-41e1-be7d-fcca28b76d28/context [39m[32m200[39m [90m2 ms - 14[39m
[35m[HTTP][39m [90m[39m
[35m[HTTP][39m [37m-->[39m [37mGET[39m [37m/wd/hub/session/e1d7d3ef-7c8a-41e1-be7d-fcca28b76d28/window/rect[39m
[35m[HTTP][39m [90m{}[39m
[35m[HTTP][39m [37m<-- GET /wd/hub/session/e1d7d3ef-7c8a-41e1-be7d-fcca28b76d28/window/rect [39m[32m200[39m [90m29 ms - 50[39m
[35m[HTTP][39m [90m[39m
[35m[HTTP][39m [37m-->[39m [37mPOST[39m [37m/wd/hub/session/e1d7d3ef-7c8a-41e1-be7d-fcca28b76d28/execute/sync[39m
[35m[HTTP][39m [90m{"script":"mobile: viewportScreenshot","args":[]}[39m
[35m[AndroidDriver][39m Executing native command 'mobile: viewportScreenshot'
[35m[HTTP][39m [37m<-- POST /wd/hub/session/e1d7d3ef-7c8a-41e1-be7d-fcca28b76d28/execute/sync [39m[32m200[39m [90m1845 ms - 177796[39m
[35m[HTTP][39m [90m[39m
[35m[HTTP][39m [37m-->[39m [37mPOST[39m [37m/wd/hub/session/e1d7d3ef-7c8a-41e1-be7d-fcca28b76d28/context[39m
[35m[HTTP][39m [90m{"name":"NATIVE_APP"}[39m
[35m[HTTP][39m [37m<-- POST /wd/hub/session/e1d7d3ef-7c8a-41e1-be7d-fcca28b76d28/context [39m[32m200[39m [90m3 ms - 14[39m
[35m[HTTP][39m [90m[39m
[35m[HTTP][39m [37m-->[39m [37mPOST[39m [37m/wd/hub/session/e1d7d3ef-7c8a-41e1-be7d-fcca28b76d28/timeouts[39m
[35m[HTTP][39m [90m{"implicit":50}[39m
[35m[HTTP][39m [37m<-- POST /wd/hub/session/e1d7d3ef-7c8a-41e1-be7d-fcca28b76d28/timeouts [39m[32m200[39m [90m2 ms - 14[39m
[35m[HTTP][39m [90m[39m
[35m[HTTP][39m [37m-->[39m [37mGET[39m [37m/wd/hub/session/e1d7d3ef-7c8a-41e1-be7d-fcca28b76d28/window/rect[39m
[35m[HTTP][39m [90m{}[39m
[35m[HTTP][39m [37m<-- GET /wd/hub/session/e1d7d3ef-7c8a-41e1-be7d-fcca28b76d28/window/rect [39m[32m200[39m [90m29 ms - 50[39m
[35m[HTTP][39m [90m[39m
[35m[HTTP][39m [37m-->[39m [37mPOST[39m [37m/wd/hub/session/e1d7d3ef-7c8a-41e1-be7d-fcca28b76d28/elements[39m
[35m[HTTP][39m [90m{"using":"xpath","value":"//hierarchy/android.widget.FrameLayout[1]/android.widget.LinearLayout[1]/android.widget.FrameLayout[1]/android.widget.LinearLayout[1]/android.widget.FrameLayout[1]/android.widget.RelativeLayout[1]/android.widget.ScrollView[1]/android.widget.LinearLayout[1]/android.widget.LinearLayout[1]/android.widget.LinearLayout[1]/android.widget.LinearLayout[1]/android.widget.FrameLayout[2]/android.widget.LinearLayout[1]"}[39m
[35m[HTTP][39m [37m<-- POST /wd/hub/session/e1d7d3ef-7c8a-41e1-be7d-fcca28b76d28/elements [39m[32m200[39m [90m598 ms - 139[39m
[35m[HTTP][39m [90m[39m
[35m[HTTP][39m [37m-->[39m [37mGET[39m [37m/wd/hub/session/e1d7d3ef-7c8a-41e1-be7d-fcca28b76d28/element/00000000-0000-08c1-ffff-ffff000032b4/location[39m
[35m[HTTP][39m [90m{}[39m
[35m[W3C (e1d7d3ef)][39m Driver proxy active, passing request on via HTTP proxy
[35m[WD Proxy][39m Replacing sessionId 9697b2e3-a8a2-4dfe-8b6b-00942273fe18 with e1d7d3ef-7c8a-41e1-be7d-fcca28b76d28
[35m[HTTP][39m [37m<-- GET /wd/hub/session/e1d7d3ef-7c8a-41e1-be7d-fcca28b76d28/element/00000000-0000-08c1-ffff-ffff000032b4/location [39m[32m200[39m [90m33 ms - 78[39m
[35m[HTTP][39m [90m[39m
[35m[HTTP][39m [37m-->[39m [37mPOST[39m [37m/wd/hub/session/e1d7d3ef-7c8a-41e1-be7d-fcca28b76d28/timeouts[39m
[35m[HTTP][39m [90m{"implicit":30000}[39m
[35m[HTTP][39m [37m<-- POST /wd/hub/session/e1d7d3ef-7c8a-41e1-be7d-fcca28b76d28/timeouts [39m[32m200[39m [90m3 ms - 14[39m
[35m[HTTP][39m [90m[39m
[35m[HTTP][39m [37m-->[39m [37mPOST[39m [37m/wd/hub/session/e1d7d3ef-7c8a-41e1-be7d-fcca28b76d28/touch/perform[39m
[35m[HTTP][39m [90m{"actions":[{"action":"tap","options":{"x":1,"y":1,"element":"00000000-0000-08c1-ffff-ffff000032b4"}},{"action":"release","options":{}}]}[39m
[35m[UiAutomator2][39m calling get location: 00000000-0000-08c1-ffff-ffff000032b4
[35m[HTTP][39m [37m<-- POST /wd/hub/session/e1d7d3ef-7c8a-41e1-be7d-fcca28b76d28/touch/perform [39m[32m200[39m [90m301 ms - 14[39m
[35m[HTTP][39m [90m[39m
[35m[HTTP][39m [37m-->[39m [37mGET[39m [37m/wd/hub/session/e1d7d3ef-7c8a-41e1-be7d-fcca28b76d28/context[39m
[35m[HTTP][39m [90m{}[39m
[35m[HTTP][39m [37m<-- GET /wd/hub/session/e1d7d3ef-7c8a-41e1-be7d-fcca28b76d28/context [39m[32m200[39m [90m1 ms - 22[39m
[35m[HTTP][39m [90m[39m
[35m[HTTP][39m [37m-->[39m [37mGET[39m [37m/wd/hub/session/e1d7d3ef-7c8a-41e1-be7d-fcca28b76d28/contexts[39m
[35m[HTTP][39m [90m{}[39m
[35m[HTTP][39m [37m<-- GET /wd/hub/session/e1d7d3ef-7c8a-41e1-be7d-fcca28b76d28/contexts [39m[32m200[39m [90m129 ms - 24[39m
[35m[HTTP][39m [90m[39m
[35m[HTTP][39m [37m-->[39m [37mPOST[39m [37m/wd/hub/session/e1d7d3ef-7c8a-41e1-be7d-fcca28b76d28/context[39m
[35m[HTTP][39m [90m{"name":"NATIVE_APP"}[39m
[35m[HTTP][39m [37m<-- POST /wd/hub/session/e1d7d3ef-7c8a-41e1-be7d-fcca28b76d28/context [39m[32m200[39m [90m2 ms - 14[39m
[35m[HTTP][39m [90m[39m
[35m[HTTP][39m [37m-->[39m [37mGET[39m [37m/wd/hub/session/e1d7d3ef-7c8a-41e1-be7d-fcca28b76d28/window/rect[39m
[35m[HTTP][39m [90m{}[39m
[35m[HTTP][39m [37m<-- GET /wd/hub/session/e1d7d3ef-7c8a-41e1-be7d-fcca28b76d28/window/rect [39m[32m200[39m [90m32 ms - 50[39m
[35m[HTTP][39m [90m[39m
[35m[HTTP][39m [37m-->[39m [37mPOST[39m [37m/wd/hub/session/e1d7d3ef-7c8a-41e1-be7d-fcca28b76d28/execute/sync[39m
[35m[HTTP][39m [90m{"script":"mobile: viewportScreenshot","args":[]}[39m
[35m[AndroidDriver][39m Executing native command 'mobile: viewportScreenshot'
[35m[HTTP][39m [37m<-- POST /wd/hub/session/e1d7d3ef-7c8a-41e1-be7d-fcca28b76d28/execute/sync [39m[32m200[39m [90m1883 ms - 139904[39m
[35m[HTTP][39m [90m[39m
[35m[HTTP][39m [37m-->[39m [37mPOST[39m [37m/wd/hub/session/e1d7d3ef-7c8a-41e1-be7d-fcca28b76d28/context[39m
[35m[HTTP][39m [90m{"name":"NATIVE_APP"}[39m
[35m[HTTP][39m [37m<-- POST /wd/hub/session/e1d7d3ef-7c8a-41e1-be7d-fcca28b76d28/context [39m[32m200[39m [90m5 ms - 14[39m
[35m[HTTP][39m [90m[39m
[35m[HTTP][39m [37m-->[39m [37mPOST[39m [37m/wd/hub/session/e1d7d3ef-7c8a-41e1-be7d-fcca28b76d28/timeouts[39m
[35m[HTTP][39m [90m{"implicit":50}[39m
[35m[HTTP][39m [37m<-- POST /wd/hub/session/e1d7d3ef-7c8a-41e1-be7d-fcca28b76d28/timeouts [39m[32m200[39m [90m3 ms - 14[39m
[35m[HTTP][39m [90m[39m
[35m[HTTP][39m [37m-->[39m [37mGET[39m [37m/wd/hub/session/e1d7d3ef-7c8a-41e1-be7d-fcca28b76d28/window/rect[39m
[35m[HTTP][39m [90m{}[39m
[35m[HTTP][39m [37m<-- GET /wd/hub/session/e1d7d3ef-7c8a-41e1-be7d-fcca28b76d28/window/rect [39m[32m200[39m [90m38 ms - 50[39m
[35m[HTTP][39m [90m[39m
[35m[HTTP][39m [37m-->[39m [37mPOST[39m [37m/wd/hub/session/e1d7d3ef-7c8a-41e1-be7d-fcca28b76d28/elements[39m
[35m[HTTP][39m [90m{"using":"xpath","value":"//*[@class = 'android.widget.FrameLayout' and @resource-id = 'com.bcaf.mobilesurvey:id/historyKendaraan_ken' and (@text = '' or . = '')]"}[39m
[35m[HTTP][39m [37m<-- POST /wd/hub/session/e1d7d3ef-7c8a-41e1-be7d-fcca28b76d28/elements [39m[32m200[39m [90m431 ms - 139[39m
[35m[HTTP][39m [90m[39m
[35m[HTTP][39m [37m-->[39m [37mGET[39m [37m/wd/hub/session/e1d7d3ef-7c8a-41e1-be7d-fcca28b76d28/element/00000000-0000-08c1-ffff-ffff000032a5/location[39m
[35m[HTTP][39m [90m{}[39m
[35m[W3C (e1d7d3ef)][39m Driver proxy active, passing request on via HTTP proxy
[35m[WD Proxy][39m Replacing sessionId 9697b2e3-a8a2-4dfe-8b6b-00942273fe18 with e1d7d3ef-7c8a-41e1-be7d-fcca28b76d28
[35m[HTTP][39m [37m<-- GET /wd/hub/session/e1d7d3ef-7c8a-41e1-be7d-fcca28b76d28/element/00000000-0000-08c1-ffff-ffff000032a5/location [39m[32m200[39m [90m47 ms - 79[39m
[35m[HTTP][39m [90m[39m
[35m[HTTP][39m [37m-->[39m [37mPOST[39m [37m/wd/hub/session/e1d7d3ef-7c8a-41e1-be7d-fcca28b76d28/timeouts[39m
[35m[HTTP][39m [90m{"implicit":30000}[39m
[35m[HTTP][39m [37m<-- POST /wd/hub/session/e1d7d3ef-7c8a-41e1-be7d-fcca28b76d28/timeouts [39m[32m200[39m [90m3 ms - 14[39m
[35m[HTTP][39m [90m[39m
[35m[HTTP][39m [37m-->[39m [37mPOST[39m [37m/wd/hub/session/e1d7d3ef-7c8a-41e1-be7d-fcca28b76d28/touch/perform[39m
[35m[HTTP][39m [90m{"actions":[{"action":"tap","options":{"x":1,"y":1,"element":"00000000-0000-08c1-ffff-ffff000032a5"}},{"action":"release","options":{}}]}[39m
[35m[UiAutomator2][39m calling get location: 00000000-0000-08c1-ffff-ffff000032a5
[35m[HTTP][39m [37m<-- POST /wd/hub/session/e1d7d3ef-7c8a-41e1-be7d-fcca28b76d28/touch/perform [39m[32m200[39m [90m838 ms - 14[39m
[35m[HTTP][39m [90m[39m
[35m[HTTP][39m [37m-->[39m [37mPOST[39m [37m/wd/hub/session/e1d7d3ef-7c8a-41e1-be7d-fcca28b76d28/timeouts[39m
[35m[HTTP][39m [90m{"implicit":50}[39m
[35m[HTTP][39m [37m<-- POST /wd/hub/session/e1d7d3ef-7c8a-41e1-be7d-fcca28b76d28/timeouts [39m[32m200[39m [90m2 ms - 14[39m
[35m[HTTP][39m [90m[39m
[35m[HTTP][39m [37m-->[39m [37mGET[39m [37m/wd/hub/session/e1d7d3ef-7c8a-41e1-be7d-fcca28b76d28/window/rect[39m
[35m[HTTP][39m [90m{}[39m
[35m[HTTP][39m [37m<-- GET /wd/hub/session/e1d7d3ef-7c8a-41e1-be7d-fcca28b76d28/window/rect [39m[32m200[39m [90m37 ms - 50[39m
[35m[HTTP][39m [90m[39m
[35m[HTTP][39m [37m-->[39m [37mPOST[39m [37m/wd/hub/session/e1d7d3ef-7c8a-41e1-be7d-fcca28b76d28/elements[39m
[35m[HTTP][39m [90m{"using":"xpath","value":"//*[@class = 'android.widget.EditText' and (@text = 'No Polisi' or . = 'No Polisi') and @resource-id = 'com.bcaf.mobilesurvey:id/nopol']"}[39m
[35m[HTTP][39m [37m<-- POST /wd/hub/session/e1d7d3ef-7c8a-41e1-be7d-fcca28b76d28/elements [39m[32m200[39m [90m681 ms - 139[39m
[35m[HTTP][39m [90m[39m
[35m[HTTP][39m [37m-->[39m [37mGET[39m [37m/wd/hub/session/e1d7d3ef-7c8a-41e1-be7d-fcca28b76d28/element/00000000-0000-08d1-ffff-ffff000032e0/location[39m
[35m[HTTP][39m [90m{}[39m
[35m[W3C (e1d7d3ef)][39m Driver proxy active, passing request on via HTTP proxy
[35m[WD Proxy][39m Replacing sessionId 9697b2e3-a8a2-4dfe-8b6b-00942273fe18 with e1d7d3ef-7c8a-41e1-be7d-fcca28b76d28
[35m[HTTP][39m [37m<-- GET /wd/hub/session/e1d7d3ef-7c8a-41e1-be7d-fcca28b76d28/element/00000000-0000-08d1-ffff-ffff000032e0/location [39m[32m200[39m [90m32 ms - 78[39m
[35m[HTTP][39m [90m[39m
[35m[HTTP][39m [37m-->[39m [37mPOST[39m [37m/wd/hub/session/e1d7d3ef-7c8a-41e1-be7d-fcca28b76d28/timeouts[39m
[35m[HTTP][39m [90m{"implicit":30000}[39m
[35m[HTTP][39m [37m<-- POST /wd/hub/session/e1d7d3ef-7c8a-41e1-be7d-fcca28b76d28/timeouts [39m[32m200[39m [90m3 ms - 14[39m
[35m[HTTP][39m [90m[39m
[35m[HTTP][39m [37m-->[39m [37mPOST[39m [37m/wd/hub/session/e1d7d3ef-7c8a-41e1-be7d-fcca28b76d28/element/00000000-0000-08d1-ffff-ffff000032e0/clear[39m
[35m[HTTP][39m [90m{"id":"00000000-0000-08d1-ffff-ffff000032e0"}[39m
[35m[HTTP][39m [37m<-- POST /wd/hub/session/e1d7d3ef-7c8a-41e1-be7d-fcca28b76d28/element/00000000-0000-08d1-ffff-ffff000032e0/clear [39m[32m200[39m [90m42 ms - 14[39m
[35m[HTTP][39m [90m[39m
[35m[HTTP][39m [37m-->[39m [37mPOST[39m [37m/wd/hub/session/e1d7d3ef-7c8a-41e1-be7d-fcca28b76d28/element/00000000-0000-08d1-ffff-ffff000032e0/value[39m
[35m[HTTP][39m [90m{"id":"00000000-0000-08d1-ffff-ffff000032e0","text":"B777B","value":["B","7","7","7","B"]}[39m
[35m[HTTP][39m [37m<-- POST /wd/hub/session/e1d7d3ef-7c8a-41e1-be7d-fcca28b76d28/element/00000000-0000-08d1-ffff-ffff000032e0/value [39m[32m200[39m [90m1079 ms - 14[39m
[35m[HTTP][39m [90m[39m
[35m[HTTP][39m [37m-->[39m [37mGET[39m [37m/wd/hub/session/e1d7d3ef-7c8a-41e1-be7d-fcca28b76d28/context[39m
[35m[HTTP][39m [90m{}[39m
[35m[HTTP][39m [37m<-- GET /wd/hub/session/e1d7d3ef-7c8a-41e1-be7d-fcca28b76d28/context [39m[32m200[39m [90m2 ms - 22[39m
[35m[HTTP][39m [90m[39m
[35m[HTTP][39m [37m-->[39m [37mGET[39m [37m/wd/hub/session/e1d7d3ef-7c8a-41e1-be7d-fcca28b76d28/contexts[39m
[35m[HTTP][39m [90m{}[39m
[35m[HTTP][39m [37m<-- GET /wd/hub/session/e1d7d3ef-7c8a-41e1-be7d-fcca28b76d28/contexts [39m[32m200[39m [90m153 ms - 24[39m
[35m[HTTP][39m [90m[39m
[35m[HTTP][39m [37m-->[39m [37mPOST[39m [37m/wd/hub/session/e1d7d3ef-7c8a-41e1-be7d-fcca28b76d28/context[39m
[35m[HTTP][39m [90m{"name":"NATIVE_APP"}[39m
[35m[HTTP][39m [37m<-- POST /wd/hub/session/e1d7d3ef-7c8a-41e1-be7d-fcca28b76d28/context [39m[32m200[39m [90m3 ms - 14[39m
[35m[HTTP][39m [90m[39m
[35m[HTTP][39m [37m-->[39m [37mGET[39m [37m/wd/hub/session/e1d7d3ef-7c8a-41e1-be7d-fcca28b76d28/window/rect[39m
[35m[HTTP][39m [90m{}[39m
[35m[HTTP][39m [37m<-- GET /wd/hub/session/e1d7d3ef-7c8a-41e1-be7d-fcca28b76d28/window/rect [39m[32m200[39m [90m47 ms - 50[39m
[35m[HTTP][39m [90m[39m
[35m[HTTP][39m [37m-->[39m [37mPOST[39m [37m/wd/hub/session/e1d7d3ef-7c8a-41e1-be7d-fcca28b76d28/execute/sync[39m
[35m[HTTP][39m [90m{"script":"mobile: viewportScreenshot","args":[]}[39m
[35m[AndroidDriver][39m Executing native command 'mobile: viewportScreenshot'
[35m[HTTP][39m [37m<-- POST /wd/hub/session/e1d7d3ef-7c8a-41e1-be7d-fcca28b76d28/execute/sync [39m[32m200[39m [90m1489 ms - 85692[39m
[35m[HTTP][39m [90m[39m
[35m[HTTP][39m [37m-->[39m [37mPOST[39m [37m/wd/hub/session/e1d7d3ef-7c8a-41e1-be7d-fcca28b76d28/context[39m
[35m[HTTP][39m [90m{"name":"NATIVE_APP"}[39m
[35m[HTTP][39m [37m<-- POST /wd/hub/session/e1d7d3ef-7c8a-41e1-be7d-fcca28b76d28/context [39m[32m200[39m [90m2 ms - 14[39m
[35m[HTTP][39m [90m[39m
[35m[HTTP][39m [37m-->[39m [37mPOST[39m [37m/wd/hub/session/e1d7d3ef-7c8a-41e1-be7d-fcca28b76d28/timeouts[39m
[35m[HTTP][39m [90m{"implicit":50}[39m
[35m[HTTP][39m [37m<-- POST /wd/hub/session/e1d7d3ef-7c8a-41e1-be7d-fcca28b76d28/timeouts [39m[32m200[39m [90m1 ms - 14[39m
[35m[HTTP][39m [90m[39m
[35m[HTTP][39m [37m-->[39m [37mGET[39m [37m/wd/hub/session/e1d7d3ef-7c8a-41e1-be7d-fcca28b76d28/window/rect[39m
[35m[HTTP][39m [90m{}[39m
[35m[HTTP][39m [37m<-- GET /wd/hub/session/e1d7d3ef-7c8a-41e1-be7d-fcca28b76d28/window/rect [39m[32m200[39m [90m29 ms - 50[39m
[35m[HTTP][39m [90m[39m
[35m[HTTP][39m [37m-->[39m [37mPOST[39m [37m/wd/hub/session/e1d7d3ef-7c8a-41e1-be7d-fcca28b76d28/elements[39m
[35m[HTTP][39m [90m{"using":"xpath","value":"//*[@class = 'android.widget.Button' and (@text = 'SEARCH' or . = 'SEARCH') and @resource-id = 'com.bcaf.mobilesurvey:id/search']"}[39m
[35m[HTTP][39m [37m<-- POST /wd/hub/session/e1d7d3ef-7c8a-41e1-be7d-fcca28b76d28/elements [39m[32m200[39m [90m323 ms - 139[39m
[35m[HTTP][39m [90m[39m
[35m[HTTP][39m [37m-->[39m [37mGET[39m [37m/wd/hub/session/e1d7d3ef-7c8a-41e1-be7d-fcca28b76d28/element/00000000-0000-08d1-ffff-ffff000032ec/location[39m
[35m[HTTP][39m [90m{}[39m
[35m[W3C (e1d7d3ef)][39m Driver proxy active, passing request on via HTTP proxy
[35m[WD Proxy][39m Replacing sessionId 9697b2e3-a8a2-4dfe-8b6b-00942273fe18 with e1d7d3ef-7c8a-41e1-be7d-fcca28b76d28
[35m[HTTP][39m [37m<-- GET /wd/hub/session/e1d7d3ef-7c8a-41e1-be7d-fcca28b76d28/element/00000000-0000-08d1-ffff-ffff000032ec/location [39m[32m200[39m [90m41 ms - 78[39m
[35m[HTTP][39m [90m[39m
[35m[HTTP][39m [37m-->[39m [37mPOST[39m [37m/wd/hub/session/e1d7d3ef-7c8a-41e1-be7d-fcca28b76d28/timeouts[39m
[35m[HTTP][39m [90m{"implicit":30000}[39m
[35m[HTTP][39m [37m<-- POST /wd/hub/session/e1d7d3ef-7c8a-41e1-be7d-fcca28b76d28/timeouts [39m[32m200[39m [90m2 ms - 14[39m
[35m[HTTP][39m [90m[39m
[35m[HTTP][39m [37m-->[39m [37mPOST[39m [37m/wd/hub/session/e1d7d3ef-7c8a-41e1-be7d-fcca28b76d28/touch/perform[39m
[35m[HTTP][39m [90m{"actions":[{"action":"tap","options":{"x":1,"y":1,"element":"00000000-0000-08d1-ffff-ffff000032ec"}},{"action":"release","options":{}}]}[39m
[35m[UiAutomator2][39m calling get location: 00000000-0000-08d1-ffff-ffff000032ec
[35m[HTTP][39m [37m<-- POST /wd/hub/session/e1d7d3ef-7c8a-41e1-be7d-fcca28b76d28/touch/perform [39m[32m200[39m [90m287 ms - 14[39m
[35m[HTTP][39m [90m[39m
[35m[HTTP][39m [37m-->[39m [37mGET[39m [37m/wd/hub/session/e1d7d3ef-7c8a-41e1-be7d-fcca28b76d28/context[39m
[35m[HTTP][39m [90m{}[39m
[35m[HTTP][39m [37m<-- GET /wd/hub/session/e1d7d3ef-7c8a-41e1-be7d-fcca28b76d28/context [39m[32m200[39m [90m3 ms - 22[39m
[35m[HTTP][39m [90m[39m
[35m[HTTP][39m [37m-->[39m [37mGET[39m [37m/wd/hub/session/e1d7d3ef-7c8a-41e1-be7d-fcca28b76d28/contexts[39m
[35m[HTTP][39m [90m{}[39m
[35m[HTTP][39m [37m<-- GET /wd/hub/session/e1d7d3ef-7c8a-41e1-be7d-fcca28b76d28/contexts [39m[32m200[39m [90m137 ms - 24[39m
[35m[HTTP][39m [90m[39m
[35m[HTTP][39m [37m-->[39m [37mPOST[39m [37m/wd/hub/session/e1d7d3ef-7c8a-41e1-be7d-fcca28b76d28/context[39m
[35m[HTTP][39m [90m{"name":"NATIVE_APP"}[39m
[35m[HTTP][39m [37m<-- POST /wd/hub/session/e1d7d3ef-7c8a-41e1-be7d-fcca28b76d28/context [39m[32m200[39m [90m2 ms - 14[39m
[35m[HTTP][39m [90m[39m
[35m[HTTP][39m [37m-->[39m [37mGET[39m [37m/wd/hub/session/e1d7d3ef-7c8a-41e1-be7d-fcca28b76d28/window/rect[39m
[35m[HTTP][39m [90m{}[39m
[35m[HTTP][39m [37m<-- GET /wd/hub/session/e1d7d3ef-7c8a-41e1-be7d-fcca28b76d28/window/rect [39m[32m200[39m [90m46 ms - 50[39m
[35m[HTTP][39m [90m[39m
[35m[HTTP][39m [37m-->[39m [37mPOST[39m [37m/wd/hub/session/e1d7d3ef-7c8a-41e1-be7d-fcca28b76d28/execute/sync[39m
[35m[HTTP][39m [90m{"script":"mobile: viewportScreenshot","args":[]}[39m
[35m[AndroidDriver][39m Executing native command 'mobile: viewportScreenshot'
[35m[HTTP][39m [37m<-- POST /wd/hub/session/e1d7d3ef-7c8a-41e1-be7d-fcca28b76d28/execute/sync [39m[32m200[39m [90m1716 ms - 356368[39m
[35m[HTTP][39m [90m[39m
[35m[HTTP][39m [37m-->[39m [37mPOST[39m [37m/wd/hub/session/e1d7d3ef-7c8a-41e1-be7d-fcca28b76d28/context[39m
[35m[HTTP][39m [90m{"name":"NATIVE_APP"}[39m
[35m[HTTP][39m [37m<-- POST /wd/hub/session/e1d7d3ef-7c8a-41e1-be7d-fcca28b76d28/context [39m[32m200[39m [90m2 ms - 14[39m
[35m[HTTP][39m [90m[39m
[35m[HTTP][39m [37m-->[39m [37mGET[39m [37m/wd/hub/session/e1d7d3ef-7c8a-41e1-be7d-fcca28b76d28/context[39m
[35m[HTTP][39m [90m{}[39m
[35m[HTTP][39m [37m<-- GET /wd/hub/session/e1d7d3ef-7c8a-41e1-be7d-fcca28b76d28/context [39m[32m200[39m [90m2 ms - 22[39m
[35m[HTTP][39m [90m[39m
[35m[HTTP][39m [37m-->[39m [37mGET[39m [37m/wd/hub/session/e1d7d3ef-7c8a-41e1-be7d-fcca28b76d28/contexts[39m
[35m[HTTP][39m [90m{}[39m
[35m[HTTP][39m [37m<-- GET /wd/hub/session/e1d7d3ef-7c8a-41e1-be7d-fcca28b76d28/contexts [39m[32m200[39m [90m104 ms - 24[39m
[35m[HTTP][39m [90m[39m
[35m[HTTP][39m [37m-->[39m [37mPOST[39m [37m/wd/hub/session/e1d7d3ef-7c8a-41e1-be7d-fcca28b76d28/context[39m
[35m[HTTP][39m [90m{"name":"NATIVE_APP"}[39m
[35m[HTTP][39m [37m<-- POST /wd/hub/session/e1d7d3ef-7c8a-41e1-be7d-fcca28b76d28/context [39m[32m200[39m [90m2 ms - 14[39m
[35m[HTTP][39m [90m[39m
[35m[HTTP][39m [37m-->[39m [37mPOST[39m [37m/wd/hub/session/e1d7d3ef-7c8a-41e1-be7d-fcca28b76d28/element[39m
[35m[HTTP][39m [90m{"using":"-android uiautomator","value":"new UiScrollable(new UiSelector().scrollable(true).instance(0)).scrollIntoView(new UiSelector().textContains(\"Data Kendaraan\"))"}[39m
[35m[HTTP][39m [37m<-- POST /wd/hub/session/e1d7d3ef-7c8a-41e1-be7d-fcca28b76d28/element [39m[32m200[39m [90m5289 ms - 137[39m
[35m[HTTP][39m [90m[39m
[35m[HTTP][39m [37m-->[39m [37mPOST[39m [37m/wd/hub/session/e1d7d3ef-7c8a-41e1-be7d-fcca28b76d28/context[39m
[35m[HTTP][39m [90m{"name":"NATIVE_APP"}[39m
[35m[HTTP][39m [37m<-- POST /wd/hub/session/e1d7d3ef-7c8a-41e1-be7d-fcca28b76d28/context [39m[32m200[39m [90m2 ms - 14[39m
[35m[HTTP][39m [90m[39m
[35m[HTTP][39m [37m-->[39m [37mGET[39m [37m/wd/hub/session/e1d7d3ef-7c8a-41e1-be7d-fcca28b76d28/context[39m
[35m[HTTP][39m [90m{}[39m
[35m[HTTP][39m [37m<-- GET /wd/hub/session/e1d7d3ef-7c8a-41e1-be7d-fcca28b76d28/context [39m[32m200[39m [90m2 ms - 22[39m
[35m[HTTP][39m [90m[39m
[35m[HTTP][39m [37m-->[39m [37mGET[39m [37m/wd/hub/session/e1d7d3ef-7c8a-41e1-be7d-fcca28b76d28/contexts[39m
[35m[HTTP][39m [90m{}[39m
[35m[HTTP][39m [37m<-- GET /wd/hub/session/e1d7d3ef-7c8a-41e1-be7d-fcca28b76d28/contexts [39m[32m200[39m [90m125 ms - 24[39m
[35m[HTTP][39m [90m[39m
[35m[HTTP][39m [37m-->[39m [37mPOST[39m [37m/wd/hub/session/e1d7d3ef-7c8a-41e1-be7d-fcca28b76d28/context[39m
[35m[HTTP][39m [90m{"name":"NATIVE_APP"}[39m
[35m[HTTP][39m [37m<-- POST /wd/hub/session/e1d7d3ef-7c8a-41e1-be7d-fcca28b76d28/context [39m[32m200[39m [90m2 ms - 14[39m
[35m[HTTP][39m [90m[39m
[35m[HTTP][39m [37m-->[39m [37mGET[39m [37m/wd/hub/session/e1d7d3ef-7c8a-41e1-be7d-fcca28b76d28/window/rect[39m
[35m[HTTP][39m [90m{}[39m
[35m[HTTP][39m [37m<-- GET /wd/hub/session/e1d7d3ef-7c8a-41e1-be7d-fcca28b76d28/window/rect [39m[32m200[39m [90m46 ms - 50[39m
[35m[HTTP][39m [90m[39m
[35m[HTTP][39m [37m-->[39m [37mPOST[39m [37m/wd/hub/session/e1d7d3ef-7c8a-41e1-be7d-fcca28b76d28/execute/sync[39m
[35m[HTTP][39m [90m{"script":"mobile: viewportScreenshot","args":[]}[39m
[35m[AndroidDriver][39m Executing native command 'mobile: viewportScreenshot'
[35m[HTTP][39m [37m<-- POST /wd/hub/session/e1d7d3ef-7c8a-41e1-be7d-fcca28b76d28/execute/sync [39m[32m200[39m [90m1579 ms - 357608[39m
[35m[HTTP][39m [90m[39m
[35m[HTTP][39m [37m-->[39m [37mPOST[39m [37m/wd/hub/session/e1d7d3ef-7c8a-41e1-be7d-fcca28b76d28/context[39m
[35m[HTTP][39m [90m{"name":"NATIVE_APP"}[39m
[35m[HTTP][39m [37m<-- POST /wd/hub/session/e1d7d3ef-7c8a-41e1-be7d-fcca28b76d28/context [39m[32m200[39m [90m1 ms - 14[39m
[35m[HTTP][39m [90m[39m
[35m[HTTP][39m [37m-->[39m [37mPOST[39m [37m/wd/hub/session/e1d7d3ef-7c8a-41e1-be7d-fcca28b76d28/timeouts[39m
[35m[HTTP][39m [90m{"implicit":50}[39m
[35m[HTTP][39m [37m<-- POST /wd/hub/session/e1d7d3ef-7c8a-41e1-be7d-fcca28b76d28/timeouts [39m[32m200[39m [90m3 ms - 14[39m
[35m[HTTP][39m [90m[39m
[35m[HTTP][39m [37m-->[39m [37mGET[39m [37m/wd/hub/session/e1d7d3ef-7c8a-41e1-be7d-fcca28b76d28/window/rect[39m
[35m[HTTP][39m [90m{}[39m
[35m[HTTP][39m [37m<-- GET /wd/hub/session/e1d7d3ef-7c8a-41e1-be7d-fcca28b76d28/window/rect [39m[32m200[39m [90m48 ms - 50[39m
[35m[HTTP][39m [90m[39m
[35m[HTTP][39m [37m-->[39m [37mPOST[39m [37m/wd/hub/session/e1d7d3ef-7c8a-41e1-be7d-fcca28b76d28/elements[39m
[35m[HTTP][39m [90m{"using":"xpath","value":"//*[@class = 'android.widget.TextView' and (@text = 'Surat Kendaraan' or . = 'Surat Kendaraan') and @resource-id = 'com.bcaf.mobilesurvey:id/showhide_surat']"}[39m
[35m[HTTP][39m [37m<-- POST /wd/hub/session/e1d7d3ef-7c8a-41e1-be7d-fcca28b76d28/elements [39m[32m200[39m [90m672 ms - 139[39m
[35m[HTTP][39m [90m[39m
[35m[HTTP][39m [37m-->[39m [37mGET[39m [37m/wd/hub/session/e1d7d3ef-7c8a-41e1-be7d-fcca28b76d28/element/00000000-0000-08d4-ffff-ffff0000343a/location[39m
[35m[HTTP][39m [90m{}[39m
[35m[W3C (e1d7d3ef)][39m Driver proxy active, passing request on via HTTP proxy
[35m[WD Proxy][39m Replacing sessionId 9697b2e3-a8a2-4dfe-8b6b-00942273fe18 with e1d7d3ef-7c8a-41e1-be7d-fcca28b76d28
[35m[HTTP][39m [37m<-- GET /wd/hub/session/e1d7d3ef-7c8a-41e1-be7d-fcca28b76d28/element/00000000-0000-08d4-ffff-ffff0000343a/location [39m[32m200[39m [90m39 ms - 78[39m
[35m[HTTP][39m [90m[39m
[35m[HTTP][39m [37m-->[39m [37mPOST[39m [37m/wd/hub/session/e1d7d3ef-7c8a-41e1-be7d-fcca28b76d28/timeouts[39m
[35m[HTTP][39m [90m{"implicit":30000}[39m
[35m[HTTP][39m [37m<-- POST /wd/hub/session/e1d7d3ef-7c8a-41e1-be7d-fcca28b76d28/timeouts [39m[32m200[39m [90m3 ms - 14[39m
[35m[HTTP][39m [90m[39m
[35m[HTTP][39m [37m-->[39m [37mPOST[39m [37m/wd/hub/session/e1d7d3ef-7c8a-41e1-be7d-fcca28b76d28/touch/perform[39m
[35m[HTTP][39m [90m{"actions":[{"action":"tap","options":{"x":1,"y":1,"element":"00000000-0000-08d4-ffff-ffff0000343a"}},{"action":"release","options":{}}]}[39m
[35m[UiAutomator2][39m calling get location: 00000000-0000-08d4-ffff-ffff0000343a
[35m[HTTP][39m [37m<-- POST /wd/hub/session/e1d7d3ef-7c8a-41e1-be7d-fcca28b76d28/touch/perform [39m[32m200[39m [90m915 ms - 14[39m
[35m[HTTP][39m [90m[39m
[35m[HTTP][39m [37m-->[39m [37mGET[39m [37m/wd/hub/session/e1d7d3ef-7c8a-41e1-be7d-fcca28b76d28/context[39m
[35m[HTTP][39m [90m{}[39m
[35m[HTTP][39m [37m<-- GET /wd/hub/session/e1d7d3ef-7c8a-41e1-be7d-fcca28b76d28/context [39m[32m200[39m [90m1 ms - 22[39m
[35m[HTTP][39m [90m[39m
[35m[HTTP][39m [37m-->[39m [37mGET[39m [37m/wd/hub/session/e1d7d3ef-7c8a-41e1-be7d-fcca28b76d28/contexts[39m
[35m[HTTP][39m [90m{}[39m
[35m[HTTP][39m [37m<-- GET /wd/hub/session/e1d7d3ef-7c8a-41e1-be7d-fcca28b76d28/contexts [39m[32m200[39m [90m112 ms - 24[39m
[35m[HTTP][39m [90m[39m
[35m[HTTP][39m [37m-->[39m [37mPOST[39m [37m/wd/hub/session/e1d7d3ef-7c8a-41e1-be7d-fcca28b76d28/context[39m
[35m[HTTP][39m [90m{"name":"NATIVE_APP"}[39m
[35m[HTTP][39m [37m<-- POST /wd/hub/session/e1d7d3ef-7c8a-41e1-be7d-fcca28b76d28/context [39m[32m200[39m [90m2 ms - 14[39m
[35m[HTTP][39m [90m[39m
[35m[HTTP][39m [37m-->[39m [37mGET[39m [37m/wd/hub/session/e1d7d3ef-7c8a-41e1-be7d-fcca28b76d28/window/rect[39m
[35m[HTTP][39m [90m{}[39m
[35m[HTTP][39m [37m<-- GET /wd/hub/session/e1d7d3ef-7c8a-41e1-be7d-fcca28b76d28/window/rect [39m[32m200[39m [90m42 ms - 50[39m
[35m[HTTP][39m [90m[39m
[35m[HTTP][39m [37m-->[39m [37mPOST[39m [37m/wd/hub/session/e1d7d3ef-7c8a-41e1-be7d-fcca28b76d28/execute/sync[39m
[35m[HTTP][39m [90m{"script":"mobile: viewportScreenshot","args":[]}[39m
[35m[AndroidDriver][39m Executing native command 'mobile: viewportScreenshot'
[35m[HTTP][39m [37m<-- POST /wd/hub/session/e1d7d3ef-7c8a-41e1-be7d-fcca28b76d28/execute/sync [39m[32m200[39m [90m1590 ms - 379752[39m
[35m[HTTP][39m [90m[39m
[35m[HTTP][39m [37m-->[39m [37mPOST[39m [37m/wd/hub/session/e1d7d3ef-7c8a-41e1-be7d-fcca28b76d28/context[39m
[35m[HTTP][39m [90m{"name":"NATIVE_APP"}[39m
[35m[HTTP][39m [37m<-- POST /wd/hub/session/e1d7d3ef-7c8a-41e1-be7d-fcca28b76d28/context [39m[32m200[39m [90m1 ms - 14[39m
[35m[HTTP][39m [90m[39m
[35m[HTTP][39m [37m-->[39m [37mGET[39m [37m/wd/hub/session/e1d7d3ef-7c8a-41e1-be7d-fcca28b76d28/context[39m
[35m[HTTP][39m [90m{}[39m
[35m[HTTP][39m [37m<-- GET /wd/hub/session/e1d7d3ef-7c8a-41e1-be7d-fcca28b76d28/context [39m[32m200[39m [90m1 ms - 22[39m
[35m[HTTP][39m [90m[39m
[35m[HTTP][39m [37m-->[39m [37mGET[39m [37m/wd/hub/session/e1d7d3ef-7c8a-41e1-be7d-fcca28b76d28/contexts[39m
[35m[HTTP][39m [90m{}[39m
[35m[HTTP][39m [37m<-- GET /wd/hub/session/e1d7d3ef-7c8a-41e1-be7d-fcca28b76d28/contexts [39m[32m200[39m [90m114 ms - 24[39m
[35m[HTTP][39m [90m[39m
[35m[HTTP][39m [37m-->[39m [37mPOST[39m [37m/wd/hub/session/e1d7d3ef-7c8a-41e1-be7d-fcca28b76d28/context[39m
[35m[HTTP][39m [90m{"name":"NATIVE_APP"}[39m
[35m[HTTP][39m [37m<-- POST /wd/hub/session/e1d7d3ef-7c8a-41e1-be7d-fcca28b76d28/context [39m[32m200[39m [90m2 ms - 14[39m
[35m[HTTP][39m [90m[39m
[35m[HTTP][39m [37m-->[39m [37mPOST[39m [37m/wd/hub/session/e1d7d3ef-7c8a-41e1-be7d-fcca28b76d28/element[39m
[35m[HTTP][39m [90m{"using":"-android uiautomator","value":"new UiScrollable(new UiSelector().scrollable(true).instance(0)).scrollIntoView(new UiSelector().textContains(\"Kondisi Kendaraan\"))"}[39m
[35m[HTTP][39m [37m<-- POST /wd/hub/session/e1d7d3ef-7c8a-41e1-be7d-fcca28b76d28/element [39m[32m200[39m [90m5835 ms - 137[39m
[35m[HTTP][39m [90m[39m
[35m[HTTP][39m [37m-->[39m [37mPOST[39m [37m/wd/hub/session/e1d7d3ef-7c8a-41e1-be7d-fcca28b76d28/context[39m
[35m[HTTP][39m [90m{"name":"NATIVE_APP"}[39m
[35m[HTTP][39m [37m<-- POST /wd/hub/session/e1d7d3ef-7c8a-41e1-be7d-fcca28b76d28/context [39m[32m200[39m [90m2 ms - 14[39m
[35m[HTTP][39m [90m[39m
[35m[HTTP][39m [37m-->[39m [37mPOST[39m [37m/wd/hub/session/e1d7d3ef-7c8a-41e1-be7d-fcca28b76d28/timeouts[39m
[35m[HTTP][39m [90m{"implicit":50}[39m
[35m[HTTP][39m [37m<-- POST /wd/hub/session/e1d7d3ef-7c8a-41e1-be7d-fcca28b76d28/timeouts [39m[32m200[39m [90m1 ms - 14[39m
[35m[HTTP][39m [90m[39m
[35m[HTTP][39m [37m-->[39m [37mGET[39m [37m/wd/hub/session/e1d7d3ef-7c8a-41e1-be7d-fcca28b76d28/window/rect[39m
[35m[HTTP][39m [90m{}[39m
[35m[HTTP][39m [37m<-- GET /wd/hub/session/e1d7d3ef-7c8a-41e1-be7d-fcca28b76d28/window/rect [39m[32m200[39m [90m49 ms - 50[39m
[35m[HTTP][39m [90m[39m
[35m[HTTP][39m [37m-->[39m [37mPOST[39m [37m/wd/hub/session/e1d7d3ef-7c8a-41e1-be7d-fcca28b76d28/elements[39m
[35m[HTTP][39m [90m{"using":"xpath","value":"//*[@class = 'android.widget.TextView' and (@text = 'Kondisi Kendaraan' or . = 'Kondisi Kendaraan') and @resource-id = 'com.bcaf.mobilesurvey:id/showhide_kondisi']"}[39m
[35m[HTTP][39m [37m<-- POST /wd/hub/session/e1d7d3ef-7c8a-41e1-be7d-fcca28b76d28/elements [39m[32m200[39m [90m701 ms - 139[39m
[35m[HTTP][39m [90m[39m
[35m[HTTP][39m [37m-->[39m [37mGET[39m [37m/wd/hub/session/e1d7d3ef-7c8a-41e1-be7d-fcca28b76d28/element/00000000-0000-08d4-ffff-ffff0000343c/location[39m
[35m[HTTP][39m [90m{}[39m
[35m[W3C (e1d7d3ef)][39m Driver proxy active, passing request on via HTTP proxy
[35m[WD Proxy][39m Replacing sessionId 9697b2e3-a8a2-4dfe-8b6b-00942273fe18 with e1d7d3ef-7c8a-41e1-be7d-fcca28b76d28
[35m[HTTP][39m [37m<-- GET /wd/hub/session/e1d7d3ef-7c8a-41e1-be7d-fcca28b76d28/element/00000000-0000-08d4-ffff-ffff0000343c/location [39m[32m200[39m [90m47 ms - 78[39m
[35m[HTTP][39m [90m[39m
[35m[HTTP][39m [37m-->[39m [37mPOST[39m [37m/wd/hub/session/e1d7d3ef-7c8a-41e1-be7d-fcca28b76d28/timeouts[39m
[35m[HTTP][39m [90m{"implicit":30000}[39m
[35m[HTTP][39m [37m<-- POST /wd/hub/session/e1d7d3ef-7c8a-41e1-be7d-fcca28b76d28/timeouts [39m[32m200[39m [90m2 ms - 14[39m
[35m[HTTP][39m [90m[39m
[35m[HTTP][39m [37m-->[39m [37mPOST[39m [37m/wd/hub/session/e1d7d3ef-7c8a-41e1-be7d-fcca28b76d28/touch/perform[39m
[35m[HTTP][39m [90m{"actions":[{"action":"tap","options":{"x":1,"y":1,"element":"00000000-0000-08d4-ffff-ffff0000343c"}},{"action":"release","options":{}}]}[39m
[35m[UiAutomator2][39m calling get location: 00000000-0000-08d4-ffff-ffff0000343c
[35m[HTTP][39m [37m<-- POST /wd/hub/session/e1d7d3ef-7c8a-41e1-be7d-fcca28b76d28/touch/perform [39m[32m200[39m [90m879 ms - 14[39m
[35m[HTTP][39m [90m[39m
[35m[HTTP][39m [37m-->[39m [37mGET[39m [37m/wd/hub/session/e1d7d3ef-7c8a-41e1-be7d-fcca28b76d28/context[39m
[35m[HTTP][39m [90m{}[39m
[35m[HTTP][39m [37m<-- GET /wd/hub/session/e1d7d3ef-7c8a-41e1-be7d-fcca28b76d28/context [39m[32m200[39m [90m2 ms - 22[39m
[35m[HTTP][39m [90m[39m
[35m[HTTP][39m [37m-->[39m [37mGET[39m [37m/wd/hub/session/e1d7d3ef-7c8a-41e1-be7d-fcca28b76d28/contexts[39m
[35m[HTTP][39m [90m{}[39m
[35m[HTTP][39m [37m<-- GET /wd/hub/session/e1d7d3ef-7c8a-41e1-be7d-fcca28b76d28/contexts [39m[32m200[39m [90m125 ms - 24[39m
[35m[HTTP][39m [90m[39m
[35m[HTTP][39m [37m-->[39m [37mPOST[39m [37m/wd/hub/session/e1d7d3ef-7c8a-41e1-be7d-fcca28b76d28/context[39m
[35m[HTTP][39m [90m{"name":"NATIVE_APP"}[39m
[35m[HTTP][39m [37m<-- POST /wd/hub/session/e1d7d3ef-7c8a-41e1-be7d-fcca28b76d28/context [39m[32m200[39m [90m1 ms - 14[39m
[35m[HTTP][39m [90m[39m
[35m[HTTP][39m [37m-->[39m [37mGET[39m [37m/wd/hub/session/e1d7d3ef-7c8a-41e1-be7d-fcca28b76d28/window/rect[39m
[35m[HTTP][39m [90m{}[39m
[35m[HTTP][39m [37m<-- GET /wd/hub/session/e1d7d3ef-7c8a-41e1-be7d-fcca28b76d28/window/rect [39m[32m200[39m [90m43 ms - 50[39m
[35m[HTTP][39m [90m[39m
[35m[HTTP][39m [37m-->[39m [37mPOST[39m [37m/wd/hub/session/e1d7d3ef-7c8a-41e1-be7d-fcca28b76d28/execute/sync[39m
[35m[HTTP][39m [90m{"script":"mobile: viewportScreenshot","args":[]}[39m
[35m[AndroidDriver][39m Executing native command 'mobile: viewportScreenshot'
[35m[HTTP][39m [37m<-- POST /wd/hub/session/e1d7d3ef-7c8a-41e1-be7d-fcca28b76d28/execute/sync [39m[32m200[39m [90m1651 ms - 379476[39m
[35m[HTTP][39m [90m[39m
[35m[HTTP][39m [37m-->[39m [37mPOST[39m [37m/wd/hub/session/e1d7d3ef-7c8a-41e1-be7d-fcca28b76d28/context[39m
[35m[HTTP][39m [90m{"name":"NATIVE_APP"}[39m
[35m[HTTP][39m [37m<-- POST /wd/hub/session/e1d7d3ef-7c8a-41e1-be7d-fcca28b76d28/context [39m[32m200[39m [90m1 ms - 14[39m
[35m[HTTP][39m [90m[39m
[35m[HTTP][39m [37m-->[39m [37mGET[39m [37m/wd/hub/session/e1d7d3ef-7c8a-41e1-be7d-fcca28b76d28/context[39m
[35m[HTTP][39m [90m{}[39m
[35m[HTTP][39m [37m<-- GET /wd/hub/session/e1d7d3ef-7c8a-41e1-be7d-fcca28b76d28/context [39m[32m200[39m [90m2 ms - 22[39m
[35m[HTTP][39m [90m[39m
[35m[HTTP][39m [37m-->[39m [37mGET[39m [37m/wd/hub/session/e1d7d3ef-7c8a-41e1-be7d-fcca28b76d28/contexts[39m
[35m[HTTP][39m [90m{}[39m
[35m[HTTP][39m [37m<-- GET /wd/hub/session/e1d7d3ef-7c8a-41e1-be7d-fcca28b76d28/contexts [39m[32m200[39m [90m113 ms - 24[39m
[35m[HTTP][39m [90m[39m
[35m[HTTP][39m [37m-->[39m [37mPOST[39m [37m/wd/hub/session/e1d7d3ef-7c8a-41e1-be7d-fcca28b76d28/context[39m
[35m[HTTP][39m [90m{"name":"NATIVE_APP"}[39m
[35m[HTTP][39m [37m<-- POST /wd/hub/session/e1d7d3ef-7c8a-41e1-be7d-fcca28b76d28/context [39m[32m200[39m [90m2 ms - 14[39m
[35m[HTTP][39m [90m[39m
[35m[HTTP][39m [37m-->[39m [37mPOST[39m [37m/wd/hub/session/e1d7d3ef-7c8a-41e1-be7d-fcca28b76d28/element[39m
[35m[HTTP][39m [90m{"using":"-android uiautomator","value":"new UiScrollable(new UiSelector().scrollable(true).instance(0)).scrollIntoView(new UiSelector().textContains(\"Foto Mobil\"))"}[39m
[35m[HTTP][39m [37m<-- POST /wd/hub/session/e1d7d3ef-7c8a-41e1-be7d-fcca28b76d28/element [39m[32m200[39m [90m11173 ms - 137[39m
[35m[HTTP][39m [90m[39m
[35m[HTTP][39m [37m-->[39m [37mPOST[39m [37m/wd/hub/session/e1d7d3ef-7c8a-41e1-be7d-fcca28b76d28/context[39m
[35m[HTTP][39m [90m{"name":"NATIVE_APP"}[39m
[35m[HTTP][39m [37m<-- POST /wd/hub/session/e1d7d3ef-7c8a-41e1-be7d-fcca28b76d28/context [39m[32m200[39m [90m3 ms - 14[39m
[35m[HTTP][39m [90m[39m
[35m[HTTP][39m [37m-->[39m [37mPOST[39m [37m/wd/hub/session/e1d7d3ef-7c8a-41e1-be7d-fcca28b76d28/timeouts[39m
[35m[HTTP][39m [90m{"implicit":50}[39m
[35m[HTTP][39m [37m<-- POST /wd/hub/session/e1d7d3ef-7c8a-41e1-be7d-fcca28b76d28/timeouts [39m[32m200[39m [90m1 ms - 14[39m
[35m[HTTP][39m [90m[39m
[35m[HTTP][39m [37m-->[39m [37mGET[39m [37m/wd/hub/session/e1d7d3ef-7c8a-41e1-be7d-fcca28b76d28/window/rect[39m
[35m[HTTP][39m [90m{}[39m
[35m[HTTP][39m [37m<-- GET /wd/hub/session/e1d7d3ef-7c8a-41e1-be7d-fcca28b76d28/window/rect [39m[32m200[39m [90m22 ms - 50[39m
[35m[HTTP][39m [90m[39m
[35m[HTTP][39m [37m-->[39m [37mPOST[39m [37m/wd/hub/session/e1d7d3ef-7c8a-41e1-be7d-fcca28b76d28/elements[39m
[35m[HTTP][39m [90m{"using":"xpath","value":"//*[@class = 'android.widget.TextView' and (@text = 'Foto Mobil' or . = 'Foto Mobil') and @resource-id = 'com.bcaf.mobilesurvey:id/showhide_foto']"}[39m
[35m[HTTP][39m [37m<-- POST /wd/hub/session/e1d7d3ef-7c8a-41e1-be7d-fcca28b76d28/elements [39m[32m200[39m [90m795 ms - 139[39m
[35m[HTTP][39m [90m[39m
[35m[HTTP][39m [37m-->[39m [37mGET[39m [37m/wd/hub/session/e1d7d3ef-7c8a-41e1-be7d-fcca28b76d28/element/00000000-0000-08d4-ffff-ffff0000345c/location[39m
[35m[HTTP][39m [90m{}[39m
[35m[W3C (e1d7d3ef)][39m Driver proxy active, passing request on via HTTP proxy
[35m[WD Proxy][39m Replacing sessionId 9697b2e3-a8a2-4dfe-8b6b-00942273fe18 with e1d7d3ef-7c8a-41e1-be7d-fcca28b76d28
[35m[HTTP][39m [37m<-- GET /wd/hub/session/e1d7d3ef-7c8a-41e1-be7d-fcca28b76d28/element/00000000-0000-08d4-ffff-ffff0000345c/location [39m[32m200[39m [90m55 ms - 78[39m
[35m[HTTP][39m [90m[39m
[35m[HTTP][39m [37m-->[39m [37mPOST[39m [37m/wd/hub/session/e1d7d3ef-7c8a-41e1-be7d-fcca28b76d28/timeouts[39m
[35m[HTTP][39m [90m{"implicit":30000}[39m
[35m[HTTP][39m [37m<-- POST /wd/hub/session/e1d7d3ef-7c8a-41e1-be7d-fcca28b76d28/timeouts [39m[32m200[39m [90m2 ms - 14[39m
[35m[HTTP][39m [90m[39m
[35m[HTTP][39m [37m-->[39m [37mPOST[39m [37m/wd/hub/session/e1d7d3ef-7c8a-41e1-be7d-fcca28b76d28/touch/perform[39m
[35m[HTTP][39m [90m{"actions":[{"action":"tap","options":{"x":1,"y":1,"element":"00000000-0000-08d4-ffff-ffff0000345c"}},{"action":"release","options":{}}]}[39m
[35m[UiAutomator2][39m calling get location: 00000000-0000-08d4-ffff-ffff0000345c
[35m[HTTP][39m [37m<-- POST /wd/hub/session/e1d7d3ef-7c8a-41e1-be7d-fcca28b76d28/touch/perform [39m[32m200[39m [90m858 ms - 14[39m
[35m[HTTP][39m [90m[39m
[35m[HTTP][39m [37m-->[39m [37mGET[39m [37m/wd/hub/session/e1d7d3ef-7c8a-41e1-be7d-fcca28b76d28/context[39m
[35m[HTTP][39m [90m{}[39m
[35m[HTTP][39m [37m<-- GET /wd/hub/session/e1d7d3ef-7c8a-41e1-be7d-fcca28b76d28/context [39m[32m200[39m [90m2 ms - 22[39m
[35m[HTTP][39m [90m[39m
[35m[HTTP][39m [37m-->[39m [37mGET[39m [37m/wd/hub/session/e1d7d3ef-7c8a-41e1-be7d-fcca28b76d28/contexts[39m
[35m[HTTP][39m [90m{}[39m
[35m[HTTP][39m [37m<-- GET /wd/hub/session/e1d7d3ef-7c8a-41e1-be7d-fcca28b76d28/contexts [39m[32m200[39m [90m143 ms - 24[39m
[35m[HTTP][39m [90m[39m
[35m[HTTP][39m [37m-->[39m [37mPOST[39m [37m/wd/hub/session/e1d7d3ef-7c8a-41e1-be7d-fcca28b76d28/context[39m
[35m[HTTP][39m [90m{"name":"NATIVE_APP"}[39m
[35m[HTTP][39m [37m<-- POST /wd/hub/session/e1d7d3ef-7c8a-41e1-be7d-fcca28b76d28/context [39m[32m200[39m [90m3 ms - 14[39m
[35m[HTTP][39m [90m[39m
[35m[HTTP][39m [37m-->[39m [37mPOST[39m [37m/wd/hub/session/e1d7d3ef-7c8a-41e1-be7d-fcca28b76d28/element[39m
[35m[HTTP][39m [90m{"using":"-android uiautomator","value":"new UiScrollable(new UiSelector().scrollable(true).instance(0)).scrollIntoView(new UiSelector().textContains(\"Kiri Depan\"))"}[39m
[35m[HTTP][39m [37m<-- POST /wd/hub/session/e1d7d3ef-7c8a-41e1-be7d-fcca28b76d28/element [39m[32m200[39m [90m14092 ms - 137[39m
[35m[HTTP][39m [90m[39m
[35m[HTTP][39m [37m-->[39m [37mPOST[39m [37m/wd/hub/session/e1d7d3ef-7c8a-41e1-be7d-fcca28b76d28/context[39m
[35m[HTTP][39m [90m{"name":"NATIVE_APP"}[39m
[35m[HTTP][39m [37m<-- POST /wd/hub/session/e1d7d3ef-7c8a-41e1-be7d-fcca28b76d28/context [39m[32m200[39m [90m3 ms - 14[39m
[35m[HTTP][39m [90m[39m
[35m[HTTP][39m [37m-->[39m [37mGET[39m [37m/wd/hub/session/e1d7d3ef-7c8a-41e1-be7d-fcca28b76d28/context[39m
[35m[HTTP][39m [90m{}[39m
[35m[HTTP][39m [37m<-- GET /wd/hub/session/e1d7d3ef-7c8a-41e1-be7d-fcca28b76d28/context [39m[32m200[39m [90m2 ms - 22[39m
[35m[HTTP][39m [90m[39m
[35m[HTTP][39m [37m-->[39m [37mGET[39m [37m/wd/hub/session/e1d7d3ef-7c8a-41e1-be7d-fcca28b76d28/contexts[39m
[35m[HTTP][39m [90m{}[39m
[35m[HTTP][39m [37m<-- GET /wd/hub/session/e1d7d3ef-7c8a-41e1-be7d-fcca28b76d28/contexts [39m[32m200[39m [90m119 ms - 24[39m
[35m[HTTP][39m [90m[39m
[35m[HTTP][39m [37m-->[39m [37mPOST[39m [37m/wd/hub/session/e1d7d3ef-7c8a-41e1-be7d-fcca28b76d28/context[39m
[35m[HTTP][39m [90m{"name":"NATIVE_APP"}[39m
[35m[HTTP][39m [37m<-- POST /wd/hub/session/e1d7d3ef-7c8a-41e1-be7d-fcca28b76d28/context [39m[32m200[39m [90m2 ms - 14[39m
[35m[HTTP][39m [90m[39m
[35m[HTTP][39m [37m-->[39m [37mGET[39m [37m/wd/hub/session/e1d7d3ef-7c8a-41e1-be7d-fcca28b76d28/window/rect[39m
[35m[HTTP][39m [90m{}[39m
[35m[HTTP][39m [37m<-- GET /wd/hub/session/e1d7d3ef-7c8a-41e1-be7d-fcca28b76d28/window/rect [39m[32m200[39m [90m24 ms - 50[39m
[35m[HTTP][39m [90m[39m
[35m[HTTP][39m [37m-->[39m [37mPOST[39m [37m/wd/hub/session/e1d7d3ef-7c8a-41e1-be7d-fcca28b76d28/execute/sync[39m
[35m[HTTP][39m [90m{"script":"mobile: viewportScreenshot","args":[]}[39m
[35m[AndroidDriver][39m Executing native command 'mobile: viewportScreenshot'
[35m[HTTP][39m [37m<-- POST /wd/hub/session/e1d7d3ef-7c8a-41e1-be7d-fcca28b76d28/execute/sync [39m[32m200[39m [90m3028 ms - 2033416[39m
[35m[HTTP][39m [90m[39m
[35m[HTTP][39m [37m-->[39m [37mPOST[39m [37m/wd/hub/session/e1d7d3ef-7c8a-41e1-be7d-fcca28b76d28/context[39m
[35m[HTTP][39m [90m{"name":"NATIVE_APP"}[39m
[35m[HTTP][39m [37m<-- POST /wd/hub/session/e1d7d3ef-7c8a-41e1-be7d-fcca28b76d28/context [39m[32m200[39m [90m2 ms - 14[39m
[35m[HTTP][39m [90m[39m
[35m[HTTP][39m [37m-->[39m [37mDELETE[39m [37m/wd/hub/session/e1d7d3ef-7c8a-41e1-be7d-fcca28b76d28[39m
[35m[HTTP][39m [90m{}[39m
[35m[Appium][39m Removing session e1d7d3ef-7c8a-41e1-be7d-fcca28b76d28 from our master session list
[35m[UiAutomator2][39m Restoring hidden api policy to the device default configuration
[35m[HTTP][39m [37m<-- DELETE /wd/hub/session/e1d7d3ef-7c8a-41e1-be7d-fcca28b76d28 [39m[32m200[39m [90m665 ms - 14[39m
[35m[HTTP][39m [90m[39m
