[35m[Appium][39m Welcome to Appium v1.22.2
[35m[Appium][39m Non-default server args:
[35m[Appium][39m   port: 63991
[35m[Appium][39m   loglevel: info
[35m[Appium][39m   tmpDir: C:\Users\NIAYUS~1\AppData\Local\Temp\\Katalon\Appium\Temp1645417061250
[35m[Appium][39m   chromedriverPort: 63992
[35m[Appium][39m Deprecated server args:
[35m[Appium][39m   [31m--chromedriver-port[39m => --default-capabilities
[35m[Appium][39m Default capabilities, which will be added to each request unless overridden by desired capabilities:
[35m[Appium][39m   chromedriverPort: 63992
[35m[Appium][39m Appium REST http interface listener started on 0.0.0.0:63991
[35m[HTTP][39m [37m-->[39m [37mGET[39m [37m/wd/hub/status[39m
[35m[HTTP][39m [90m{}[39m
[35m[HTTP][39m [37m<-- GET /wd/hub/status [39m[32m200[39m [90m7 ms - 68[39m
[35m[HTTP][39m [90m[39m
[35m[HTTP][39m [37m-->[39m [37mPOST[39m [37m/wd/hub/session[39m
[35m[HTTP][39m [90m{"desiredCapabilities":{"appActivity":".Settings","appPackage":"com.android.settings","newCommandTimeout":1800,"platformVersion":"11","automationName":"uiautomator2","autoGrantPermissions":true,"platformName":"Android","udid":"RR8N605F11Y","deviceName":"samsung SM-M315F (Android 11)","platform":"ANDROID","systemPort":8265},"capabilities":{"firstMatch":[{"appium:appActivity":".Settings","appium:appPackage":"com.android.settings","appium:autoGrantPermissions":true,"appium:automationName":"uiautomator2","appium:deviceName":"samsung SM-M315F (Android 11)","appium:newCommandTimeout":1800,"platform":"ANDROID","platformName":"android","appium:platformVersion":"11","appium:systemPort":8265,"appium:udid":"RR8N605F11Y"}]}}[39m
[35m[BaseDriver][39m The following capabilities are not standard capabilities and should have an extension prefix:
[35m[BaseDriver][39m   platform
[35m[BaseDriver][39m   chromedriverPort
[35m[Appium][39m Appium v1.22.2 creating new AndroidUiautomator2Driver (v1.70.1) session
[35m[BaseDriver][39m The following capabilities were provided, but are not recognized by Appium:
[35m[BaseDriver][39m   platform
[35m[BaseDriver][39m Session created with session id: c503e213-7c1b-4749-b9ba-658ccc7cadfb
[35m[UiAutomator2][39m Starting 'com.android.settings' directly on the device
[35m[ADB][39m Cannot sort build-tools folders ["29.0.3","android-8.1.0"] by semantic version names.
[35m[ADB][39m Falling back to sorting by modification date. Original error: Invalid Version: android-8.1.0
[35m[ADB][39m Found 2 'build-tools' folders under 'C:\Users\Nia Yusniati\.katalon\tools\android_sdk' (newest first):
[35m[ADB][39m     C:/Users/Nia Yusniati/.katalon/tools/android_sdk/build-tools/29.0.3
[35m[ADB][39m     C:/Users/Nia Yusniati/.katalon/tools/android_sdk/build-tools/android-8.1.0
[35m[ADB][39m Using 'adb.exe' from 'C:\Users\Nia Yusniati\.katalon\tools\android_sdk\platform-tools\adb.exe'
[35m[AndroidDriver][39m Retrieving device list
[35m[AndroidDriver][39m Using device: RR8N605F11Y
[35m[ADB][39m Using 'adb.exe' from 'C:\Users\Nia Yusniati\.katalon\tools\android_sdk\platform-tools\adb.exe'
[35m[ADB][39m Getting device platform version
[35m[UiAutomator2][39m Relaxing hidden api policy
[35m[AndroidDriver][39m No app sent in, not parsing package/activity
[35m[ADB][39m Using 'apksigner.jar' from 'C:\Users\Nia Yusniati\.katalon\tools\android_sdk\build-tools\29.0.3\lib\apksigner.jar'
[35m[ADB][39m 'C:\Users\Nia Yusniati\AppData\Roaming\npm\node_modules\appium\node_modules\appium-uiautomator2-server\apks\appium-uiautomator2-server-v4.27.0.apk' is signed with the default certificate
[35m[ADB][39m 'C:\Users\Nia Yusniati\AppData\Roaming\npm\node_modules\appium\node_modules\appium-uiautomator2-server\apks\appium-uiautomator2-server-debug-androidTest.apk' is signed with the default certificate
[35m[UiAutomator2][39m Server packages are not going to be (re)installed
[35m[ADB][39m Adding packages ["io.appium.settings","io.appium.uiautomator2.server","io.appium.uiautomator2.server.test"] to Doze whitelist
[35m[UiAutomator2][39m Starting UIAutomator2 server 4.27.0
[35m[UiAutomator2][39m Using UIAutomator2 server from 'C:\Users\Nia Yusniati\AppData\Roaming\npm\node_modules\appium\node_modules\appium-uiautomator2-server\apks\appium-uiautomator2-server-v4.27.0.apk' and test from 'C:\Users\Nia Yusniati\AppData\Roaming\npm\node_modules\appium\node_modules\appium-uiautomator2-server\apks\appium-uiautomator2-server-debug-androidTest.apk'
[35m[UiAutomator2][39m Waiting up to 30000ms for UiAutomator2 to be online...
[35m[WD Proxy][39m socket hang up
[35m[WD Proxy][39m socket hang up
[35m[WD Proxy][39m socket hang up
[35m[WD Proxy][39m Determined the downstream protocol as 'W3C'
[35m[AndroidDriver][39m Screen already unlocked, doing nothing
[35m[UiAutomator2][39m Starting 'com.android.settings/.Settings and waiting for 'com.android.settings/.Settings'
[35m[Appium][39m New AndroidUiautomator2Driver session created successfully, session c503e213-7c1b-4749-b9ba-658ccc7cadfb added to master session list
[35m[HTTP][39m [37m<-- POST /wd/hub/session [39m[32m200[39m [90m10706 ms - 1158[39m
[35m[HTTP][39m [90m[39m
[35m[HTTP][39m [37m-->[39m [37mGET[39m [37m/wd/hub/session/c503e213-7c1b-4749-b9ba-658ccc7cadfb[39m
[35m[HTTP][39m [90m{}[39m
[35m[HTTP][39m [37m<-- GET /wd/hub/session/c503e213-7c1b-4749-b9ba-658ccc7cadfb [39m[32m200[39m [90m18 ms - 1112[39m
[35m[HTTP][39m [90m[39m
[35m[HTTP][39m [37m-->[39m [37mGET[39m [37m/wd/hub/session/c503e213-7c1b-4749-b9ba-658ccc7cadfb[39m
[35m[HTTP][39m [90m{}[39m
[35m[HTTP][39m [37m<-- GET /wd/hub/session/c503e213-7c1b-4749-b9ba-658ccc7cadfb [39m[32m200[39m [90m13 ms - 1112[39m
[35m[HTTP][39m [90m[39m
[35m[HTTP][39m [37m-->[39m [37mGET[39m [37m/wd/hub/status[39m
[35m[HTTP][39m [90m{}[39m
[35m[HTTP][39m [37m<-- GET /wd/hub/status [39m[32m200[39m [90m1 ms - 68[39m
[35m[HTTP][39m [90m[39m
[35m[HTTP][39m [37m-->[39m [37mPOST[39m [37m/wd/hub/session/c503e213-7c1b-4749-b9ba-658ccc7cadfb/timeouts[39m
[35m[HTTP][39m [90m{"implicit":30000}[39m
[35m[HTTP][39m [37m<-- POST /wd/hub/session/c503e213-7c1b-4749-b9ba-658ccc7cadfb/timeouts [39m[32m200[39m [90m3 ms - 14[39m
[35m[HTTP][39m [90m[39m
[35m[HTTP][39m [37m-->[39m [37mGET[39m [37m/wd/hub/session/c503e213-7c1b-4749-b9ba-658ccc7cadfb/screenshot[39m
[35m[HTTP][39m [90m{}[39m
[35m[HTTP][39m [37m<-- GET /wd/hub/session/c503e213-7c1b-4749-b9ba-658ccc7cadfb/screenshot [39m[32m200[39m [90m651 ms - 184614[39m
[35m[HTTP][39m [90m[39m
[35m[HTTP][39m [37m-->[39m [37mGET[39m [37m/wd/hub/session/c503e213-7c1b-4749-b9ba-658ccc7cadfb/window/rect[39m
[35m[HTTP][39m [90m{}[39m
[35m[HTTP][39m [37m<-- GET /wd/hub/session/c503e213-7c1b-4749-b9ba-658ccc7cadfb/window/rect [39m[32m200[39m [90m44 ms - 50[39m
[35m[HTTP][39m [90m[39m
[35m[HTTP][39m [37m-->[39m [37mGET[39m [37m/wd/hub/session/c503e213-7c1b-4749-b9ba-658ccc7cadfb/appium/device/system_bars[39m
[35m[HTTP][39m [90m{}[39m
[35m[HTTP][39m [37m<-- GET /wd/hub/session/c503e213-7c1b-4749-b9ba-658ccc7cadfb/appium/device/system_bars [39m[32m200[39m [90m173 ms - 148[39m
[35m[HTTP][39m [90m[39m
[35m[HTTP][39m [37m-->[39m [37mPOST[39m [37m/wd/hub/session/c503e213-7c1b-4749-b9ba-658ccc7cadfb/appium/device/activate_app[39m
[35m[HTTP][39m [90m{"bundleId":"com.bcaf.mobilesurvey"}[39m
[35m[HTTP][39m [37m<-- POST /wd/hub/session/c503e213-7c1b-4749-b9ba-658ccc7cadfb/appium/device/activate_app [39m[32m200[39m [90m617 ms - 14[39m
[35m[HTTP][39m [90m[39m
[35m[HTTP][39m [37m-->[39m [37mPOST[39m [37m/wd/hub/session/c503e213-7c1b-4749-b9ba-658ccc7cadfb/timeouts[39m
[35m[HTTP][39m [90m{"implicit":50}[39m
[35m[HTTP][39m [37m<-- POST /wd/hub/session/c503e213-7c1b-4749-b9ba-658ccc7cadfb/timeouts [39m[32m200[39m [90m4 ms - 14[39m
[35m[HTTP][39m [90m[39m
[35m[HTTP][39m [37m-->[39m [37mGET[39m [37m/wd/hub/session/c503e213-7c1b-4749-b9ba-658ccc7cadfb/window/rect[39m
[35m[HTTP][39m [90m{}[39m
[35m[HTTP][39m [37m<-- GET /wd/hub/session/c503e213-7c1b-4749-b9ba-658ccc7cadfb/window/rect [39m[32m200[39m [90m31 ms - 50[39m
[35m[HTTP][39m [90m[39m
[35m[HTTP][39m [37m-->[39m [37mPOST[39m [37m/wd/hub/session/c503e213-7c1b-4749-b9ba-658ccc7cadfb/elements[39m
[35m[HTTP][39m [90m{"using":"xpath","value":"//*[@class = 'android.widget.EditText' and (@text = 'NIP' or . = 'NIP') and @resource-id = 'com.bcaf.mobilesurvey:id/nip']"}[39m
[35m[HTTP][39m [37m<-- POST /wd/hub/session/c503e213-7c1b-4749-b9ba-658ccc7cadfb/elements [39m[32m200[39m [90m539 ms - 139[39m
[35m[HTTP][39m [90m[39m
[35m[HTTP][39m [37m-->[39m [37mGET[39m [37m/wd/hub/session/c503e213-7c1b-4749-b9ba-658ccc7cadfb/element/00000000-0000-060b-ffff-ffff00003131/location[39m
[35m[HTTP][39m [90m{}[39m
[35m[W3C (c503e213)][39m Driver proxy active, passing request on via HTTP proxy
[35m[WD Proxy][39m Replacing sessionId 1051b48d-6163-4bc6-b3b1-aa9fe356f81c with c503e213-7c1b-4749-b9ba-658ccc7cadfb
[35m[HTTP][39m [37m<-- GET /wd/hub/session/c503e213-7c1b-4749-b9ba-658ccc7cadfb/element/00000000-0000-060b-ffff-ffff00003131/location [39m[32m200[39m [90m31 ms - 78[39m
[35m[HTTP][39m [90m[39m
[35m[HTTP][39m [37m-->[39m [37mPOST[39m [37m/wd/hub/session/c503e213-7c1b-4749-b9ba-658ccc7cadfb/timeouts[39m
[35m[HTTP][39m [90m{"implicit":30000}[39m
[35m[HTTP][39m [37m<-- POST /wd/hub/session/c503e213-7c1b-4749-b9ba-658ccc7cadfb/timeouts [39m[32m200[39m [90m1 ms - 14[39m
[35m[HTTP][39m [90m[39m
[35m[HTTP][39m [37m-->[39m [37mPOST[39m [37m/wd/hub/session/c503e213-7c1b-4749-b9ba-658ccc7cadfb/element/00000000-0000-060b-ffff-ffff00003131/clear[39m
[35m[HTTP][39m [90m{"id":"00000000-0000-060b-ffff-ffff00003131"}[39m
[35m[HTTP][39m [37m<-- POST /wd/hub/session/c503e213-7c1b-4749-b9ba-658ccc7cadfb/element/00000000-0000-060b-ffff-ffff00003131/clear [39m[32m200[39m [90m43 ms - 14[39m
[35m[HTTP][39m [90m[39m
[35m[HTTP][39m [37m-->[39m [37mPOST[39m [37m/wd/hub/session/c503e213-7c1b-4749-b9ba-658ccc7cadfb/element/00000000-0000-060b-ffff-ffff00003131/value[39m
[35m[HTTP][39m [90m{"id":"00000000-0000-060b-ffff-ffff00003131","text":"20211001","value":["2","0","2","1","1","0","0","1"]}[39m
[35m[HTTP][39m [37m<-- POST /wd/hub/session/c503e213-7c1b-4749-b9ba-658ccc7cadfb/element/00000000-0000-060b-ffff-ffff00003131/value [39m[32m200[39m [90m1051 ms - 14[39m
[35m[HTTP][39m [90m[39m
[35m[HTTP][39m [37m-->[39m [37mPOST[39m [37m/wd/hub/session/c503e213-7c1b-4749-b9ba-658ccc7cadfb/timeouts[39m
[35m[HTTP][39m [90m{"implicit":50}[39m
[35m[HTTP][39m [37m<-- POST /wd/hub/session/c503e213-7c1b-4749-b9ba-658ccc7cadfb/timeouts [39m[32m200[39m [90m2 ms - 14[39m
[35m[HTTP][39m [90m[39m
[35m[HTTP][39m [37m-->[39m [37mGET[39m [37m/wd/hub/session/c503e213-7c1b-4749-b9ba-658ccc7cadfb/window/rect[39m
[35m[HTTP][39m [90m{}[39m
[35m[HTTP][39m [37m<-- GET /wd/hub/session/c503e213-7c1b-4749-b9ba-658ccc7cadfb/window/rect [39m[32m200[39m [90m20 ms - 50[39m
[35m[HTTP][39m [90m[39m
[35m[HTTP][39m [37m-->[39m [37mPOST[39m [37m/wd/hub/session/c503e213-7c1b-4749-b9ba-658ccc7cadfb/elements[39m
[35m[HTTP][39m [90m{"using":"xpath","value":"//*[@class = 'android.widget.EditText' and (@text = 'Password' or . = 'Password') and @resource-id = 'com.bcaf.mobilesurvey:id/password']"}[39m
[35m[HTTP][39m [37m<-- POST /wd/hub/session/c503e213-7c1b-4749-b9ba-658ccc7cadfb/elements [39m[32m200[39m [90m410 ms - 139[39m
[35m[HTTP][39m [90m[39m
[35m[HTTP][39m [37m-->[39m [37mGET[39m [37m/wd/hub/session/c503e213-7c1b-4749-b9ba-658ccc7cadfb/element/00000000-0000-060b-ffff-ffff0000313d/location[39m
[35m[HTTP][39m [90m{}[39m
[35m[W3C (c503e213)][39m Driver proxy active, passing request on via HTTP proxy
[35m[WD Proxy][39m Replacing sessionId 1051b48d-6163-4bc6-b3b1-aa9fe356f81c with c503e213-7c1b-4749-b9ba-658ccc7cadfb
[35m[HTTP][39m [37m<-- GET /wd/hub/session/c503e213-7c1b-4749-b9ba-658ccc7cadfb/element/00000000-0000-060b-ffff-ffff0000313d/location [39m[32m200[39m [90m27 ms - 78[39m
[35m[HTTP][39m [90m[39m
[35m[HTTP][39m [37m-->[39m [37mPOST[39m [37m/wd/hub/session/c503e213-7c1b-4749-b9ba-658ccc7cadfb/timeouts[39m
[35m[HTTP][39m [90m{"implicit":30000}[39m
[35m[HTTP][39m [37m<-- POST /wd/hub/session/c503e213-7c1b-4749-b9ba-658ccc7cadfb/timeouts [39m[32m200[39m [90m2 ms - 14[39m
[35m[HTTP][39m [90m[39m
[35m[HTTP][39m [37m-->[39m [37mPOST[39m [37m/wd/hub/session/c503e213-7c1b-4749-b9ba-658ccc7cadfb/element/00000000-0000-060b-ffff-ffff0000313d/clear[39m
[35m[HTTP][39m [90m{"id":"00000000-0000-060b-ffff-ffff0000313d"}[39m
[35m[HTTP][39m [37m<-- POST /wd/hub/session/c503e213-7c1b-4749-b9ba-658ccc7cadfb/element/00000000-0000-060b-ffff-ffff0000313d/clear [39m[32m200[39m [90m99 ms - 14[39m
[35m[HTTP][39m [90m[39m
[35m[HTTP][39m [37m-->[39m [37mPOST[39m [37m/wd/hub/session/c503e213-7c1b-4749-b9ba-658ccc7cadfb/element/00000000-0000-060b-ffff-ffff0000313d/value[39m
[35m[HTTP][39m [90m{"id":"00000000-0000-060b-ffff-ffff0000313d","text":"mobile123+","value":["m","o","b","i","l","e","1","2","3","+"]}[39m
[35m[HTTP][39m [37m<-- POST /wd/hub/session/c503e213-7c1b-4749-b9ba-658ccc7cadfb/element/00000000-0000-060b-ffff-ffff0000313d/value [39m[32m200[39m [90m647 ms - 14[39m
[35m[HTTP][39m [90m[39m
[35m[HTTP][39m [37m-->[39m [37mPOST[39m [37m/wd/hub/session/c503e213-7c1b-4749-b9ba-658ccc7cadfb/timeouts[39m
[35m[HTTP][39m [90m{"implicit":50}[39m
[35m[HTTP][39m [37m<-- POST /wd/hub/session/c503e213-7c1b-4749-b9ba-658ccc7cadfb/timeouts [39m[32m200[39m [90m2 ms - 14[39m
[35m[HTTP][39m [90m[39m
[35m[HTTP][39m [37m-->[39m [37mGET[39m [37m/wd/hub/session/c503e213-7c1b-4749-b9ba-658ccc7cadfb/window/rect[39m
[35m[HTTP][39m [90m{}[39m
[35m[HTTP][39m [37m<-- GET /wd/hub/session/c503e213-7c1b-4749-b9ba-658ccc7cadfb/window/rect [39m[32m200[39m [90m33 ms - 50[39m
[35m[HTTP][39m [90m[39m
[35m[HTTP][39m [37m-->[39m [37mPOST[39m [37m/wd/hub/session/c503e213-7c1b-4749-b9ba-658ccc7cadfb/elements[39m
[35m[HTTP][39m [90m{"using":"xpath","value":"//*[@class = 'android.widget.CheckBox' and (@text = 'Remember Me' or . = 'Remember Me') and @resource-id = 'com.bcaf.mobilesurvey:id/rememberMe']"}[39m
[35m[HTTP][39m [37m<-- POST /wd/hub/session/c503e213-7c1b-4749-b9ba-658ccc7cadfb/elements [39m[32m200[39m [90m466 ms - 139[39m
[35m[HTTP][39m [90m[39m
[35m[HTTP][39m [37m-->[39m [37mGET[39m [37m/wd/hub/session/c503e213-7c1b-4749-b9ba-658ccc7cadfb/element/00000000-0000-060b-ffff-ffff00003146/location[39m
[35m[HTTP][39m [90m{}[39m
[35m[W3C (c503e213)][39m Driver proxy active, passing request on via HTTP proxy
[35m[WD Proxy][39m Replacing sessionId 1051b48d-6163-4bc6-b3b1-aa9fe356f81c with c503e213-7c1b-4749-b9ba-658ccc7cadfb
[35m[HTTP][39m [37m<-- GET /wd/hub/session/c503e213-7c1b-4749-b9ba-658ccc7cadfb/element/00000000-0000-060b-ffff-ffff00003146/location [39m[32m200[39m [90m28 ms - 78[39m
[35m[HTTP][39m [90m[39m
[35m[HTTP][39m [37m-->[39m [37mPOST[39m [37m/wd/hub/session/c503e213-7c1b-4749-b9ba-658ccc7cadfb/timeouts[39m
[35m[HTTP][39m [90m{"implicit":30000}[39m
[35m[HTTP][39m [37m<-- POST /wd/hub/session/c503e213-7c1b-4749-b9ba-658ccc7cadfb/timeouts [39m[32m200[39m [90m1 ms - 14[39m
[35m[HTTP][39m [90m[39m
[35m[HTTP][39m [37m-->[39m [37mPOST[39m [37m/wd/hub/session/c503e213-7c1b-4749-b9ba-658ccc7cadfb/touch/perform[39m
[35m[HTTP][39m [90m{"actions":[{"action":"tap","options":{"x":1,"y":1,"element":"00000000-0000-060b-ffff-ffff00003146"}},{"action":"release","options":{}}]}[39m
[35m[UiAutomator2][39m calling get location: 00000000-0000-060b-ffff-ffff00003146
[35m[HTTP][39m [37m<-- POST /wd/hub/session/c503e213-7c1b-4749-b9ba-658ccc7cadfb/touch/perform [39m[32m200[39m [90m215 ms - 14[39m
[35m[HTTP][39m [90m[39m
[35m[HTTP][39m [37m-->[39m [37mGET[39m [37m/wd/hub/session/c503e213-7c1b-4749-b9ba-658ccc7cadfb/context[39m
[35m[HTTP][39m [90m{}[39m
[35m[HTTP][39m [37m<-- GET /wd/hub/session/c503e213-7c1b-4749-b9ba-658ccc7cadfb/context [39m[32m200[39m [90m2 ms - 22[39m
[35m[HTTP][39m [90m[39m
[35m[HTTP][39m [37m-->[39m [37mGET[39m [37m/wd/hub/session/c503e213-7c1b-4749-b9ba-658ccc7cadfb/contexts[39m
[35m[HTTP][39m [90m{}[39m
[35m[HTTP][39m [37m<-- GET /wd/hub/session/c503e213-7c1b-4749-b9ba-658ccc7cadfb/contexts [39m[32m200[39m [90m102 ms - 24[39m
[35m[HTTP][39m [90m[39m
[35m[HTTP][39m [37m-->[39m [37mPOST[39m [37m/wd/hub/session/c503e213-7c1b-4749-b9ba-658ccc7cadfb/context[39m
[35m[HTTP][39m [90m{"name":"NATIVE_APP"}[39m
[35m[HTTP][39m [37m<-- POST /wd/hub/session/c503e213-7c1b-4749-b9ba-658ccc7cadfb/context [39m[32m200[39m [90m2 ms - 14[39m
[35m[HTTP][39m [90m[39m
[35m[HTTP][39m [37m-->[39m [37mPOST[39m [37m/wd/hub/session/c503e213-7c1b-4749-b9ba-658ccc7cadfb/appium/device/hide_keyboard[39m
[35m[HTTP][39m [90m{}[39m
[35m[HTTP][39m [37m<-- POST /wd/hub/session/c503e213-7c1b-4749-b9ba-658ccc7cadfb/appium/device/hide_keyboard [39m[32m200[39m [90m3341 ms - 14[39m
[35m[HTTP][39m [90m[39m
[35m[HTTP][39m [37m-->[39m [37mPOST[39m [37m/wd/hub/session/c503e213-7c1b-4749-b9ba-658ccc7cadfb/context[39m
[35m[HTTP][39m [90m{"name":"NATIVE_APP"}[39m
[35m[HTTP][39m [37m<-- POST /wd/hub/session/c503e213-7c1b-4749-b9ba-658ccc7cadfb/context [39m[32m200[39m [90m1 ms - 14[39m
[35m[HTTP][39m [90m[39m
[35m[HTTP][39m [37m-->[39m [37mGET[39m [37m/wd/hub/session/c503e213-7c1b-4749-b9ba-658ccc7cadfb/context[39m
[35m[HTTP][39m [90m{}[39m
[35m[HTTP][39m [37m<-- GET /wd/hub/session/c503e213-7c1b-4749-b9ba-658ccc7cadfb/context [39m[32m200[39m [90m5 ms - 22[39m
[35m[HTTP][39m [90m[39m
[35m[HTTP][39m [37m-->[39m [37mGET[39m [37m/wd/hub/session/c503e213-7c1b-4749-b9ba-658ccc7cadfb/contexts[39m
[35m[HTTP][39m [90m{}[39m
[35m[HTTP][39m [37m<-- GET /wd/hub/session/c503e213-7c1b-4749-b9ba-658ccc7cadfb/contexts [39m[32m200[39m [90m105 ms - 24[39m
[35m[HTTP][39m [90m[39m
[35m[HTTP][39m [37m-->[39m [37mPOST[39m [37m/wd/hub/session/c503e213-7c1b-4749-b9ba-658ccc7cadfb/context[39m
[35m[HTTP][39m [90m{"name":"NATIVE_APP"}[39m
[35m[HTTP][39m [37m<-- POST /wd/hub/session/c503e213-7c1b-4749-b9ba-658ccc7cadfb/context [39m[32m200[39m [90m1 ms - 14[39m
[35m[HTTP][39m [90m[39m
[35m[HTTP][39m [37m-->[39m [37mGET[39m [37m/wd/hub/session/c503e213-7c1b-4749-b9ba-658ccc7cadfb/window/rect[39m
[35m[HTTP][39m [90m{}[39m
[35m[HTTP][39m [37m<-- GET /wd/hub/session/c503e213-7c1b-4749-b9ba-658ccc7cadfb/window/rect [39m[32m200[39m [90m34 ms - 50[39m
[35m[HTTP][39m [90m[39m
[35m[HTTP][39m [37m-->[39m [37mPOST[39m [37m/wd/hub/session/c503e213-7c1b-4749-b9ba-658ccc7cadfb/execute/sync[39m
[35m[HTTP][39m [90m{"script":"mobile: viewportScreenshot","args":[]}[39m
[35m[AndroidDriver][39m Executing native command 'mobile: viewportScreenshot'
[35m[HTTP][39m [37m<-- POST /wd/hub/session/c503e213-7c1b-4749-b9ba-658ccc7cadfb/execute/sync [39m[32m200[39m [90m1507 ms - 113228[39m
[35m[HTTP][39m [90m[39m
[35m[HTTP][39m [37m-->[39m [37mPOST[39m [37m/wd/hub/session/c503e213-7c1b-4749-b9ba-658ccc7cadfb/context[39m
[35m[HTTP][39m [90m{"name":"NATIVE_APP"}[39m
[35m[HTTP][39m [37m<-- POST /wd/hub/session/c503e213-7c1b-4749-b9ba-658ccc7cadfb/context [39m[32m200[39m [90m2 ms - 14[39m
[35m[HTTP][39m [90m[39m
[35m[HTTP][39m [37m-->[39m [37mPOST[39m [37m/wd/hub/session/c503e213-7c1b-4749-b9ba-658ccc7cadfb/timeouts[39m
[35m[HTTP][39m [90m{"implicit":50}[39m
[35m[HTTP][39m [37m<-- POST /wd/hub/session/c503e213-7c1b-4749-b9ba-658ccc7cadfb/timeouts [39m[32m200[39m [90m3 ms - 14[39m
[35m[HTTP][39m [90m[39m
[35m[HTTP][39m [37m-->[39m [37mGET[39m [37m/wd/hub/session/c503e213-7c1b-4749-b9ba-658ccc7cadfb/window/rect[39m
[35m[HTTP][39m [90m{}[39m
[35m[HTTP][39m [37m<-- GET /wd/hub/session/c503e213-7c1b-4749-b9ba-658ccc7cadfb/window/rect [39m[32m200[39m [90m47 ms - 50[39m
[35m[HTTP][39m [90m[39m
[35m[HTTP][39m [37m-->[39m [37mPOST[39m [37m/wd/hub/session/c503e213-7c1b-4749-b9ba-658ccc7cadfb/elements[39m
[35m[HTTP][39m [90m{"using":"xpath","value":"//*[@class = 'android.widget.Button' and (@text = 'LOGIN' or . = 'LOGIN') and @resource-id = 'com.bcaf.mobilesurvey:id/login']"}[39m
[35m[HTTP][39m [37m<-- POST /wd/hub/session/c503e213-7c1b-4749-b9ba-658ccc7cadfb/elements [39m[32m200[39m [90m361 ms - 139[39m
[35m[HTTP][39m [90m[39m
[35m[HTTP][39m [37m-->[39m [37mGET[39m [37m/wd/hub/session/c503e213-7c1b-4749-b9ba-658ccc7cadfb/element/00000000-0000-060b-ffff-ffff00003147/location[39m
[35m[HTTP][39m [90m{}[39m
[35m[W3C (c503e213)][39m Driver proxy active, passing request on via HTTP proxy
[35m[WD Proxy][39m Replacing sessionId 1051b48d-6163-4bc6-b3b1-aa9fe356f81c with c503e213-7c1b-4749-b9ba-658ccc7cadfb
[35m[HTTP][39m [37m<-- GET /wd/hub/session/c503e213-7c1b-4749-b9ba-658ccc7cadfb/element/00000000-0000-060b-ffff-ffff00003147/location [39m[32m200[39m [90m38 ms - 79[39m
[35m[HTTP][39m [90m[39m
[35m[HTTP][39m [37m-->[39m [37mPOST[39m [37m/wd/hub/session/c503e213-7c1b-4749-b9ba-658ccc7cadfb/timeouts[39m
[35m[HTTP][39m [90m{"implicit":30000}[39m
[35m[HTTP][39m [37m<-- POST /wd/hub/session/c503e213-7c1b-4749-b9ba-658ccc7cadfb/timeouts [39m[32m200[39m [90m1 ms - 14[39m
[35m[HTTP][39m [90m[39m
[35m[HTTP][39m [37m-->[39m [37mPOST[39m [37m/wd/hub/session/c503e213-7c1b-4749-b9ba-658ccc7cadfb/touch/perform[39m
[35m[HTTP][39m [90m{"actions":[{"action":"tap","options":{"x":1,"y":1,"element":"00000000-0000-060b-ffff-ffff00003147"}},{"action":"release","options":{}}]}[39m
[35m[UiAutomator2][39m calling get location: 00000000-0000-060b-ffff-ffff00003147
[35m[HTTP][39m [37m<-- POST /wd/hub/session/c503e213-7c1b-4749-b9ba-658ccc7cadfb/touch/perform [39m[32m200[39m [90m280 ms - 14[39m
[35m[HTTP][39m [90m[39m
[35m[HTTP][39m [37m-->[39m [37mGET[39m [37m/wd/hub/status[39m
[35m[HTTP][39m [90m{}[39m
[35m[HTTP][39m [37m<-- GET /wd/hub/status [39m[32m200[39m [90m2 ms - 68[39m
[35m[HTTP][39m [90m[39m
[35m[HTTP][39m [37m-->[39m [37mPOST[39m [37m/wd/hub/session[39m
[35m[HTTP][39m [90m{"desiredCapabilities":{"appActivity":".Settings","appPackage":"com.android.settings","newCommandTimeout":1800,"platformVersion":"11","automationName":"uiautomator2","autoGrantPermissions":true,"platformName":"Android","udid":"RR8N605F11Y","deviceName":"samsung SM-M315F (Android 11)","platform":"ANDROID","systemPort":8271},"capabilities":{"firstMatch":[{"appium:appActivity":".Settings","appium:appPackage":"com.android.settings","appium:autoGrantPermissions":true,"appium:automationName":"uiautomator2","appium:deviceName":"samsung SM-M315F (Android 11)","appium:newCommandTimeout":1800,"platform":"ANDROID","platformName":"android","appium:platformVersion":"11","appium:systemPort":8271,"appium:udid":"RR8N605F11Y"}]}}[39m
[35m[BaseDriver][39m The following capabilities are not standard capabilities and should have an extension prefix:
[35m[BaseDriver][39m   platform
[35m[BaseDriver][39m   chromedriverPort
[35m[Appium][39m Appium v1.22.2 creating new AndroidUiautomator2Driver (v1.70.1) session
[35m[BaseDriver][39m The following capabilities were provided, but are not recognized by Appium:
[35m[BaseDriver][39m   platform
[35m[BaseDriver][39m Session created with session id: 059b2507-18df-4586-85f9-6269f76a2223
[35m[UiAutomator2][39m Starting 'com.android.settings' directly on the device
[35m[ADB][39m Using 'adb.exe' from 'C:\Users\Nia Yusniati\.katalon\tools\android_sdk\platform-tools\adb.exe'
[35m[AndroidDriver][39m Retrieving device list
[35m[AndroidDriver][39m Using device: RR8N605F11Y
[35m[ADB][39m Using 'adb.exe' from 'C:\Users\Nia Yusniati\.katalon\tools\android_sdk\platform-tools\adb.exe'
[35m[ADB][39m Getting device platform version
[35m[UiAutomator2][39m Relaxing hidden api policy
[35m[AndroidDriver][39m No app sent in, not parsing package/activity
[35m[UiAutomator2][39m Server packages are not going to be (re)installed
[35m[ADB][39m Adding packages ["io.appium.settings","io.appium.uiautomator2.server","io.appium.uiautomator2.server.test"] to Doze whitelist
[35m[UiAutomator2][39m Starting UIAutomator2 server 4.27.0
[35m[UiAutomator2][39m Using UIAutomator2 server from 'C:\Users\Nia Yusniati\AppData\Roaming\npm\node_modules\appium\node_modules\appium-uiautomator2-server\apks\appium-uiautomator2-server-v4.27.0.apk' and test from 'C:\Users\Nia Yusniati\AppData\Roaming\npm\node_modules\appium\node_modules\appium-uiautomator2-server\apks\appium-uiautomator2-server-debug-androidTest.apk'
[35m[UiAutomator2][39m Waiting up to 30000ms for UiAutomator2 to be online...
[35m[WD Proxy][39m socket hang up
[35m[WD Proxy][39m socket hang up
[35m[WD Proxy][39m socket hang up
[35m[WD Proxy][39m Determined the downstream protocol as 'W3C'
[35m[AndroidDriver][39m Screen already unlocked, doing nothing
[35m[UiAutomator2][39m Starting 'com.android.settings/.Settings and waiting for 'com.android.settings/.Settings'
[35m[Appium][39m New AndroidUiautomator2Driver session created successfully, session 059b2507-18df-4586-85f9-6269f76a2223 added to master session list
[35m[HTTP][39m [37m<-- POST /wd/hub/session [39m[32m200[39m [90m9395 ms - 1158[39m
[35m[HTTP][39m [90m[39m
[35m[HTTP][39m [37m-->[39m [37mGET[39m [37m/wd/hub/session/059b2507-18df-4586-85f9-6269f76a2223[39m
[35m[HTTP][39m [90m{}[39m
[35m[HTTP][39m [37m<-- GET /wd/hub/session/059b2507-18df-4586-85f9-6269f76a2223 [39m[32m200[39m [90m13 ms - 1112[39m
[35m[HTTP][39m [90m[39m
[35m[HTTP][39m [37m-->[39m [37mGET[39m [37m/wd/hub/session/059b2507-18df-4586-85f9-6269f76a2223[39m
[35m[HTTP][39m [90m{}[39m
[35m[HTTP][39m [37m<-- GET /wd/hub/session/059b2507-18df-4586-85f9-6269f76a2223 [39m[32m200[39m [90m10 ms - 1112[39m
[35m[HTTP][39m [90m[39m
[35m[HTTP][39m [37m-->[39m [37mGET[39m [37m/wd/hub/status[39m
[35m[HTTP][39m [90m{}[39m
[35m[HTTP][39m [37m<-- GET /wd/hub/status [39m[32m200[39m [90m1 ms - 68[39m
[35m[HTTP][39m [90m[39m
[35m[HTTP][39m [37m-->[39m [37mPOST[39m [37m/wd/hub/session/059b2507-18df-4586-85f9-6269f76a2223/timeouts[39m
[35m[HTTP][39m [90m{"implicit":30000}[39m
[35m[HTTP][39m [37m<-- POST /wd/hub/session/059b2507-18df-4586-85f9-6269f76a2223/timeouts [39m[32m200[39m [90m2 ms - 14[39m
[35m[HTTP][39m [90m[39m
[35m[HTTP][39m [37m-->[39m [37mGET[39m [37m/wd/hub/session/059b2507-18df-4586-85f9-6269f76a2223/screenshot[39m
[35m[HTTP][39m [90m{}[39m
[35m[HTTP][39m [37m<-- GET /wd/hub/session/059b2507-18df-4586-85f9-6269f76a2223/screenshot [39m[32m200[39m [90m603 ms - 184614[39m
[35m[HTTP][39m [90m[39m
[35m[HTTP][39m [37m-->[39m [37mGET[39m [37m/wd/hub/session/059b2507-18df-4586-85f9-6269f76a2223/window/rect[39m
[35m[HTTP][39m [90m{}[39m
[35m[HTTP][39m [37m<-- GET /wd/hub/session/059b2507-18df-4586-85f9-6269f76a2223/window/rect [39m[32m200[39m [90m13 ms - 50[39m
[35m[HTTP][39m [90m[39m
[35m[HTTP][39m [37m-->[39m [37mGET[39m [37m/wd/hub/session/059b2507-18df-4586-85f9-6269f76a2223/appium/device/system_bars[39m
[35m[HTTP][39m [90m{}[39m
[35m[HTTP][39m [37m<-- GET /wd/hub/session/059b2507-18df-4586-85f9-6269f76a2223/appium/device/system_bars [39m[32m200[39m [90m101 ms - 148[39m
[35m[HTTP][39m [90m[39m
[35m[HTTP][39m [37m-->[39m [37mPOST[39m [37m/wd/hub/session/059b2507-18df-4586-85f9-6269f76a2223/appium/device/activate_app[39m
[35m[HTTP][39m [90m{"bundleId":"com.bcaf.mobilesurvey"}[39m
[35m[HTTP][39m [37m<-- POST /wd/hub/session/059b2507-18df-4586-85f9-6269f76a2223/appium/device/activate_app [39m[32m200[39m [90m674 ms - 14[39m
[35m[HTTP][39m [90m[39m
[35m[HTTP][39m [37m-->[39m [37mGET[39m [37m/wd/hub/session/059b2507-18df-4586-85f9-6269f76a2223/context[39m
[35m[HTTP][39m [90m{}[39m
[35m[HTTP][39m [37m<-- GET /wd/hub/session/059b2507-18df-4586-85f9-6269f76a2223/context [39m[32m200[39m [90m2 ms - 22[39m
[35m[HTTP][39m [90m[39m
[35m[HTTP][39m [37m-->[39m [37mGET[39m [37m/wd/hub/session/059b2507-18df-4586-85f9-6269f76a2223/contexts[39m
[35m[HTTP][39m [90m{}[39m
[35m[HTTP][39m [37m<-- GET /wd/hub/session/059b2507-18df-4586-85f9-6269f76a2223/contexts [39m[32m200[39m [90m124 ms - 24[39m
[35m[HTTP][39m [90m[39m
[35m[HTTP][39m [37m-->[39m [37mPOST[39m [37m/wd/hub/session/059b2507-18df-4586-85f9-6269f76a2223/context[39m
[35m[HTTP][39m [90m{"name":"NATIVE_APP"}[39m
[35m[HTTP][39m [37m<-- POST /wd/hub/session/059b2507-18df-4586-85f9-6269f76a2223/context [39m[32m200[39m [90m2 ms - 14[39m
[35m[HTTP][39m [90m[39m
[35m[HTTP][39m [37m-->[39m [37mGET[39m [37m/wd/hub/session/059b2507-18df-4586-85f9-6269f76a2223/window/rect[39m
[35m[HTTP][39m [90m{}[39m
[35m[HTTP][39m [37m<-- GET /wd/hub/session/059b2507-18df-4586-85f9-6269f76a2223/window/rect [39m[32m200[39m [90m27 ms - 50[39m
[35m[HTTP][39m [90m[39m
[35m[HTTP][39m [37m-->[39m [37mPOST[39m [37m/wd/hub/session/059b2507-18df-4586-85f9-6269f76a2223/execute/sync[39m
[35m[HTTP][39m [90m{"script":"mobile: viewportScreenshot","args":[]}[39m
[35m[AndroidDriver][39m Executing native command 'mobile: viewportScreenshot'
[35m[HTTP][39m [37m<-- POST /wd/hub/session/059b2507-18df-4586-85f9-6269f76a2223/execute/sync [39m[32m200[39m [90m1325 ms - 177796[39m
[35m[HTTP][39m [90m[39m
[35m[HTTP][39m [37m-->[39m [37mPOST[39m [37m/wd/hub/session/059b2507-18df-4586-85f9-6269f76a2223/context[39m
[35m[HTTP][39m [90m{"name":"NATIVE_APP"}[39m
[35m[HTTP][39m [37m<-- POST /wd/hub/session/059b2507-18df-4586-85f9-6269f76a2223/context [39m[32m200[39m [90m2 ms - 14[39m
[35m[HTTP][39m [90m[39m
[35m[HTTP][39m [37m-->[39m [37mPOST[39m [37m/wd/hub/session/059b2507-18df-4586-85f9-6269f76a2223/timeouts[39m
[35m[HTTP][39m [90m{"implicit":50}[39m
[35m[HTTP][39m [37m<-- POST /wd/hub/session/059b2507-18df-4586-85f9-6269f76a2223/timeouts [39m[32m200[39m [90m5 ms - 14[39m
[35m[HTTP][39m [90m[39m
[35m[HTTP][39m [37m-->[39m [37mGET[39m [37m/wd/hub/session/059b2507-18df-4586-85f9-6269f76a2223/window/rect[39m
[35m[HTTP][39m [90m{}[39m
[35m[HTTP][39m [37m<-- GET /wd/hub/session/059b2507-18df-4586-85f9-6269f76a2223/window/rect [39m[32m200[39m [90m36 ms - 50[39m
[35m[HTTP][39m [90m[39m
[35m[HTTP][39m [37m-->[39m [37mPOST[39m [37m/wd/hub/session/059b2507-18df-4586-85f9-6269f76a2223/elements[39m
[35m[HTTP][39m [90m{"using":"xpath","value":"//hierarchy/android.widget.FrameLayout[1]/android.widget.LinearLayout[1]/android.widget.FrameLayout[1]/android.widget.LinearLayout[1]/android.widget.FrameLayout[1]/android.widget.RelativeLayout[1]/android.widget.ScrollView[1]/android.widget.LinearLayout[1]/android.widget.LinearLayout[1]/android.widget.LinearLayout[1]/android.widget.LinearLayout[1]/android.widget.FrameLayout[2]/android.widget.LinearLayout[1]"}[39m
[35m[HTTP][39m [37m<-- POST /wd/hub/session/059b2507-18df-4586-85f9-6269f76a2223/elements [39m[32m200[39m [90m555 ms - 139[39m
[35m[HTTP][39m [90m[39m
[35m[HTTP][39m [37m-->[39m [37mGET[39m [37m/wd/hub/session/059b2507-18df-4586-85f9-6269f76a2223/element/00000000-0000-0622-ffff-ffff000031ca/location[39m
[35m[HTTP][39m [90m{}[39m
[35m[W3C (059b2507)][39m Driver proxy active, passing request on via HTTP proxy
[35m[WD Proxy][39m Replacing sessionId bfd0b439-97c0-451e-868f-6be705f0f42d with 059b2507-18df-4586-85f9-6269f76a2223
[35m[HTTP][39m [37m<-- GET /wd/hub/session/059b2507-18df-4586-85f9-6269f76a2223/element/00000000-0000-0622-ffff-ffff000031ca/location [39m[32m200[39m [90m27 ms - 78[39m
[35m[HTTP][39m [90m[39m
[35m[HTTP][39m [37m-->[39m [37mPOST[39m [37m/wd/hub/session/059b2507-18df-4586-85f9-6269f76a2223/timeouts[39m
[35m[HTTP][39m [90m{"implicit":30000}[39m
[35m[HTTP][39m [37m<-- POST /wd/hub/session/059b2507-18df-4586-85f9-6269f76a2223/timeouts [39m[32m200[39m [90m1 ms - 14[39m
[35m[HTTP][39m [90m[39m
[35m[HTTP][39m [37m-->[39m [37mPOST[39m [37m/wd/hub/session/059b2507-18df-4586-85f9-6269f76a2223/touch/perform[39m
[35m[HTTP][39m [90m{"actions":[{"action":"tap","options":{"x":1,"y":1,"element":"00000000-0000-0622-ffff-ffff000031ca"}},{"action":"release","options":{}}]}[39m
[35m[UiAutomator2][39m calling get location: 00000000-0000-0622-ffff-ffff000031ca
[35m[HTTP][39m [37m<-- POST /wd/hub/session/059b2507-18df-4586-85f9-6269f76a2223/touch/perform [39m[32m200[39m [90m302 ms - 14[39m
[35m[HTTP][39m [90m[39m
[35m[HTTP][39m [37m-->[39m [37mGET[39m [37m/wd/hub/session/059b2507-18df-4586-85f9-6269f76a2223/context[39m
[35m[HTTP][39m [90m{}[39m
[35m[HTTP][39m [37m<-- GET /wd/hub/session/059b2507-18df-4586-85f9-6269f76a2223/context [39m[32m200[39m [90m1 ms - 22[39m
[35m[HTTP][39m [90m[39m
[35m[HTTP][39m [37m-->[39m [37mGET[39m [37m/wd/hub/session/059b2507-18df-4586-85f9-6269f76a2223/contexts[39m
[35m[HTTP][39m [90m{}[39m
[35m[HTTP][39m [37m<-- GET /wd/hub/session/059b2507-18df-4586-85f9-6269f76a2223/contexts [39m[32m200[39m [90m130 ms - 24[39m
[35m[HTTP][39m [90m[39m
[35m[HTTP][39m [37m-->[39m [37mPOST[39m [37m/wd/hub/session/059b2507-18df-4586-85f9-6269f76a2223/context[39m
[35m[HTTP][39m [90m{"name":"NATIVE_APP"}[39m
[35m[HTTP][39m [37m<-- POST /wd/hub/session/059b2507-18df-4586-85f9-6269f76a2223/context [39m[32m200[39m [90m1 ms - 14[39m
[35m[HTTP][39m [90m[39m
[35m[HTTP][39m [37m-->[39m [37mGET[39m [37m/wd/hub/session/059b2507-18df-4586-85f9-6269f76a2223/window/rect[39m
[35m[HTTP][39m [90m{}[39m
[35m[HTTP][39m [37m<-- GET /wd/hub/session/059b2507-18df-4586-85f9-6269f76a2223/window/rect [39m[32m200[39m [90m47 ms - 50[39m
[35m[HTTP][39m [90m[39m
[35m[HTTP][39m [37m-->[39m [37mPOST[39m [37m/wd/hub/session/059b2507-18df-4586-85f9-6269f76a2223/execute/sync[39m
[35m[HTTP][39m [90m{"script":"mobile: viewportScreenshot","args":[]}[39m
[35m[AndroidDriver][39m Executing native command 'mobile: viewportScreenshot'
[35m[HTTP][39m [37m<-- POST /wd/hub/session/059b2507-18df-4586-85f9-6269f76a2223/execute/sync [39m[32m200[39m [90m1390 ms - 139904[39m
[35m[HTTP][39m [90m[39m
[35m[HTTP][39m [37m-->[39m [37mPOST[39m [37m/wd/hub/session/059b2507-18df-4586-85f9-6269f76a2223/context[39m
[35m[HTTP][39m [90m{"name":"NATIVE_APP"}[39m
[35m[HTTP][39m [37m<-- POST /wd/hub/session/059b2507-18df-4586-85f9-6269f76a2223/context [39m[32m200[39m [90m2 ms - 14[39m
[35m[HTTP][39m [90m[39m
[35m[HTTP][39m [37m-->[39m [37mPOST[39m [37m/wd/hub/session/059b2507-18df-4586-85f9-6269f76a2223/timeouts[39m
[35m[HTTP][39m [90m{"implicit":50}[39m
[35m[HTTP][39m [37m<-- POST /wd/hub/session/059b2507-18df-4586-85f9-6269f76a2223/timeouts [39m[32m200[39m [90m2 ms - 14[39m
[35m[HTTP][39m [90m[39m
[35m[HTTP][39m [37m-->[39m [37mGET[39m [37m/wd/hub/session/059b2507-18df-4586-85f9-6269f76a2223/window/rect[39m
[35m[HTTP][39m [90m{}[39m
[35m[HTTP][39m [37m<-- GET /wd/hub/session/059b2507-18df-4586-85f9-6269f76a2223/window/rect [39m[32m200[39m [90m31 ms - 50[39m
[35m[HTTP][39m [90m[39m
[35m[HTTP][39m [37m-->[39m [37mPOST[39m [37m/wd/hub/session/059b2507-18df-4586-85f9-6269f76a2223/elements[39m
[35m[HTTP][39m [90m{"using":"xpath","value":"//hierarchy/android.widget.FrameLayout[1]/android.widget.LinearLayout[1]/android.widget.FrameLayout[1]/android.widget.LinearLayout[1]/android.widget.FrameLayout[1]/android.widget.RelativeLayout[1]/android.widget.ScrollView[1]/android.widget.LinearLayout[1]/android.widget.LinearLayout[1]/android.widget.LinearLayout[1]/android.widget.FrameLayout[1]/android.widget.LinearLayout[1]"}[39m
[35m[HTTP][39m [37m<-- POST /wd/hub/session/059b2507-18df-4586-85f9-6269f76a2223/elements [39m[32m200[39m [90m308 ms - 139[39m
[35m[HTTP][39m [90m[39m
[35m[HTTP][39m [37m-->[39m [37mGET[39m [37m/wd/hub/session/059b2507-18df-4586-85f9-6269f76a2223/element/00000000-0000-0622-ffff-ffff000031b6/location[39m
[35m[HTTP][39m [90m{}[39m
[35m[W3C (059b2507)][39m Driver proxy active, passing request on via HTTP proxy
[35m[WD Proxy][39m Replacing sessionId bfd0b439-97c0-451e-868f-6be705f0f42d with 059b2507-18df-4586-85f9-6269f76a2223
[35m[HTTP][39m [37m<-- GET /wd/hub/session/059b2507-18df-4586-85f9-6269f76a2223/element/00000000-0000-0622-ffff-ffff000031b6/location [39m[32m200[39m [90m41 ms - 78[39m
[35m[HTTP][39m [90m[39m
[35m[HTTP][39m [37m-->[39m [37mPOST[39m [37m/wd/hub/session/059b2507-18df-4586-85f9-6269f76a2223/timeouts[39m
[35m[HTTP][39m [90m{"implicit":30000}[39m
[35m[HTTP][39m [37m<-- POST /wd/hub/session/059b2507-18df-4586-85f9-6269f76a2223/timeouts [39m[32m200[39m [90m1 ms - 14[39m
[35m[HTTP][39m [90m[39m
[35m[HTTP][39m [37m-->[39m [37mPOST[39m [37m/wd/hub/session/059b2507-18df-4586-85f9-6269f76a2223/touch/perform[39m
[35m[HTTP][39m [90m{"actions":[{"action":"tap","options":{"x":1,"y":1,"element":"00000000-0000-0622-ffff-ffff000031b6"}},{"action":"release","options":{}}]}[39m
[35m[UiAutomator2][39m calling get location: 00000000-0000-0622-ffff-ffff000031b6
[35m[HTTP][39m [37m<-- POST /wd/hub/session/059b2507-18df-4586-85f9-6269f76a2223/touch/perform [39m[32m200[39m [90m266 ms - 14[39m
[35m[HTTP][39m [90m[39m
[35m[HTTP][39m [37m-->[39m [37mPOST[39m [37m/wd/hub/session/059b2507-18df-4586-85f9-6269f76a2223/timeouts[39m
[35m[HTTP][39m [90m{"implicit":50}[39m
[35m[HTTP][39m [37m<-- POST /wd/hub/session/059b2507-18df-4586-85f9-6269f76a2223/timeouts [39m[32m200[39m [90m2 ms - 14[39m
[35m[HTTP][39m [90m[39m
[35m[HTTP][39m [37m-->[39m [37mGET[39m [37m/wd/hub/session/059b2507-18df-4586-85f9-6269f76a2223/window/rect[39m
[35m[HTTP][39m [90m{}[39m
[35m[HTTP][39m [37m<-- GET /wd/hub/session/059b2507-18df-4586-85f9-6269f76a2223/window/rect [39m[32m200[39m [90m21 ms - 50[39m
[35m[HTTP][39m [90m[39m
[35m[HTTP][39m [37m-->[39m [37mPOST[39m [37m/wd/hub/session/059b2507-18df-4586-85f9-6269f76a2223/elements[39m
[35m[HTTP][39m [90m{"using":"xpath","value":"//*[@class = 'android.widget.EditText' and (@text = 'No Polisi' or . = 'No Polisi') and @resource-id = 'com.bcaf.mobilesurvey:id/nopol']"}[39m
[35m[HTTP][39m [37m<-- POST /wd/hub/session/059b2507-18df-4586-85f9-6269f76a2223/elements [39m[32m200[39m [90m1402 ms - 139[39m
[35m[HTTP][39m [90m[39m
[35m[HTTP][39m [37m-->[39m [37mGET[39m [37m/wd/hub/session/059b2507-18df-4586-85f9-6269f76a2223/element/00000000-0000-0634-ffff-ffff00003211/location[39m
[35m[HTTP][39m [90m{}[39m
[35m[W3C (059b2507)][39m Driver proxy active, passing request on via HTTP proxy
[35m[WD Proxy][39m Replacing sessionId bfd0b439-97c0-451e-868f-6be705f0f42d with 059b2507-18df-4586-85f9-6269f76a2223
[35m[HTTP][39m [37m<-- GET /wd/hub/session/059b2507-18df-4586-85f9-6269f76a2223/element/00000000-0000-0634-ffff-ffff00003211/location [39m[32m200[39m [90m38 ms - 78[39m
[35m[HTTP][39m [90m[39m
[35m[HTTP][39m [37m-->[39m [37mPOST[39m [37m/wd/hub/session/059b2507-18df-4586-85f9-6269f76a2223/timeouts[39m
[35m[HTTP][39m [90m{"implicit":30000}[39m
[35m[HTTP][39m [37m<-- POST /wd/hub/session/059b2507-18df-4586-85f9-6269f76a2223/timeouts [39m[32m200[39m [90m1 ms - 14[39m
[35m[HTTP][39m [90m[39m
[35m[HTTP][39m [37m-->[39m [37mPOST[39m [37m/wd/hub/session/059b2507-18df-4586-85f9-6269f76a2223/element/00000000-0000-0634-ffff-ffff00003211/clear[39m
[35m[HTTP][39m [90m{"id":"00000000-0000-0634-ffff-ffff00003211"}[39m
[35m[HTTP][39m [37m<-- POST /wd/hub/session/059b2507-18df-4586-85f9-6269f76a2223/element/00000000-0000-0634-ffff-ffff00003211/clear [39m[32m200[39m [90m63 ms - 14[39m
[35m[HTTP][39m [90m[39m
[35m[HTTP][39m [37m-->[39m [37mPOST[39m [37m/wd/hub/session/059b2507-18df-4586-85f9-6269f76a2223/element/00000000-0000-0634-ffff-ffff00003211/value[39m
[35m[HTTP][39m [90m{"id":"00000000-0000-0634-ffff-ffff00003211","text":"B777B","value":["B","7","7","7","B"]}[39m
[35m[HTTP][39m [37m<-- POST /wd/hub/session/059b2507-18df-4586-85f9-6269f76a2223/element/00000000-0000-0634-ffff-ffff00003211/value [39m[32m200[39m [90m1068 ms - 14[39m
[35m[HTTP][39m [90m[39m
[35m[HTTP][39m [37m-->[39m [37mGET[39m [37m/wd/hub/session/059b2507-18df-4586-85f9-6269f76a2223/context[39m
[35m[HTTP][39m [90m{}[39m
[35m[HTTP][39m [37m<-- GET /wd/hub/session/059b2507-18df-4586-85f9-6269f76a2223/context [39m[32m200[39m [90m1 ms - 22[39m
[35m[HTTP][39m [90m[39m
[35m[HTTP][39m [37m-->[39m [37mGET[39m [37m/wd/hub/session/059b2507-18df-4586-85f9-6269f76a2223/contexts[39m
[35m[HTTP][39m [90m{}[39m
[35m[HTTP][39m [37m<-- GET /wd/hub/session/059b2507-18df-4586-85f9-6269f76a2223/contexts [39m[32m200[39m [90m114 ms - 24[39m
[35m[HTTP][39m [90m[39m
[35m[HTTP][39m [37m-->[39m [37mPOST[39m [37m/wd/hub/session/059b2507-18df-4586-85f9-6269f76a2223/context[39m
[35m[HTTP][39m [90m{"name":"NATIVE_APP"}[39m
[35m[HTTP][39m [37m<-- POST /wd/hub/session/059b2507-18df-4586-85f9-6269f76a2223/context [39m[32m200[39m [90m1 ms - 14[39m
[35m[HTTP][39m [90m[39m
[35m[HTTP][39m [37m-->[39m [37mGET[39m [37m/wd/hub/session/059b2507-18df-4586-85f9-6269f76a2223/window/rect[39m
[35m[HTTP][39m [90m{}[39m
[35m[HTTP][39m [37m<-- GET /wd/hub/session/059b2507-18df-4586-85f9-6269f76a2223/window/rect [39m[32m200[39m [90m26 ms - 50[39m
[35m[HTTP][39m [90m[39m
[35m[HTTP][39m [37m-->[39m [37mPOST[39m [37m/wd/hub/session/059b2507-18df-4586-85f9-6269f76a2223/execute/sync[39m
[35m[HTTP][39m [90m{"script":"mobile: viewportScreenshot","args":[]}[39m
[35m[AndroidDriver][39m Executing native command 'mobile: viewportScreenshot'
[35m[HTTP][39m [37m<-- POST /wd/hub/session/059b2507-18df-4586-85f9-6269f76a2223/execute/sync [39m[32m200[39m [90m1394 ms - 100336[39m
[35m[HTTP][39m [90m[39m
[35m[HTTP][39m [37m-->[39m [37mPOST[39m [37m/wd/hub/session/059b2507-18df-4586-85f9-6269f76a2223/context[39m
[35m[HTTP][39m [90m{"name":"NATIVE_APP"}[39m
[35m[HTTP][39m [37m<-- POST /wd/hub/session/059b2507-18df-4586-85f9-6269f76a2223/context [39m[32m200[39m [90m2 ms - 14[39m
[35m[HTTP][39m [90m[39m
[35m[HTTP][39m [37m-->[39m [37mPOST[39m [37m/wd/hub/session/059b2507-18df-4586-85f9-6269f76a2223/timeouts[39m
[35m[HTTP][39m [90m{"implicit":50}[39m
[35m[HTTP][39m [37m<-- POST /wd/hub/session/059b2507-18df-4586-85f9-6269f76a2223/timeouts [39m[32m200[39m [90m3 ms - 14[39m
[35m[HTTP][39m [90m[39m
[35m[HTTP][39m [37m-->[39m [37mGET[39m [37m/wd/hub/session/059b2507-18df-4586-85f9-6269f76a2223/window/rect[39m
[35m[HTTP][39m [90m{}[39m
[35m[HTTP][39m [37m<-- GET /wd/hub/session/059b2507-18df-4586-85f9-6269f76a2223/window/rect [39m[32m200[39m [90m40 ms - 50[39m
[35m[HTTP][39m [90m[39m
[35m[HTTP][39m [37m-->[39m [37mPOST[39m [37m/wd/hub/session/059b2507-18df-4586-85f9-6269f76a2223/elements[39m
[35m[HTTP][39m [90m{"using":"xpath","value":"//*[@class = 'android.widget.Button' and (@text = 'SEARCH' or . = 'SEARCH') and @resource-id = 'com.bcaf.mobilesurvey:id/search']"}[39m
[35m[HTTP][39m [37m<-- POST /wd/hub/session/059b2507-18df-4586-85f9-6269f76a2223/elements [39m[32m200[39m [90m351 ms - 139[39m
[35m[HTTP][39m [90m[39m
[35m[HTTP][39m [37m-->[39m [37mGET[39m [37m/wd/hub/session/059b2507-18df-4586-85f9-6269f76a2223/element/00000000-0000-0634-ffff-ffff0000321d/location[39m
[35m[HTTP][39m [90m{}[39m
[35m[W3C (059b2507)][39m Driver proxy active, passing request on via HTTP proxy
[35m[WD Proxy][39m Replacing sessionId bfd0b439-97c0-451e-868f-6be705f0f42d with 059b2507-18df-4586-85f9-6269f76a2223
[35m[HTTP][39m [37m<-- GET /wd/hub/session/059b2507-18df-4586-85f9-6269f76a2223/element/00000000-0000-0634-ffff-ffff0000321d/location [39m[32m200[39m [90m32 ms - 78[39m
[35m[HTTP][39m [90m[39m
[35m[HTTP][39m [37m-->[39m [37mPOST[39m [37m/wd/hub/session/059b2507-18df-4586-85f9-6269f76a2223/timeouts[39m
[35m[HTTP][39m [90m{"implicit":30000}[39m
[35m[HTTP][39m [37m<-- POST /wd/hub/session/059b2507-18df-4586-85f9-6269f76a2223/timeouts [39m[32m200[39m [90m1 ms - 14[39m
[35m[HTTP][39m [90m[39m
[35m[HTTP][39m [37m-->[39m [37mPOST[39m [37m/wd/hub/session/059b2507-18df-4586-85f9-6269f76a2223/touch/perform[39m
[35m[HTTP][39m [90m{"actions":[{"action":"tap","options":{"x":1,"y":1,"element":"00000000-0000-0634-ffff-ffff0000321d"}},{"action":"release","options":{}}]}[39m
[35m[UiAutomator2][39m calling get location: 00000000-0000-0634-ffff-ffff0000321d
[35m[HTTP][39m [37m<-- POST /wd/hub/session/059b2507-18df-4586-85f9-6269f76a2223/touch/perform [39m[32m200[39m [90m846 ms - 14[39m
[35m[HTTP][39m [90m[39m
[35m[HTTP][39m [37m-->[39m [37mGET[39m [37m/wd/hub/session/059b2507-18df-4586-85f9-6269f76a2223/context[39m
[35m[HTTP][39m [90m{}[39m
[35m[HTTP][39m [37m<-- GET /wd/hub/session/059b2507-18df-4586-85f9-6269f76a2223/context [39m[32m200[39m [90m2 ms - 22[39m
[35m[HTTP][39m [90m[39m
[35m[HTTP][39m [37m-->[39m [37mGET[39m [37m/wd/hub/session/059b2507-18df-4586-85f9-6269f76a2223/contexts[39m
[35m[HTTP][39m [90m{}[39m
[35m[HTTP][39m [37m<-- GET /wd/hub/session/059b2507-18df-4586-85f9-6269f76a2223/contexts [39m[32m200[39m [90m114 ms - 24[39m
[35m[HTTP][39m [90m[39m
[35m[HTTP][39m [37m-->[39m [37mPOST[39m [37m/wd/hub/session/059b2507-18df-4586-85f9-6269f76a2223/context[39m
[35m[HTTP][39m [90m{"name":"NATIVE_APP"}[39m
[35m[HTTP][39m [37m<-- POST /wd/hub/session/059b2507-18df-4586-85f9-6269f76a2223/context [39m[32m200[39m [90m1 ms - 14[39m
[35m[HTTP][39m [90m[39m
[35m[HTTP][39m [37m-->[39m [37mGET[39m [37m/wd/hub/session/059b2507-18df-4586-85f9-6269f76a2223/window/rect[39m
[35m[HTTP][39m [90m{}[39m
[35m[HTTP][39m [37m<-- GET /wd/hub/session/059b2507-18df-4586-85f9-6269f76a2223/window/rect [39m[32m200[39m [90m46 ms - 50[39m
[35m[HTTP][39m [90m[39m
[35m[HTTP][39m [37m-->[39m [37mPOST[39m [37m/wd/hub/session/059b2507-18df-4586-85f9-6269f76a2223/execute/sync[39m
[35m[HTTP][39m [90m{"script":"mobile: viewportScreenshot","args":[]}[39m
[35m[AndroidDriver][39m Executing native command 'mobile: viewportScreenshot'
[35m[HTTP][39m [37m<-- POST /wd/hub/session/059b2507-18df-4586-85f9-6269f76a2223/execute/sync [39m[32m200[39m [90m1406 ms - 100336[39m
[35m[HTTP][39m [90m[39m
[35m[HTTP][39m [37m-->[39m [37mPOST[39m [37m/wd/hub/session/059b2507-18df-4586-85f9-6269f76a2223/context[39m
[35m[HTTP][39m [90m{"name":"NATIVE_APP"}[39m
[35m[HTTP][39m [37m<-- POST /wd/hub/session/059b2507-18df-4586-85f9-6269f76a2223/context [39m[32m200[39m [90m2 ms - 14[39m
[35m[HTTP][39m [90m[39m
[35m[HTTP][39m [37m-->[39m [37mGET[39m [37m/wd/hub/session/059b2507-18df-4586-85f9-6269f76a2223/context[39m
[35m[HTTP][39m [90m{}[39m
[35m[HTTP][39m [37m<-- GET /wd/hub/session/059b2507-18df-4586-85f9-6269f76a2223/context [39m[32m200[39m [90m1 ms - 22[39m
[35m[HTTP][39m [90m[39m
[35m[HTTP][39m [37m-->[39m [37mGET[39m [37m/wd/hub/session/059b2507-18df-4586-85f9-6269f76a2223/contexts[39m
[35m[HTTP][39m [90m{}[39m
[35m[HTTP][39m [37m<-- GET /wd/hub/session/059b2507-18df-4586-85f9-6269f76a2223/contexts [39m[32m200[39m [90m91 ms - 24[39m
[35m[HTTP][39m [90m[39m
[35m[HTTP][39m [37m-->[39m [37mPOST[39m [37m/wd/hub/session/059b2507-18df-4586-85f9-6269f76a2223/context[39m
[35m[HTTP][39m [90m{"name":"NATIVE_APP"}[39m
[35m[HTTP][39m [37m<-- POST /wd/hub/session/059b2507-18df-4586-85f9-6269f76a2223/context [39m[32m200[39m [90m2 ms - 14[39m
[35m[HTTP][39m [90m[39m
[35m[HTTP][39m [37m-->[39m [37mPOST[39m [37m/wd/hub/session/059b2507-18df-4586-85f9-6269f76a2223/element[39m
[35m[HTTP][39m [90m{"using":"-android uiautomator","value":"new UiScrollable(new UiSelector().scrollable(true).instance(0)).scrollIntoView(new UiSelector().textContains(\"Data Kendaraan\"))"}[39m
[35m[WD Proxy][39m Got response with status 404: {"sessionId":"bfd0b439-97c0-451e-868f-6be705f0f42d","value":{"error":"no such element","message":"androidx.test.uiautomator.UiObjectNotFoundException: UiSelector[INSTANCE=0, SCROLLABLE=true]","stacktrace":"io.appium.uiautomator2.common.exceptions.ElementNotFoundException: androidx.test.uiautomator.UiObjectNotFoundException: UiSelector[INSTANCE=0, SCROLLABLE=true]\n\tat io.appium.uiautomator2.utils.UiExpressionParser.invokeMethod(UiExpressionParser.java:250)\n\tat io.appium.uiautomator2.utils.UiScrollableParser.consumeMethodCall(UiScrollableParser.java:143)\n\tat io.appium.uiautomator2.utils.UiScrollableParser.parse(UiScrollableParser.java:66)\n\tat io.appium.uiautomator2.utils.UiAutomatorParser.consumeStatement(UiAutomatorParser.java:91)\n\tat io.appium.uiautomator2.utils.UiAutomatorParser.parse(UiAutomatorParser.java:47)\n\tat io.appium.uiautomator2.utils.ElementLocationHelpers.toSelectors(ElementLocationHelpers.java:127)\n\tat io.appium.uiautomator2.utils.ElementLocationHelpers.toSelector(ElementLocation...
[35m[WD Proxy][39m Got response with status 404: {"sessionId":"bfd0b439-97c0-451e-868f-6be705f0f42d","value":{"error":"no such element","message":"androidx.test.uiautomator.UiObjectNotFoundException: UiSelector[INSTANCE=0, SCROLLABLE=true]","stacktrace":"io.appium.uiautomator2.common.exceptions.ElementNotFoundException: androidx.test.uiautomator.UiObjectNotFoundException: UiSelector[INSTANCE=0, SCROLLABLE=true]\n\tat io.appium.uiautomator2.utils.UiExpressionParser.invokeMethod(UiExpressionParser.java:250)\n\tat io.appium.uiautomator2.utils.UiScrollableParser.consumeMethodCall(UiScrollableParser.java:143)\n\tat io.appium.uiautomator2.utils.UiScrollableParser.parse(UiScrollableParser.java:66)\n\tat io.appium.uiautomator2.utils.UiAutomatorParser.consumeStatement(UiAutomatorParser.java:91)\n\tat io.appium.uiautomator2.utils.UiAutomatorParser.parse(UiAutomatorParser.java:47)\n\tat io.appium.uiautomator2.utils.ElementLocationHelpers.toSelectors(ElementLocationHelpers.java:127)\n\tat io.appium.uiautomator2.utils.ElementLocationHelpers.toSelector(ElementLocation...
[35m[HTTP][39m [37m<-- POST /wd/hub/session/059b2507-18df-4586-85f9-6269f76a2223/element [39m[32m-[39m [90m- ms - -[39m
[35m[HTTP][39m [90m[39m
[35m[WD Proxy][39m Got response with status 404: {"sessionId":"bfd0b439-97c0-451e-868f-6be705f0f42d","value":{"error":"no such element","message":"An element could not be located on the page using the given search parameters","stacktrace":"io.appium.uiautomator2.common.exceptions.ElementNotFoundException: An element could not be located on the page using the given search parameters\n\tat io.appium.uiautomator2.handler.FindElement.safeHandle(FindElement.java:70)\n\tat io.appium.uiautomator2.handler.request.SafeRequestHandler.handle(SafeRequestHandler.java:59)\n\tat io.appium.uiautomator2.server.AppiumServlet.handleRequest(AppiumServlet.java:266)\n\tat io.appium.uiautomator2.server.AppiumServlet.handleHttpRequest(AppiumServlet.java:260)\n\tat io.appium.uiautomator2.http.ServerHandler.channelRead(ServerHandler.java:68)\n\tat io.netty.channel.AbstractChannelHandlerContext.invokeChannelRead(AbstractChannelHandlerContext.java:366)\n\tat io.netty.channel.AbstractChannelHandlerContext.invokeChannelRead(AbstractChannelHandlerContext.java:352)\n\tat io.netty.chann...
[35m[BaseDriver][39m Shutting down because we waited 1800 seconds for a command
[35m[Appium][39m Closing session, cause was 'New Command Timeout of 1800 seconds expired. Try customizing the timeout using the 'newCommandTimeout' desired capability'
[35m[Appium][39m Removing session 'c503e213-7c1b-4749-b9ba-658ccc7cadfb' from our master session list
[35m[UiAutomator2][39m Did not get confirmation UiAutomator2 deleteSession worked; Error was: UnknownError: An unknown server-side error occurred while processing the command. Original error: 'DELETE /' cannot be proxied to UiAutomator2 server because the instrumentation process is not running (probably crashed). Check the server log and/or the logcat output for more details
[35m[UiAutomator2][39m Restoring hidden api policy to the device default configuration
