[35m[Appium][39m Welcome to Appium v1.22.2
[35m[Appium][39m Non-default server args:
[35m[Appium][39m   port: 61424
[35m[Appium][39m   loglevel: info
[35m[Appium][39m   tmpDir: C:\Users\NIAYUS~1\AppData\Local\Temp\\Katalon\Appium\Temp1645432463729
[35m[Appium][39m   chromedriverPort: 61425
[35m[Appium][39m Deprecated server args:
[35m[Appium][39m   [31m--chromedriver-port[39m => --default-capabilities
[35m[Appium][39m Default capabilities, which will be added to each request unless overridden by desired capabilities:
[35m[Appium][39m   chromedriverPort: 61425
[35m[Appium][39m Appium REST http interface listener started on 0.0.0.0:61424
[35m[HTTP][39m [37m-->[39m [37mGET[39m [37m/wd/hub/status[39m
[35m[HTTP][39m [90m{}[39m
[35m[HTTP][39m [37m<-- GET /wd/hub/status [39m[32m200[39m [90m8 ms - 68[39m
[35m[HTTP][39m [90m[39m
[35m[HTTP][39m [37m-->[39m [37mPOST[39m [37m/wd/hub/session[39m
[35m[HTTP][39m [90m{"desiredCapabilities":{"appActivity":".Settings","appPackage":"com.android.settings","newCommandTimeout":1800,"platformVersion":"11","automationName":"uiautomator2","autoGrantPermissions":true,"platformName":"Android","udid":"RR8N605F11Y","deviceName":"samsung SM-M315F (Android 11)","platform":"ANDROID","systemPort":8269},"capabilities":{"firstMatch":[{"appium:appActivity":".Settings","appium:appPackage":"com.android.settings","appium:autoGrantPermissions":true,"appium:automationName":"uiautomator2","appium:deviceName":"samsung SM-M315F (Android 11)","appium:newCommandTimeout":1800,"platform":"ANDROID","platformName":"android","appium:platformVersion":"11","appium:systemPort":8269,"appium:udid":"RR8N605F11Y"}]}}[39m
[35m[BaseDriver][39m The following capabilities are not standard capabilities and should have an extension prefix:
[35m[BaseDriver][39m   platform
[35m[BaseDriver][39m   chromedriverPort
[35m[Appium][39m Appium v1.22.2 creating new AndroidUiautomator2Driver (v1.70.1) session
[35m[BaseDriver][39m The following capabilities were provided, but are not recognized by Appium:
[35m[BaseDriver][39m   platform
[35m[BaseDriver][39m Session created with session id: bfd91432-0450-48fb-8c1d-70a574df3756
[35m[UiAutomator2][39m Starting 'com.android.settings' directly on the device
[35m[ADB][39m Cannot sort build-tools folders ["29.0.3","android-8.1.0"] by semantic version names.
[35m[ADB][39m Falling back to sorting by modification date. Original error: Invalid Version: android-8.1.0
[35m[ADB][39m Found 2 'build-tools' folders under 'C:\Users\Nia Yusniati\.katalon\tools\android_sdk' (newest first):
[35m[ADB][39m     C:/Users/Nia Yusniati/.katalon/tools/android_sdk/build-tools/29.0.3
[35m[ADB][39m     C:/Users/Nia Yusniati/.katalon/tools/android_sdk/build-tools/android-8.1.0
[35m[ADB][39m Using 'adb.exe' from 'C:\Users\Nia Yusniati\.katalon\tools\android_sdk\platform-tools\adb.exe'
[35m[AndroidDriver][39m Retrieving device list
[35m[AndroidDriver][39m Using device: RR8N605F11Y
[35m[ADB][39m Using 'adb.exe' from 'C:\Users\Nia Yusniati\.katalon\tools\android_sdk\platform-tools\adb.exe'
[35m[ADB][39m Getting device platform version
[35m[UiAutomator2][39m Relaxing hidden api policy
[35m[AndroidDriver][39m No app sent in, not parsing package/activity
[35m[ADB][39m Using 'apksigner.jar' from 'C:\Users\Nia Yusniati\.katalon\tools\android_sdk\build-tools\29.0.3\lib\apksigner.jar'
[35m[ADB][39m 'C:\Users\Nia Yusniati\AppData\Roaming\npm\node_modules\appium\node_modules\appium-uiautomator2-server\apks\appium-uiautomator2-server-v4.27.0.apk' is signed with the default certificate
[35m[ADB][39m 'C:\Users\Nia Yusniati\AppData\Roaming\npm\node_modules\appium\node_modules\appium-uiautomator2-server\apks\appium-uiautomator2-server-debug-androidTest.apk' is signed with the default certificate
[35m[UiAutomator2][39m Server packages are not going to be (re)installed
[35m[ADB][39m Adding packages ["io.appium.settings","io.appium.uiautomator2.server","io.appium.uiautomator2.server.test"] to Doze whitelist
[35m[UiAutomator2][39m Starting UIAutomator2 server 4.27.0
[35m[UiAutomator2][39m Using UIAutomator2 server from 'C:\Users\Nia Yusniati\AppData\Roaming\npm\node_modules\appium\node_modules\appium-uiautomator2-server\apks\appium-uiautomator2-server-v4.27.0.apk' and test from 'C:\Users\Nia Yusniati\AppData\Roaming\npm\node_modules\appium\node_modules\appium-uiautomator2-server\apks\appium-uiautomator2-server-debug-androidTest.apk'
[35m[UiAutomator2][39m Waiting up to 30000ms for UiAutomator2 to be online...
[35m[WD Proxy][39m socket hang up
[35m[WD Proxy][39m socket hang up
[35m[WD Proxy][39m socket hang up
[35m[WD Proxy][39m Determined the downstream protocol as 'W3C'
[35m[AndroidDriver][39m Screen already unlocked, doing nothing
[35m[UiAutomator2][39m Starting 'com.android.settings/.Settings and waiting for 'com.android.settings/.Settings'
[35m[Appium][39m New AndroidUiautomator2Driver session created successfully, session bfd91432-0450-48fb-8c1d-70a574df3756 added to master session list
[35m[HTTP][39m [37m<-- POST /wd/hub/session [39m[32m200[39m [90m10884 ms - 1158[39m
[35m[HTTP][39m [90m[39m
[35m[HTTP][39m [37m-->[39m [37mGET[39m [37m/wd/hub/session/bfd91432-0450-48fb-8c1d-70a574df3756[39m
[35m[HTTP][39m [90m{}[39m
[35m[HTTP][39m [37m<-- GET /wd/hub/session/bfd91432-0450-48fb-8c1d-70a574df3756 [39m[32m200[39m [90m14 ms - 1112[39m
[35m[HTTP][39m [90m[39m
[35m[HTTP][39m [37m-->[39m [37mGET[39m [37m/wd/hub/session/bfd91432-0450-48fb-8c1d-70a574df3756[39m
[35m[HTTP][39m [90m{}[39m
[35m[HTTP][39m [37m<-- GET /wd/hub/session/bfd91432-0450-48fb-8c1d-70a574df3756 [39m[32m200[39m [90m12 ms - 1112[39m
[35m[HTTP][39m [90m[39m
[35m[HTTP][39m [37m-->[39m [37mGET[39m [37m/wd/hub/status[39m
[35m[HTTP][39m [90m{}[39m
[35m[HTTP][39m [37m<-- GET /wd/hub/status [39m[32m200[39m [90m1 ms - 68[39m
[35m[HTTP][39m [90m[39m
[35m[HTTP][39m [37m-->[39m [37mPOST[39m [37m/wd/hub/session/bfd91432-0450-48fb-8c1d-70a574df3756/timeouts[39m
[35m[HTTP][39m [90m{"implicit":30000}[39m
[35m[HTTP][39m [37m<-- POST /wd/hub/session/bfd91432-0450-48fb-8c1d-70a574df3756/timeouts [39m[32m200[39m [90m6 ms - 14[39m
[35m[HTTP][39m [90m[39m
[35m[HTTP][39m [37m-->[39m [37mGET[39m [37m/wd/hub/session/bfd91432-0450-48fb-8c1d-70a574df3756/screenshot[39m
[35m[HTTP][39m [90m{}[39m
[35m[HTTP][39m [37m<-- GET /wd/hub/session/bfd91432-0450-48fb-8c1d-70a574df3756/screenshot [39m[32m200[39m [90m625 ms - 190760[39m
[35m[HTTP][39m [90m[39m
[35m[HTTP][39m [37m-->[39m [37mGET[39m [37m/wd/hub/session/bfd91432-0450-48fb-8c1d-70a574df3756/window/rect[39m
[35m[HTTP][39m [90m{}[39m
[35m[HTTP][39m [37m<-- GET /wd/hub/session/bfd91432-0450-48fb-8c1d-70a574df3756/window/rect [39m[32m200[39m [90m42 ms - 50[39m
[35m[HTTP][39m [90m[39m
[35m[HTTP][39m [37m-->[39m [37mGET[39m [37m/wd/hub/session/bfd91432-0450-48fb-8c1d-70a574df3756/appium/device/system_bars[39m
[35m[HTTP][39m [90m{}[39m
[35m[HTTP][39m [37m<-- GET /wd/hub/session/bfd91432-0450-48fb-8c1d-70a574df3756/appium/device/system_bars [39m[32m200[39m [90m160 ms - 148[39m
[35m[HTTP][39m [90m[39m
[35m[HTTP][39m [37m-->[39m [37mPOST[39m [37m/wd/hub/session/bfd91432-0450-48fb-8c1d-70a574df3756/appium/device/activate_app[39m
[35m[HTTP][39m [90m{"bundleId":"com.bcaf.mobilesurvey"}[39m
[35m[HTTP][39m [37m<-- POST /wd/hub/session/bfd91432-0450-48fb-8c1d-70a574df3756/appium/device/activate_app [39m[32m200[39m [90m623 ms - 14[39m
[35m[HTTP][39m [90m[39m
[35m[HTTP][39m [37m-->[39m [37mPOST[39m [37m/wd/hub/session/bfd91432-0450-48fb-8c1d-70a574df3756/timeouts[39m
[35m[HTTP][39m [90m{"implicit":50}[39m
[35m[HTTP][39m [37m<-- POST /wd/hub/session/bfd91432-0450-48fb-8c1d-70a574df3756/timeouts [39m[32m200[39m [90m3 ms - 14[39m
[35m[HTTP][39m [90m[39m
[35m[HTTP][39m [37m-->[39m [37mGET[39m [37m/wd/hub/session/bfd91432-0450-48fb-8c1d-70a574df3756/window/rect[39m
[35m[HTTP][39m [90m{}[39m
[35m[HTTP][39m [37m<-- GET /wd/hub/session/bfd91432-0450-48fb-8c1d-70a574df3756/window/rect [39m[32m200[39m [90m37 ms - 50[39m
[35m[HTTP][39m [90m[39m
[35m[HTTP][39m [37m-->[39m [37mPOST[39m [37m/wd/hub/session/bfd91432-0450-48fb-8c1d-70a574df3756/elements[39m
[35m[HTTP][39m [90m{"using":"xpath","value":"//*[@class = 'android.widget.EditText' and (@text = 'NIP' or . = 'NIP') and @resource-id = 'com.bcaf.mobilesurvey:id/nip']"}[39m
[35m[HTTP][39m [37m<-- POST /wd/hub/session/bfd91432-0450-48fb-8c1d-70a574df3756/elements [39m[32m200[39m [90m539 ms - 139[39m
[35m[HTTP][39m [90m[39m
[35m[HTTP][39m [37m-->[39m [37mGET[39m [37m/wd/hub/session/bfd91432-0450-48fb-8c1d-70a574df3756/element/00000000-0000-0a54-ffff-ffff00000dac/location[39m
[35m[HTTP][39m [90m{}[39m
[35m[W3C (bfd91432)][39m Driver proxy active, passing request on via HTTP proxy
[35m[WD Proxy][39m Replacing sessionId b3b98bd6-0359-412a-982b-ca52d4479424 with bfd91432-0450-48fb-8c1d-70a574df3756
[35m[HTTP][39m [37m<-- GET /wd/hub/session/bfd91432-0450-48fb-8c1d-70a574df3756/element/00000000-0000-0a54-ffff-ffff00000dac/location [39m[32m200[39m [90m30 ms - 78[39m
[35m[HTTP][39m [90m[39m
[35m[HTTP][39m [37m-->[39m [37mPOST[39m [37m/wd/hub/session/bfd91432-0450-48fb-8c1d-70a574df3756/timeouts[39m
[35m[HTTP][39m [90m{"implicit":30000}[39m
[35m[HTTP][39m [37m<-- POST /wd/hub/session/bfd91432-0450-48fb-8c1d-70a574df3756/timeouts [39m[32m200[39m [90m1 ms - 14[39m
[35m[HTTP][39m [90m[39m
[35m[HTTP][39m [37m-->[39m [37mPOST[39m [37m/wd/hub/session/bfd91432-0450-48fb-8c1d-70a574df3756/element/00000000-0000-0a54-ffff-ffff00000dac/clear[39m
[35m[HTTP][39m [90m{"id":"00000000-0000-0a54-ffff-ffff00000dac"}[39m
[35m[HTTP][39m [37m<-- POST /wd/hub/session/bfd91432-0450-48fb-8c1d-70a574df3756/element/00000000-0000-0a54-ffff-ffff00000dac/clear [39m[32m200[39m [90m39 ms - 14[39m
[35m[HTTP][39m [90m[39m
[35m[HTTP][39m [37m-->[39m [37mPOST[39m [37m/wd/hub/session/bfd91432-0450-48fb-8c1d-70a574df3756/element/00000000-0000-0a54-ffff-ffff00000dac/value[39m
[35m[HTTP][39m [90m{"id":"00000000-0000-0a54-ffff-ffff00000dac","text":"20211001","value":["2","0","2","1","1","0","0","1"]}[39m
[35m[HTTP][39m [37m<-- POST /wd/hub/session/bfd91432-0450-48fb-8c1d-70a574df3756/element/00000000-0000-0a54-ffff-ffff00000dac/value [39m[32m200[39m [90m1043 ms - 14[39m
[35m[HTTP][39m [90m[39m
[35m[HTTP][39m [37m-->[39m [37mPOST[39m [37m/wd/hub/session/bfd91432-0450-48fb-8c1d-70a574df3756/timeouts[39m
[35m[HTTP][39m [90m{"implicit":50}[39m
[35m[HTTP][39m [37m<-- POST /wd/hub/session/bfd91432-0450-48fb-8c1d-70a574df3756/timeouts [39m[32m200[39m [90m2 ms - 14[39m
[35m[HTTP][39m [90m[39m
[35m[HTTP][39m [37m-->[39m [37mGET[39m [37m/wd/hub/session/bfd91432-0450-48fb-8c1d-70a574df3756/window/rect[39m
[35m[HTTP][39m [90m{}[39m
[35m[HTTP][39m [37m<-- GET /wd/hub/session/bfd91432-0450-48fb-8c1d-70a574df3756/window/rect [39m[32m200[39m [90m31 ms - 50[39m
[35m[HTTP][39m [90m[39m
[35m[HTTP][39m [37m-->[39m [37mPOST[39m [37m/wd/hub/session/bfd91432-0450-48fb-8c1d-70a574df3756/elements[39m
[35m[HTTP][39m [90m{"using":"xpath","value":"//*[@class = 'android.widget.EditText' and (@text = 'Password' or . = 'Password') and @resource-id = 'com.bcaf.mobilesurvey:id/password']"}[39m
[35m[HTTP][39m [37m<-- POST /wd/hub/session/bfd91432-0450-48fb-8c1d-70a574df3756/elements [39m[32m200[39m [90m438 ms - 139[39m
[35m[HTTP][39m [90m[39m
[35m[HTTP][39m [37m-->[39m [37mGET[39m [37m/wd/hub/session/bfd91432-0450-48fb-8c1d-70a574df3756/element/00000000-0000-0a54-ffff-ffff00000db8/location[39m
[35m[HTTP][39m [90m{}[39m
[35m[W3C (bfd91432)][39m Driver proxy active, passing request on via HTTP proxy
[35m[WD Proxy][39m Replacing sessionId b3b98bd6-0359-412a-982b-ca52d4479424 with bfd91432-0450-48fb-8c1d-70a574df3756
[35m[HTTP][39m [37m<-- GET /wd/hub/session/bfd91432-0450-48fb-8c1d-70a574df3756/element/00000000-0000-0a54-ffff-ffff00000db8/location [39m[32m200[39m [90m43 ms - 78[39m
[35m[HTTP][39m [90m[39m
[35m[HTTP][39m [37m-->[39m [37mPOST[39m [37m/wd/hub/session/bfd91432-0450-48fb-8c1d-70a574df3756/timeouts[39m
[35m[HTTP][39m [90m{"implicit":30000}[39m
[35m[HTTP][39m [37m<-- POST /wd/hub/session/bfd91432-0450-48fb-8c1d-70a574df3756/timeouts [39m[32m200[39m [90m1 ms - 14[39m
[35m[HTTP][39m [90m[39m
[35m[HTTP][39m [37m-->[39m [37mPOST[39m [37m/wd/hub/session/bfd91432-0450-48fb-8c1d-70a574df3756/element/00000000-0000-0a54-ffff-ffff00000db8/clear[39m
[35m[HTTP][39m [90m{"id":"00000000-0000-0a54-ffff-ffff00000db8"}[39m
[35m[HTTP][39m [37m<-- POST /wd/hub/session/bfd91432-0450-48fb-8c1d-70a574df3756/element/00000000-0000-0a54-ffff-ffff00000db8/clear [39m[32m200[39m [90m76 ms - 14[39m
[35m[HTTP][39m [90m[39m
[35m[HTTP][39m [37m-->[39m [37mPOST[39m [37m/wd/hub/session/bfd91432-0450-48fb-8c1d-70a574df3756/element/00000000-0000-0a54-ffff-ffff00000db8/value[39m
[35m[HTTP][39m [90m{"id":"00000000-0000-0a54-ffff-ffff00000db8","text":"mobile123+","value":["m","o","b","i","l","e","1","2","3","+"]}[39m
[35m[HTTP][39m [37m<-- POST /wd/hub/session/bfd91432-0450-48fb-8c1d-70a574df3756/element/00000000-0000-0a54-ffff-ffff00000db8/value [39m[32m200[39m [90m1161 ms - 14[39m
[35m[HTTP][39m [90m[39m
[35m[HTTP][39m [37m-->[39m [37mPOST[39m [37m/wd/hub/session/bfd91432-0450-48fb-8c1d-70a574df3756/timeouts[39m
[35m[HTTP][39m [90m{"implicit":50}[39m
[35m[HTTP][39m [37m<-- POST /wd/hub/session/bfd91432-0450-48fb-8c1d-70a574df3756/timeouts [39m[32m200[39m [90m2 ms - 14[39m
[35m[HTTP][39m [90m[39m
[35m[HTTP][39m [37m-->[39m [37mGET[39m [37m/wd/hub/session/bfd91432-0450-48fb-8c1d-70a574df3756/window/rect[39m
[35m[HTTP][39m [90m{}[39m
[35m[HTTP][39m [37m<-- GET /wd/hub/session/bfd91432-0450-48fb-8c1d-70a574df3756/window/rect [39m[32m200[39m [90m33 ms - 50[39m
[35m[HTTP][39m [90m[39m
[35m[HTTP][39m [37m-->[39m [37mPOST[39m [37m/wd/hub/session/bfd91432-0450-48fb-8c1d-70a574df3756/elements[39m
[35m[HTTP][39m [90m{"using":"xpath","value":"//*[@class = 'android.widget.CheckBox' and (@text = 'Remember Me' or . = 'Remember Me') and @resource-id = 'com.bcaf.mobilesurvey:id/rememberMe']"}[39m
[35m[HTTP][39m [37m<-- POST /wd/hub/session/bfd91432-0450-48fb-8c1d-70a574df3756/elements [39m[32m200[39m [90m547 ms - 139[39m
[35m[HTTP][39m [90m[39m
[35m[HTTP][39m [37m-->[39m [37mGET[39m [37m/wd/hub/session/bfd91432-0450-48fb-8c1d-70a574df3756/element/00000000-0000-0a54-ffff-ffff00000dc1/location[39m
[35m[HTTP][39m [90m{}[39m
[35m[W3C (bfd91432)][39m Driver proxy active, passing request on via HTTP proxy
[35m[WD Proxy][39m Replacing sessionId b3b98bd6-0359-412a-982b-ca52d4479424 with bfd91432-0450-48fb-8c1d-70a574df3756
[35m[HTTP][39m [37m<-- GET /wd/hub/session/bfd91432-0450-48fb-8c1d-70a574df3756/element/00000000-0000-0a54-ffff-ffff00000dc1/location [39m[32m200[39m [90m26 ms - 78[39m
[35m[HTTP][39m [90m[39m
[35m[HTTP][39m [37m-->[39m [37mPOST[39m [37m/wd/hub/session/bfd91432-0450-48fb-8c1d-70a574df3756/timeouts[39m
[35m[HTTP][39m [90m{"implicit":30000}[39m
[35m[HTTP][39m [37m<-- POST /wd/hub/session/bfd91432-0450-48fb-8c1d-70a574df3756/timeouts [39m[32m200[39m [90m1 ms - 14[39m
[35m[HTTP][39m [90m[39m
[35m[HTTP][39m [37m-->[39m [37mPOST[39m [37m/wd/hub/session/bfd91432-0450-48fb-8c1d-70a574df3756/touch/perform[39m
[35m[HTTP][39m [90m{"actions":[{"action":"tap","options":{"x":1,"y":1,"element":"00000000-0000-0a54-ffff-ffff00000dc1"}},{"action":"release","options":{}}]}[39m
[35m[UiAutomator2][39m calling get location: 00000000-0000-0a54-ffff-ffff00000dc1
[35m[HTTP][39m [37m<-- POST /wd/hub/session/bfd91432-0450-48fb-8c1d-70a574df3756/touch/perform [39m[32m200[39m [90m298 ms - 14[39m
[35m[HTTP][39m [90m[39m
[35m[HTTP][39m [37m-->[39m [37mGET[39m [37m/wd/hub/session/bfd91432-0450-48fb-8c1d-70a574df3756/context[39m
[35m[HTTP][39m [90m{}[39m
[35m[HTTP][39m [37m<-- GET /wd/hub/session/bfd91432-0450-48fb-8c1d-70a574df3756/context [39m[32m200[39m [90m1 ms - 22[39m
[35m[HTTP][39m [90m[39m
[35m[HTTP][39m [37m-->[39m [37mGET[39m [37m/wd/hub/session/bfd91432-0450-48fb-8c1d-70a574df3756/contexts[39m
[35m[HTTP][39m [90m{}[39m
[35m[HTTP][39m [37m<-- GET /wd/hub/session/bfd91432-0450-48fb-8c1d-70a574df3756/contexts [39m[32m200[39m [90m103 ms - 24[39m
[35m[HTTP][39m [90m[39m
[35m[HTTP][39m [37m-->[39m [37mPOST[39m [37m/wd/hub/session/bfd91432-0450-48fb-8c1d-70a574df3756/context[39m
[35m[HTTP][39m [90m{"name":"NATIVE_APP"}[39m
[35m[HTTP][39m [37m<-- POST /wd/hub/session/bfd91432-0450-48fb-8c1d-70a574df3756/context [39m[32m200[39m [90m2 ms - 14[39m
[35m[HTTP][39m [90m[39m
[35m[HTTP][39m [37m-->[39m [37mPOST[39m [37m/wd/hub/session/bfd91432-0450-48fb-8c1d-70a574df3756/appium/device/hide_keyboard[39m
[35m[HTTP][39m [90m{}[39m
[35m[HTTP][39m [37m<-- POST /wd/hub/session/bfd91432-0450-48fb-8c1d-70a574df3756/appium/device/hide_keyboard [39m[32m200[39m [90m3302 ms - 14[39m
[35m[HTTP][39m [90m[39m
[35m[HTTP][39m [37m-->[39m [37mPOST[39m [37m/wd/hub/session/bfd91432-0450-48fb-8c1d-70a574df3756/context[39m
[35m[HTTP][39m [90m{"name":"NATIVE_APP"}[39m
[35m[HTTP][39m [37m<-- POST /wd/hub/session/bfd91432-0450-48fb-8c1d-70a574df3756/context [39m[32m200[39m [90m2 ms - 14[39m
[35m[HTTP][39m [90m[39m
[35m[HTTP][39m [37m-->[39m [37mGET[39m [37m/wd/hub/session/bfd91432-0450-48fb-8c1d-70a574df3756/context[39m
[35m[HTTP][39m [90m{}[39m
[35m[HTTP][39m [37m<-- GET /wd/hub/session/bfd91432-0450-48fb-8c1d-70a574df3756/context [39m[32m200[39m [90m5 ms - 22[39m
[35m[HTTP][39m [90m[39m
[35m[HTTP][39m [37m-->[39m [37mGET[39m [37m/wd/hub/session/bfd91432-0450-48fb-8c1d-70a574df3756/contexts[39m
[35m[HTTP][39m [90m{}[39m
[35m[HTTP][39m [37m<-- GET /wd/hub/session/bfd91432-0450-48fb-8c1d-70a574df3756/contexts [39m[32m200[39m [90m92 ms - 24[39m
[35m[HTTP][39m [90m[39m
[35m[HTTP][39m [37m-->[39m [37mPOST[39m [37m/wd/hub/session/bfd91432-0450-48fb-8c1d-70a574df3756/context[39m
[35m[HTTP][39m [90m{"name":"NATIVE_APP"}[39m
[35m[HTTP][39m [37m<-- POST /wd/hub/session/bfd91432-0450-48fb-8c1d-70a574df3756/context [39m[32m200[39m [90m1 ms - 14[39m
[35m[HTTP][39m [90m[39m
[35m[HTTP][39m [37m-->[39m [37mGET[39m [37m/wd/hub/session/bfd91432-0450-48fb-8c1d-70a574df3756/window/rect[39m
[35m[HTTP][39m [90m{}[39m
[35m[HTTP][39m [37m<-- GET /wd/hub/session/bfd91432-0450-48fb-8c1d-70a574df3756/window/rect [39m[32m200[39m [90m37 ms - 50[39m
[35m[HTTP][39m [90m[39m
[35m[HTTP][39m [37m-->[39m [37mPOST[39m [37m/wd/hub/session/bfd91432-0450-48fb-8c1d-70a574df3756/execute/sync[39m
[35m[HTTP][39m [90m{"script":"mobile: viewportScreenshot","args":[]}[39m
[35m[AndroidDriver][39m Executing native command 'mobile: viewportScreenshot'
[35m[HTTP][39m [37m<-- POST /wd/hub/session/bfd91432-0450-48fb-8c1d-70a574df3756/execute/sync [39m[32m200[39m [90m1542 ms - 113228[39m
[35m[HTTP][39m [90m[39m
[35m[HTTP][39m [37m-->[39m [37mPOST[39m [37m/wd/hub/session/bfd91432-0450-48fb-8c1d-70a574df3756/context[39m
[35m[HTTP][39m [90m{"name":"NATIVE_APP"}[39m
[35m[HTTP][39m [37m<-- POST /wd/hub/session/bfd91432-0450-48fb-8c1d-70a574df3756/context [39m[32m200[39m [90m2 ms - 14[39m
[35m[HTTP][39m [90m[39m
[35m[HTTP][39m [37m-->[39m [37mPOST[39m [37m/wd/hub/session/bfd91432-0450-48fb-8c1d-70a574df3756/timeouts[39m
[35m[HTTP][39m [90m{"implicit":50}[39m
[35m[HTTP][39m [37m<-- POST /wd/hub/session/bfd91432-0450-48fb-8c1d-70a574df3756/timeouts [39m[32m200[39m [90m2 ms - 14[39m
[35m[HTTP][39m [90m[39m
[35m[HTTP][39m [37m-->[39m [37mGET[39m [37m/wd/hub/session/bfd91432-0450-48fb-8c1d-70a574df3756/window/rect[39m
[35m[HTTP][39m [90m{}[39m
[35m[HTTP][39m [37m<-- GET /wd/hub/session/bfd91432-0450-48fb-8c1d-70a574df3756/window/rect [39m[32m200[39m [90m36 ms - 50[39m
[35m[HTTP][39m [90m[39m
[35m[HTTP][39m [37m-->[39m [37mPOST[39m [37m/wd/hub/session/bfd91432-0450-48fb-8c1d-70a574df3756/elements[39m
[35m[HTTP][39m [90m{"using":"xpath","value":"//*[@class = 'android.widget.Button' and (@text = 'LOGIN' or . = 'LOGIN') and @resource-id = 'com.bcaf.mobilesurvey:id/login']"}[39m
[35m[HTTP][39m [37m<-- POST /wd/hub/session/bfd91432-0450-48fb-8c1d-70a574df3756/elements [39m[32m200[39m [90m367 ms - 139[39m
[35m[HTTP][39m [90m[39m
[35m[HTTP][39m [37m-->[39m [37mGET[39m [37m/wd/hub/session/bfd91432-0450-48fb-8c1d-70a574df3756/element/00000000-0000-0a54-ffff-ffff00000dc2/location[39m
[35m[HTTP][39m [90m{}[39m
[35m[W3C (bfd91432)][39m Driver proxy active, passing request on via HTTP proxy
[35m[WD Proxy][39m Replacing sessionId b3b98bd6-0359-412a-982b-ca52d4479424 with bfd91432-0450-48fb-8c1d-70a574df3756
[35m[HTTP][39m [37m<-- GET /wd/hub/session/bfd91432-0450-48fb-8c1d-70a574df3756/element/00000000-0000-0a54-ffff-ffff00000dc2/location [39m[32m200[39m [90m41 ms - 79[39m
[35m[HTTP][39m [90m[39m
[35m[HTTP][39m [37m-->[39m [37mPOST[39m [37m/wd/hub/session/bfd91432-0450-48fb-8c1d-70a574df3756/timeouts[39m
[35m[HTTP][39m [90m{"implicit":30000}[39m
[35m[HTTP][39m [37m<-- POST /wd/hub/session/bfd91432-0450-48fb-8c1d-70a574df3756/timeouts [39m[32m200[39m [90m1 ms - 14[39m
[35m[HTTP][39m [90m[39m
[35m[HTTP][39m [37m-->[39m [37mPOST[39m [37m/wd/hub/session/bfd91432-0450-48fb-8c1d-70a574df3756/touch/perform[39m
[35m[HTTP][39m [90m{"actions":[{"action":"tap","options":{"x":1,"y":1,"element":"00000000-0000-0a54-ffff-ffff00000dc2"}},{"action":"release","options":{}}]}[39m
[35m[UiAutomator2][39m calling get location: 00000000-0000-0a54-ffff-ffff00000dc2
[35m[HTTP][39m [37m<-- POST /wd/hub/session/bfd91432-0450-48fb-8c1d-70a574df3756/touch/perform [39m[32m200[39m [90m321 ms - 14[39m
[35m[HTTP][39m [90m[39m
[35m[HTTP][39m [37m-->[39m [37mGET[39m [37m/wd/hub/status[39m
[35m[HTTP][39m [90m{}[39m
[35m[HTTP][39m [37m<-- GET /wd/hub/status [39m[32m200[39m [90m1 ms - 68[39m
[35m[HTTP][39m [90m[39m
[35m[HTTP][39m [37m-->[39m [37mPOST[39m [37m/wd/hub/session[39m
[35m[HTTP][39m [90m{"desiredCapabilities":{"appActivity":".Settings","appPackage":"com.android.settings","newCommandTimeout":1800,"platformVersion":"11","automationName":"uiautomator2","autoGrantPermissions":true,"platformName":"Android","udid":"RR8N605F11Y","deviceName":"samsung SM-M315F (Android 11)","platform":"ANDROID","systemPort":8223},"capabilities":{"firstMatch":[{"appium:appActivity":".Settings","appium:appPackage":"com.android.settings","appium:autoGrantPermissions":true,"appium:automationName":"uiautomator2","appium:deviceName":"samsung SM-M315F (Android 11)","appium:newCommandTimeout":1800,"platform":"ANDROID","platformName":"android","appium:platformVersion":"11","appium:systemPort":8223,"appium:udid":"RR8N605F11Y"}]}}[39m
[35m[BaseDriver][39m The following capabilities are not standard capabilities and should have an extension prefix:
[35m[BaseDriver][39m   platform
[35m[BaseDriver][39m   chromedriverPort
[35m[Appium][39m Appium v1.22.2 creating new AndroidUiautomator2Driver (v1.70.1) session
[35m[BaseDriver][39m The following capabilities were provided, but are not recognized by Appium:
[35m[BaseDriver][39m   platform
[35m[BaseDriver][39m Session created with session id: b15e1cbe-b857-4b97-94be-ab0357e220a7
[35m[UiAutomator2][39m Starting 'com.android.settings' directly on the device
[35m[ADB][39m Using 'adb.exe' from 'C:\Users\Nia Yusniati\.katalon\tools\android_sdk\platform-tools\adb.exe'
[35m[AndroidDriver][39m Retrieving device list
[35m[AndroidDriver][39m Using device: RR8N605F11Y
[35m[ADB][39m Using 'adb.exe' from 'C:\Users\Nia Yusniati\.katalon\tools\android_sdk\platform-tools\adb.exe'
[35m[ADB][39m Getting device platform version
[35m[UiAutomator2][39m Relaxing hidden api policy
[35m[AndroidDriver][39m No app sent in, not parsing package/activity
[35m[UiAutomator2][39m Server packages are not going to be (re)installed
[35m[ADB][39m Adding packages ["io.appium.settings","io.appium.uiautomator2.server","io.appium.uiautomator2.server.test"] to Doze whitelist
[35m[UiAutomator2][39m Starting UIAutomator2 server 4.27.0
[35m[UiAutomator2][39m Using UIAutomator2 server from 'C:\Users\Nia Yusniati\AppData\Roaming\npm\node_modules\appium\node_modules\appium-uiautomator2-server\apks\appium-uiautomator2-server-v4.27.0.apk' and test from 'C:\Users\Nia Yusniati\AppData\Roaming\npm\node_modules\appium\node_modules\appium-uiautomator2-server\apks\appium-uiautomator2-server-debug-androidTest.apk'
[35m[UiAutomator2][39m Waiting up to 30000ms for UiAutomator2 to be online...
[35m[WD Proxy][39m socket hang up
[35m[WD Proxy][39m socket hang up
[35m[WD Proxy][39m socket hang up
[35m[WD Proxy][39m Determined the downstream protocol as 'W3C'
[35m[AndroidDriver][39m Screen already unlocked, doing nothing
[35m[UiAutomator2][39m Starting 'com.android.settings/.Settings and waiting for 'com.android.settings/.Settings'
[35m[Appium][39m New AndroidUiautomator2Driver session created successfully, session b15e1cbe-b857-4b97-94be-ab0357e220a7 added to master session list
[35m[HTTP][39m [37m<-- POST /wd/hub/session [39m[32m200[39m [90m9464 ms - 1158[39m
[35m[HTTP][39m [90m[39m
[35m[HTTP][39m [37m-->[39m [37mGET[39m [37m/wd/hub/session/b15e1cbe-b857-4b97-94be-ab0357e220a7[39m
[35m[HTTP][39m [90m{}[39m
[35m[HTTP][39m [37m<-- GET /wd/hub/session/b15e1cbe-b857-4b97-94be-ab0357e220a7 [39m[32m200[39m [90m11 ms - 1112[39m
[35m[HTTP][39m [90m[39m
[35m[HTTP][39m [37m-->[39m [37mGET[39m [37m/wd/hub/session/b15e1cbe-b857-4b97-94be-ab0357e220a7[39m
[35m[HTTP][39m [90m{}[39m
[35m[HTTP][39m [37m<-- GET /wd/hub/session/b15e1cbe-b857-4b97-94be-ab0357e220a7 [39m[32m200[39m [90m9 ms - 1112[39m
[35m[HTTP][39m [90m[39m
[35m[HTTP][39m [37m-->[39m [37mGET[39m [37m/wd/hub/status[39m
[35m[HTTP][39m [90m{}[39m
[35m[HTTP][39m [37m<-- GET /wd/hub/status [39m[32m200[39m [90m1 ms - 68[39m
[35m[HTTP][39m [90m[39m
[35m[HTTP][39m [37m-->[39m [37mPOST[39m [37m/wd/hub/session/b15e1cbe-b857-4b97-94be-ab0357e220a7/timeouts[39m
[35m[HTTP][39m [90m{"implicit":30000}[39m
[35m[HTTP][39m [37m<-- POST /wd/hub/session/b15e1cbe-b857-4b97-94be-ab0357e220a7/timeouts [39m[32m200[39m [90m1 ms - 14[39m
[35m[HTTP][39m [90m[39m
[35m[HTTP][39m [37m-->[39m [37mGET[39m [37m/wd/hub/session/b15e1cbe-b857-4b97-94be-ab0357e220a7/screenshot[39m
[35m[HTTP][39m [90m{}[39m
[35m[HTTP][39m [37m<-- GET /wd/hub/session/b15e1cbe-b857-4b97-94be-ab0357e220a7/screenshot [39m[32m200[39m [90m533 ms - 190768[39m
[35m[HTTP][39m [90m[39m
[35m[HTTP][39m [37m-->[39m [37mGET[39m [37m/wd/hub/session/b15e1cbe-b857-4b97-94be-ab0357e220a7/window/rect[39m
[35m[HTTP][39m [90m{}[39m
[35m[HTTP][39m [37m<-- GET /wd/hub/session/b15e1cbe-b857-4b97-94be-ab0357e220a7/window/rect [39m[32m200[39m [90m9 ms - 50[39m
[35m[HTTP][39m [90m[39m
[35m[HTTP][39m [37m-->[39m [37mGET[39m [37m/wd/hub/session/b15e1cbe-b857-4b97-94be-ab0357e220a7/appium/device/system_bars[39m
[35m[HTTP][39m [90m{}[39m
[35m[HTTP][39m [37m<-- GET /wd/hub/session/b15e1cbe-b857-4b97-94be-ab0357e220a7/appium/device/system_bars [39m[32m200[39m [90m85 ms - 148[39m
[35m[HTTP][39m [90m[39m
[35m[HTTP][39m [37m-->[39m [37mPOST[39m [37m/wd/hub/session/b15e1cbe-b857-4b97-94be-ab0357e220a7/appium/device/activate_app[39m
[35m[HTTP][39m [90m{"bundleId":"com.bcaf.mobilesurvey"}[39m
[35m[HTTP][39m [37m<-- POST /wd/hub/session/b15e1cbe-b857-4b97-94be-ab0357e220a7/appium/device/activate_app [39m[32m200[39m [90m584 ms - 14[39m
[35m[HTTP][39m [90m[39m
[35m[HTTP][39m [37m-->[39m [37mGET[39m [37m/wd/hub/session/b15e1cbe-b857-4b97-94be-ab0357e220a7/context[39m
[35m[HTTP][39m [90m{}[39m
[35m[HTTP][39m [37m<-- GET /wd/hub/session/b15e1cbe-b857-4b97-94be-ab0357e220a7/context [39m[32m200[39m [90m2 ms - 22[39m
[35m[HTTP][39m [90m[39m
[35m[HTTP][39m [37m-->[39m [37mGET[39m [37m/wd/hub/session/b15e1cbe-b857-4b97-94be-ab0357e220a7/contexts[39m
[35m[HTTP][39m [90m{}[39m
[35m[HTTP][39m [37m<-- GET /wd/hub/session/b15e1cbe-b857-4b97-94be-ab0357e220a7/contexts [39m[32m200[39m [90m114 ms - 24[39m
[35m[HTTP][39m [90m[39m
[35m[HTTP][39m [37m-->[39m [37mPOST[39m [37m/wd/hub/session/b15e1cbe-b857-4b97-94be-ab0357e220a7/context[39m
[35m[HTTP][39m [90m{"name":"NATIVE_APP"}[39m
[35m[HTTP][39m [37m<-- POST /wd/hub/session/b15e1cbe-b857-4b97-94be-ab0357e220a7/context [39m[32m200[39m [90m1 ms - 14[39m
[35m[HTTP][39m [90m[39m
[35m[HTTP][39m [37m-->[39m [37mGET[39m [37m/wd/hub/session/b15e1cbe-b857-4b97-94be-ab0357e220a7/window/rect[39m
[35m[HTTP][39m [90m{}[39m
[35m[HTTP][39m [37m<-- GET /wd/hub/session/b15e1cbe-b857-4b97-94be-ab0357e220a7/window/rect [39m[32m200[39m [90m31 ms - 50[39m
[35m[HTTP][39m [90m[39m
[35m[HTTP][39m [37m-->[39m [37mPOST[39m [37m/wd/hub/session/b15e1cbe-b857-4b97-94be-ab0357e220a7/execute/sync[39m
[35m[HTTP][39m [90m{"script":"mobile: viewportScreenshot","args":[]}[39m
[35m[AndroidDriver][39m Executing native command 'mobile: viewportScreenshot'
[35m[HTTP][39m [37m<-- POST /wd/hub/session/b15e1cbe-b857-4b97-94be-ab0357e220a7/execute/sync [39m[32m200[39m [90m1268 ms - 177796[39m
[35m[HTTP][39m [90m[39m
[35m[HTTP][39m [37m-->[39m [37mPOST[39m [37m/wd/hub/session/b15e1cbe-b857-4b97-94be-ab0357e220a7/context[39m
[35m[HTTP][39m [90m{"name":"NATIVE_APP"}[39m
[35m[HTTP][39m [37m<-- POST /wd/hub/session/b15e1cbe-b857-4b97-94be-ab0357e220a7/context [39m[32m200[39m [90m2 ms - 14[39m
[35m[HTTP][39m [90m[39m
[35m[HTTP][39m [37m-->[39m [37mPOST[39m [37m/wd/hub/session/b15e1cbe-b857-4b97-94be-ab0357e220a7/timeouts[39m
[35m[HTTP][39m [90m{"implicit":50}[39m
[35m[HTTP][39m [37m<-- POST /wd/hub/session/b15e1cbe-b857-4b97-94be-ab0357e220a7/timeouts [39m[32m200[39m [90m2 ms - 14[39m
[35m[HTTP][39m [90m[39m
[35m[HTTP][39m [37m-->[39m [37mGET[39m [37m/wd/hub/session/b15e1cbe-b857-4b97-94be-ab0357e220a7/window/rect[39m
[35m[HTTP][39m [90m{}[39m
[35m[HTTP][39m [37m<-- GET /wd/hub/session/b15e1cbe-b857-4b97-94be-ab0357e220a7/window/rect [39m[32m200[39m [90m27 ms - 50[39m
[35m[HTTP][39m [90m[39m
[35m[HTTP][39m [37m-->[39m [37mPOST[39m [37m/wd/hub/session/b15e1cbe-b857-4b97-94be-ab0357e220a7/elements[39m
[35m[HTTP][39m [90m{"using":"xpath","value":"//hierarchy/android.widget.FrameLayout[1]/android.widget.LinearLayout[1]/android.widget.FrameLayout[1]/android.widget.LinearLayout[1]/android.widget.FrameLayout[1]/android.widget.RelativeLayout[1]/android.widget.ScrollView[1]/android.widget.LinearLayout[1]/android.widget.LinearLayout[1]/android.widget.LinearLayout[1]/android.widget.LinearLayout[1]/android.widget.FrameLayout[2]/android.widget.LinearLayout[1]"}[39m
[35m[HTTP][39m [37m<-- POST /wd/hub/session/b15e1cbe-b857-4b97-94be-ab0357e220a7/elements [39m[32m200[39m [90m539 ms - 139[39m
[35m[HTTP][39m [90m[39m
[35m[HTTP][39m [37m-->[39m [37mGET[39m [37m/wd/hub/session/b15e1cbe-b857-4b97-94be-ab0357e220a7/element/00000000-0000-0a6c-ffff-ffff00000e45/location[39m
[35m[HTTP][39m [90m{}[39m
[35m[W3C (b15e1cbe)][39m Driver proxy active, passing request on via HTTP proxy
[35m[WD Proxy][39m Replacing sessionId 5b590b0d-d3fc-45f3-ae83-e644e3fa863a with b15e1cbe-b857-4b97-94be-ab0357e220a7
[35m[HTTP][39m [37m<-- GET /wd/hub/session/b15e1cbe-b857-4b97-94be-ab0357e220a7/element/00000000-0000-0a6c-ffff-ffff00000e45/location [39m[32m200[39m [90m21 ms - 78[39m
[35m[HTTP][39m [90m[39m
[35m[HTTP][39m [37m-->[39m [37mPOST[39m [37m/wd/hub/session/b15e1cbe-b857-4b97-94be-ab0357e220a7/timeouts[39m
[35m[HTTP][39m [90m{"implicit":30000}[39m
[35m[HTTP][39m [37m<-- POST /wd/hub/session/b15e1cbe-b857-4b97-94be-ab0357e220a7/timeouts [39m[32m200[39m [90m1 ms - 14[39m
[35m[HTTP][39m [90m[39m
[35m[HTTP][39m [37m-->[39m [37mPOST[39m [37m/wd/hub/session/b15e1cbe-b857-4b97-94be-ab0357e220a7/touch/perform[39m
[35m[HTTP][39m [90m{"actions":[{"action":"tap","options":{"x":1,"y":1,"element":"00000000-0000-0a6c-ffff-ffff00000e45"}},{"action":"release","options":{}}]}[39m
[35m[UiAutomator2][39m calling get location: 00000000-0000-0a6c-ffff-ffff00000e45
[35m[HTTP][39m [37m<-- POST /wd/hub/session/b15e1cbe-b857-4b97-94be-ab0357e220a7/touch/perform [39m[32m200[39m [90m252 ms - 14[39m
[35m[HTTP][39m [90m[39m
[35m[HTTP][39m [37m-->[39m [37mGET[39m [37m/wd/hub/session/b15e1cbe-b857-4b97-94be-ab0357e220a7/context[39m
[35m[HTTP][39m [90m{}[39m
[35m[HTTP][39m [37m<-- GET /wd/hub/session/b15e1cbe-b857-4b97-94be-ab0357e220a7/context [39m[32m200[39m [90m1 ms - 22[39m
[35m[HTTP][39m [90m[39m
[35m[HTTP][39m [37m-->[39m [37mGET[39m [37m/wd/hub/session/b15e1cbe-b857-4b97-94be-ab0357e220a7/contexts[39m
[35m[HTTP][39m [90m{}[39m
[35m[HTTP][39m [37m<-- GET /wd/hub/session/b15e1cbe-b857-4b97-94be-ab0357e220a7/contexts [39m[32m200[39m [90m122 ms - 24[39m
[35m[HTTP][39m [90m[39m
[35m[HTTP][39m [37m-->[39m [37mPOST[39m [37m/wd/hub/session/b15e1cbe-b857-4b97-94be-ab0357e220a7/context[39m
[35m[HTTP][39m [90m{"name":"NATIVE_APP"}[39m
[35m[HTTP][39m [37m<-- POST /wd/hub/session/b15e1cbe-b857-4b97-94be-ab0357e220a7/context [39m[32m200[39m [90m1 ms - 14[39m
[35m[HTTP][39m [90m[39m
[35m[HTTP][39m [37m-->[39m [37mGET[39m [37m/wd/hub/session/b15e1cbe-b857-4b97-94be-ab0357e220a7/window/rect[39m
[35m[HTTP][39m [90m{}[39m
[35m[HTTP][39m [37m<-- GET /wd/hub/session/b15e1cbe-b857-4b97-94be-ab0357e220a7/window/rect [39m[32m200[39m [90m46 ms - 50[39m
[35m[HTTP][39m [90m[39m
[35m[HTTP][39m [37m-->[39m [37mPOST[39m [37m/wd/hub/session/b15e1cbe-b857-4b97-94be-ab0357e220a7/execute/sync[39m
[35m[HTTP][39m [90m{"script":"mobile: viewportScreenshot","args":[]}[39m
[35m[AndroidDriver][39m Executing native command 'mobile: viewportScreenshot'
[35m[HTTP][39m [37m<-- POST /wd/hub/session/b15e1cbe-b857-4b97-94be-ab0357e220a7/execute/sync [39m[32m200[39m [90m1496 ms - 139904[39m
[35m[HTTP][39m [90m[39m
[35m[HTTP][39m [37m-->[39m [37mPOST[39m [37m/wd/hub/session/b15e1cbe-b857-4b97-94be-ab0357e220a7/context[39m
[35m[HTTP][39m [90m{"name":"NATIVE_APP"}[39m
[35m[HTTP][39m [37m<-- POST /wd/hub/session/b15e1cbe-b857-4b97-94be-ab0357e220a7/context [39m[32m200[39m [90m1 ms - 14[39m
[35m[HTTP][39m [90m[39m
[35m[HTTP][39m [37m-->[39m [37mPOST[39m [37m/wd/hub/session/b15e1cbe-b857-4b97-94be-ab0357e220a7/timeouts[39m
[35m[HTTP][39m [90m{"implicit":50}[39m
[35m[HTTP][39m [37m<-- POST /wd/hub/session/b15e1cbe-b857-4b97-94be-ab0357e220a7/timeouts [39m[32m200[39m [90m1 ms - 14[39m
[35m[HTTP][39m [90m[39m
[35m[HTTP][39m [37m-->[39m [37mGET[39m [37m/wd/hub/session/b15e1cbe-b857-4b97-94be-ab0357e220a7/window/rect[39m
[35m[HTTP][39m [90m{}[39m
[35m[HTTP][39m [37m<-- GET /wd/hub/session/b15e1cbe-b857-4b97-94be-ab0357e220a7/window/rect [39m[32m200[39m [90m25 ms - 50[39m
[35m[HTTP][39m [90m[39m
[35m[HTTP][39m [37m-->[39m [37mPOST[39m [37m/wd/hub/session/b15e1cbe-b857-4b97-94be-ab0357e220a7/elements[39m
[35m[HTTP][39m [90m{"using":"xpath","value":"//*[@class = 'android.widget.FrameLayout' and @resource-id = 'com.bcaf.mobilesurvey:id/historyKendaraan_ken' and (@text = '' or . = '')]"}[39m
[35m[HTTP][39m [37m<-- POST /wd/hub/session/b15e1cbe-b857-4b97-94be-ab0357e220a7/elements [39m[32m200[39m [90m407 ms - 139[39m
[35m[HTTP][39m [90m[39m
[35m[HTTP][39m [37m-->[39m [37mGET[39m [37m/wd/hub/session/b15e1cbe-b857-4b97-94be-ab0357e220a7/element/00000000-0000-0a6c-ffff-ffff00000e36/location[39m
[35m[HTTP][39m [90m{}[39m
[35m[W3C (b15e1cbe)][39m Driver proxy active, passing request on via HTTP proxy
[35m[WD Proxy][39m Replacing sessionId 5b590b0d-d3fc-45f3-ae83-e644e3fa863a with b15e1cbe-b857-4b97-94be-ab0357e220a7
[35m[HTTP][39m [37m<-- GET /wd/hub/session/b15e1cbe-b857-4b97-94be-ab0357e220a7/element/00000000-0000-0a6c-ffff-ffff00000e36/location [39m[32m200[39m [90m44 ms - 79[39m
[35m[HTTP][39m [90m[39m
[35m[HTTP][39m [37m-->[39m [37mPOST[39m [37m/wd/hub/session/b15e1cbe-b857-4b97-94be-ab0357e220a7/timeouts[39m
[35m[HTTP][39m [90m{"implicit":30000}[39m
[35m[HTTP][39m [37m<-- POST /wd/hub/session/b15e1cbe-b857-4b97-94be-ab0357e220a7/timeouts [39m[32m200[39m [90m1 ms - 14[39m
[35m[HTTP][39m [90m[39m
[35m[HTTP][39m [37m-->[39m [37mPOST[39m [37m/wd/hub/session/b15e1cbe-b857-4b97-94be-ab0357e220a7/touch/perform[39m
[35m[HTTP][39m [90m{"actions":[{"action":"tap","options":{"x":1,"y":1,"element":"00000000-0000-0a6c-ffff-ffff00000e36"}},{"action":"release","options":{}}]}[39m
[35m[UiAutomator2][39m calling get location: 00000000-0000-0a6c-ffff-ffff00000e36
[35m[HTTP][39m [37m<-- POST /wd/hub/session/b15e1cbe-b857-4b97-94be-ab0357e220a7/touch/perform [39m[32m200[39m [90m250 ms - 14[39m
[35m[HTTP][39m [90m[39m
[35m[HTTP][39m [37m-->[39m [37mPOST[39m [37m/wd/hub/session/b15e1cbe-b857-4b97-94be-ab0357e220a7/timeouts[39m
[35m[HTTP][39m [90m{"implicit":50}[39m
[35m[HTTP][39m [37m<-- POST /wd/hub/session/b15e1cbe-b857-4b97-94be-ab0357e220a7/timeouts [39m[32m200[39m [90m2 ms - 14[39m
[35m[HTTP][39m [90m[39m
[35m[HTTP][39m [37m-->[39m [37mGET[39m [37m/wd/hub/session/b15e1cbe-b857-4b97-94be-ab0357e220a7/window/rect[39m
[35m[HTTP][39m [90m{}[39m
[35m[HTTP][39m [37m<-- GET /wd/hub/session/b15e1cbe-b857-4b97-94be-ab0357e220a7/window/rect [39m[32m200[39m [90m29 ms - 50[39m
[35m[HTTP][39m [90m[39m
[35m[HTTP][39m [37m-->[39m [37mPOST[39m [37m/wd/hub/session/b15e1cbe-b857-4b97-94be-ab0357e220a7/elements[39m
[35m[HTTP][39m [90m{"using":"xpath","value":"//*[@class = 'android.widget.EditText' and (@text = 'No Polisi' or . = 'No Polisi') and @resource-id = 'com.bcaf.mobilesurvey:id/nopol']"}[39m
[35m[HTTP][39m [37m<-- POST /wd/hub/session/b15e1cbe-b857-4b97-94be-ab0357e220a7/elements [39m[32m200[39m [90m724 ms - 139[39m
[35m[HTTP][39m [90m[39m
[35m[HTTP][39m [37m-->[39m [37mGET[39m [37m/wd/hub/session/b15e1cbe-b857-4b97-94be-ab0357e220a7/element/00000000-0000-0a7d-ffff-ffff00000e71/location[39m
[35m[HTTP][39m [90m{}[39m
[35m[W3C (b15e1cbe)][39m Driver proxy active, passing request on via HTTP proxy
[35m[WD Proxy][39m Replacing sessionId 5b590b0d-d3fc-45f3-ae83-e644e3fa863a with b15e1cbe-b857-4b97-94be-ab0357e220a7
[35m[HTTP][39m [37m<-- GET /wd/hub/session/b15e1cbe-b857-4b97-94be-ab0357e220a7/element/00000000-0000-0a7d-ffff-ffff00000e71/location [39m[32m200[39m [90m26 ms - 78[39m
[35m[HTTP][39m [90m[39m
[35m[HTTP][39m [37m-->[39m [37mPOST[39m [37m/wd/hub/session/b15e1cbe-b857-4b97-94be-ab0357e220a7/timeouts[39m
[35m[HTTP][39m [90m{"implicit":30000}[39m
[35m[HTTP][39m [37m<-- POST /wd/hub/session/b15e1cbe-b857-4b97-94be-ab0357e220a7/timeouts [39m[32m200[39m [90m1 ms - 14[39m
[35m[HTTP][39m [90m[39m
[35m[HTTP][39m [37m-->[39m [37mPOST[39m [37m/wd/hub/session/b15e1cbe-b857-4b97-94be-ab0357e220a7/element/00000000-0000-0a7d-ffff-ffff00000e71/clear[39m
[35m[HTTP][39m [90m{"id":"00000000-0000-0a7d-ffff-ffff00000e71"}[39m
[35m[HTTP][39m [37m<-- POST /wd/hub/session/b15e1cbe-b857-4b97-94be-ab0357e220a7/element/00000000-0000-0a7d-ffff-ffff00000e71/clear [39m[32m200[39m [90m33 ms - 14[39m
[35m[HTTP][39m [90m[39m
[35m[HTTP][39m [37m-->[39m [37mPOST[39m [37m/wd/hub/session/b15e1cbe-b857-4b97-94be-ab0357e220a7/element/00000000-0000-0a7d-ffff-ffff00000e71/value[39m
[35m[HTTP][39m [90m{"id":"00000000-0000-0a7d-ffff-ffff00000e71","text":"B777B","value":["B","7","7","7","B"]}[39m
[35m[HTTP][39m [37m<-- POST /wd/hub/session/b15e1cbe-b857-4b97-94be-ab0357e220a7/element/00000000-0000-0a7d-ffff-ffff00000e71/value [39m[32m200[39m [90m628 ms - 14[39m
[35m[HTTP][39m [90m[39m
[35m[HTTP][39m [37m-->[39m [37mGET[39m [37m/wd/hub/session/b15e1cbe-b857-4b97-94be-ab0357e220a7/context[39m
[35m[HTTP][39m [90m{}[39m
[35m[HTTP][39m [37m<-- GET /wd/hub/session/b15e1cbe-b857-4b97-94be-ab0357e220a7/context [39m[32m200[39m [90m2 ms - 22[39m
[35m[HTTP][39m [90m[39m
[35m[HTTP][39m [37m-->[39m [37mGET[39m [37m/wd/hub/session/b15e1cbe-b857-4b97-94be-ab0357e220a7/contexts[39m
[35m[HTTP][39m [90m{}[39m
[35m[HTTP][39m [37m<-- GET /wd/hub/session/b15e1cbe-b857-4b97-94be-ab0357e220a7/contexts [39m[32m200[39m [90m125 ms - 24[39m
[35m[HTTP][39m [90m[39m
[35m[HTTP][39m [37m-->[39m [37mPOST[39m [37m/wd/hub/session/b15e1cbe-b857-4b97-94be-ab0357e220a7/context[39m
[35m[HTTP][39m [90m{"name":"NATIVE_APP"}[39m
[35m[HTTP][39m [37m<-- POST /wd/hub/session/b15e1cbe-b857-4b97-94be-ab0357e220a7/context [39m[32m200[39m [90m2 ms - 14[39m
[35m[HTTP][39m [90m[39m
[35m[HTTP][39m [37m-->[39m [37mGET[39m [37m/wd/hub/session/b15e1cbe-b857-4b97-94be-ab0357e220a7/window/rect[39m
[35m[HTTP][39m [90m{}[39m
[35m[HTTP][39m [37m<-- GET /wd/hub/session/b15e1cbe-b857-4b97-94be-ab0357e220a7/window/rect [39m[32m200[39m [90m34 ms - 50[39m
[35m[HTTP][39m [90m[39m
[35m[HTTP][39m [37m-->[39m [37mPOST[39m [37m/wd/hub/session/b15e1cbe-b857-4b97-94be-ab0357e220a7/execute/sync[39m
[35m[HTTP][39m [90m{"script":"mobile: viewportScreenshot","args":[]}[39m
[35m[AndroidDriver][39m Executing native command 'mobile: viewportScreenshot'
[35m[HTTP][39m [37m<-- POST /wd/hub/session/b15e1cbe-b857-4b97-94be-ab0357e220a7/execute/sync [39m[32m200[39m [90m1380 ms - 85692[39m
[35m[HTTP][39m [90m[39m
[35m[HTTP][39m [37m-->[39m [37mPOST[39m [37m/wd/hub/session/b15e1cbe-b857-4b97-94be-ab0357e220a7/context[39m
[35m[HTTP][39m [90m{"name":"NATIVE_APP"}[39m
[35m[HTTP][39m [37m<-- POST /wd/hub/session/b15e1cbe-b857-4b97-94be-ab0357e220a7/context [39m[32m200[39m [90m1 ms - 14[39m
[35m[HTTP][39m [90m[39m
[35m[HTTP][39m [37m-->[39m [37mPOST[39m [37m/wd/hub/session/b15e1cbe-b857-4b97-94be-ab0357e220a7/timeouts[39m
[35m[HTTP][39m [90m{"implicit":50}[39m
[35m[HTTP][39m [37m<-- POST /wd/hub/session/b15e1cbe-b857-4b97-94be-ab0357e220a7/timeouts [39m[32m200[39m [90m2 ms - 14[39m
[35m[HTTP][39m [90m[39m
[35m[HTTP][39m [37m-->[39m [37mGET[39m [37m/wd/hub/session/b15e1cbe-b857-4b97-94be-ab0357e220a7/window/rect[39m
[35m[HTTP][39m [90m{}[39m
[35m[HTTP][39m [37m<-- GET /wd/hub/session/b15e1cbe-b857-4b97-94be-ab0357e220a7/window/rect [39m[32m200[39m [90m44 ms - 50[39m
[35m[HTTP][39m [90m[39m
[35m[HTTP][39m [37m-->[39m [37mPOST[39m [37m/wd/hub/session/b15e1cbe-b857-4b97-94be-ab0357e220a7/elements[39m
[35m[HTTP][39m [90m{"using":"xpath","value":"//*[@class = 'android.widget.Button' and (@text = 'SEARCH' or . = 'SEARCH') and @resource-id = 'com.bcaf.mobilesurvey:id/search']"}[39m
[35m[HTTP][39m [37m<-- POST /wd/hub/session/b15e1cbe-b857-4b97-94be-ab0357e220a7/elements [39m[32m200[39m [90m334 ms - 139[39m
[35m[HTTP][39m [90m[39m
[35m[HTTP][39m [37m-->[39m [37mGET[39m [37m/wd/hub/session/b15e1cbe-b857-4b97-94be-ab0357e220a7/element/00000000-0000-0a7d-ffff-ffff00000e7d/location[39m
[35m[HTTP][39m [90m{}[39m
[35m[W3C (b15e1cbe)][39m Driver proxy active, passing request on via HTTP proxy
[35m[WD Proxy][39m Replacing sessionId 5b590b0d-d3fc-45f3-ae83-e644e3fa863a with b15e1cbe-b857-4b97-94be-ab0357e220a7
[35m[HTTP][39m [37m<-- GET /wd/hub/session/b15e1cbe-b857-4b97-94be-ab0357e220a7/element/00000000-0000-0a7d-ffff-ffff00000e7d/location [39m[32m200[39m [90m40 ms - 78[39m
[35m[HTTP][39m [90m[39m
[35m[HTTP][39m [37m-->[39m [37mPOST[39m [37m/wd/hub/session/b15e1cbe-b857-4b97-94be-ab0357e220a7/timeouts[39m
[35m[HTTP][39m [90m{"implicit":30000}[39m
[35m[HTTP][39m [37m<-- POST /wd/hub/session/b15e1cbe-b857-4b97-94be-ab0357e220a7/timeouts [39m[32m200[39m [90m1 ms - 14[39m
[35m[HTTP][39m [90m[39m
[35m[HTTP][39m [37m-->[39m [37mPOST[39m [37m/wd/hub/session/b15e1cbe-b857-4b97-94be-ab0357e220a7/touch/perform[39m
[35m[HTTP][39m [90m{"actions":[{"action":"tap","options":{"x":1,"y":1,"element":"00000000-0000-0a7d-ffff-ffff00000e7d"}},{"action":"release","options":{}}]}[39m
[35m[UiAutomator2][39m calling get location: 00000000-0000-0a7d-ffff-ffff00000e7d
[35m[HTTP][39m [37m<-- POST /wd/hub/session/b15e1cbe-b857-4b97-94be-ab0357e220a7/touch/perform [39m[32m200[39m [90m265 ms - 14[39m
[35m[HTTP][39m [90m[39m
[35m[HTTP][39m [37m-->[39m [37mGET[39m [37m/wd/hub/session/b15e1cbe-b857-4b97-94be-ab0357e220a7/context[39m
[35m[HTTP][39m [90m{}[39m
[35m[HTTP][39m [37m<-- GET /wd/hub/session/b15e1cbe-b857-4b97-94be-ab0357e220a7/context [39m[32m200[39m [90m2 ms - 22[39m
[35m[HTTP][39m [90m[39m
[35m[HTTP][39m [37m-->[39m [37mGET[39m [37m/wd/hub/session/b15e1cbe-b857-4b97-94be-ab0357e220a7/contexts[39m
[35m[HTTP][39m [90m{}[39m
[35m[HTTP][39m [37m<-- GET /wd/hub/session/b15e1cbe-b857-4b97-94be-ab0357e220a7/contexts [39m[32m200[39m [90m106 ms - 24[39m
[35m[HTTP][39m [90m[39m
[35m[HTTP][39m [37m-->[39m [37mPOST[39m [37m/wd/hub/session/b15e1cbe-b857-4b97-94be-ab0357e220a7/context[39m
[35m[HTTP][39m [90m{"name":"NATIVE_APP"}[39m
[35m[HTTP][39m [37m<-- POST /wd/hub/session/b15e1cbe-b857-4b97-94be-ab0357e220a7/context [39m[32m200[39m [90m1 ms - 14[39m
[35m[HTTP][39m [90m[39m
[35m[HTTP][39m [37m-->[39m [37mGET[39m [37m/wd/hub/session/b15e1cbe-b857-4b97-94be-ab0357e220a7/window/rect[39m
[35m[HTTP][39m [90m{}[39m
[35m[HTTP][39m [37m<-- GET /wd/hub/session/b15e1cbe-b857-4b97-94be-ab0357e220a7/window/rect [39m[32m200[39m [90m21 ms - 50[39m
[35m[HTTP][39m [90m[39m
[35m[HTTP][39m [37m-->[39m [37mPOST[39m [37m/wd/hub/session/b15e1cbe-b857-4b97-94be-ab0357e220a7/execute/sync[39m
[35m[HTTP][39m [90m{"script":"mobile: viewportScreenshot","args":[]}[39m
[35m[AndroidDriver][39m Executing native command 'mobile: viewportScreenshot'
[35m[HTTP][39m [37m<-- POST /wd/hub/session/b15e1cbe-b857-4b97-94be-ab0357e220a7/execute/sync [39m[32m200[39m [90m1452 ms - 356368[39m
[35m[HTTP][39m [90m[39m
[35m[HTTP][39m [37m-->[39m [37mPOST[39m [37m/wd/hub/session/b15e1cbe-b857-4b97-94be-ab0357e220a7/context[39m
[35m[HTTP][39m [90m{"name":"NATIVE_APP"}[39m
[35m[HTTP][39m [37m<-- POST /wd/hub/session/b15e1cbe-b857-4b97-94be-ab0357e220a7/context [39m[32m200[39m [90m2 ms - 14[39m
[35m[HTTP][39m [90m[39m
[35m[HTTP][39m [37m-->[39m [37mGET[39m [37m/wd/hub/session/b15e1cbe-b857-4b97-94be-ab0357e220a7/context[39m
[35m[HTTP][39m [90m{}[39m
[35m[HTTP][39m [37m<-- GET /wd/hub/session/b15e1cbe-b857-4b97-94be-ab0357e220a7/context [39m[32m200[39m [90m1 ms - 22[39m
[35m[HTTP][39m [90m[39m
[35m[HTTP][39m [37m-->[39m [37mGET[39m [37m/wd/hub/session/b15e1cbe-b857-4b97-94be-ab0357e220a7/contexts[39m
[35m[HTTP][39m [90m{}[39m
[35m[HTTP][39m [37m<-- GET /wd/hub/session/b15e1cbe-b857-4b97-94be-ab0357e220a7/contexts [39m[32m200[39m [90m103 ms - 24[39m
[35m[HTTP][39m [90m[39m
[35m[HTTP][39m [37m-->[39m [37mPOST[39m [37m/wd/hub/session/b15e1cbe-b857-4b97-94be-ab0357e220a7/context[39m
[35m[HTTP][39m [90m{"name":"NATIVE_APP"}[39m
[35m[HTTP][39m [37m<-- POST /wd/hub/session/b15e1cbe-b857-4b97-94be-ab0357e220a7/context [39m[32m200[39m [90m1 ms - 14[39m
[35m[HTTP][39m [90m[39m
[35m[HTTP][39m [37m-->[39m [37mPOST[39m [37m/wd/hub/session/b15e1cbe-b857-4b97-94be-ab0357e220a7/element[39m
[35m[HTTP][39m [90m{"using":"-android uiautomator","value":"new UiScrollable(new UiSelector().scrollable(true).instance(0)).scrollIntoView(new UiSelector().textContains(\"Data Kendaraan\"))"}[39m
[35m[HTTP][39m [37m<-- POST /wd/hub/session/b15e1cbe-b857-4b97-94be-ab0357e220a7/element [39m[32m200[39m [90m5202 ms - 137[39m
[35m[HTTP][39m [90m[39m
[35m[HTTP][39m [37m-->[39m [37mPOST[39m [37m/wd/hub/session/b15e1cbe-b857-4b97-94be-ab0357e220a7/context[39m
[35m[HTTP][39m [90m{"name":"NATIVE_APP"}[39m
[35m[HTTP][39m [37m<-- POST /wd/hub/session/b15e1cbe-b857-4b97-94be-ab0357e220a7/context [39m[32m200[39m [90m2 ms - 14[39m
[35m[HTTP][39m [90m[39m
[35m[HTTP][39m [37m-->[39m [37mGET[39m [37m/wd/hub/session/b15e1cbe-b857-4b97-94be-ab0357e220a7/context[39m
[35m[HTTP][39m [90m{}[39m
[35m[HTTP][39m [37m<-- GET /wd/hub/session/b15e1cbe-b857-4b97-94be-ab0357e220a7/context [39m[32m200[39m [90m1 ms - 22[39m
[35m[HTTP][39m [90m[39m
[35m[HTTP][39m [37m-->[39m [37mGET[39m [37m/wd/hub/session/b15e1cbe-b857-4b97-94be-ab0357e220a7/contexts[39m
[35m[HTTP][39m [90m{}[39m
[35m[HTTP][39m [37m<-- GET /wd/hub/session/b15e1cbe-b857-4b97-94be-ab0357e220a7/contexts [39m[32m200[39m [90m120 ms - 24[39m
[35m[HTTP][39m [90m[39m
[35m[HTTP][39m [37m-->[39m [37mPOST[39m [37m/wd/hub/session/b15e1cbe-b857-4b97-94be-ab0357e220a7/context[39m
[35m[HTTP][39m [90m{"name":"NATIVE_APP"}[39m
[35m[HTTP][39m [37m<-- POST /wd/hub/session/b15e1cbe-b857-4b97-94be-ab0357e220a7/context [39m[32m200[39m [90m2 ms - 14[39m
[35m[HTTP][39m [90m[39m
[35m[HTTP][39m [37m-->[39m [37mGET[39m [37m/wd/hub/session/b15e1cbe-b857-4b97-94be-ab0357e220a7/window/rect[39m
[35m[HTTP][39m [90m{}[39m
[35m[HTTP][39m [37m<-- GET /wd/hub/session/b15e1cbe-b857-4b97-94be-ab0357e220a7/window/rect [39m[32m200[39m [90m44 ms - 50[39m
[35m[HTTP][39m [90m[39m
[35m[HTTP][39m [37m-->[39m [37mPOST[39m [37m/wd/hub/session/b15e1cbe-b857-4b97-94be-ab0357e220a7/execute/sync[39m
[35m[HTTP][39m [90m{"script":"mobile: viewportScreenshot","args":[]}[39m
[35m[AndroidDriver][39m Executing native command 'mobile: viewportScreenshot'
[35m[HTTP][39m [37m<-- POST /wd/hub/session/b15e1cbe-b857-4b97-94be-ab0357e220a7/execute/sync [39m[32m200[39m [90m1535 ms - 357608[39m
[35m[HTTP][39m [90m[39m
[35m[HTTP][39m [37m-->[39m [37mPOST[39m [37m/wd/hub/session/b15e1cbe-b857-4b97-94be-ab0357e220a7/context[39m
[35m[HTTP][39m [90m{"name":"NATIVE_APP"}[39m
[35m[HTTP][39m [37m<-- POST /wd/hub/session/b15e1cbe-b857-4b97-94be-ab0357e220a7/context [39m[32m200[39m [90m2 ms - 14[39m
[35m[HTTP][39m [90m[39m
[35m[HTTP][39m [37m-->[39m [37mPOST[39m [37m/wd/hub/session/b15e1cbe-b857-4b97-94be-ab0357e220a7/timeouts[39m
[35m[HTTP][39m [90m{"implicit":50}[39m
[35m[HTTP][39m [37m<-- POST /wd/hub/session/b15e1cbe-b857-4b97-94be-ab0357e220a7/timeouts [39m[32m200[39m [90m2 ms - 14[39m
[35m[HTTP][39m [90m[39m
[35m[HTTP][39m [37m-->[39m [37mGET[39m [37m/wd/hub/session/b15e1cbe-b857-4b97-94be-ab0357e220a7/window/rect[39m
[35m[HTTP][39m [90m{}[39m
[35m[HTTP][39m [37m<-- GET /wd/hub/session/b15e1cbe-b857-4b97-94be-ab0357e220a7/window/rect [39m[32m200[39m [90m44 ms - 50[39m
[35m[HTTP][39m [90m[39m
[35m[HTTP][39m [37m-->[39m [37mPOST[39m [37m/wd/hub/session/b15e1cbe-b857-4b97-94be-ab0357e220a7/elements[39m
[35m[HTTP][39m [90m{"using":"xpath","value":"//*[@class = 'android.widget.TextView' and (@text = 'Surat Kendaraan' or . = 'Surat Kendaraan') and @resource-id = 'com.bcaf.mobilesurvey:id/showhide_surat']"}[39m
[35m[HTTP][39m [37m<-- POST /wd/hub/session/b15e1cbe-b857-4b97-94be-ab0357e220a7/elements [39m[32m200[39m [90m839 ms - 139[39m
[35m[HTTP][39m [90m[39m
[35m[HTTP][39m [37m-->[39m [37mGET[39m [37m/wd/hub/session/b15e1cbe-b857-4b97-94be-ab0357e220a7/element/00000000-0000-0a80-ffff-ffff00000fcb/location[39m
[35m[HTTP][39m [90m{}[39m
[35m[W3C (b15e1cbe)][39m Driver proxy active, passing request on via HTTP proxy
[35m[WD Proxy][39m Replacing sessionId 5b590b0d-d3fc-45f3-ae83-e644e3fa863a with b15e1cbe-b857-4b97-94be-ab0357e220a7
[35m[HTTP][39m [37m<-- GET /wd/hub/session/b15e1cbe-b857-4b97-94be-ab0357e220a7/element/00000000-0000-0a80-ffff-ffff00000fcb/location [39m[32m200[39m [90m38 ms - 78[39m
[35m[HTTP][39m [90m[39m
[35m[HTTP][39m [37m-->[39m [37mPOST[39m [37m/wd/hub/session/b15e1cbe-b857-4b97-94be-ab0357e220a7/timeouts[39m
[35m[HTTP][39m [90m{"implicit":30000}[39m
[35m[HTTP][39m [37m<-- POST /wd/hub/session/b15e1cbe-b857-4b97-94be-ab0357e220a7/timeouts [39m[32m200[39m [90m1 ms - 14[39m
[35m[HTTP][39m [90m[39m
[35m[HTTP][39m [37m-->[39m [37mPOST[39m [37m/wd/hub/session/b15e1cbe-b857-4b97-94be-ab0357e220a7/touch/perform[39m
[35m[HTTP][39m [90m{"actions":[{"action":"tap","options":{"x":1,"y":1,"element":"00000000-0000-0a80-ffff-ffff00000fcb"}},{"action":"release","options":{}}]}[39m
[35m[UiAutomator2][39m calling get location: 00000000-0000-0a80-ffff-ffff00000fcb
[35m[HTTP][39m [37m<-- POST /wd/hub/session/b15e1cbe-b857-4b97-94be-ab0357e220a7/touch/perform [39m[32m200[39m [90m898 ms - 14[39m
[35m[HTTP][39m [90m[39m
[35m[HTTP][39m [37m-->[39m [37mGET[39m [37m/wd/hub/session/b15e1cbe-b857-4b97-94be-ab0357e220a7/context[39m
[35m[HTTP][39m [90m{}[39m
[35m[HTTP][39m [37m<-- GET /wd/hub/session/b15e1cbe-b857-4b97-94be-ab0357e220a7/context [39m[32m200[39m [90m1 ms - 22[39m
[35m[HTTP][39m [90m[39m
[35m[HTTP][39m [37m-->[39m [37mGET[39m [37m/wd/hub/session/b15e1cbe-b857-4b97-94be-ab0357e220a7/contexts[39m
[35m[HTTP][39m [90m{}[39m
[35m[HTTP][39m [37m<-- GET /wd/hub/session/b15e1cbe-b857-4b97-94be-ab0357e220a7/contexts [39m[32m200[39m [90m120 ms - 24[39m
[35m[HTTP][39m [90m[39m
[35m[HTTP][39m [37m-->[39m [37mPOST[39m [37m/wd/hub/session/b15e1cbe-b857-4b97-94be-ab0357e220a7/context[39m
[35m[HTTP][39m [90m{"name":"NATIVE_APP"}[39m
[35m[HTTP][39m [37m<-- POST /wd/hub/session/b15e1cbe-b857-4b97-94be-ab0357e220a7/context [39m[32m200[39m [90m2 ms - 14[39m
[35m[HTTP][39m [90m[39m
[35m[HTTP][39m [37m-->[39m [37mGET[39m [37m/wd/hub/session/b15e1cbe-b857-4b97-94be-ab0357e220a7/window/rect[39m
[35m[HTTP][39m [90m{}[39m
[35m[HTTP][39m [37m<-- GET /wd/hub/session/b15e1cbe-b857-4b97-94be-ab0357e220a7/window/rect [39m[32m200[39m [90m27 ms - 50[39m
[35m[HTTP][39m [90m[39m
[35m[HTTP][39m [37m-->[39m [37mPOST[39m [37m/wd/hub/session/b15e1cbe-b857-4b97-94be-ab0357e220a7/execute/sync[39m
[35m[HTTP][39m [90m{"script":"mobile: viewportScreenshot","args":[]}[39m
[35m[AndroidDriver][39m Executing native command 'mobile: viewportScreenshot'
[35m[HTTP][39m [37m<-- POST /wd/hub/session/b15e1cbe-b857-4b97-94be-ab0357e220a7/execute/sync [39m[32m200[39m [90m1551 ms - 379752[39m
[35m[HTTP][39m [90m[39m
[35m[HTTP][39m [37m-->[39m [37mPOST[39m [37m/wd/hub/session/b15e1cbe-b857-4b97-94be-ab0357e220a7/context[39m
[35m[HTTP][39m [90m{"name":"NATIVE_APP"}[39m
[35m[HTTP][39m [37m<-- POST /wd/hub/session/b15e1cbe-b857-4b97-94be-ab0357e220a7/context [39m[32m200[39m [90m2 ms - 14[39m
[35m[HTTP][39m [90m[39m
[35m[HTTP][39m [37m-->[39m [37mGET[39m [37m/wd/hub/session/b15e1cbe-b857-4b97-94be-ab0357e220a7/context[39m
[35m[HTTP][39m [90m{}[39m
[35m[HTTP][39m [37m<-- GET /wd/hub/session/b15e1cbe-b857-4b97-94be-ab0357e220a7/context [39m[32m200[39m [90m1 ms - 22[39m
[35m[HTTP][39m [90m[39m
[35m[HTTP][39m [37m-->[39m [37mGET[39m [37m/wd/hub/session/b15e1cbe-b857-4b97-94be-ab0357e220a7/contexts[39m
[35m[HTTP][39m [90m{}[39m
[35m[HTTP][39m [37m<-- GET /wd/hub/session/b15e1cbe-b857-4b97-94be-ab0357e220a7/contexts [39m[32m200[39m [90m105 ms - 24[39m
[35m[HTTP][39m [90m[39m
[35m[HTTP][39m [37m-->[39m [37mPOST[39m [37m/wd/hub/session/b15e1cbe-b857-4b97-94be-ab0357e220a7/context[39m
[35m[HTTP][39m [90m{"name":"NATIVE_APP"}[39m
[35m[HTTP][39m [37m<-- POST /wd/hub/session/b15e1cbe-b857-4b97-94be-ab0357e220a7/context [39m[32m200[39m [90m1 ms - 14[39m
[35m[HTTP][39m [90m[39m
[35m[HTTP][39m [37m-->[39m [37mPOST[39m [37m/wd/hub/session/b15e1cbe-b857-4b97-94be-ab0357e220a7/element[39m
[35m[HTTP][39m [90m{"using":"-android uiautomator","value":"new UiScrollable(new UiSelector().scrollable(true).instance(0)).scrollIntoView(new UiSelector().textContains(\"Kondisi Kendaraan\"))"}[39m
[35m[HTTP][39m [37m<-- POST /wd/hub/session/b15e1cbe-b857-4b97-94be-ab0357e220a7/element [39m[32m200[39m [90m6175 ms - 137[39m
[35m[HTTP][39m [90m[39m
[35m[HTTP][39m [37m-->[39m [37mPOST[39m [37m/wd/hub/session/b15e1cbe-b857-4b97-94be-ab0357e220a7/context[39m
[35m[HTTP][39m [90m{"name":"NATIVE_APP"}[39m
[35m[HTTP][39m [37m<-- POST /wd/hub/session/b15e1cbe-b857-4b97-94be-ab0357e220a7/context [39m[32m200[39m [90m1 ms - 14[39m
[35m[HTTP][39m [90m[39m
[35m[HTTP][39m [37m-->[39m [37mPOST[39m [37m/wd/hub/session/b15e1cbe-b857-4b97-94be-ab0357e220a7/timeouts[39m
[35m[HTTP][39m [90m{"implicit":50}[39m
[35m[HTTP][39m [37m<-- POST /wd/hub/session/b15e1cbe-b857-4b97-94be-ab0357e220a7/timeouts [39m[32m200[39m [90m1 ms - 14[39m
[35m[HTTP][39m [90m[39m
[35m[HTTP][39m [37m-->[39m [37mGET[39m [37m/wd/hub/session/b15e1cbe-b857-4b97-94be-ab0357e220a7/window/rect[39m
[35m[HTTP][39m [90m{}[39m
[35m[HTTP][39m [37m<-- GET /wd/hub/session/b15e1cbe-b857-4b97-94be-ab0357e220a7/window/rect [39m[32m200[39m [90m41 ms - 50[39m
[35m[HTTP][39m [90m[39m
[35m[HTTP][39m [37m-->[39m [37mPOST[39m [37m/wd/hub/session/b15e1cbe-b857-4b97-94be-ab0357e220a7/elements[39m
[35m[HTTP][39m [90m{"using":"xpath","value":"//*[@class = 'android.widget.TextView' and (@text = 'Kondisi Kendaraan' or . = 'Kondisi Kendaraan') and @resource-id = 'com.bcaf.mobilesurvey:id/showhide_kondisi']"}[39m
[35m[HTTP][39m [37m<-- POST /wd/hub/session/b15e1cbe-b857-4b97-94be-ab0357e220a7/elements [39m[32m200[39m [90m758 ms - 139[39m
[35m[HTTP][39m [90m[39m
[35m[HTTP][39m [37m-->[39m [37mGET[39m [37m/wd/hub/session/b15e1cbe-b857-4b97-94be-ab0357e220a7/element/00000000-0000-0a80-ffff-ffff00000fcd/location[39m
[35m[HTTP][39m [90m{}[39m
[35m[W3C (b15e1cbe)][39m Driver proxy active, passing request on via HTTP proxy
[35m[WD Proxy][39m Replacing sessionId 5b590b0d-d3fc-45f3-ae83-e644e3fa863a with b15e1cbe-b857-4b97-94be-ab0357e220a7
[35m[HTTP][39m [37m<-- GET /wd/hub/session/b15e1cbe-b857-4b97-94be-ab0357e220a7/element/00000000-0000-0a80-ffff-ffff00000fcd/location [39m[32m200[39m [90m42 ms - 78[39m
[35m[HTTP][39m [90m[39m
[35m[HTTP][39m [37m-->[39m [37mPOST[39m [37m/wd/hub/session/b15e1cbe-b857-4b97-94be-ab0357e220a7/timeouts[39m
[35m[HTTP][39m [90m{"implicit":30000}[39m
[35m[HTTP][39m [37m<-- POST /wd/hub/session/b15e1cbe-b857-4b97-94be-ab0357e220a7/timeouts [39m[32m200[39m [90m1 ms - 14[39m
[35m[HTTP][39m [90m[39m
[35m[HTTP][39m [37m-->[39m [37mPOST[39m [37m/wd/hub/session/b15e1cbe-b857-4b97-94be-ab0357e220a7/touch/perform[39m
[35m[HTTP][39m [90m{"actions":[{"action":"tap","options":{"x":1,"y":1,"element":"00000000-0000-0a80-ffff-ffff00000fcd"}},{"action":"release","options":{}}]}[39m
[35m[UiAutomator2][39m calling get location: 00000000-0000-0a80-ffff-ffff00000fcd
[35m[HTTP][39m [37m<-- POST /wd/hub/session/b15e1cbe-b857-4b97-94be-ab0357e220a7/touch/perform [39m[32m200[39m [90m840 ms - 14[39m
[35m[HTTP][39m [90m[39m
[35m[HTTP][39m [37m-->[39m [37mGET[39m [37m/wd/hub/session/b15e1cbe-b857-4b97-94be-ab0357e220a7/context[39m
[35m[HTTP][39m [90m{}[39m
[35m[HTTP][39m [37m<-- GET /wd/hub/session/b15e1cbe-b857-4b97-94be-ab0357e220a7/context [39m[32m200[39m [90m1 ms - 22[39m
[35m[HTTP][39m [90m[39m
[35m[HTTP][39m [37m-->[39m [37mGET[39m [37m/wd/hub/session/b15e1cbe-b857-4b97-94be-ab0357e220a7/contexts[39m
[35m[HTTP][39m [90m{}[39m
[35m[HTTP][39m [37m<-- GET /wd/hub/session/b15e1cbe-b857-4b97-94be-ab0357e220a7/contexts [39m[32m200[39m [90m100 ms - 24[39m
[35m[HTTP][39m [90m[39m
[35m[HTTP][39m [37m-->[39m [37mPOST[39m [37m/wd/hub/session/b15e1cbe-b857-4b97-94be-ab0357e220a7/context[39m
[35m[HTTP][39m [90m{"name":"NATIVE_APP"}[39m
[35m[HTTP][39m [37m<-- POST /wd/hub/session/b15e1cbe-b857-4b97-94be-ab0357e220a7/context [39m[32m200[39m [90m2 ms - 14[39m
[35m[HTTP][39m [90m[39m
[35m[HTTP][39m [37m-->[39m [37mGET[39m [37m/wd/hub/session/b15e1cbe-b857-4b97-94be-ab0357e220a7/window/rect[39m
[35m[HTTP][39m [90m{}[39m
[35m[HTTP][39m [37m<-- GET /wd/hub/session/b15e1cbe-b857-4b97-94be-ab0357e220a7/window/rect [39m[32m200[39m [90m21 ms - 50[39m
[35m[HTTP][39m [90m[39m
[35m[HTTP][39m [37m-->[39m [37mPOST[39m [37m/wd/hub/session/b15e1cbe-b857-4b97-94be-ab0357e220a7/execute/sync[39m
[35m[HTTP][39m [90m{"script":"mobile: viewportScreenshot","args":[]}[39m
[35m[AndroidDriver][39m Executing native command 'mobile: viewportScreenshot'
[35m[HTTP][39m [37m<-- POST /wd/hub/session/b15e1cbe-b857-4b97-94be-ab0357e220a7/execute/sync [39m[32m200[39m [90m1555 ms - 374556[39m
[35m[HTTP][39m [90m[39m
[35m[HTTP][39m [37m-->[39m [37mPOST[39m [37m/wd/hub/session/b15e1cbe-b857-4b97-94be-ab0357e220a7/context[39m
[35m[HTTP][39m [90m{"name":"NATIVE_APP"}[39m
[35m[HTTP][39m [37m<-- POST /wd/hub/session/b15e1cbe-b857-4b97-94be-ab0357e220a7/context [39m[32m200[39m [90m1 ms - 14[39m
[35m[HTTP][39m [90m[39m
[35m[HTTP][39m [37m-->[39m [37mGET[39m [37m/wd/hub/session/b15e1cbe-b857-4b97-94be-ab0357e220a7/context[39m
[35m[HTTP][39m [90m{}[39m
[35m[HTTP][39m [37m<-- GET /wd/hub/session/b15e1cbe-b857-4b97-94be-ab0357e220a7/context [39m[32m200[39m [90m2 ms - 22[39m
[35m[HTTP][39m [90m[39m
[35m[HTTP][39m [37m-->[39m [37mGET[39m [37m/wd/hub/session/b15e1cbe-b857-4b97-94be-ab0357e220a7/contexts[39m
[35m[HTTP][39m [90m{}[39m
[35m[HTTP][39m [37m<-- GET /wd/hub/session/b15e1cbe-b857-4b97-94be-ab0357e220a7/contexts [39m[32m200[39m [90m119 ms - 24[39m
[35m[HTTP][39m [90m[39m
[35m[HTTP][39m [37m-->[39m [37mPOST[39m [37m/wd/hub/session/b15e1cbe-b857-4b97-94be-ab0357e220a7/context[39m
[35m[HTTP][39m [90m{"name":"NATIVE_APP"}[39m
[35m[HTTP][39m [37m<-- POST /wd/hub/session/b15e1cbe-b857-4b97-94be-ab0357e220a7/context [39m[32m200[39m [90m1 ms - 14[39m
[35m[HTTP][39m [90m[39m
[35m[HTTP][39m [37m-->[39m [37mPOST[39m [37m/wd/hub/session/b15e1cbe-b857-4b97-94be-ab0357e220a7/element[39m
[35m[HTTP][39m [90m{"using":"-android uiautomator","value":"new UiScrollable(new UiSelector().scrollable(true).instance(0)).scrollIntoView(new UiSelector().textContains(\"Foto Mobil\"))"}[39m
[35m[HTTP][39m [37m<-- POST /wd/hub/session/b15e1cbe-b857-4b97-94be-ab0357e220a7/element [39m[32m200[39m [90m11463 ms - 137[39m
[35m[HTTP][39m [90m[39m
[35m[HTTP][39m [37m-->[39m [37mPOST[39m [37m/wd/hub/session/b15e1cbe-b857-4b97-94be-ab0357e220a7/context[39m
[35m[HTTP][39m [90m{"name":"NATIVE_APP"}[39m
[35m[HTTP][39m [37m<-- POST /wd/hub/session/b15e1cbe-b857-4b97-94be-ab0357e220a7/context [39m[32m200[39m [90m1 ms - 14[39m
[35m[HTTP][39m [90m[39m
[35m[HTTP][39m [37m-->[39m [37mPOST[39m [37m/wd/hub/session/b15e1cbe-b857-4b97-94be-ab0357e220a7/timeouts[39m
[35m[HTTP][39m [90m{"implicit":50}[39m
[35m[HTTP][39m [37m<-- POST /wd/hub/session/b15e1cbe-b857-4b97-94be-ab0357e220a7/timeouts [39m[32m200[39m [90m1 ms - 14[39m
[35m[HTTP][39m [90m[39m
[35m[HTTP][39m [37m-->[39m [37mGET[39m [37m/wd/hub/session/b15e1cbe-b857-4b97-94be-ab0357e220a7/window/rect[39m
[35m[HTTP][39m [90m{}[39m
[35m[HTTP][39m [37m<-- GET /wd/hub/session/b15e1cbe-b857-4b97-94be-ab0357e220a7/window/rect [39m[32m200[39m [90m41 ms - 50[39m
[35m[HTTP][39m [90m[39m
[35m[HTTP][39m [37m-->[39m [37mPOST[39m [37m/wd/hub/session/b15e1cbe-b857-4b97-94be-ab0357e220a7/elements[39m
[35m[HTTP][39m [90m{"using":"xpath","value":"//*[@class = 'android.widget.TextView' and (@text = 'Foto Mobil' or . = 'Foto Mobil') and @resource-id = 'com.bcaf.mobilesurvey:id/showhide_foto']"}[39m
[35m[HTTP][39m [37m<-- POST /wd/hub/session/b15e1cbe-b857-4b97-94be-ab0357e220a7/elements [39m[32m200[39m [90m896 ms - 139[39m
[35m[HTTP][39m [90m[39m
[35m[HTTP][39m [37m-->[39m [37mGET[39m [37m/wd/hub/session/b15e1cbe-b857-4b97-94be-ab0357e220a7/element/00000000-0000-0a80-ffff-ffff00000fed/location[39m
[35m[HTTP][39m [90m{}[39m
[35m[W3C (b15e1cbe)][39m Driver proxy active, passing request on via HTTP proxy
[35m[WD Proxy][39m Replacing sessionId 5b590b0d-d3fc-45f3-ae83-e644e3fa863a with b15e1cbe-b857-4b97-94be-ab0357e220a7
[35m[HTTP][39m [37m<-- GET /wd/hub/session/b15e1cbe-b857-4b97-94be-ab0357e220a7/element/00000000-0000-0a80-ffff-ffff00000fed/location [39m[32m200[39m [90m36 ms - 78[39m
[35m[HTTP][39m [90m[39m
[35m[HTTP][39m [37m-->[39m [37mPOST[39m [37m/wd/hub/session/b15e1cbe-b857-4b97-94be-ab0357e220a7/timeouts[39m
[35m[HTTP][39m [90m{"implicit":30000}[39m
[35m[HTTP][39m [37m<-- POST /wd/hub/session/b15e1cbe-b857-4b97-94be-ab0357e220a7/timeouts [39m[32m200[39m [90m1 ms - 14[39m
[35m[HTTP][39m [90m[39m
[35m[HTTP][39m [37m-->[39m [37mPOST[39m [37m/wd/hub/session/b15e1cbe-b857-4b97-94be-ab0357e220a7/touch/perform[39m
[35m[HTTP][39m [90m{"actions":[{"action":"tap","options":{"x":1,"y":1,"element":"00000000-0000-0a80-ffff-ffff00000fed"}},{"action":"release","options":{}}]}[39m
[35m[UiAutomator2][39m calling get location: 00000000-0000-0a80-ffff-ffff00000fed
[35m[HTTP][39m [37m<-- POST /wd/hub/session/b15e1cbe-b857-4b97-94be-ab0357e220a7/touch/perform [39m[32m200[39m [90m855 ms - 14[39m
[35m[HTTP][39m [90m[39m
[35m[HTTP][39m [37m-->[39m [37mGET[39m [37m/wd/hub/session/b15e1cbe-b857-4b97-94be-ab0357e220a7/context[39m
[35m[HTTP][39m [90m{}[39m
[35m[HTTP][39m [37m<-- GET /wd/hub/session/b15e1cbe-b857-4b97-94be-ab0357e220a7/context [39m[32m200[39m [90m1 ms - 22[39m
[35m[HTTP][39m [90m[39m
[35m[HTTP][39m [37m-->[39m [37mGET[39m [37m/wd/hub/session/b15e1cbe-b857-4b97-94be-ab0357e220a7/contexts[39m
[35m[HTTP][39m [90m{}[39m
[35m[HTTP][39m [37m<-- GET /wd/hub/session/b15e1cbe-b857-4b97-94be-ab0357e220a7/contexts [39m[32m200[39m [90m115 ms - 24[39m
[35m[HTTP][39m [90m[39m
[35m[HTTP][39m [37m-->[39m [37mPOST[39m [37m/wd/hub/session/b15e1cbe-b857-4b97-94be-ab0357e220a7/context[39m
[35m[HTTP][39m [90m{"name":"NATIVE_APP"}[39m
[35m[HTTP][39m [37m<-- POST /wd/hub/session/b15e1cbe-b857-4b97-94be-ab0357e220a7/context [39m[32m200[39m [90m2 ms - 14[39m
[35m[HTTP][39m [90m[39m
[35m[HTTP][39m [37m-->[39m [37mPOST[39m [37m/wd/hub/session/b15e1cbe-b857-4b97-94be-ab0357e220a7/element[39m
[35m[HTTP][39m [90m{"using":"-android uiautomator","value":"new UiScrollable(new UiSelector().scrollable(true).instance(0)).scrollIntoView(new UiSelector().textContains(\"Kiri Depan\"))"}[39m
[35m[HTTP][39m [37m<-- POST /wd/hub/session/b15e1cbe-b857-4b97-94be-ab0357e220a7/element [39m[32m200[39m [90m15247 ms - 137[39m
[35m[HTTP][39m [90m[39m
[35m[HTTP][39m [37m-->[39m [37mPOST[39m [37m/wd/hub/session/b15e1cbe-b857-4b97-94be-ab0357e220a7/context[39m
[35m[HTTP][39m [90m{"name":"NATIVE_APP"}[39m
[35m[HTTP][39m [37m<-- POST /wd/hub/session/b15e1cbe-b857-4b97-94be-ab0357e220a7/context [39m[32m200[39m [90m1 ms - 14[39m
[35m[HTTP][39m [90m[39m
[35m[HTTP][39m [37m-->[39m [37mGET[39m [37m/wd/hub/session/b15e1cbe-b857-4b97-94be-ab0357e220a7/context[39m
[35m[HTTP][39m [90m{}[39m
[35m[HTTP][39m [37m<-- GET /wd/hub/session/b15e1cbe-b857-4b97-94be-ab0357e220a7/context [39m[32m200[39m [90m1 ms - 22[39m
[35m[HTTP][39m [90m[39m
[35m[HTTP][39m [37m-->[39m [37mGET[39m [37m/wd/hub/session/b15e1cbe-b857-4b97-94be-ab0357e220a7/contexts[39m
[35m[HTTP][39m [90m{}[39m
[35m[HTTP][39m [37m<-- GET /wd/hub/session/b15e1cbe-b857-4b97-94be-ab0357e220a7/contexts [39m[32m200[39m [90m113 ms - 24[39m
[35m[HTTP][39m [90m[39m
[35m[HTTP][39m [37m-->[39m [37mPOST[39m [37m/wd/hub/session/b15e1cbe-b857-4b97-94be-ab0357e220a7/context[39m
[35m[HTTP][39m [90m{"name":"NATIVE_APP"}[39m
[35m[HTTP][39m [37m<-- POST /wd/hub/session/b15e1cbe-b857-4b97-94be-ab0357e220a7/context [39m[32m200[39m [90m2 ms - 14[39m
[35m[HTTP][39m [90m[39m
[35m[HTTP][39m [37m-->[39m [37mGET[39m [37m/wd/hub/session/b15e1cbe-b857-4b97-94be-ab0357e220a7/window/rect[39m
[35m[HTTP][39m [90m{}[39m
[35m[HTTP][39m [37m<-- GET /wd/hub/session/b15e1cbe-b857-4b97-94be-ab0357e220a7/window/rect [39m[32m200[39m [90m21 ms - 50[39m
[35m[HTTP][39m [90m[39m
[35m[HTTP][39m [37m-->[39m [37mPOST[39m [37m/wd/hub/session/b15e1cbe-b857-4b97-94be-ab0357e220a7/execute/sync[39m
[35m[HTTP][39m [90m{"script":"mobile: viewportScreenshot","args":[]}[39m
[35m[AndroidDriver][39m Executing native command 'mobile: viewportScreenshot'
[35m[HTTP][39m [37m<-- POST /wd/hub/session/b15e1cbe-b857-4b97-94be-ab0357e220a7/execute/sync [39m[32m200[39m [90m2516 ms - 2033416[39m
[35m[HTTP][39m [90m[39m
[35m[HTTP][39m [37m-->[39m [37mPOST[39m [37m/wd/hub/session/b15e1cbe-b857-4b97-94be-ab0357e220a7/context[39m
[35m[HTTP][39m [90m{"name":"NATIVE_APP"}[39m
[35m[HTTP][39m [37m<-- POST /wd/hub/session/b15e1cbe-b857-4b97-94be-ab0357e220a7/context [39m[32m200[39m [90m1 ms - 14[39m
[35m[HTTP][39m [90m[39m
[35m[HTTP][39m [37m-->[39m [37mDELETE[39m [37m/wd/hub/session/b15e1cbe-b857-4b97-94be-ab0357e220a7[39m
[35m[HTTP][39m [90m{}[39m
[35m[Appium][39m Removing session b15e1cbe-b857-4b97-94be-ab0357e220a7 from our master session list
[35m[UiAutomator2][39m Restoring hidden api policy to the device default configuration
[35m[HTTP][39m [37m<-- DELETE /wd/hub/session/b15e1cbe-b857-4b97-94be-ab0357e220a7 [39m[32m200[39m [90m567 ms - 14[39m
[35m[HTTP][39m [90m[39m
