[35m[Appium][39m Welcome to Appium v1.22.2
[35m[Appium][39m Non-default server args:
[35m[Appium][39m   port: 60163
[35m[Appium][39m   loglevel: info
[35m[Appium][39m   tmpDir: C:\Users\NIAYUS~1\AppData\Local\Temp\\Katalon\Appium\Temp1645431428010
[35m[Appium][39m   chromedriverPort: 60165
[35m[Appium][39m Deprecated server args:
[35m[Appium][39m   [31m--chromedriver-port[39m => --default-capabilities
[35m[Appium][39m Default capabilities, which will be added to each request unless overridden by desired capabilities:
[35m[Appium][39m   chromedriverPort: 60165
[35m[Appium][39m Appium REST http interface listener started on 0.0.0.0:60163
[35m[HTTP][39m [37m-->[39m [37mGET[39m [37m/wd/hub/status[39m
[35m[HTTP][39m [90m{}[39m
[35m[HTTP][39m [37m<-- GET /wd/hub/status [39m[32m200[39m [90m7 ms - 68[39m
[35m[HTTP][39m [90m[39m
[35m[HTTP][39m [37m-->[39m [37mPOST[39m [37m/wd/hub/session[39m
[35m[HTTP][39m [90m{"desiredCapabilities":{"appActivity":".Settings","appPackage":"com.android.settings","newCommandTimeout":1800,"platformVersion":"11","automationName":"uiautomator2","autoGrantPermissions":true,"platformName":"Android","udid":"RR8N605F11Y","deviceName":"samsung SM-M315F (Android 11)","platform":"ANDROID","systemPort":8221},"capabilities":{"firstMatch":[{"appium:appActivity":".Settings","appium:appPackage":"com.android.settings","appium:autoGrantPermissions":true,"appium:automationName":"uiautomator2","appium:deviceName":"samsung SM-M315F (Android 11)","appium:newCommandTimeout":1800,"platform":"ANDROID","platformName":"android","appium:platformVersion":"11","appium:systemPort":8221,"appium:udid":"RR8N605F11Y"}]}}[39m
[35m[BaseDriver][39m The following capabilities are not standard capabilities and should have an extension prefix:
[35m[BaseDriver][39m   platform
[35m[BaseDriver][39m   chromedriverPort
[35m[Appium][39m Appium v1.22.2 creating new AndroidUiautomator2Driver (v1.70.1) session
[35m[BaseDriver][39m The following capabilities were provided, but are not recognized by Appium:
[35m[BaseDriver][39m   platform
[35m[BaseDriver][39m Session created with session id: 540b2bd4-0a50-4b6f-9973-bc15a9532f06
[35m[UiAutomator2][39m Starting 'com.android.settings' directly on the device
[35m[ADB][39m Cannot sort build-tools folders ["29.0.3","android-8.1.0"] by semantic version names.
[35m[ADB][39m Falling back to sorting by modification date. Original error: Invalid Version: android-8.1.0
[35m[ADB][39m Found 2 'build-tools' folders under 'C:\Users\Nia Yusniati\.katalon\tools\android_sdk' (newest first):
[35m[ADB][39m     C:/Users/Nia Yusniati/.katalon/tools/android_sdk/build-tools/29.0.3
[35m[ADB][39m     C:/Users/Nia Yusniati/.katalon/tools/android_sdk/build-tools/android-8.1.0
[35m[ADB][39m Using 'adb.exe' from 'C:\Users\Nia Yusniati\.katalon\tools\android_sdk\platform-tools\adb.exe'
[35m[AndroidDriver][39m Retrieving device list
[35m[AndroidDriver][39m Using device: RR8N605F11Y
[35m[ADB][39m Using 'adb.exe' from 'C:\Users\Nia Yusniati\.katalon\tools\android_sdk\platform-tools\adb.exe'
[35m[ADB][39m Getting device platform version
[35m[UiAutomator2][39m Relaxing hidden api policy
[35m[AndroidDriver][39m No app sent in, not parsing package/activity
[35m[ADB][39m Using 'apksigner.jar' from 'C:\Users\Nia Yusniati\.katalon\tools\android_sdk\build-tools\29.0.3\lib\apksigner.jar'
[35m[ADB][39m 'C:\Users\Nia Yusniati\AppData\Roaming\npm\node_modules\appium\node_modules\appium-uiautomator2-server\apks\appium-uiautomator2-server-v4.27.0.apk' is signed with the default certificate
[35m[ADB][39m 'C:\Users\Nia Yusniati\AppData\Roaming\npm\node_modules\appium\node_modules\appium-uiautomator2-server\apks\appium-uiautomator2-server-debug-androidTest.apk' is signed with the default certificate
[35m[UiAutomator2][39m Server packages are not going to be (re)installed
[35m[ADB][39m Adding packages ["io.appium.settings","io.appium.uiautomator2.server","io.appium.uiautomator2.server.test"] to Doze whitelist
[35m[UiAutomator2][39m Starting UIAutomator2 server 4.27.0
[35m[UiAutomator2][39m Using UIAutomator2 server from 'C:\Users\Nia Yusniati\AppData\Roaming\npm\node_modules\appium\node_modules\appium-uiautomator2-server\apks\appium-uiautomator2-server-v4.27.0.apk' and test from 'C:\Users\Nia Yusniati\AppData\Roaming\npm\node_modules\appium\node_modules\appium-uiautomator2-server\apks\appium-uiautomator2-server-debug-androidTest.apk'
[35m[UiAutomator2][39m Waiting up to 30000ms for UiAutomator2 to be online...
[35m[WD Proxy][39m socket hang up
[35m[WD Proxy][39m socket hang up
[35m[WD Proxy][39m socket hang up
[35m[WD Proxy][39m Determined the downstream protocol as 'W3C'
[35m[AndroidDriver][39m Screen already unlocked, doing nothing
[35m[UiAutomator2][39m Starting 'com.android.settings/.Settings and waiting for 'com.android.settings/.Settings'
[35m[Appium][39m New AndroidUiautomator2Driver session created successfully, session 540b2bd4-0a50-4b6f-9973-bc15a9532f06 added to master session list
[35m[HTTP][39m [37m<-- POST /wd/hub/session [39m[32m200[39m [90m12783 ms - 1158[39m
[35m[HTTP][39m [90m[39m
[35m[HTTP][39m [37m-->[39m [37mGET[39m [37m/wd/hub/session/540b2bd4-0a50-4b6f-9973-bc15a9532f06[39m
[35m[HTTP][39m [90m{}[39m
[35m[HTTP][39m [37m<-- GET /wd/hub/session/540b2bd4-0a50-4b6f-9973-bc15a9532f06 [39m[32m200[39m [90m14 ms - 1112[39m
[35m[HTTP][39m [90m[39m
[35m[HTTP][39m [37m-->[39m [37mGET[39m [37m/wd/hub/session/540b2bd4-0a50-4b6f-9973-bc15a9532f06[39m
[35m[HTTP][39m [90m{}[39m
[35m[HTTP][39m [37m<-- GET /wd/hub/session/540b2bd4-0a50-4b6f-9973-bc15a9532f06 [39m[32m200[39m [90m15 ms - 1112[39m
[35m[HTTP][39m [90m[39m
[35m[HTTP][39m [37m-->[39m [37mGET[39m [37m/wd/hub/status[39m
[35m[HTTP][39m [90m{}[39m
[35m[HTTP][39m [37m<-- GET /wd/hub/status [39m[32m200[39m [90m1 ms - 68[39m
[35m[HTTP][39m [90m[39m
[35m[HTTP][39m [37m-->[39m [37mPOST[39m [37m/wd/hub/session/540b2bd4-0a50-4b6f-9973-bc15a9532f06/timeouts[39m
[35m[HTTP][39m [90m{"implicit":30000}[39m
[35m[HTTP][39m [37m<-- POST /wd/hub/session/540b2bd4-0a50-4b6f-9973-bc15a9532f06/timeouts [39m[32m200[39m [90m4 ms - 14[39m
[35m[HTTP][39m [90m[39m
[35m[HTTP][39m [37m-->[39m [37mGET[39m [37m/wd/hub/session/540b2bd4-0a50-4b6f-9973-bc15a9532f06/screenshot[39m
[35m[HTTP][39m [90m{}[39m
[35m[HTTP][39m [37m<-- GET /wd/hub/session/540b2bd4-0a50-4b6f-9973-bc15a9532f06/screenshot [39m[32m200[39m [90m760 ms - 187086[39m
[35m[HTTP][39m [90m[39m
[35m[HTTP][39m [37m-->[39m [37mGET[39m [37m/wd/hub/session/540b2bd4-0a50-4b6f-9973-bc15a9532f06/window/rect[39m
[35m[HTTP][39m [90m{}[39m
[35m[HTTP][39m [37m<-- GET /wd/hub/session/540b2bd4-0a50-4b6f-9973-bc15a9532f06/window/rect [39m[32m200[39m [90m33 ms - 50[39m
[35m[HTTP][39m [90m[39m
[35m[HTTP][39m [37m-->[39m [37mGET[39m [37m/wd/hub/session/540b2bd4-0a50-4b6f-9973-bc15a9532f06/appium/device/system_bars[39m
[35m[HTTP][39m [90m{}[39m
[35m[HTTP][39m [37m<-- GET /wd/hub/session/540b2bd4-0a50-4b6f-9973-bc15a9532f06/appium/device/system_bars [39m[32m200[39m [90m159 ms - 148[39m
[35m[HTTP][39m [90m[39m
[35m[HTTP][39m [37m-->[39m [37mPOST[39m [37m/wd/hub/session/540b2bd4-0a50-4b6f-9973-bc15a9532f06/appium/device/activate_app[39m
[35m[HTTP][39m [90m{"bundleId":"com.bcaf.mobilesurvey"}[39m
[35m[HTTP][39m [37m<-- POST /wd/hub/session/540b2bd4-0a50-4b6f-9973-bc15a9532f06/appium/device/activate_app [39m[32m200[39m [90m628 ms - 14[39m
[35m[HTTP][39m [90m[39m
[35m[HTTP][39m [37m-->[39m [37mPOST[39m [37m/wd/hub/session/540b2bd4-0a50-4b6f-9973-bc15a9532f06/timeouts[39m
[35m[HTTP][39m [90m{"implicit":50}[39m
[35m[HTTP][39m [37m<-- POST /wd/hub/session/540b2bd4-0a50-4b6f-9973-bc15a9532f06/timeouts [39m[32m200[39m [90m3 ms - 14[39m
[35m[HTTP][39m [90m[39m
[35m[HTTP][39m [37m-->[39m [37mGET[39m [37m/wd/hub/session/540b2bd4-0a50-4b6f-9973-bc15a9532f06/window/rect[39m
[35m[HTTP][39m [90m{}[39m
[35m[HTTP][39m [37m<-- GET /wd/hub/session/540b2bd4-0a50-4b6f-9973-bc15a9532f06/window/rect [39m[32m200[39m [90m24 ms - 50[39m
[35m[HTTP][39m [90m[39m
[35m[HTTP][39m [37m-->[39m [37mPOST[39m [37m/wd/hub/session/540b2bd4-0a50-4b6f-9973-bc15a9532f06/elements[39m
[35m[HTTP][39m [90m{"using":"xpath","value":"//*[@class = 'android.widget.EditText' and (@text = 'NIP' or . = 'NIP') and @resource-id = 'com.bcaf.mobilesurvey:id/nip']"}[39m
[35m[HTTP][39m [37m<-- POST /wd/hub/session/540b2bd4-0a50-4b6f-9973-bc15a9532f06/elements [39m[32m200[39m [90m524 ms - 139[39m
[35m[HTTP][39m [90m[39m
[35m[HTTP][39m [37m-->[39m [37mGET[39m [37m/wd/hub/session/540b2bd4-0a50-4b6f-9973-bc15a9532f06/element/00000000-0000-0995-ffff-ffff00000014/location[39m
[35m[HTTP][39m [90m{}[39m
[35m[W3C (540b2bd4)][39m Driver proxy active, passing request on via HTTP proxy
[35m[WD Proxy][39m Replacing sessionId b677dc99-326a-4a4b-8283-70c0f226fdff with 540b2bd4-0a50-4b6f-9973-bc15a9532f06
[35m[HTTP][39m [37m<-- GET /wd/hub/session/540b2bd4-0a50-4b6f-9973-bc15a9532f06/element/00000000-0000-0995-ffff-ffff00000014/location [39m[32m200[39m [90m26 ms - 78[39m
[35m[HTTP][39m [90m[39m
[35m[HTTP][39m [37m-->[39m [37mPOST[39m [37m/wd/hub/session/540b2bd4-0a50-4b6f-9973-bc15a9532f06/timeouts[39m
[35m[HTTP][39m [90m{"implicit":30000}[39m
[35m[HTTP][39m [37m<-- POST /wd/hub/session/540b2bd4-0a50-4b6f-9973-bc15a9532f06/timeouts [39m[32m200[39m [90m1 ms - 14[39m
[35m[HTTP][39m [90m[39m
[35m[HTTP][39m [37m-->[39m [37mPOST[39m [37m/wd/hub/session/540b2bd4-0a50-4b6f-9973-bc15a9532f06/element/00000000-0000-0995-ffff-ffff00000014/clear[39m
[35m[HTTP][39m [90m{"id":"00000000-0000-0995-ffff-ffff00000014"}[39m
[35m[HTTP][39m [37m<-- POST /wd/hub/session/540b2bd4-0a50-4b6f-9973-bc15a9532f06/element/00000000-0000-0995-ffff-ffff00000014/clear [39m[32m200[39m [90m49 ms - 14[39m
[35m[HTTP][39m [90m[39m
[35m[HTTP][39m [37m-->[39m [37mPOST[39m [37m/wd/hub/session/540b2bd4-0a50-4b6f-9973-bc15a9532f06/element/00000000-0000-0995-ffff-ffff00000014/value[39m
[35m[HTTP][39m [90m{"id":"00000000-0000-0995-ffff-ffff00000014","text":"20211002","value":["2","0","2","1","1","0","0","2"]}[39m
[35m[HTTP][39m [37m<-- POST /wd/hub/session/540b2bd4-0a50-4b6f-9973-bc15a9532f06/element/00000000-0000-0995-ffff-ffff00000014/value [39m[32m200[39m [90m1055 ms - 14[39m
[35m[HTTP][39m [90m[39m
[35m[HTTP][39m [37m-->[39m [37mPOST[39m [37m/wd/hub/session/540b2bd4-0a50-4b6f-9973-bc15a9532f06/timeouts[39m
[35m[HTTP][39m [90m{"implicit":50}[39m
[35m[HTTP][39m [37m<-- POST /wd/hub/session/540b2bd4-0a50-4b6f-9973-bc15a9532f06/timeouts [39m[32m200[39m [90m2 ms - 14[39m
[35m[HTTP][39m [90m[39m
[35m[HTTP][39m [37m-->[39m [37mGET[39m [37m/wd/hub/session/540b2bd4-0a50-4b6f-9973-bc15a9532f06/window/rect[39m
[35m[HTTP][39m [90m{}[39m
[35m[HTTP][39m [37m<-- GET /wd/hub/session/540b2bd4-0a50-4b6f-9973-bc15a9532f06/window/rect [39m[32m200[39m [90m15 ms - 50[39m
[35m[HTTP][39m [90m[39m
[35m[HTTP][39m [37m-->[39m [37mPOST[39m [37m/wd/hub/session/540b2bd4-0a50-4b6f-9973-bc15a9532f06/elements[39m
[35m[HTTP][39m [90m{"using":"xpath","value":"//*[@class = 'android.widget.EditText' and (@text = 'Password' or . = 'Password') and @resource-id = 'com.bcaf.mobilesurvey:id/password']"}[39m
[35m[HTTP][39m [37m<-- POST /wd/hub/session/540b2bd4-0a50-4b6f-9973-bc15a9532f06/elements [39m[32m200[39m [90m432 ms - 139[39m
[35m[HTTP][39m [90m[39m
[35m[HTTP][39m [37m-->[39m [37mGET[39m [37m/wd/hub/session/540b2bd4-0a50-4b6f-9973-bc15a9532f06/element/00000000-0000-0995-ffff-ffff00000020/location[39m
[35m[HTTP][39m [90m{}[39m
[35m[W3C (540b2bd4)][39m Driver proxy active, passing request on via HTTP proxy
[35m[WD Proxy][39m Replacing sessionId b677dc99-326a-4a4b-8283-70c0f226fdff with 540b2bd4-0a50-4b6f-9973-bc15a9532f06
[35m[HTTP][39m [37m<-- GET /wd/hub/session/540b2bd4-0a50-4b6f-9973-bc15a9532f06/element/00000000-0000-0995-ffff-ffff00000020/location [39m[32m200[39m [90m24 ms - 78[39m
[35m[HTTP][39m [90m[39m
[35m[HTTP][39m [37m-->[39m [37mPOST[39m [37m/wd/hub/session/540b2bd4-0a50-4b6f-9973-bc15a9532f06/timeouts[39m
[35m[HTTP][39m [90m{"implicit":30000}[39m
[35m[HTTP][39m [37m<-- POST /wd/hub/session/540b2bd4-0a50-4b6f-9973-bc15a9532f06/timeouts [39m[32m200[39m [90m1 ms - 14[39m
[35m[HTTP][39m [90m[39m
[35m[HTTP][39m [37m-->[39m [37mPOST[39m [37m/wd/hub/session/540b2bd4-0a50-4b6f-9973-bc15a9532f06/element/00000000-0000-0995-ffff-ffff00000020/clear[39m
[35m[HTTP][39m [90m{"id":"00000000-0000-0995-ffff-ffff00000020"}[39m
[35m[HTTP][39m [37m<-- POST /wd/hub/session/540b2bd4-0a50-4b6f-9973-bc15a9532f06/element/00000000-0000-0995-ffff-ffff00000020/clear [39m[32m200[39m [90m86 ms - 14[39m
[35m[HTTP][39m [90m[39m
[35m[HTTP][39m [37m-->[39m [37mPOST[39m [37m/wd/hub/session/540b2bd4-0a50-4b6f-9973-bc15a9532f06/element/00000000-0000-0995-ffff-ffff00000020/value[39m
[35m[HTTP][39m [90m{"id":"00000000-0000-0995-ffff-ffff00000020","text":"mobile123+","value":["m","o","b","i","l","e","1","2","3","+"]}[39m
[35m[HTTP][39m [37m<-- POST /wd/hub/session/540b2bd4-0a50-4b6f-9973-bc15a9532f06/element/00000000-0000-0995-ffff-ffff00000020/value [39m[32m200[39m [90m1152 ms - 14[39m
[35m[HTTP][39m [90m[39m
[35m[HTTP][39m [37m-->[39m [37mPOST[39m [37m/wd/hub/session/540b2bd4-0a50-4b6f-9973-bc15a9532f06/timeouts[39m
[35m[HTTP][39m [90m{"implicit":50}[39m
[35m[HTTP][39m [37m<-- POST /wd/hub/session/540b2bd4-0a50-4b6f-9973-bc15a9532f06/timeouts [39m[32m200[39m [90m2 ms - 14[39m
[35m[HTTP][39m [90m[39m
[35m[HTTP][39m [37m-->[39m [37mGET[39m [37m/wd/hub/session/540b2bd4-0a50-4b6f-9973-bc15a9532f06/window/rect[39m
[35m[HTTP][39m [90m{}[39m
[35m[HTTP][39m [37m<-- GET /wd/hub/session/540b2bd4-0a50-4b6f-9973-bc15a9532f06/window/rect [39m[32m200[39m [90m20 ms - 50[39m
[35m[HTTP][39m [90m[39m
[35m[HTTP][39m [37m-->[39m [37mPOST[39m [37m/wd/hub/session/540b2bd4-0a50-4b6f-9973-bc15a9532f06/elements[39m
[35m[HTTP][39m [90m{"using":"xpath","value":"//*[@class = 'android.widget.CheckBox' and (@text = 'Remember Me' or . = 'Remember Me') and @resource-id = 'com.bcaf.mobilesurvey:id/rememberMe']"}[39m
[35m[HTTP][39m [37m<-- POST /wd/hub/session/540b2bd4-0a50-4b6f-9973-bc15a9532f06/elements [39m[32m200[39m [90m488 ms - 139[39m
[35m[HTTP][39m [90m[39m
[35m[HTTP][39m [37m-->[39m [37mGET[39m [37m/wd/hub/session/540b2bd4-0a50-4b6f-9973-bc15a9532f06/element/00000000-0000-0995-ffff-ffff00000029/location[39m
[35m[HTTP][39m [90m{}[39m
[35m[W3C (540b2bd4)][39m Driver proxy active, passing request on via HTTP proxy
[35m[WD Proxy][39m Replacing sessionId b677dc99-326a-4a4b-8283-70c0f226fdff with 540b2bd4-0a50-4b6f-9973-bc15a9532f06
[35m[HTTP][39m [37m<-- GET /wd/hub/session/540b2bd4-0a50-4b6f-9973-bc15a9532f06/element/00000000-0000-0995-ffff-ffff00000029/location [39m[32m200[39m [90m21 ms - 78[39m
[35m[HTTP][39m [90m[39m
[35m[HTTP][39m [37m-->[39m [37mPOST[39m [37m/wd/hub/session/540b2bd4-0a50-4b6f-9973-bc15a9532f06/timeouts[39m
[35m[HTTP][39m [90m{"implicit":30000}[39m
[35m[HTTP][39m [37m<-- POST /wd/hub/session/540b2bd4-0a50-4b6f-9973-bc15a9532f06/timeouts [39m[32m200[39m [90m1 ms - 14[39m
[35m[HTTP][39m [90m[39m
[35m[HTTP][39m [37m-->[39m [37mPOST[39m [37m/wd/hub/session/540b2bd4-0a50-4b6f-9973-bc15a9532f06/touch/perform[39m
[35m[HTTP][39m [90m{"actions":[{"action":"tap","options":{"x":1,"y":1,"element":"00000000-0000-0995-ffff-ffff00000029"}},{"action":"release","options":{}}]}[39m
[35m[UiAutomator2][39m calling get location: 00000000-0000-0995-ffff-ffff00000029
[35m[HTTP][39m [37m<-- POST /wd/hub/session/540b2bd4-0a50-4b6f-9973-bc15a9532f06/touch/perform [39m[32m200[39m [90m222 ms - 14[39m
[35m[HTTP][39m [90m[39m
[35m[HTTP][39m [37m-->[39m [37mGET[39m [37m/wd/hub/session/540b2bd4-0a50-4b6f-9973-bc15a9532f06/context[39m
[35m[HTTP][39m [90m{}[39m
[35m[HTTP][39m [37m<-- GET /wd/hub/session/540b2bd4-0a50-4b6f-9973-bc15a9532f06/context [39m[32m200[39m [90m1 ms - 22[39m
[35m[HTTP][39m [90m[39m
[35m[HTTP][39m [37m-->[39m [37mGET[39m [37m/wd/hub/session/540b2bd4-0a50-4b6f-9973-bc15a9532f06/contexts[39m
[35m[HTTP][39m [90m{}[39m
[35m[HTTP][39m [37m<-- GET /wd/hub/session/540b2bd4-0a50-4b6f-9973-bc15a9532f06/contexts [39m[32m200[39m [90m99 ms - 24[39m
[35m[HTTP][39m [90m[39m
[35m[HTTP][39m [37m-->[39m [37mPOST[39m [37m/wd/hub/session/540b2bd4-0a50-4b6f-9973-bc15a9532f06/context[39m
[35m[HTTP][39m [90m{"name":"NATIVE_APP"}[39m
[35m[HTTP][39m [37m<-- POST /wd/hub/session/540b2bd4-0a50-4b6f-9973-bc15a9532f06/context [39m[32m200[39m [90m2 ms - 14[39m
[35m[HTTP][39m [90m[39m
[35m[HTTP][39m [37m-->[39m [37mPOST[39m [37m/wd/hub/session/540b2bd4-0a50-4b6f-9973-bc15a9532f06/appium/device/hide_keyboard[39m
[35m[HTTP][39m [90m{}[39m
[35m[HTTP][39m [37m<-- POST /wd/hub/session/540b2bd4-0a50-4b6f-9973-bc15a9532f06/appium/device/hide_keyboard [39m[32m200[39m [90m4240 ms - 14[39m
[35m[HTTP][39m [90m[39m
[35m[HTTP][39m [37m-->[39m [37mPOST[39m [37m/wd/hub/session/540b2bd4-0a50-4b6f-9973-bc15a9532f06/context[39m
[35m[HTTP][39m [90m{"name":"NATIVE_APP"}[39m
[35m[HTTP][39m [37m<-- POST /wd/hub/session/540b2bd4-0a50-4b6f-9973-bc15a9532f06/context [39m[32m200[39m [90m2 ms - 14[39m
[35m[HTTP][39m [90m[39m
[35m[HTTP][39m [37m-->[39m [37mGET[39m [37m/wd/hub/session/540b2bd4-0a50-4b6f-9973-bc15a9532f06/context[39m
[35m[HTTP][39m [90m{}[39m
[35m[HTTP][39m [37m<-- GET /wd/hub/session/540b2bd4-0a50-4b6f-9973-bc15a9532f06/context [39m[32m200[39m [90m4 ms - 22[39m
[35m[HTTP][39m [90m[39m
[35m[HTTP][39m [37m-->[39m [37mGET[39m [37m/wd/hub/session/540b2bd4-0a50-4b6f-9973-bc15a9532f06/contexts[39m
[35m[HTTP][39m [90m{}[39m
[35m[HTTP][39m [37m<-- GET /wd/hub/session/540b2bd4-0a50-4b6f-9973-bc15a9532f06/contexts [39m[32m200[39m [90m91 ms - 24[39m
[35m[HTTP][39m [90m[39m
[35m[HTTP][39m [37m-->[39m [37mPOST[39m [37m/wd/hub/session/540b2bd4-0a50-4b6f-9973-bc15a9532f06/context[39m
[35m[HTTP][39m [90m{"name":"NATIVE_APP"}[39m
[35m[HTTP][39m [37m<-- POST /wd/hub/session/540b2bd4-0a50-4b6f-9973-bc15a9532f06/context [39m[32m200[39m [90m2 ms - 14[39m
[35m[HTTP][39m [90m[39m
[35m[HTTP][39m [37m-->[39m [37mGET[39m [37m/wd/hub/session/540b2bd4-0a50-4b6f-9973-bc15a9532f06/window/rect[39m
[35m[HTTP][39m [90m{}[39m
[35m[HTTP][39m [37m<-- GET /wd/hub/session/540b2bd4-0a50-4b6f-9973-bc15a9532f06/window/rect [39m[32m200[39m [90m31 ms - 50[39m
[35m[HTTP][39m [90m[39m
[35m[HTTP][39m [37m-->[39m [37mPOST[39m [37m/wd/hub/session/540b2bd4-0a50-4b6f-9973-bc15a9532f06/execute/sync[39m
[35m[HTTP][39m [90m{"script":"mobile: viewportScreenshot","args":[]}[39m
[35m[AndroidDriver][39m Executing native command 'mobile: viewportScreenshot'
[35m[HTTP][39m [37m<-- POST /wd/hub/session/540b2bd4-0a50-4b6f-9973-bc15a9532f06/execute/sync [39m[32m200[39m [90m1403 ms - 113844[39m
[35m[HTTP][39m [90m[39m
[35m[HTTP][39m [37m-->[39m [37mPOST[39m [37m/wd/hub/session/540b2bd4-0a50-4b6f-9973-bc15a9532f06/context[39m
[35m[HTTP][39m [90m{"name":"NATIVE_APP"}[39m
[35m[HTTP][39m [37m<-- POST /wd/hub/session/540b2bd4-0a50-4b6f-9973-bc15a9532f06/context [39m[32m200[39m [90m2 ms - 14[39m
[35m[HTTP][39m [90m[39m
[35m[HTTP][39m [37m-->[39m [37mPOST[39m [37m/wd/hub/session/540b2bd4-0a50-4b6f-9973-bc15a9532f06/timeouts[39m
[35m[HTTP][39m [90m{"implicit":50}[39m
[35m[HTTP][39m [37m<-- POST /wd/hub/session/540b2bd4-0a50-4b6f-9973-bc15a9532f06/timeouts [39m[32m200[39m [90m2 ms - 14[39m
[35m[HTTP][39m [90m[39m
[35m[HTTP][39m [37m-->[39m [37mGET[39m [37m/wd/hub/session/540b2bd4-0a50-4b6f-9973-bc15a9532f06/window/rect[39m
[35m[HTTP][39m [90m{}[39m
[35m[HTTP][39m [37m<-- GET /wd/hub/session/540b2bd4-0a50-4b6f-9973-bc15a9532f06/window/rect [39m[32m200[39m [90m38 ms - 50[39m
[35m[HTTP][39m [90m[39m
[35m[HTTP][39m [37m-->[39m [37mPOST[39m [37m/wd/hub/session/540b2bd4-0a50-4b6f-9973-bc15a9532f06/elements[39m
[35m[HTTP][39m [90m{"using":"xpath","value":"//*[@class = 'android.widget.Button' and (@text = 'LOGIN' or . = 'LOGIN') and @resource-id = 'com.bcaf.mobilesurvey:id/login']"}[39m
[35m[HTTP][39m [37m<-- POST /wd/hub/session/540b2bd4-0a50-4b6f-9973-bc15a9532f06/elements [39m[32m200[39m [90m468 ms - 139[39m
[35m[HTTP][39m [90m[39m
[35m[HTTP][39m [37m-->[39m [37mGET[39m [37m/wd/hub/session/540b2bd4-0a50-4b6f-9973-bc15a9532f06/element/00000000-0000-0995-ffff-ffff0000002a/location[39m
[35m[HTTP][39m [90m{}[39m
[35m[W3C (540b2bd4)][39m Driver proxy active, passing request on via HTTP proxy
[35m[WD Proxy][39m Replacing sessionId b677dc99-326a-4a4b-8283-70c0f226fdff with 540b2bd4-0a50-4b6f-9973-bc15a9532f06
[35m[HTTP][39m [37m<-- GET /wd/hub/session/540b2bd4-0a50-4b6f-9973-bc15a9532f06/element/00000000-0000-0995-ffff-ffff0000002a/location [39m[32m200[39m [90m42 ms - 79[39m
[35m[HTTP][39m [90m[39m
[35m[HTTP][39m [37m-->[39m [37mPOST[39m [37m/wd/hub/session/540b2bd4-0a50-4b6f-9973-bc15a9532f06/timeouts[39m
[35m[HTTP][39m [90m{"implicit":30000}[39m
[35m[HTTP][39m [37m<-- POST /wd/hub/session/540b2bd4-0a50-4b6f-9973-bc15a9532f06/timeouts [39m[32m200[39m [90m1 ms - 14[39m
[35m[HTTP][39m [90m[39m
[35m[HTTP][39m [37m-->[39m [37mPOST[39m [37m/wd/hub/session/540b2bd4-0a50-4b6f-9973-bc15a9532f06/touch/perform[39m
[35m[HTTP][39m [90m{"actions":[{"action":"tap","options":{"x":1,"y":1,"element":"00000000-0000-0995-ffff-ffff0000002a"}},{"action":"release","options":{}}]}[39m
[35m[UiAutomator2][39m calling get location: 00000000-0000-0995-ffff-ffff0000002a
[35m[HTTP][39m [37m<-- POST /wd/hub/session/540b2bd4-0a50-4b6f-9973-bc15a9532f06/touch/perform [39m[32m200[39m [90m262 ms - 14[39m
[35m[HTTP][39m [90m[39m
[35m[HTTP][39m [37m-->[39m [37mGET[39m [37m/wd/hub/status[39m
[35m[HTTP][39m [90m{}[39m
[35m[HTTP][39m [37m<-- GET /wd/hub/status [39m[32m200[39m [90m2 ms - 68[39m
[35m[HTTP][39m [90m[39m
[35m[HTTP][39m [37m-->[39m [37mPOST[39m [37m/wd/hub/session[39m
[35m[HTTP][39m [90m{"desiredCapabilities":{"appActivity":".Settings","appPackage":"com.android.settings","newCommandTimeout":1800,"platformVersion":"11","automationName":"uiautomator2","autoGrantPermissions":true,"platformName":"Android","udid":"RR8N605F11Y","deviceName":"samsung SM-M315F (Android 11)","platform":"ANDROID","systemPort":8206},"capabilities":{"firstMatch":[{"appium:appActivity":".Settings","appium:appPackage":"com.android.settings","appium:autoGrantPermissions":true,"appium:automationName":"uiautomator2","appium:deviceName":"samsung SM-M315F (Android 11)","appium:newCommandTimeout":1800,"platform":"ANDROID","platformName":"android","appium:platformVersion":"11","appium:systemPort":8206,"appium:udid":"RR8N605F11Y"}]}}[39m
[35m[BaseDriver][39m The following capabilities are not standard capabilities and should have an extension prefix:
[35m[BaseDriver][39m   platform
[35m[BaseDriver][39m   chromedriverPort
[35m[Appium][39m Appium v1.22.2 creating new AndroidUiautomator2Driver (v1.70.1) session
[35m[BaseDriver][39m The following capabilities were provided, but are not recognized by Appium:
[35m[BaseDriver][39m   platform
[35m[BaseDriver][39m Session created with session id: b860abcc-ccfd-42fc-8e66-fb8fc05b7975
[35m[UiAutomator2][39m Starting 'com.android.settings' directly on the device
[35m[ADB][39m Using 'adb.exe' from 'C:\Users\Nia Yusniati\.katalon\tools\android_sdk\platform-tools\adb.exe'
[35m[AndroidDriver][39m Retrieving device list
[35m[AndroidDriver][39m Using device: RR8N605F11Y
[35m[ADB][39m Using 'adb.exe' from 'C:\Users\Nia Yusniati\.katalon\tools\android_sdk\platform-tools\adb.exe'
[35m[ADB][39m Getting device platform version
[35m[UiAutomator2][39m Relaxing hidden api policy
[35m[AndroidDriver][39m No app sent in, not parsing package/activity
[35m[UiAutomator2][39m Server packages are not going to be (re)installed
[35m[ADB][39m Adding packages ["io.appium.settings","io.appium.uiautomator2.server","io.appium.uiautomator2.server.test"] to Doze whitelist
[35m[UiAutomator2][39m Starting UIAutomator2 server 4.27.0
[35m[UiAutomator2][39m Using UIAutomator2 server from 'C:\Users\Nia Yusniati\AppData\Roaming\npm\node_modules\appium\node_modules\appium-uiautomator2-server\apks\appium-uiautomator2-server-v4.27.0.apk' and test from 'C:\Users\Nia Yusniati\AppData\Roaming\npm\node_modules\appium\node_modules\appium-uiautomator2-server\apks\appium-uiautomator2-server-debug-androidTest.apk'
[35m[UiAutomator2][39m Waiting up to 30000ms for UiAutomator2 to be online...
[35m[WD Proxy][39m socket hang up
[35m[WD Proxy][39m socket hang up
[35m[WD Proxy][39m socket hang up
[35m[WD Proxy][39m Determined the downstream protocol as 'W3C'
[35m[AndroidDriver][39m Screen already unlocked, doing nothing
[35m[UiAutomator2][39m Starting 'com.android.settings/.Settings and waiting for 'com.android.settings/.Settings'
[35m[Appium][39m New AndroidUiautomator2Driver session created successfully, session b860abcc-ccfd-42fc-8e66-fb8fc05b7975 added to master session list
[35m[HTTP][39m [37m<-- POST /wd/hub/session [39m[32m200[39m [90m9133 ms - 1158[39m
[35m[HTTP][39m [90m[39m
[35m[HTTP][39m [37m-->[39m [37mGET[39m [37m/wd/hub/session/b860abcc-ccfd-42fc-8e66-fb8fc05b7975[39m
[35m[HTTP][39m [90m{}[39m
[35m[HTTP][39m [37m<-- GET /wd/hub/session/b860abcc-ccfd-42fc-8e66-fb8fc05b7975 [39m[32m200[39m [90m12 ms - 1112[39m
[35m[HTTP][39m [90m[39m
[35m[HTTP][39m [37m-->[39m [37mGET[39m [37m/wd/hub/session/b860abcc-ccfd-42fc-8e66-fb8fc05b7975[39m
[35m[HTTP][39m [90m{}[39m
[35m[HTTP][39m [37m<-- GET /wd/hub/session/b860abcc-ccfd-42fc-8e66-fb8fc05b7975 [39m[32m200[39m [90m16 ms - 1112[39m
[35m[HTTP][39m [90m[39m
[35m[HTTP][39m [37m-->[39m [37mGET[39m [37m/wd/hub/status[39m
[35m[HTTP][39m [90m{}[39m
[35m[HTTP][39m [37m<-- GET /wd/hub/status [39m[32m200[39m [90m1 ms - 68[39m
[35m[HTTP][39m [90m[39m
[35m[HTTP][39m [37m-->[39m [37mPOST[39m [37m/wd/hub/session/b860abcc-ccfd-42fc-8e66-fb8fc05b7975/timeouts[39m
[35m[HTTP][39m [90m{"implicit":30000}[39m
[35m[HTTP][39m [37m<-- POST /wd/hub/session/b860abcc-ccfd-42fc-8e66-fb8fc05b7975/timeouts [39m[32m200[39m [90m2 ms - 14[39m
[35m[HTTP][39m [90m[39m
[35m[HTTP][39m [37m-->[39m [37mGET[39m [37m/wd/hub/session/b860abcc-ccfd-42fc-8e66-fb8fc05b7975/screenshot[39m
[35m[HTTP][39m [90m{}[39m
[35m[HTTP][39m [37m<-- GET /wd/hub/session/b860abcc-ccfd-42fc-8e66-fb8fc05b7975/screenshot [39m[32m200[39m [90m557 ms - 187910[39m
[35m[HTTP][39m [90m[39m
[35m[HTTP][39m [37m-->[39m [37mGET[39m [37m/wd/hub/session/b860abcc-ccfd-42fc-8e66-fb8fc05b7975/window/rect[39m
[35m[HTTP][39m [90m{}[39m
[35m[HTTP][39m [37m<-- GET /wd/hub/session/b860abcc-ccfd-42fc-8e66-fb8fc05b7975/window/rect [39m[32m200[39m [90m9 ms - 50[39m
[35m[HTTP][39m [90m[39m
[35m[HTTP][39m [37m-->[39m [37mGET[39m [37m/wd/hub/session/b860abcc-ccfd-42fc-8e66-fb8fc05b7975/appium/device/system_bars[39m
[35m[HTTP][39m [90m{}[39m
[35m[HTTP][39m [37m<-- GET /wd/hub/session/b860abcc-ccfd-42fc-8e66-fb8fc05b7975/appium/device/system_bars [39m[32m200[39m [90m86 ms - 148[39m
[35m[HTTP][39m [90m[39m
[35m[HTTP][39m [37m-->[39m [37mPOST[39m [37m/wd/hub/session/b860abcc-ccfd-42fc-8e66-fb8fc05b7975/appium/device/activate_app[39m
[35m[HTTP][39m [90m{"bundleId":"com.bcaf.mobilesurvey"}[39m
[35m[HTTP][39m [37m<-- POST /wd/hub/session/b860abcc-ccfd-42fc-8e66-fb8fc05b7975/appium/device/activate_app [39m[32m200[39m [90m554 ms - 14[39m
[35m[HTTP][39m [90m[39m
[35m[HTTP][39m [37m-->[39m [37mGET[39m [37m/wd/hub/session/b860abcc-ccfd-42fc-8e66-fb8fc05b7975/context[39m
[35m[HTTP][39m [90m{}[39m
[35m[HTTP][39m [37m<-- GET /wd/hub/session/b860abcc-ccfd-42fc-8e66-fb8fc05b7975/context [39m[32m200[39m [90m2 ms - 22[39m
[35m[HTTP][39m [90m[39m
[35m[HTTP][39m [37m-->[39m [37mGET[39m [37m/wd/hub/session/b860abcc-ccfd-42fc-8e66-fb8fc05b7975/contexts[39m
[35m[HTTP][39m [90m{}[39m
[35m[HTTP][39m [37m<-- GET /wd/hub/session/b860abcc-ccfd-42fc-8e66-fb8fc05b7975/contexts [39m[32m200[39m [90m127 ms - 24[39m
[35m[HTTP][39m [90m[39m
[35m[HTTP][39m [37m-->[39m [37mPOST[39m [37m/wd/hub/session/b860abcc-ccfd-42fc-8e66-fb8fc05b7975/context[39m
[35m[HTTP][39m [90m{"name":"NATIVE_APP"}[39m
[35m[HTTP][39m [37m<-- POST /wd/hub/session/b860abcc-ccfd-42fc-8e66-fb8fc05b7975/context [39m[32m200[39m [90m1 ms - 14[39m
[35m[HTTP][39m [90m[39m
[35m[HTTP][39m [37m-->[39m [37mGET[39m [37m/wd/hub/session/b860abcc-ccfd-42fc-8e66-fb8fc05b7975/window/rect[39m
[35m[HTTP][39m [90m{}[39m
[35m[HTTP][39m [37m<-- GET /wd/hub/session/b860abcc-ccfd-42fc-8e66-fb8fc05b7975/window/rect [39m[32m200[39m [90m23 ms - 50[39m
[35m[HTTP][39m [90m[39m
[35m[HTTP][39m [37m-->[39m [37mPOST[39m [37m/wd/hub/session/b860abcc-ccfd-42fc-8e66-fb8fc05b7975/execute/sync[39m
[35m[HTTP][39m [90m{"script":"mobile: viewportScreenshot","args":[]}[39m
[35m[AndroidDriver][39m Executing native command 'mobile: viewportScreenshot'
[35m[HTTP][39m [37m<-- POST /wd/hub/session/b860abcc-ccfd-42fc-8e66-fb8fc05b7975/execute/sync [39m[32m200[39m [90m1948 ms - 178592[39m
[35m[HTTP][39m [90m[39m
[35m[HTTP][39m [37m-->[39m [37mPOST[39m [37m/wd/hub/session/b860abcc-ccfd-42fc-8e66-fb8fc05b7975/context[39m
[35m[HTTP][39m [90m{"name":"NATIVE_APP"}[39m
[35m[HTTP][39m [37m<-- POST /wd/hub/session/b860abcc-ccfd-42fc-8e66-fb8fc05b7975/context [39m[32m200[39m [90m3 ms - 14[39m
[35m[HTTP][39m [90m[39m
[35m[HTTP][39m [37m-->[39m [37mPOST[39m [37m/wd/hub/session/b860abcc-ccfd-42fc-8e66-fb8fc05b7975/timeouts[39m
[35m[HTTP][39m [90m{"implicit":50}[39m
[35m[HTTP][39m [37m<-- POST /wd/hub/session/b860abcc-ccfd-42fc-8e66-fb8fc05b7975/timeouts [39m[32m200[39m [90m2 ms - 14[39m
[35m[HTTP][39m [90m[39m
[35m[HTTP][39m [37m-->[39m [37mGET[39m [37m/wd/hub/session/b860abcc-ccfd-42fc-8e66-fb8fc05b7975/window/rect[39m
[35m[HTTP][39m [90m{}[39m
[35m[HTTP][39m [37m<-- GET /wd/hub/session/b860abcc-ccfd-42fc-8e66-fb8fc05b7975/window/rect [39m[32m200[39m [90m27 ms - 50[39m
[35m[HTTP][39m [90m[39m
[35m[HTTP][39m [37m-->[39m [37mPOST[39m [37m/wd/hub/session/b860abcc-ccfd-42fc-8e66-fb8fc05b7975/elements[39m
[35m[HTTP][39m [90m{"using":"xpath","value":"//hierarchy/android.widget.FrameLayout[1]/android.widget.LinearLayout[1]/android.widget.FrameLayout[1]/android.widget.LinearLayout[1]/android.widget.FrameLayout[1]/android.widget.RelativeLayout[1]/android.widget.ScrollView[1]/android.widget.LinearLayout[1]/android.widget.LinearLayout[1]/android.widget.LinearLayout[1]/android.widget.LinearLayout[1]/android.widget.FrameLayout[2]/android.widget.LinearLayout[1]"}[39m
[35m[HTTP][39m [37m<-- POST /wd/hub/session/b860abcc-ccfd-42fc-8e66-fb8fc05b7975/elements [39m[32m200[39m [90m490 ms - 139[39m
[35m[HTTP][39m [90m[39m
[35m[HTTP][39m [37m-->[39m [37mGET[39m [37m/wd/hub/session/b860abcc-ccfd-42fc-8e66-fb8fc05b7975/element/00000000-0000-09ae-ffff-ffff000000ad/location[39m
[35m[HTTP][39m [90m{}[39m
[35m[W3C (b860abcc)][39m Driver proxy active, passing request on via HTTP proxy
[35m[WD Proxy][39m Replacing sessionId fc8f5c2c-1687-4765-afd4-b3e51d6b621c with b860abcc-ccfd-42fc-8e66-fb8fc05b7975
[35m[HTTP][39m [37m<-- GET /wd/hub/session/b860abcc-ccfd-42fc-8e66-fb8fc05b7975/element/00000000-0000-09ae-ffff-ffff000000ad/location [39m[32m200[39m [90m28 ms - 78[39m
[35m[HTTP][39m [90m[39m
[35m[HTTP][39m [37m-->[39m [37mPOST[39m [37m/wd/hub/session/b860abcc-ccfd-42fc-8e66-fb8fc05b7975/timeouts[39m
[35m[HTTP][39m [90m{"implicit":30000}[39m
[35m[HTTP][39m [37m<-- POST /wd/hub/session/b860abcc-ccfd-42fc-8e66-fb8fc05b7975/timeouts [39m[32m200[39m [90m1 ms - 14[39m
[35m[HTTP][39m [90m[39m
[35m[HTTP][39m [37m-->[39m [37mPOST[39m [37m/wd/hub/session/b860abcc-ccfd-42fc-8e66-fb8fc05b7975/touch/perform[39m
[35m[HTTP][39m [90m{"actions":[{"action":"tap","options":{"x":1,"y":1,"element":"00000000-0000-09ae-ffff-ffff000000ad"}},{"action":"release","options":{}}]}[39m
[35m[UiAutomator2][39m calling get location: 00000000-0000-09ae-ffff-ffff000000ad
[35m[HTTP][39m [37m<-- POST /wd/hub/session/b860abcc-ccfd-42fc-8e66-fb8fc05b7975/touch/perform [39m[32m200[39m [90m282 ms - 14[39m
[35m[HTTP][39m [90m[39m
[35m[HTTP][39m [37m-->[39m [37mGET[39m [37m/wd/hub/session/b860abcc-ccfd-42fc-8e66-fb8fc05b7975/context[39m
[35m[HTTP][39m [90m{}[39m
[35m[HTTP][39m [37m<-- GET /wd/hub/session/b860abcc-ccfd-42fc-8e66-fb8fc05b7975/context [39m[32m200[39m [90m2 ms - 22[39m
[35m[HTTP][39m [90m[39m
[35m[HTTP][39m [37m-->[39m [37mGET[39m [37m/wd/hub/session/b860abcc-ccfd-42fc-8e66-fb8fc05b7975/contexts[39m
[35m[HTTP][39m [90m{}[39m
[35m[HTTP][39m [37m<-- GET /wd/hub/session/b860abcc-ccfd-42fc-8e66-fb8fc05b7975/contexts [39m[32m200[39m [90m124 ms - 24[39m
[35m[HTTP][39m [90m[39m
[35m[HTTP][39m [37m-->[39m [37mPOST[39m [37m/wd/hub/session/b860abcc-ccfd-42fc-8e66-fb8fc05b7975/context[39m
[35m[HTTP][39m [90m{"name":"NATIVE_APP"}[39m
[35m[HTTP][39m [37m<-- POST /wd/hub/session/b860abcc-ccfd-42fc-8e66-fb8fc05b7975/context [39m[32m200[39m [90m1 ms - 14[39m
[35m[HTTP][39m [90m[39m
[35m[HTTP][39m [37m-->[39m [37mGET[39m [37m/wd/hub/session/b860abcc-ccfd-42fc-8e66-fb8fc05b7975/window/rect[39m
[35m[HTTP][39m [90m{}[39m
[35m[HTTP][39m [37m<-- GET /wd/hub/session/b860abcc-ccfd-42fc-8e66-fb8fc05b7975/window/rect [39m[32m200[39m [90m47 ms - 50[39m
[35m[HTTP][39m [90m[39m
[35m[HTTP][39m [37m-->[39m [37mPOST[39m [37m/wd/hub/session/b860abcc-ccfd-42fc-8e66-fb8fc05b7975/execute/sync[39m
[35m[HTTP][39m [90m{"script":"mobile: viewportScreenshot","args":[]}[39m
[35m[AndroidDriver][39m Executing native command 'mobile: viewportScreenshot'
[35m[HTTP][39m [37m<-- POST /wd/hub/session/b860abcc-ccfd-42fc-8e66-fb8fc05b7975/execute/sync [39m[32m200[39m [90m1322 ms - 140512[39m
[35m[HTTP][39m [90m[39m
[35m[HTTP][39m [37m-->[39m [37mPOST[39m [37m/wd/hub/session/b860abcc-ccfd-42fc-8e66-fb8fc05b7975/context[39m
[35m[HTTP][39m [90m{"name":"NATIVE_APP"}[39m
[35m[HTTP][39m [37m<-- POST /wd/hub/session/b860abcc-ccfd-42fc-8e66-fb8fc05b7975/context [39m[32m200[39m [90m2 ms - 14[39m
[35m[HTTP][39m [90m[39m
[35m[HTTP][39m [37m-->[39m [37mPOST[39m [37m/wd/hub/session/b860abcc-ccfd-42fc-8e66-fb8fc05b7975/timeouts[39m
[35m[HTTP][39m [90m{"implicit":50}[39m
[35m[HTTP][39m [37m<-- POST /wd/hub/session/b860abcc-ccfd-42fc-8e66-fb8fc05b7975/timeouts [39m[32m200[39m [90m2 ms - 14[39m
[35m[HTTP][39m [90m[39m
[35m[HTTP][39m [37m-->[39m [37mGET[39m [37m/wd/hub/session/b860abcc-ccfd-42fc-8e66-fb8fc05b7975/window/rect[39m
[35m[HTTP][39m [90m{}[39m
[35m[HTTP][39m [37m<-- GET /wd/hub/session/b860abcc-ccfd-42fc-8e66-fb8fc05b7975/window/rect [39m[32m200[39m [90m38 ms - 50[39m
[35m[HTTP][39m [90m[39m
[35m[HTTP][39m [37m-->[39m [37mPOST[39m [37m/wd/hub/session/b860abcc-ccfd-42fc-8e66-fb8fc05b7975/elements[39m
[35m[HTTP][39m [90m{"using":"xpath","value":"//hierarchy/android.widget.FrameLayout[1]/android.widget.LinearLayout[1]/android.widget.FrameLayout[1]/android.widget.LinearLayout[1]/android.widget.FrameLayout[1]/android.widget.RelativeLayout[1]/android.widget.ScrollView[1]/android.widget.LinearLayout[1]/android.widget.LinearLayout[1]/android.widget.LinearLayout[1]/android.widget.FrameLayout[1]/android.widget.LinearLayout[1]"}[39m
[35m[HTTP][39m [37m<-- POST /wd/hub/session/b860abcc-ccfd-42fc-8e66-fb8fc05b7975/elements [39m[32m200[39m [90m309 ms - 139[39m
[35m[HTTP][39m [90m[39m
[35m[HTTP][39m [37m-->[39m [37mGET[39m [37m/wd/hub/session/b860abcc-ccfd-42fc-8e66-fb8fc05b7975/element/00000000-0000-09ae-ffff-ffff00000099/location[39m
[35m[HTTP][39m [90m{}[39m
[35m[W3C (b860abcc)][39m Driver proxy active, passing request on via HTTP proxy
[35m[WD Proxy][39m Replacing sessionId fc8f5c2c-1687-4765-afd4-b3e51d6b621c with b860abcc-ccfd-42fc-8e66-fb8fc05b7975
[35m[HTTP][39m [37m<-- GET /wd/hub/session/b860abcc-ccfd-42fc-8e66-fb8fc05b7975/element/00000000-0000-09ae-ffff-ffff00000099/location [39m[32m200[39m [90m36 ms - 78[39m
[35m[HTTP][39m [90m[39m
[35m[HTTP][39m [37m-->[39m [37mPOST[39m [37m/wd/hub/session/b860abcc-ccfd-42fc-8e66-fb8fc05b7975/timeouts[39m
[35m[HTTP][39m [90m{"implicit":30000}[39m
[35m[HTTP][39m [37m<-- POST /wd/hub/session/b860abcc-ccfd-42fc-8e66-fb8fc05b7975/timeouts [39m[32m200[39m [90m1 ms - 14[39m
[35m[HTTP][39m [90m[39m
[35m[HTTP][39m [37m-->[39m [37mPOST[39m [37m/wd/hub/session/b860abcc-ccfd-42fc-8e66-fb8fc05b7975/touch/perform[39m
[35m[HTTP][39m [90m{"actions":[{"action":"tap","options":{"x":1,"y":1,"element":"00000000-0000-09ae-ffff-ffff00000099"}},{"action":"release","options":{}}]}[39m
[35m[UiAutomator2][39m calling get location: 00000000-0000-09ae-ffff-ffff00000099
[35m[HTTP][39m [37m<-- POST /wd/hub/session/b860abcc-ccfd-42fc-8e66-fb8fc05b7975/touch/perform [39m[32m200[39m [90m290 ms - 14[39m
[35m[HTTP][39m [90m[39m
[35m[HTTP][39m [37m-->[39m [37mPOST[39m [37m/wd/hub/session/b860abcc-ccfd-42fc-8e66-fb8fc05b7975/timeouts[39m
[35m[HTTP][39m [90m{"implicit":50}[39m
[35m[HTTP][39m [37m<-- POST /wd/hub/session/b860abcc-ccfd-42fc-8e66-fb8fc05b7975/timeouts [39m[32m200[39m [90m2 ms - 14[39m
[35m[HTTP][39m [90m[39m
[35m[HTTP][39m [37m-->[39m [37mGET[39m [37m/wd/hub/session/b860abcc-ccfd-42fc-8e66-fb8fc05b7975/window/rect[39m
[35m[HTTP][39m [90m{}[39m
[35m[HTTP][39m [37m<-- GET /wd/hub/session/b860abcc-ccfd-42fc-8e66-fb8fc05b7975/window/rect [39m[32m200[39m [90m19 ms - 50[39m
[35m[HTTP][39m [90m[39m
[35m[HTTP][39m [37m-->[39m [37mPOST[39m [37m/wd/hub/session/b860abcc-ccfd-42fc-8e66-fb8fc05b7975/elements[39m
[35m[HTTP][39m [90m{"using":"xpath","value":"//*[@class = 'android.widget.EditText' and (@text = 'No Polisi' or . = 'No Polisi') and @resource-id = 'com.bcaf.mobilesurvey:id/nopol']"}[39m
[35m[HTTP][39m [37m<-- POST /wd/hub/session/b860abcc-ccfd-42fc-8e66-fb8fc05b7975/elements [39m[32m200[39m [90m855 ms - 12[39m
[35m[HTTP][39m [90m[39m
[35m[HTTP][39m [37m-->[39m [37mPOST[39m [37m/wd/hub/session/b860abcc-ccfd-42fc-8e66-fb8fc05b7975/elements[39m
[35m[HTTP][39m [90m{"using":"xpath","value":"//*[@class = 'android.widget.EditText' and (@text = 'No Polisi' or . = 'No Polisi') and @resource-id = 'com.bcaf.mobilesurvey:id/nopol']"}[39m
[35m[HTTP][39m [37m<-- POST /wd/hub/session/b860abcc-ccfd-42fc-8e66-fb8fc05b7975/elements [39m[32m200[39m [90m613 ms - 139[39m
[35m[HTTP][39m [90m[39m
[35m[HTTP][39m [37m-->[39m [37mGET[39m [37m/wd/hub/session/b860abcc-ccfd-42fc-8e66-fb8fc05b7975/element/00000000-0000-09be-ffff-ffff000000f4/location[39m
[35m[HTTP][39m [90m{}[39m
[35m[W3C (b860abcc)][39m Driver proxy active, passing request on via HTTP proxy
[35m[WD Proxy][39m Replacing sessionId fc8f5c2c-1687-4765-afd4-b3e51d6b621c with b860abcc-ccfd-42fc-8e66-fb8fc05b7975
[35m[HTTP][39m [37m<-- GET /wd/hub/session/b860abcc-ccfd-42fc-8e66-fb8fc05b7975/element/00000000-0000-09be-ffff-ffff000000f4/location [39m[32m200[39m [90m40 ms - 78[39m
[35m[HTTP][39m [90m[39m
[35m[HTTP][39m [37m-->[39m [37mPOST[39m [37m/wd/hub/session/b860abcc-ccfd-42fc-8e66-fb8fc05b7975/timeouts[39m
[35m[HTTP][39m [90m{"implicit":30000}[39m
[35m[HTTP][39m [37m<-- POST /wd/hub/session/b860abcc-ccfd-42fc-8e66-fb8fc05b7975/timeouts [39m[32m200[39m [90m1 ms - 14[39m
[35m[HTTP][39m [90m[39m
[35m[HTTP][39m [37m-->[39m [37mPOST[39m [37m/wd/hub/session/b860abcc-ccfd-42fc-8e66-fb8fc05b7975/element/00000000-0000-09be-ffff-ffff000000f4/clear[39m
[35m[HTTP][39m [90m{"id":"00000000-0000-09be-ffff-ffff000000f4"}[39m
[35m[HTTP][39m [37m<-- POST /wd/hub/session/b860abcc-ccfd-42fc-8e66-fb8fc05b7975/element/00000000-0000-09be-ffff-ffff000000f4/clear [39m[32m200[39m [90m64 ms - 14[39m
[35m[HTTP][39m [90m[39m
[35m[HTTP][39m [37m-->[39m [37mPOST[39m [37m/wd/hub/session/b860abcc-ccfd-42fc-8e66-fb8fc05b7975/element/00000000-0000-09be-ffff-ffff000000f4/value[39m
[35m[HTTP][39m [90m{"id":"00000000-0000-09be-ffff-ffff000000f4","text":"B777B","value":["B","7","7","7","B"]}[39m
[35m[HTTP][39m [37m<-- POST /wd/hub/session/b860abcc-ccfd-42fc-8e66-fb8fc05b7975/element/00000000-0000-09be-ffff-ffff000000f4/value [39m[32m200[39m [90m1624 ms - 14[39m
[35m[HTTP][39m [90m[39m
[35m[HTTP][39m [37m-->[39m [37mPOST[39m [37m/wd/hub/session/b860abcc-ccfd-42fc-8e66-fb8fc05b7975/timeouts[39m
[35m[HTTP][39m [90m{"implicit":50}[39m
[35m[HTTP][39m [37m<-- POST /wd/hub/session/b860abcc-ccfd-42fc-8e66-fb8fc05b7975/timeouts [39m[32m200[39m [90m2 ms - 14[39m
[35m[HTTP][39m [90m[39m
[35m[HTTP][39m [37m-->[39m [37mGET[39m [37m/wd/hub/session/b860abcc-ccfd-42fc-8e66-fb8fc05b7975/window/rect[39m
[35m[HTTP][39m [90m{}[39m
[35m[HTTP][39m [37m<-- GET /wd/hub/session/b860abcc-ccfd-42fc-8e66-fb8fc05b7975/window/rect [39m[32m200[39m [90m21 ms - 50[39m
[35m[HTTP][39m [90m[39m
[35m[HTTP][39m [37m-->[39m [37mPOST[39m [37m/wd/hub/session/b860abcc-ccfd-42fc-8e66-fb8fc05b7975/elements[39m
[35m[HTTP][39m [90m{"using":"xpath","value":"//*[@class = 'android.widget.Spinner' and @resource-id = 'com.bcaf.mobilesurvey:id/maskapai' and (@text = '' or . = '')]"}[39m
[35m[HTTP][39m [37m<-- POST /wd/hub/session/b860abcc-ccfd-42fc-8e66-fb8fc05b7975/elements [39m[32m200[39m [90m657 ms - 139[39m
[35m[HTTP][39m [90m[39m
[35m[HTTP][39m [37m-->[39m [37mGET[39m [37m/wd/hub/session/b860abcc-ccfd-42fc-8e66-fb8fc05b7975/element/00000000-0000-09be-ffff-ffff000000ff/location[39m
[35m[HTTP][39m [90m{}[39m
[35m[W3C (b860abcc)][39m Driver proxy active, passing request on via HTTP proxy
[35m[WD Proxy][39m Replacing sessionId fc8f5c2c-1687-4765-afd4-b3e51d6b621c with b860abcc-ccfd-42fc-8e66-fb8fc05b7975
[35m[HTTP][39m [37m<-- GET /wd/hub/session/b860abcc-ccfd-42fc-8e66-fb8fc05b7975/element/00000000-0000-09be-ffff-ffff000000ff/location [39m[32m200[39m [90m33 ms - 78[39m
[35m[HTTP][39m [90m[39m
[35m[HTTP][39m [37m-->[39m [37mPOST[39m [37m/wd/hub/session/b860abcc-ccfd-42fc-8e66-fb8fc05b7975/timeouts[39m
[35m[HTTP][39m [90m{"implicit":30000}[39m
[35m[HTTP][39m [37m<-- POST /wd/hub/session/b860abcc-ccfd-42fc-8e66-fb8fc05b7975/timeouts [39m[32m200[39m [90m2 ms - 14[39m
[35m[HTTP][39m [90m[39m
[35m[HTTP][39m [37m-->[39m [37mPOST[39m [37m/wd/hub/session/b860abcc-ccfd-42fc-8e66-fb8fc05b7975/touch/perform[39m
[35m[HTTP][39m [90m{"actions":[{"action":"tap","options":{"x":1,"y":1,"element":"00000000-0000-09be-ffff-ffff000000ff"}},{"action":"release","options":{}}]}[39m
[35m[UiAutomator2][39m calling get location: 00000000-0000-09be-ffff-ffff000000ff
[35m[HTTP][39m [37m<-- POST /wd/hub/session/b860abcc-ccfd-42fc-8e66-fb8fc05b7975/touch/perform [39m[32m200[39m [90m228 ms - 14[39m
[35m[HTTP][39m [90m[39m
[35m[HTTP][39m [37m-->[39m [37mPOST[39m [37m/wd/hub/session/b860abcc-ccfd-42fc-8e66-fb8fc05b7975/timeouts[39m
[35m[HTTP][39m [90m{"implicit":50}[39m
[35m[HTTP][39m [37m<-- POST /wd/hub/session/b860abcc-ccfd-42fc-8e66-fb8fc05b7975/timeouts [39m[32m200[39m [90m2 ms - 14[39m
[35m[HTTP][39m [90m[39m
[35m[HTTP][39m [37m-->[39m [37mGET[39m [37m/wd/hub/session/b860abcc-ccfd-42fc-8e66-fb8fc05b7975/window/rect[39m
[35m[HTTP][39m [90m{}[39m
[35m[HTTP][39m [37m<-- GET /wd/hub/session/b860abcc-ccfd-42fc-8e66-fb8fc05b7975/window/rect [39m[32m200[39m [90m27 ms - 50[39m
[35m[HTTP][39m [90m[39m
[35m[HTTP][39m [37m-->[39m [37mPOST[39m [37m/wd/hub/session/b860abcc-ccfd-42fc-8e66-fb8fc05b7975/elements[39m
[35m[HTTP][39m [90m{"using":"xpath","value":"//*[@class = 'android.widget.CheckedTextView' and (@text = 'Aswata' or . = 'Aswata') and @resource-id = 'android:id/text1']"}[39m
[35m[HTTP][39m [37m<-- POST /wd/hub/session/b860abcc-ccfd-42fc-8e66-fb8fc05b7975/elements [39m[32m200[39m [90m1009 ms - 139[39m
[35m[HTTP][39m [90m[39m
[35m[HTTP][39m [37m-->[39m [37mGET[39m [37m/wd/hub/session/b860abcc-ccfd-42fc-8e66-fb8fc05b7975/element/00000000-0000-09bf-ffff-ffff00000242/location[39m
[35m[HTTP][39m [90m{}[39m
[35m[W3C (b860abcc)][39m Driver proxy active, passing request on via HTTP proxy
[35m[WD Proxy][39m Replacing sessionId fc8f5c2c-1687-4765-afd4-b3e51d6b621c with b860abcc-ccfd-42fc-8e66-fb8fc05b7975
[35m[HTTP][39m [37m<-- GET /wd/hub/session/b860abcc-ccfd-42fc-8e66-fb8fc05b7975/element/00000000-0000-09bf-ffff-ffff00000242/location [39m[32m200[39m [90m42 ms - 78[39m
[35m[HTTP][39m [90m[39m
[35m[HTTP][39m [37m-->[39m [37mPOST[39m [37m/wd/hub/session/b860abcc-ccfd-42fc-8e66-fb8fc05b7975/timeouts[39m
[35m[HTTP][39m [90m{"implicit":30000}[39m
[35m[HTTP][39m [37m<-- POST /wd/hub/session/b860abcc-ccfd-42fc-8e66-fb8fc05b7975/timeouts [39m[32m200[39m [90m1 ms - 14[39m
[35m[HTTP][39m [90m[39m
[35m[HTTP][39m [37m-->[39m [37mPOST[39m [37m/wd/hub/session/b860abcc-ccfd-42fc-8e66-fb8fc05b7975/touch/perform[39m
[35m[HTTP][39m [90m{"actions":[{"action":"tap","options":{"x":1,"y":1,"element":"00000000-0000-09bf-ffff-ffff00000242"}},{"action":"release","options":{}}]}[39m
[35m[UiAutomator2][39m calling get location: 00000000-0000-09bf-ffff-ffff00000242
[35m[HTTP][39m [37m<-- POST /wd/hub/session/b860abcc-ccfd-42fc-8e66-fb8fc05b7975/touch/perform [39m[32m200[39m [90m905 ms - 14[39m
[35m[HTTP][39m [90m[39m
[35m[HTTP][39m [37m-->[39m [37mGET[39m [37m/wd/hub/session/b860abcc-ccfd-42fc-8e66-fb8fc05b7975/context[39m
[35m[HTTP][39m [90m{}[39m
[35m[HTTP][39m [37m<-- GET /wd/hub/session/b860abcc-ccfd-42fc-8e66-fb8fc05b7975/context [39m[32m200[39m [90m2 ms - 22[39m
[35m[HTTP][39m [90m[39m
[35m[HTTP][39m [37m-->[39m [37mGET[39m [37m/wd/hub/session/b860abcc-ccfd-42fc-8e66-fb8fc05b7975/contexts[39m
[35m[HTTP][39m [90m{}[39m
[35m[HTTP][39m [37m<-- GET /wd/hub/session/b860abcc-ccfd-42fc-8e66-fb8fc05b7975/contexts [39m[32m200[39m [90m115 ms - 24[39m
[35m[HTTP][39m [90m[39m
[35m[HTTP][39m [37m-->[39m [37mPOST[39m [37m/wd/hub/session/b860abcc-ccfd-42fc-8e66-fb8fc05b7975/context[39m
[35m[HTTP][39m [90m{"name":"NATIVE_APP"}[39m
[35m[HTTP][39m [37m<-- POST /wd/hub/session/b860abcc-ccfd-42fc-8e66-fb8fc05b7975/context [39m[32m200[39m [90m1 ms - 14[39m
[35m[HTTP][39m [90m[39m
[35m[HTTP][39m [37m-->[39m [37mGET[39m [37m/wd/hub/session/b860abcc-ccfd-42fc-8e66-fb8fc05b7975/window/rect[39m
[35m[HTTP][39m [90m{}[39m
[35m[HTTP][39m [37m<-- GET /wd/hub/session/b860abcc-ccfd-42fc-8e66-fb8fc05b7975/window/rect [39m[32m200[39m [90m42 ms - 50[39m
[35m[HTTP][39m [90m[39m
[35m[HTTP][39m [37m-->[39m [37mPOST[39m [37m/wd/hub/session/b860abcc-ccfd-42fc-8e66-fb8fc05b7975/execute/sync[39m
[35m[HTTP][39m [90m{"script":"mobile: viewportScreenshot","args":[]}[39m
[35m[AndroidDriver][39m Executing native command 'mobile: viewportScreenshot'
[35m[HTTP][39m [37m<-- POST /wd/hub/session/b860abcc-ccfd-42fc-8e66-fb8fc05b7975/execute/sync [39m[32m200[39m [90m1270 ms - 97552[39m
[35m[HTTP][39m [90m[39m
[35m[HTTP][39m [37m-->[39m [37mPOST[39m [37m/wd/hub/session/b860abcc-ccfd-42fc-8e66-fb8fc05b7975/context[39m
[35m[HTTP][39m [90m{"name":"NATIVE_APP"}[39m
[35m[HTTP][39m [37m<-- POST /wd/hub/session/b860abcc-ccfd-42fc-8e66-fb8fc05b7975/context [39m[32m200[39m [90m3 ms - 14[39m
[35m[HTTP][39m [90m[39m
[35m[HTTP][39m [37m-->[39m [37mPOST[39m [37m/wd/hub/session/b860abcc-ccfd-42fc-8e66-fb8fc05b7975/timeouts[39m
[35m[HTTP][39m [90m{"implicit":50}[39m
[35m[HTTP][39m [37m<-- POST /wd/hub/session/b860abcc-ccfd-42fc-8e66-fb8fc05b7975/timeouts [39m[32m200[39m [90m1 ms - 14[39m
[35m[HTTP][39m [90m[39m
[35m[HTTP][39m [37m-->[39m [37mGET[39m [37m/wd/hub/session/b860abcc-ccfd-42fc-8e66-fb8fc05b7975/window/rect[39m
[35m[HTTP][39m [90m{}[39m
[35m[HTTP][39m [37m<-- GET /wd/hub/session/b860abcc-ccfd-42fc-8e66-fb8fc05b7975/window/rect [39m[32m200[39m [90m23 ms - 50[39m
[35m[HTTP][39m [90m[39m
[35m[HTTP][39m [37m-->[39m [37mPOST[39m [37m/wd/hub/session/b860abcc-ccfd-42fc-8e66-fb8fc05b7975/elements[39m
[35m[HTTP][39m [90m{"using":"xpath","value":"//*[@class = 'android.widget.Button' and (@text = 'SEARCH' or . = 'SEARCH') and @resource-id = 'com.bcaf.mobilesurvey:id/search']"}[39m
[35m[HTTP][39m [37m<-- POST /wd/hub/session/b860abcc-ccfd-42fc-8e66-fb8fc05b7975/elements [39m[32m200[39m [90m361 ms - 139[39m
[35m[HTTP][39m [90m[39m
[35m[HTTP][39m [37m-->[39m [37mGET[39m [37m/wd/hub/session/b860abcc-ccfd-42fc-8e66-fb8fc05b7975/element/00000000-0000-09be-ffff-ffff00000100/location[39m
[35m[HTTP][39m [90m{}[39m
[35m[W3C (b860abcc)][39m Driver proxy active, passing request on via HTTP proxy
[35m[WD Proxy][39m Replacing sessionId fc8f5c2c-1687-4765-afd4-b3e51d6b621c with b860abcc-ccfd-42fc-8e66-fb8fc05b7975
[35m[HTTP][39m [37m<-- GET /wd/hub/session/b860abcc-ccfd-42fc-8e66-fb8fc05b7975/element/00000000-0000-09be-ffff-ffff00000100/location [39m[32m200[39m [90m38 ms - 78[39m
[35m[HTTP][39m [90m[39m
[35m[HTTP][39m [37m-->[39m [37mPOST[39m [37m/wd/hub/session/b860abcc-ccfd-42fc-8e66-fb8fc05b7975/timeouts[39m
[35m[HTTP][39m [90m{"implicit":30000}[39m
[35m[HTTP][39m [37m<-- POST /wd/hub/session/b860abcc-ccfd-42fc-8e66-fb8fc05b7975/timeouts [39m[32m200[39m [90m2 ms - 14[39m
[35m[HTTP][39m [90m[39m
[35m[HTTP][39m [37m-->[39m [37mPOST[39m [37m/wd/hub/session/b860abcc-ccfd-42fc-8e66-fb8fc05b7975/touch/perform[39m
[35m[HTTP][39m [90m{"actions":[{"action":"tap","options":{"x":1,"y":1,"element":"00000000-0000-09be-ffff-ffff00000100"}},{"action":"release","options":{}}]}[39m
[35m[UiAutomator2][39m calling get location: 00000000-0000-09be-ffff-ffff00000100
[35m[HTTP][39m [37m<-- POST /wd/hub/session/b860abcc-ccfd-42fc-8e66-fb8fc05b7975/touch/perform [39m[32m200[39m [90m261 ms - 14[39m
[35m[HTTP][39m [90m[39m
[35m[HTTP][39m [37m-->[39m [37mGET[39m [37m/wd/hub/session/b860abcc-ccfd-42fc-8e66-fb8fc05b7975/context[39m
[35m[HTTP][39m [90m{}[39m
[35m[HTTP][39m [37m<-- GET /wd/hub/session/b860abcc-ccfd-42fc-8e66-fb8fc05b7975/context [39m[32m200[39m [90m2 ms - 22[39m
[35m[HTTP][39m [90m[39m
[35m[HTTP][39m [37m-->[39m [37mGET[39m [37m/wd/hub/session/b860abcc-ccfd-42fc-8e66-fb8fc05b7975/contexts[39m
[35m[HTTP][39m [90m{}[39m
[35m[HTTP][39m [37m<-- GET /wd/hub/session/b860abcc-ccfd-42fc-8e66-fb8fc05b7975/contexts [39m[32m200[39m [90m117 ms - 24[39m
[35m[HTTP][39m [90m[39m
[35m[HTTP][39m [37m-->[39m [37mPOST[39m [37m/wd/hub/session/b860abcc-ccfd-42fc-8e66-fb8fc05b7975/context[39m
[35m[HTTP][39m [90m{"name":"NATIVE_APP"}[39m
[35m[HTTP][39m [37m<-- POST /wd/hub/session/b860abcc-ccfd-42fc-8e66-fb8fc05b7975/context [39m[32m200[39m [90m1 ms - 14[39m
[35m[HTTP][39m [90m[39m
[35m[HTTP][39m [37m-->[39m [37mGET[39m [37m/wd/hub/session/b860abcc-ccfd-42fc-8e66-fb8fc05b7975/window/rect[39m
[35m[HTTP][39m [90m{}[39m
[35m[HTTP][39m [37m<-- GET /wd/hub/session/b860abcc-ccfd-42fc-8e66-fb8fc05b7975/window/rect [39m[32m200[39m [90m30 ms - 50[39m
[35m[HTTP][39m [90m[39m
[35m[HTTP][39m [37m-->[39m [37mPOST[39m [37m/wd/hub/session/b860abcc-ccfd-42fc-8e66-fb8fc05b7975/execute/sync[39m
[35m[HTTP][39m [90m{"script":"mobile: viewportScreenshot","args":[]}[39m
[35m[AndroidDriver][39m Executing native command 'mobile: viewportScreenshot'
[35m[HTTP][39m [37m<-- POST /wd/hub/session/b860abcc-ccfd-42fc-8e66-fb8fc05b7975/execute/sync [39m[32m200[39m [90m2556 ms - 362272[39m
[35m[HTTP][39m [90m[39m
[35m[HTTP][39m [37m-->[39m [37mPOST[39m [37m/wd/hub/session/b860abcc-ccfd-42fc-8e66-fb8fc05b7975/context[39m
[35m[HTTP][39m [90m{"name":"NATIVE_APP"}[39m
[35m[HTTP][39m [37m<-- POST /wd/hub/session/b860abcc-ccfd-42fc-8e66-fb8fc05b7975/context [39m[32m200[39m [90m2 ms - 14[39m
[35m[HTTP][39m [90m[39m
[35m[HTTP][39m [37m-->[39m [37mGET[39m [37m/wd/hub/session/b860abcc-ccfd-42fc-8e66-fb8fc05b7975/context[39m
[35m[HTTP][39m [90m{}[39m
[35m[HTTP][39m [37m<-- GET /wd/hub/session/b860abcc-ccfd-42fc-8e66-fb8fc05b7975/context [39m[32m200[39m [90m2 ms - 22[39m
[35m[HTTP][39m [90m[39m
[35m[HTTP][39m [37m-->[39m [37mGET[39m [37m/wd/hub/session/b860abcc-ccfd-42fc-8e66-fb8fc05b7975/contexts[39m
[35m[HTTP][39m [90m{}[39m
[35m[HTTP][39m [37m<-- GET /wd/hub/session/b860abcc-ccfd-42fc-8e66-fb8fc05b7975/contexts [39m[32m200[39m [90m122 ms - 24[39m
[35m[HTTP][39m [90m[39m
[35m[HTTP][39m [37m-->[39m [37mPOST[39m [37m/wd/hub/session/b860abcc-ccfd-42fc-8e66-fb8fc05b7975/context[39m
[35m[HTTP][39m [90m{"name":"NATIVE_APP"}[39m
[35m[HTTP][39m [37m<-- POST /wd/hub/session/b860abcc-ccfd-42fc-8e66-fb8fc05b7975/context [39m[32m200[39m [90m1 ms - 14[39m
[35m[HTTP][39m [90m[39m
[35m[HTTP][39m [37m-->[39m [37mPOST[39m [37m/wd/hub/session/b860abcc-ccfd-42fc-8e66-fb8fc05b7975/element[39m
[35m[HTTP][39m [90m{"using":"-android uiautomator","value":"new UiScrollable(new UiSelector().scrollable(true).instance(0)).scrollIntoView(new UiSelector().textContains(\"Surat Kendaraan\"))"}[39m
[35m[HTTP][39m [37m<-- POST /wd/hub/session/b860abcc-ccfd-42fc-8e66-fb8fc05b7975/element [39m[32m200[39m [90m5482 ms - 137[39m
[35m[HTTP][39m [90m[39m
[35m[HTTP][39m [37m-->[39m [37mPOST[39m [37m/wd/hub/session/b860abcc-ccfd-42fc-8e66-fb8fc05b7975/context[39m
[35m[HTTP][39m [90m{"name":"NATIVE_APP"}[39m
[35m[HTTP][39m [37m<-- POST /wd/hub/session/b860abcc-ccfd-42fc-8e66-fb8fc05b7975/context [39m[32m200[39m [90m2 ms - 14[39m
[35m[HTTP][39m [90m[39m
[35m[HTTP][39m [37m-->[39m [37mGET[39m [37m/wd/hub/session/b860abcc-ccfd-42fc-8e66-fb8fc05b7975/context[39m
[35m[HTTP][39m [90m{}[39m
[35m[HTTP][39m [37m<-- GET /wd/hub/session/b860abcc-ccfd-42fc-8e66-fb8fc05b7975/context [39m[32m200[39m [90m1 ms - 22[39m
[35m[HTTP][39m [90m[39m
[35m[HTTP][39m [37m-->[39m [37mGET[39m [37m/wd/hub/session/b860abcc-ccfd-42fc-8e66-fb8fc05b7975/contexts[39m
[35m[HTTP][39m [90m{}[39m
[35m[HTTP][39m [37m<-- GET /wd/hub/session/b860abcc-ccfd-42fc-8e66-fb8fc05b7975/contexts [39m[32m200[39m [90m106 ms - 24[39m
[35m[HTTP][39m [90m[39m
[35m[HTTP][39m [37m-->[39m [37mPOST[39m [37m/wd/hub/session/b860abcc-ccfd-42fc-8e66-fb8fc05b7975/context[39m
[35m[HTTP][39m [90m{"name":"NATIVE_APP"}[39m
[35m[HTTP][39m [37m<-- POST /wd/hub/session/b860abcc-ccfd-42fc-8e66-fb8fc05b7975/context [39m[32m200[39m [90m1 ms - 14[39m
[35m[HTTP][39m [90m[39m
[35m[HTTP][39m [37m-->[39m [37mGET[39m [37m/wd/hub/session/b860abcc-ccfd-42fc-8e66-fb8fc05b7975/window/rect[39m
[35m[HTTP][39m [90m{}[39m
[35m[HTTP][39m [37m<-- GET /wd/hub/session/b860abcc-ccfd-42fc-8e66-fb8fc05b7975/window/rect [39m[32m200[39m [90m33 ms - 50[39m
[35m[HTTP][39m [90m[39m
[35m[HTTP][39m [37m-->[39m [37mPOST[39m [37m/wd/hub/session/b860abcc-ccfd-42fc-8e66-fb8fc05b7975/execute/sync[39m
[35m[HTTP][39m [90m{"script":"mobile: viewportScreenshot","args":[]}[39m
[35m[AndroidDriver][39m Executing native command 'mobile: viewportScreenshot'
[35m[HTTP][39m [37m<-- POST /wd/hub/session/b860abcc-ccfd-42fc-8e66-fb8fc05b7975/execute/sync [39m[32m200[39m [90m1316 ms - 305944[39m
[35m[HTTP][39m [90m[39m
[35m[HTTP][39m [37m-->[39m [37mPOST[39m [37m/wd/hub/session/b860abcc-ccfd-42fc-8e66-fb8fc05b7975/context[39m
[35m[HTTP][39m [90m{"name":"NATIVE_APP"}[39m
[35m[HTTP][39m [37m<-- POST /wd/hub/session/b860abcc-ccfd-42fc-8e66-fb8fc05b7975/context [39m[32m200[39m [90m1 ms - 14[39m
[35m[HTTP][39m [90m[39m
[35m[HTTP][39m [37m-->[39m [37mPOST[39m [37m/wd/hub/session/b860abcc-ccfd-42fc-8e66-fb8fc05b7975/timeouts[39m
[35m[HTTP][39m [90m{"implicit":50}[39m
[35m[HTTP][39m [37m<-- POST /wd/hub/session/b860abcc-ccfd-42fc-8e66-fb8fc05b7975/timeouts [39m[32m200[39m [90m2 ms - 14[39m
[35m[HTTP][39m [90m[39m
[35m[HTTP][39m [37m-->[39m [37mGET[39m [37m/wd/hub/session/b860abcc-ccfd-42fc-8e66-fb8fc05b7975/window/rect[39m
[35m[HTTP][39m [90m{}[39m
[35m[HTTP][39m [37m<-- GET /wd/hub/session/b860abcc-ccfd-42fc-8e66-fb8fc05b7975/window/rect [39m[32m200[39m [90m44 ms - 50[39m
[35m[HTTP][39m [90m[39m
[35m[HTTP][39m [37m-->[39m [37mPOST[39m [37m/wd/hub/session/b860abcc-ccfd-42fc-8e66-fb8fc05b7975/elements[39m
[35m[HTTP][39m [90m{"using":"xpath","value":"//*[@class = 'android.widget.TextView' and (@text = 'Surat Kendaraan' or . = 'Surat Kendaraan') and @resource-id = 'com.bcaf.mobilesurvey:id/showhide_surat']"}[39m
[35m[HTTP][39m [37m<-- POST /wd/hub/session/b860abcc-ccfd-42fc-8e66-fb8fc05b7975/elements [39m[32m200[39m [90m718 ms - 139[39m
[35m[HTTP][39m [90m[39m
[35m[HTTP][39m [37m-->[39m [37mGET[39m [37m/wd/hub/session/b860abcc-ccfd-42fc-8e66-fb8fc05b7975/element/00000000-0000-09be-ffff-ffff00000203/location[39m
[35m[HTTP][39m [90m{}[39m
[35m[W3C (b860abcc)][39m Driver proxy active, passing request on via HTTP proxy
[35m[WD Proxy][39m Replacing sessionId fc8f5c2c-1687-4765-afd4-b3e51d6b621c with b860abcc-ccfd-42fc-8e66-fb8fc05b7975
[35m[HTTP][39m [37m<-- GET /wd/hub/session/b860abcc-ccfd-42fc-8e66-fb8fc05b7975/element/00000000-0000-09be-ffff-ffff00000203/location [39m[32m200[39m [90m37 ms - 78[39m
[35m[HTTP][39m [90m[39m
[35m[HTTP][39m [37m-->[39m [37mPOST[39m [37m/wd/hub/session/b860abcc-ccfd-42fc-8e66-fb8fc05b7975/timeouts[39m
[35m[HTTP][39m [90m{"implicit":30000}[39m
[35m[HTTP][39m [37m<-- POST /wd/hub/session/b860abcc-ccfd-42fc-8e66-fb8fc05b7975/timeouts [39m[32m200[39m [90m1 ms - 14[39m
[35m[HTTP][39m [90m[39m
[35m[HTTP][39m [37m-->[39m [37mPOST[39m [37m/wd/hub/session/b860abcc-ccfd-42fc-8e66-fb8fc05b7975/touch/perform[39m
[35m[HTTP][39m [90m{"actions":[{"action":"tap","options":{"x":1,"y":1,"element":"00000000-0000-09be-ffff-ffff00000203"}},{"action":"release","options":{}}]}[39m
[35m[UiAutomator2][39m calling get location: 00000000-0000-09be-ffff-ffff00000203
[35m[HTTP][39m [37m<-- POST /wd/hub/session/b860abcc-ccfd-42fc-8e66-fb8fc05b7975/touch/perform [39m[32m200[39m [90m279 ms - 14[39m
[35m[HTTP][39m [90m[39m
[35m[HTTP][39m [37m-->[39m [37mGET[39m [37m/wd/hub/session/b860abcc-ccfd-42fc-8e66-fb8fc05b7975/context[39m
[35m[HTTP][39m [90m{}[39m
[35m[HTTP][39m [37m<-- GET /wd/hub/session/b860abcc-ccfd-42fc-8e66-fb8fc05b7975/context [39m[32m200[39m [90m2 ms - 22[39m
[35m[HTTP][39m [90m[39m
[35m[HTTP][39m [37m-->[39m [37mGET[39m [37m/wd/hub/session/b860abcc-ccfd-42fc-8e66-fb8fc05b7975/contexts[39m
[35m[HTTP][39m [90m{}[39m
[35m[HTTP][39m [37m<-- GET /wd/hub/session/b860abcc-ccfd-42fc-8e66-fb8fc05b7975/contexts [39m[32m200[39m [90m145 ms - 24[39m
[35m[HTTP][39m [90m[39m
[35m[HTTP][39m [37m-->[39m [37mPOST[39m [37m/wd/hub/session/b860abcc-ccfd-42fc-8e66-fb8fc05b7975/context[39m
[35m[HTTP][39m [90m{"name":"NATIVE_APP"}[39m
[35m[HTTP][39m [37m<-- POST /wd/hub/session/b860abcc-ccfd-42fc-8e66-fb8fc05b7975/context [39m[32m200[39m [90m1 ms - 14[39m
[35m[HTTP][39m [90m[39m
[35m[HTTP][39m [37m-->[39m [37mGET[39m [37m/wd/hub/session/b860abcc-ccfd-42fc-8e66-fb8fc05b7975/window/rect[39m
[35m[HTTP][39m [90m{}[39m
[35m[HTTP][39m [37m<-- GET /wd/hub/session/b860abcc-ccfd-42fc-8e66-fb8fc05b7975/window/rect [39m[32m200[39m [90m41 ms - 50[39m
[35m[HTTP][39m [90m[39m
[35m[HTTP][39m [37m-->[39m [37mPOST[39m [37m/wd/hub/session/b860abcc-ccfd-42fc-8e66-fb8fc05b7975/execute/sync[39m
[35m[HTTP][39m [90m{"script":"mobile: viewportScreenshot","args":[]}[39m
[35m[AndroidDriver][39m Executing native command 'mobile: viewportScreenshot'
[35m[HTTP][39m [37m<-- POST /wd/hub/session/b860abcc-ccfd-42fc-8e66-fb8fc05b7975/execute/sync [39m[32m200[39m [90m1343 ms - 355296[39m
[35m[HTTP][39m [90m[39m
[35m[HTTP][39m [37m-->[39m [37mPOST[39m [37m/wd/hub/session/b860abcc-ccfd-42fc-8e66-fb8fc05b7975/context[39m
[35m[HTTP][39m [90m{"name":"NATIVE_APP"}[39m
[35m[HTTP][39m [37m<-- POST /wd/hub/session/b860abcc-ccfd-42fc-8e66-fb8fc05b7975/context [39m[32m200[39m [90m2 ms - 14[39m
[35m[HTTP][39m [90m[39m
[35m[HTTP][39m [37m-->[39m [37mPOST[39m [37m/wd/hub/session/b860abcc-ccfd-42fc-8e66-fb8fc05b7975/timeouts[39m
[35m[HTTP][39m [90m{"implicit":50}[39m
[35m[HTTP][39m [37m<-- POST /wd/hub/session/b860abcc-ccfd-42fc-8e66-fb8fc05b7975/timeouts [39m[32m200[39m [90m3 ms - 14[39m
[35m[HTTP][39m [90m[39m
[35m[HTTP][39m [37m-->[39m [37mGET[39m [37m/wd/hub/session/b860abcc-ccfd-42fc-8e66-fb8fc05b7975/window/rect[39m
[35m[HTTP][39m [90m{}[39m
[35m[HTTP][39m [37m<-- GET /wd/hub/session/b860abcc-ccfd-42fc-8e66-fb8fc05b7975/window/rect [39m[32m200[39m [90m44 ms - 50[39m
[35m[HTTP][39m [90m[39m
[35m[HTTP][39m [37m-->[39m [37mPOST[39m [37m/wd/hub/session/b860abcc-ccfd-42fc-8e66-fb8fc05b7975/elements[39m
[35m[HTTP][39m [90m{"using":"xpath","value":"//*[@class = 'android.widget.TextView' and (@text = 'Kondisi Kendaraan' or . = 'Kondisi Kendaraan') and @resource-id = 'com.bcaf.mobilesurvey:id/showhide_kondisi']"}[39m
[35m[HTTP][39m [37m<-- POST /wd/hub/session/b860abcc-ccfd-42fc-8e66-fb8fc05b7975/elements [39m[32m200[39m [90m746 ms - 139[39m
[35m[HTTP][39m [90m[39m
[35m[HTTP][39m [37m-->[39m [37mGET[39m [37m/wd/hub/session/b860abcc-ccfd-42fc-8e66-fb8fc05b7975/element/00000000-0000-09be-ffff-ffff00000205/location[39m
[35m[HTTP][39m [90m{}[39m
[35m[W3C (b860abcc)][39m Driver proxy active, passing request on via HTTP proxy
[35m[WD Proxy][39m Replacing sessionId fc8f5c2c-1687-4765-afd4-b3e51d6b621c with b860abcc-ccfd-42fc-8e66-fb8fc05b7975
[35m[HTTP][39m [37m<-- GET /wd/hub/session/b860abcc-ccfd-42fc-8e66-fb8fc05b7975/element/00000000-0000-09be-ffff-ffff00000205/location [39m[32m200[39m [90m39 ms - 78[39m
[35m[HTTP][39m [90m[39m
[35m[HTTP][39m [37m-->[39m [37mPOST[39m [37m/wd/hub/session/b860abcc-ccfd-42fc-8e66-fb8fc05b7975/timeouts[39m
[35m[HTTP][39m [90m{"implicit":30000}[39m
[35m[HTTP][39m [37m<-- POST /wd/hub/session/b860abcc-ccfd-42fc-8e66-fb8fc05b7975/timeouts [39m[32m200[39m [90m1 ms - 14[39m
[35m[HTTP][39m [90m[39m
[35m[HTTP][39m [37m-->[39m [37mPOST[39m [37m/wd/hub/session/b860abcc-ccfd-42fc-8e66-fb8fc05b7975/touch/perform[39m
[35m[HTTP][39m [90m{"actions":[{"action":"tap","options":{"x":1,"y":1,"element":"00000000-0000-09be-ffff-ffff00000205"}},{"action":"release","options":{}}]}[39m
[35m[UiAutomator2][39m calling get location: 00000000-0000-09be-ffff-ffff00000205
[35m[HTTP][39m [37m<-- POST /wd/hub/session/b860abcc-ccfd-42fc-8e66-fb8fc05b7975/touch/perform [39m[32m200[39m [90m872 ms - 14[39m
[35m[HTTP][39m [90m[39m
[35m[HTTP][39m [37m-->[39m [37mGET[39m [37m/wd/hub/session/b860abcc-ccfd-42fc-8e66-fb8fc05b7975/context[39m
[35m[HTTP][39m [90m{}[39m
[35m[HTTP][39m [37m<-- GET /wd/hub/session/b860abcc-ccfd-42fc-8e66-fb8fc05b7975/context [39m[32m200[39m [90m1 ms - 22[39m
[35m[HTTP][39m [90m[39m
[35m[HTTP][39m [37m-->[39m [37mGET[39m [37m/wd/hub/session/b860abcc-ccfd-42fc-8e66-fb8fc05b7975/contexts[39m
[35m[HTTP][39m [90m{}[39m
[35m[HTTP][39m [37m<-- GET /wd/hub/session/b860abcc-ccfd-42fc-8e66-fb8fc05b7975/contexts [39m[32m200[39m [90m115 ms - 24[39m
[35m[HTTP][39m [90m[39m
[35m[HTTP][39m [37m-->[39m [37mPOST[39m [37m/wd/hub/session/b860abcc-ccfd-42fc-8e66-fb8fc05b7975/context[39m
[35m[HTTP][39m [90m{"name":"NATIVE_APP"}[39m
[35m[HTTP][39m [37m<-- POST /wd/hub/session/b860abcc-ccfd-42fc-8e66-fb8fc05b7975/context [39m[32m200[39m [90m2 ms - 14[39m
[35m[HTTP][39m [90m[39m
[35m[HTTP][39m [37m-->[39m [37mGET[39m [37m/wd/hub/session/b860abcc-ccfd-42fc-8e66-fb8fc05b7975/window/rect[39m
[35m[HTTP][39m [90m{}[39m
[35m[HTTP][39m [37m<-- GET /wd/hub/session/b860abcc-ccfd-42fc-8e66-fb8fc05b7975/window/rect [39m[32m200[39m [90m37 ms - 50[39m
[35m[HTTP][39m [90m[39m
[35m[HTTP][39m [37m-->[39m [37mPOST[39m [37m/wd/hub/session/b860abcc-ccfd-42fc-8e66-fb8fc05b7975/execute/sync[39m
[35m[HTTP][39m [90m{"script":"mobile: viewportScreenshot","args":[]}[39m
[35m[AndroidDriver][39m Executing native command 'mobile: viewportScreenshot'
[35m[HTTP][39m [37m<-- POST /wd/hub/session/b860abcc-ccfd-42fc-8e66-fb8fc05b7975/execute/sync [39m[32m200[39m [90m1367 ms - 380488[39m
[35m[HTTP][39m [90m[39m
[35m[HTTP][39m [37m-->[39m [37mPOST[39m [37m/wd/hub/session/b860abcc-ccfd-42fc-8e66-fb8fc05b7975/context[39m
[35m[HTTP][39m [90m{"name":"NATIVE_APP"}[39m
[35m[HTTP][39m [37m<-- POST /wd/hub/session/b860abcc-ccfd-42fc-8e66-fb8fc05b7975/context [39m[32m200[39m [90m1 ms - 14[39m
[35m[HTTP][39m [90m[39m
[35m[HTTP][39m [37m-->[39m [37mGET[39m [37m/wd/hub/session/b860abcc-ccfd-42fc-8e66-fb8fc05b7975/context[39m
[35m[HTTP][39m [90m{}[39m
[35m[HTTP][39m [37m<-- GET /wd/hub/session/b860abcc-ccfd-42fc-8e66-fb8fc05b7975/context [39m[32m200[39m [90m1 ms - 22[39m
[35m[HTTP][39m [90m[39m
[35m[HTTP][39m [37m-->[39m [37mGET[39m [37m/wd/hub/session/b860abcc-ccfd-42fc-8e66-fb8fc05b7975/contexts[39m
[35m[HTTP][39m [90m{}[39m
[35m[HTTP][39m [37m<-- GET /wd/hub/session/b860abcc-ccfd-42fc-8e66-fb8fc05b7975/contexts [39m[32m200[39m [90m143 ms - 24[39m
[35m[HTTP][39m [90m[39m
[35m[HTTP][39m [37m-->[39m [37mPOST[39m [37m/wd/hub/session/b860abcc-ccfd-42fc-8e66-fb8fc05b7975/context[39m
[35m[HTTP][39m [90m{"name":"NATIVE_APP"}[39m
[35m[HTTP][39m [37m<-- POST /wd/hub/session/b860abcc-ccfd-42fc-8e66-fb8fc05b7975/context [39m[32m200[39m [90m1 ms - 14[39m
[35m[HTTP][39m [90m[39m
[35m[HTTP][39m [37m-->[39m [37mPOST[39m [37m/wd/hub/session/b860abcc-ccfd-42fc-8e66-fb8fc05b7975/element[39m
[35m[HTTP][39m [90m{"using":"-android uiautomator","value":"new UiScrollable(new UiSelector().scrollable(true).instance(0)).scrollIntoView(new UiSelector().textContains(\"Wiper\"))"}[39m
[35m[HTTP][39m [37m<-- POST /wd/hub/session/b860abcc-ccfd-42fc-8e66-fb8fc05b7975/element [39m[32m200[39m [90m8516 ms - 137[39m
[35m[HTTP][39m [90m[39m
[35m[HTTP][39m [37m-->[39m [37mPOST[39m [37m/wd/hub/session/b860abcc-ccfd-42fc-8e66-fb8fc05b7975/context[39m
[35m[HTTP][39m [90m{"name":"NATIVE_APP"}[39m
[35m[HTTP][39m [37m<-- POST /wd/hub/session/b860abcc-ccfd-42fc-8e66-fb8fc05b7975/context [39m[32m200[39m [90m1 ms - 14[39m
[35m[HTTP][39m [90m[39m
[35m[HTTP][39m [37m-->[39m [37mPOST[39m [37m/wd/hub/session/b860abcc-ccfd-42fc-8e66-fb8fc05b7975/timeouts[39m
[35m[HTTP][39m [90m{"implicit":50}[39m
[35m[HTTP][39m [37m<-- POST /wd/hub/session/b860abcc-ccfd-42fc-8e66-fb8fc05b7975/timeouts [39m[32m200[39m [90m1 ms - 14[39m
[35m[HTTP][39m [90m[39m
[35m[HTTP][39m [37m-->[39m [37mGET[39m [37m/wd/hub/session/b860abcc-ccfd-42fc-8e66-fb8fc05b7975/window/rect[39m
[35m[HTTP][39m [90m{}[39m
[35m[HTTP][39m [37m<-- GET /wd/hub/session/b860abcc-ccfd-42fc-8e66-fb8fc05b7975/window/rect [39m[32m200[39m [90m19 ms - 50[39m
[35m[HTTP][39m [90m[39m
[35m[HTTP][39m [37m-->[39m [37mPOST[39m [37m/wd/hub/session/b860abcc-ccfd-42fc-8e66-fb8fc05b7975/elements[39m
[35m[HTTP][39m [90m{"using":"xpath","value":"//*[@class = 'android.widget.TextView' and (@text = 'Foto Mobil' or . = 'Foto Mobil') and @resource-id = 'com.bcaf.mobilesurvey:id/showhide_foto']"}[39m
[35m[HTTP][39m [37m<-- POST /wd/hub/session/b860abcc-ccfd-42fc-8e66-fb8fc05b7975/elements [39m[32m200[39m [90m955 ms - 12[39m
[35m[HTTP][39m [90m[39m
[35m[HTTP][39m [37m-->[39m [37mPOST[39m [37m/wd/hub/session/b860abcc-ccfd-42fc-8e66-fb8fc05b7975/elements[39m
[35m[HTTP][39m [90m{"using":"xpath","value":"//*[@class = 'android.widget.TextView' and (@text = 'Foto Mobil' or . = 'Foto Mobil') and @resource-id = 'com.bcaf.mobilesurvey:id/showhide_foto']"}[39m
[35m[HTTP][39m [37m<-- POST /wd/hub/session/b860abcc-ccfd-42fc-8e66-fb8fc05b7975/elements [39m[32m200[39m [90m813 ms - 12[39m
[35m[HTTP][39m [90m[39m
[35m[HTTP][39m [37m-->[39m [37mPOST[39m [37m/wd/hub/session/b860abcc-ccfd-42fc-8e66-fb8fc05b7975/elements[39m
[35m[HTTP][39m [90m{"using":"xpath","value":"//*[@class = 'android.widget.TextView' and (@text = 'Foto Mobil' or . = 'Foto Mobil') and @resource-id = 'com.bcaf.mobilesurvey:id/showhide_foto']"}[39m
[35m[HTTP][39m [37m<-- POST /wd/hub/session/b860abcc-ccfd-42fc-8e66-fb8fc05b7975/elements [39m[32m200[39m [90m1788 ms - 139[39m
[35m[HTTP][39m [90m[39m
[35m[HTTP][39m [37m-->[39m [37mGET[39m [37m/wd/hub/session/b860abcc-ccfd-42fc-8e66-fb8fc05b7975/element/00000000-0000-09be-ffff-ffff00000225/location[39m
[35m[HTTP][39m [90m{}[39m
[35m[W3C (b860abcc)][39m Driver proxy active, passing request on via HTTP proxy
[35m[WD Proxy][39m Replacing sessionId fc8f5c2c-1687-4765-afd4-b3e51d6b621c with b860abcc-ccfd-42fc-8e66-fb8fc05b7975
[35m[HTTP][39m [37m<-- GET /wd/hub/session/b860abcc-ccfd-42fc-8e66-fb8fc05b7975/element/00000000-0000-09be-ffff-ffff00000225/location [39m[32m200[39m [90m38 ms - 78[39m
[35m[HTTP][39m [90m[39m
[35m[HTTP][39m [37m-->[39m [37mPOST[39m [37m/wd/hub/session/b860abcc-ccfd-42fc-8e66-fb8fc05b7975/timeouts[39m
[35m[HTTP][39m [90m{"implicit":30000}[39m
[35m[HTTP][39m [37m<-- POST /wd/hub/session/b860abcc-ccfd-42fc-8e66-fb8fc05b7975/timeouts [39m[32m200[39m [90m2 ms - 14[39m
[35m[HTTP][39m [90m[39m
[35m[HTTP][39m [37m-->[39m [37mPOST[39m [37m/wd/hub/session/b860abcc-ccfd-42fc-8e66-fb8fc05b7975/touch/perform[39m
[35m[HTTP][39m [90m{"actions":[{"action":"tap","options":{"x":1,"y":1,"element":"00000000-0000-09be-ffff-ffff00000225"}},{"action":"release","options":{}}]}[39m
[35m[UiAutomator2][39m calling get location: 00000000-0000-09be-ffff-ffff00000225
[35m[HTTP][39m [37m<-- POST /wd/hub/session/b860abcc-ccfd-42fc-8e66-fb8fc05b7975/touch/perform [39m[32m200[39m [90m1318 ms - 14[39m
[35m[HTTP][39m [90m[39m
[35m[HTTP][39m [37m-->[39m [37mGET[39m [37m/wd/hub/session/b860abcc-ccfd-42fc-8e66-fb8fc05b7975/context[39m
[35m[HTTP][39m [90m{}[39m
[35m[HTTP][39m [37m<-- GET /wd/hub/session/b860abcc-ccfd-42fc-8e66-fb8fc05b7975/context [39m[32m200[39m [90m2 ms - 22[39m
[35m[HTTP][39m [90m[39m
[35m[HTTP][39m [37m-->[39m [37mGET[39m [37m/wd/hub/session/b860abcc-ccfd-42fc-8e66-fb8fc05b7975/contexts[39m
[35m[HTTP][39m [90m{}[39m
[35m[HTTP][39m [37m<-- GET /wd/hub/session/b860abcc-ccfd-42fc-8e66-fb8fc05b7975/contexts [39m[32m200[39m [90m98 ms - 24[39m
[35m[HTTP][39m [90m[39m
[35m[HTTP][39m [37m-->[39m [37mPOST[39m [37m/wd/hub/session/b860abcc-ccfd-42fc-8e66-fb8fc05b7975/context[39m
[35m[HTTP][39m [90m{"name":"NATIVE_APP"}[39m
[35m[HTTP][39m [37m<-- POST /wd/hub/session/b860abcc-ccfd-42fc-8e66-fb8fc05b7975/context [39m[32m200[39m [90m1 ms - 14[39m
[35m[HTTP][39m [90m[39m
[35m[HTTP][39m [37m-->[39m [37mGET[39m [37m/wd/hub/session/b860abcc-ccfd-42fc-8e66-fb8fc05b7975/window/rect[39m
[35m[HTTP][39m [90m{}[39m
[35m[HTTP][39m [37m<-- GET /wd/hub/session/b860abcc-ccfd-42fc-8e66-fb8fc05b7975/window/rect [39m[32m200[39m [90m30 ms - 50[39m
[35m[HTTP][39m [90m[39m
[35m[HTTP][39m [37m-->[39m [37mPOST[39m [37m/wd/hub/session/b860abcc-ccfd-42fc-8e66-fb8fc05b7975/execute/sync[39m
[35m[HTTP][39m [90m{"script":"mobile: viewportScreenshot","args":[]}[39m
[35m[AndroidDriver][39m Executing native command 'mobile: viewportScreenshot'
[35m[HTTP][39m [37m<-- POST /wd/hub/session/b860abcc-ccfd-42fc-8e66-fb8fc05b7975/execute/sync [39m[32m200[39m [90m2179 ms - 1936240[39m
[35m[HTTP][39m [90m[39m
[35m[HTTP][39m [37m-->[39m [37mPOST[39m [37m/wd/hub/session/b860abcc-ccfd-42fc-8e66-fb8fc05b7975/context[39m
[35m[HTTP][39m [90m{"name":"NATIVE_APP"}[39m
[35m[HTTP][39m [37m<-- POST /wd/hub/session/b860abcc-ccfd-42fc-8e66-fb8fc05b7975/context [39m[32m200[39m [90m2 ms - 14[39m
[35m[HTTP][39m [90m[39m
[35m[HTTP][39m [37m-->[39m [37mGET[39m [37m/wd/hub/session/b860abcc-ccfd-42fc-8e66-fb8fc05b7975/context[39m
[35m[HTTP][39m [90m{}[39m
[35m[HTTP][39m [37m<-- GET /wd/hub/session/b860abcc-ccfd-42fc-8e66-fb8fc05b7975/context [39m[32m200[39m [90m2 ms - 22[39m
[35m[HTTP][39m [90m[39m
[35m[HTTP][39m [37m-->[39m [37mGET[39m [37m/wd/hub/session/b860abcc-ccfd-42fc-8e66-fb8fc05b7975/contexts[39m
[35m[HTTP][39m [90m{}[39m
[35m[HTTP][39m [37m<-- GET /wd/hub/session/b860abcc-ccfd-42fc-8e66-fb8fc05b7975/contexts [39m[32m200[39m [90m133 ms - 24[39m
[35m[HTTP][39m [90m[39m
[35m[HTTP][39m [37m-->[39m [37mPOST[39m [37m/wd/hub/session/b860abcc-ccfd-42fc-8e66-fb8fc05b7975/context[39m
[35m[HTTP][39m [90m{"name":"NATIVE_APP"}[39m
[35m[HTTP][39m [37m<-- POST /wd/hub/session/b860abcc-ccfd-42fc-8e66-fb8fc05b7975/context [39m[32m200[39m [90m1 ms - 14[39m
[35m[HTTP][39m [90m[39m
[35m[HTTP][39m [37m-->[39m [37mPOST[39m [37m/wd/hub/session/b860abcc-ccfd-42fc-8e66-fb8fc05b7975/element[39m
[35m[HTTP][39m [90m{"using":"-android uiautomator","value":"new UiScrollable(new UiSelector().scrollable(true).instance(0)).scrollIntoView(new UiSelector().textContains(\"Kiri Depan\"))"}[39m
[35m[HTTP][39m [37m<-- POST /wd/hub/session/b860abcc-ccfd-42fc-8e66-fb8fc05b7975/element [39m[32m200[39m [90m268 ms - 137[39m
[35m[HTTP][39m [90m[39m
[35m[HTTP][39m [37m-->[39m [37mPOST[39m [37m/wd/hub/session/b860abcc-ccfd-42fc-8e66-fb8fc05b7975/context[39m
[35m[HTTP][39m [90m{"name":"NATIVE_APP"}[39m
[35m[HTTP][39m [37m<-- POST /wd/hub/session/b860abcc-ccfd-42fc-8e66-fb8fc05b7975/context [39m[32m200[39m [90m1 ms - 14[39m
[35m[HTTP][39m [90m[39m
[35m[HTTP][39m [37m-->[39m [37mGET[39m [37m/wd/hub/session/b860abcc-ccfd-42fc-8e66-fb8fc05b7975/context[39m
[35m[HTTP][39m [90m{}[39m
[35m[HTTP][39m [37m<-- GET /wd/hub/session/b860abcc-ccfd-42fc-8e66-fb8fc05b7975/context [39m[32m200[39m [90m2 ms - 22[39m
[35m[HTTP][39m [90m[39m
[35m[HTTP][39m [37m-->[39m [37mGET[39m [37m/wd/hub/session/b860abcc-ccfd-42fc-8e66-fb8fc05b7975/contexts[39m
[35m[HTTP][39m [90m{}[39m
[35m[HTTP][39m [37m<-- GET /wd/hub/session/b860abcc-ccfd-42fc-8e66-fb8fc05b7975/contexts [39m[32m200[39m [90m100 ms - 24[39m
[35m[HTTP][39m [90m[39m
[35m[HTTP][39m [37m-->[39m [37mPOST[39m [37m/wd/hub/session/b860abcc-ccfd-42fc-8e66-fb8fc05b7975/context[39m
[35m[HTTP][39m [90m{"name":"NATIVE_APP"}[39m
[35m[HTTP][39m [37m<-- POST /wd/hub/session/b860abcc-ccfd-42fc-8e66-fb8fc05b7975/context [39m[32m200[39m [90m1 ms - 14[39m
[35m[HTTP][39m [90m[39m
[35m[HTTP][39m [37m-->[39m [37mGET[39m [37m/wd/hub/session/b860abcc-ccfd-42fc-8e66-fb8fc05b7975/window/rect[39m
[35m[HTTP][39m [90m{}[39m
[35m[HTTP][39m [37m<-- GET /wd/hub/session/b860abcc-ccfd-42fc-8e66-fb8fc05b7975/window/rect [39m[32m200[39m [90m29 ms - 50[39m
[35m[HTTP][39m [90m[39m
[35m[HTTP][39m [37m-->[39m [37mPOST[39m [37m/wd/hub/session/b860abcc-ccfd-42fc-8e66-fb8fc05b7975/execute/sync[39m
[35m[HTTP][39m [90m{"script":"mobile: viewportScreenshot","args":[]}[39m
[35m[AndroidDriver][39m Executing native command 'mobile: viewportScreenshot'
[35m[HTTP][39m [37m<-- POST /wd/hub/session/b860abcc-ccfd-42fc-8e66-fb8fc05b7975/execute/sync [39m[32m200[39m [90m2145 ms - 2033400[39m
[35m[HTTP][39m [90m[39m
[35m[HTTP][39m [37m-->[39m [37mPOST[39m [37m/wd/hub/session/b860abcc-ccfd-42fc-8e66-fb8fc05b7975/context[39m
[35m[HTTP][39m [90m{"name":"NATIVE_APP"}[39m
[35m[HTTP][39m [37m<-- POST /wd/hub/session/b860abcc-ccfd-42fc-8e66-fb8fc05b7975/context [39m[32m200[39m [90m1 ms - 14[39m
[35m[HTTP][39m [90m[39m
[35m[HTTP][39m [37m-->[39m [37mGET[39m [37m/wd/hub/session/b860abcc-ccfd-42fc-8e66-fb8fc05b7975/context[39m
[35m[HTTP][39m [90m{}[39m
[35m[HTTP][39m [37m<-- GET /wd/hub/session/b860abcc-ccfd-42fc-8e66-fb8fc05b7975/context [39m[32m200[39m [90m1 ms - 22[39m
[35m[HTTP][39m [90m[39m
[35m[HTTP][39m [37m-->[39m [37mGET[39m [37m/wd/hub/session/b860abcc-ccfd-42fc-8e66-fb8fc05b7975/contexts[39m
[35m[HTTP][39m [90m{}[39m
[35m[HTTP][39m [37m<-- GET /wd/hub/session/b860abcc-ccfd-42fc-8e66-fb8fc05b7975/contexts [39m[32m200[39m [90m117 ms - 24[39m
[35m[HTTP][39m [90m[39m
[35m[HTTP][39m [37m-->[39m [37mPOST[39m [37m/wd/hub/session/b860abcc-ccfd-42fc-8e66-fb8fc05b7975/context[39m
[35m[HTTP][39m [90m{"name":"NATIVE_APP"}[39m
[35m[HTTP][39m [37m<-- POST /wd/hub/session/b860abcc-ccfd-42fc-8e66-fb8fc05b7975/context [39m[32m200[39m [90m1 ms - 14[39m
[35m[HTTP][39m [90m[39m
[35m[HTTP][39m [37m-->[39m [37mPOST[39m [37m/wd/hub/session/b860abcc-ccfd-42fc-8e66-fb8fc05b7975/element[39m
[35m[HTTP][39m [90m{"using":"-android uiautomator","value":"new UiScrollable(new UiSelector().scrollable(true).instance(0)).scrollIntoView(new UiSelector().textContains(\"SUBMIT\"))"}[39m
[35m[HTTP][39m [37m<-- POST /wd/hub/session/b860abcc-ccfd-42fc-8e66-fb8fc05b7975/element [39m[32m200[39m [90m15985 ms - 137[39m
[35m[HTTP][39m [90m[39m
[35m[HTTP][39m [37m-->[39m [37mPOST[39m [37m/wd/hub/session/b860abcc-ccfd-42fc-8e66-fb8fc05b7975/context[39m
[35m[HTTP][39m [90m{"name":"NATIVE_APP"}[39m
[35m[HTTP][39m [37m<-- POST /wd/hub/session/b860abcc-ccfd-42fc-8e66-fb8fc05b7975/context [39m[32m200[39m [90m1 ms - 14[39m
[35m[HTTP][39m [90m[39m
[35m[HTTP][39m [37m-->[39m [37mPOST[39m [37m/wd/hub/session/b860abcc-ccfd-42fc-8e66-fb8fc05b7975/timeouts[39m
[35m[HTTP][39m [90m{"implicit":50}[39m
[35m[HTTP][39m [37m<-- POST /wd/hub/session/b860abcc-ccfd-42fc-8e66-fb8fc05b7975/timeouts [39m[32m200[39m [90m4 ms - 14[39m
[35m[HTTP][39m [90m[39m
[35m[HTTP][39m [37m-->[39m [37mGET[39m [37m/wd/hub/session/b860abcc-ccfd-42fc-8e66-fb8fc05b7975/window/rect[39m
[35m[HTTP][39m [90m{}[39m
[35m[HTTP][39m [37m<-- GET /wd/hub/session/b860abcc-ccfd-42fc-8e66-fb8fc05b7975/window/rect [39m[32m200[39m [90m42 ms - 50[39m
[35m[HTTP][39m [90m[39m
[35m[HTTP][39m [37m-->[39m [37mPOST[39m [37m/wd/hub/session/b860abcc-ccfd-42fc-8e66-fb8fc05b7975/elements[39m
[35m[HTTP][39m [90m{"using":"xpath","value":"//*[@class = 'android.widget.RadioButton' and (@text = 'Approved' or . = 'Approved') and @resource-id = 'com.bcaf.mobilesurvey:id/yes']"}[39m
[35m[HTTP][39m [37m<-- POST /wd/hub/session/b860abcc-ccfd-42fc-8e66-fb8fc05b7975/elements [39m[32m200[39m [90m372 ms - 139[39m
[35m[HTTP][39m [90m[39m
[35m[HTTP][39m [37m-->[39m [37mGET[39m [37m/wd/hub/session/b860abcc-ccfd-42fc-8e66-fb8fc05b7975/element/00000000-0000-09be-ffff-ffff0000022a/location[39m
[35m[HTTP][39m [90m{}[39m
[35m[W3C (b860abcc)][39m Driver proxy active, passing request on via HTTP proxy
[35m[WD Proxy][39m Replacing sessionId fc8f5c2c-1687-4765-afd4-b3e51d6b621c with b860abcc-ccfd-42fc-8e66-fb8fc05b7975
[35m[HTTP][39m [37m<-- GET /wd/hub/session/b860abcc-ccfd-42fc-8e66-fb8fc05b7975/element/00000000-0000-09be-ffff-ffff0000022a/location [39m[32m200[39m [90m38 ms - 78[39m
[35m[HTTP][39m [90m[39m
[35m[HTTP][39m [37m-->[39m [37mPOST[39m [37m/wd/hub/session/b860abcc-ccfd-42fc-8e66-fb8fc05b7975/timeouts[39m
[35m[HTTP][39m [90m{"implicit":30000}[39m
[35m[HTTP][39m [37m<-- POST /wd/hub/session/b860abcc-ccfd-42fc-8e66-fb8fc05b7975/timeouts [39m[32m200[39m [90m1 ms - 14[39m
[35m[HTTP][39m [90m[39m
[35m[HTTP][39m [37m-->[39m [37mPOST[39m [37m/wd/hub/session/b860abcc-ccfd-42fc-8e66-fb8fc05b7975/touch/perform[39m
[35m[HTTP][39m [90m{"actions":[{"action":"tap","options":{"x":1,"y":1,"element":"00000000-0000-09be-ffff-ffff0000022a"}},{"action":"release","options":{}}]}[39m
[35m[UiAutomator2][39m calling get location: 00000000-0000-09be-ffff-ffff0000022a
[35m[HTTP][39m [37m<-- POST /wd/hub/session/b860abcc-ccfd-42fc-8e66-fb8fc05b7975/touch/perform [39m[32m200[39m [90m298 ms - 14[39m
[35m[HTTP][39m [90m[39m
[35m[HTTP][39m [37m-->[39m [37mPOST[39m [37m/wd/hub/session/b860abcc-ccfd-42fc-8e66-fb8fc05b7975/timeouts[39m
[35m[HTTP][39m [90m{"implicit":50}[39m
[35m[HTTP][39m [37m<-- POST /wd/hub/session/b860abcc-ccfd-42fc-8e66-fb8fc05b7975/timeouts [39m[32m200[39m [90m1 ms - 14[39m
[35m[HTTP][39m [90m[39m
[35m[HTTP][39m [37m-->[39m [37mGET[39m [37m/wd/hub/session/b860abcc-ccfd-42fc-8e66-fb8fc05b7975/window/rect[39m
[35m[HTTP][39m [90m{}[39m
[35m[HTTP][39m [37m<-- GET /wd/hub/session/b860abcc-ccfd-42fc-8e66-fb8fc05b7975/window/rect [39m[32m200[39m [90m38 ms - 50[39m
[35m[HTTP][39m [90m[39m
[35m[HTTP][39m [37m-->[39m [37mPOST[39m [37m/wd/hub/session/b860abcc-ccfd-42fc-8e66-fb8fc05b7975/elements[39m
[35m[HTTP][39m [90m{"using":"xpath","value":"//*[@class = 'android.widget.EditText' and (@text = 'Komentar' or . = 'Komentar') and @resource-id = 'com.bcaf.mobilesurvey:id/komentar_ken']"}[39m
[35m[HTTP][39m [37m<-- POST /wd/hub/session/b860abcc-ccfd-42fc-8e66-fb8fc05b7975/elements [39m[32m200[39m [90m744 ms - 139[39m
[35m[HTTP][39m [90m[39m
[35m[HTTP][39m [37m-->[39m [37mGET[39m [37m/wd/hub/session/b860abcc-ccfd-42fc-8e66-fb8fc05b7975/element/00000000-0000-09be-ffff-ffff0000022f/location[39m
[35m[HTTP][39m [90m{}[39m
[35m[W3C (b860abcc)][39m Driver proxy active, passing request on via HTTP proxy
[35m[WD Proxy][39m Replacing sessionId fc8f5c2c-1687-4765-afd4-b3e51d6b621c with b860abcc-ccfd-42fc-8e66-fb8fc05b7975
[35m[HTTP][39m [37m<-- GET /wd/hub/session/b860abcc-ccfd-42fc-8e66-fb8fc05b7975/element/00000000-0000-09be-ffff-ffff0000022f/location [39m[32m200[39m [90m34 ms - 78[39m
[35m[HTTP][39m [90m[39m
[35m[HTTP][39m [37m-->[39m [37mPOST[39m [37m/wd/hub/session/b860abcc-ccfd-42fc-8e66-fb8fc05b7975/timeouts[39m
[35m[HTTP][39m [90m{"implicit":30000}[39m
[35m[HTTP][39m [37m<-- POST /wd/hub/session/b860abcc-ccfd-42fc-8e66-fb8fc05b7975/timeouts [39m[32m200[39m [90m1 ms - 14[39m
[35m[HTTP][39m [90m[39m
[35m[HTTP][39m [37m-->[39m [37mPOST[39m [37m/wd/hub/session/b860abcc-ccfd-42fc-8e66-fb8fc05b7975/element/00000000-0000-09be-ffff-ffff0000022f/clear[39m
[35m[HTTP][39m [90m{"id":"00000000-0000-09be-ffff-ffff0000022f"}[39m
[35m[HTTP][39m [37m<-- POST /wd/hub/session/b860abcc-ccfd-42fc-8e66-fb8fc05b7975/element/00000000-0000-09be-ffff-ffff0000022f/clear [39m[32m200[39m [90m60 ms - 14[39m
[35m[HTTP][39m [90m[39m
[35m[HTTP][39m [37m-->[39m [37mPOST[39m [37m/wd/hub/session/b860abcc-ccfd-42fc-8e66-fb8fc05b7975/element/00000000-0000-09be-ffff-ffff0000022f/value[39m
[35m[HTTP][39m [90m{"id":"00000000-0000-09be-ffff-ffff0000022f","text":"Status Survey 4 : Tidak Submit","value":["S","t","a","t","u","s"," ","S","u","r","v","e","y"," ","4"," ",":"," ","T","i","d","a","k"," ","S","u","b","m","i","t"]}[39m
[35m[HTTP][39m [37m<-- POST /wd/hub/session/b860abcc-ccfd-42fc-8e66-fb8fc05b7975/element/00000000-0000-09be-ffff-ffff0000022f/value [39m[32m200[39m [90m1062 ms - 14[39m
[35m[HTTP][39m [90m[39m
[35m[HTTP][39m [37m-->[39m [37mGET[39m [37m/wd/hub/session/b860abcc-ccfd-42fc-8e66-fb8fc05b7975/context[39m
[35m[HTTP][39m [90m{}[39m
[35m[HTTP][39m [37m<-- GET /wd/hub/session/b860abcc-ccfd-42fc-8e66-fb8fc05b7975/context [39m[32m200[39m [90m2 ms - 22[39m
[35m[HTTP][39m [90m[39m
[35m[HTTP][39m [37m-->[39m [37mGET[39m [37m/wd/hub/session/b860abcc-ccfd-42fc-8e66-fb8fc05b7975/contexts[39m
[35m[HTTP][39m [90m{}[39m
[35m[HTTP][39m [37m<-- GET /wd/hub/session/b860abcc-ccfd-42fc-8e66-fb8fc05b7975/contexts [39m[32m200[39m [90m110 ms - 24[39m
[35m[HTTP][39m [90m[39m
[35m[HTTP][39m [37m-->[39m [37mPOST[39m [37m/wd/hub/session/b860abcc-ccfd-42fc-8e66-fb8fc05b7975/context[39m
[35m[HTTP][39m [90m{"name":"NATIVE_APP"}[39m
[35m[HTTP][39m [37m<-- POST /wd/hub/session/b860abcc-ccfd-42fc-8e66-fb8fc05b7975/context [39m[32m200[39m [90m1 ms - 14[39m
[35m[HTTP][39m [90m[39m
[35m[HTTP][39m [37m-->[39m [37mGET[39m [37m/wd/hub/session/b860abcc-ccfd-42fc-8e66-fb8fc05b7975/window/rect[39m
[35m[HTTP][39m [90m{}[39m
[35m[HTTP][39m [37m<-- GET /wd/hub/session/b860abcc-ccfd-42fc-8e66-fb8fc05b7975/window/rect [39m[32m200[39m [90m28 ms - 50[39m
[35m[HTTP][39m [90m[39m
[35m[HTTP][39m [37m-->[39m [37mPOST[39m [37m/wd/hub/session/b860abcc-ccfd-42fc-8e66-fb8fc05b7975/execute/sync[39m
[35m[HTTP][39m [90m{"script":"mobile: viewportScreenshot","args":[]}[39m
[35m[AndroidDriver][39m Executing native command 'mobile: viewportScreenshot'
[35m[HTTP][39m [37m<-- POST /wd/hub/session/b860abcc-ccfd-42fc-8e66-fb8fc05b7975/execute/sync [39m[32m200[39m [90m2265 ms - 1710812[39m
[35m[HTTP][39m [90m[39m
[35m[HTTP][39m [37m-->[39m [37mPOST[39m [37m/wd/hub/session/b860abcc-ccfd-42fc-8e66-fb8fc05b7975/context[39m
[35m[HTTP][39m [90m{"name":"NATIVE_APP"}[39m
[35m[HTTP][39m [37m<-- POST /wd/hub/session/b860abcc-ccfd-42fc-8e66-fb8fc05b7975/context [39m[32m200[39m [90m3 ms - 14[39m
[35m[HTTP][39m [90m[39m
[35m[HTTP][39m [37m-->[39m [37mDELETE[39m [37m/wd/hub/session/b860abcc-ccfd-42fc-8e66-fb8fc05b7975[39m
[35m[HTTP][39m [90m{}[39m
[35m[Appium][39m Removing session b860abcc-ccfd-42fc-8e66-fb8fc05b7975 from our master session list
[35m[UiAutomator2][39m Restoring hidden api policy to the device default configuration
[35m[HTTP][39m [37m<-- DELETE /wd/hub/session/b860abcc-ccfd-42fc-8e66-fb8fc05b7975 [39m[32m200[39m [90m631 ms - 14[39m
[35m[HTTP][39m [90m[39m
