[35m[Appium][39m Welcome to Appium v1.22.2
[35m[Appium][39m Non-default server args:
[35m[Appium][39m   port: 61783
[35m[Appium][39m   loglevel: info
[35m[Appium][39m   tmpDir: C:\Users\NIAYUS~1\AppData\Local\Temp\\Katalon\Appium\Temp1645432695462
[35m[Appium][39m   chromedriverPort: 61784
[35m[Appium][39m Deprecated server args:
[35m[Appium][39m   [31m--chromedriver-port[39m => --default-capabilities
[35m[Appium][39m Default capabilities, which will be added to each request unless overridden by desired capabilities:
[35m[Appium][39m   chromedriverPort: 61784
[35m[Appium][39m Appium REST http interface listener started on 0.0.0.0:61783
[35m[HTTP][39m [37m-->[39m [37mGET[39m [37m/wd/hub/status[39m
[35m[HTTP][39m [90m{}[39m
[35m[HTTP][39m [37m<-- GET /wd/hub/status [39m[32m200[39m [90m7 ms - 68[39m
[35m[HTTP][39m [90m[39m
[35m[HTTP][39m [37m-->[39m [37mPOST[39m [37m/wd/hub/session[39m
[35m[HTTP][39m [90m{"desiredCapabilities":{"appActivity":".Settings","appPackage":"com.android.settings","newCommandTimeout":1800,"platformVersion":"11","automationName":"uiautomator2","autoGrantPermissions":true,"platformName":"Android","udid":"RR8N605F11Y","deviceName":"samsung SM-M315F (Android 11)","platform":"ANDROID","systemPort":8261},"capabilities":{"firstMatch":[{"appium:appActivity":".Settings","appium:appPackage":"com.android.settings","appium:autoGrantPermissions":true,"appium:automationName":"uiautomator2","appium:deviceName":"samsung SM-M315F (Android 11)","appium:newCommandTimeout":1800,"platform":"ANDROID","platformName":"android","appium:platformVersion":"11","appium:systemPort":8261,"appium:udid":"RR8N605F11Y"}]}}[39m
[35m[BaseDriver][39m The following capabilities are not standard capabilities and should have an extension prefix:
[35m[BaseDriver][39m   platform
[35m[BaseDriver][39m   chromedriverPort
[35m[Appium][39m Appium v1.22.2 creating new AndroidUiautomator2Driver (v1.70.1) session
[35m[BaseDriver][39m The following capabilities were provided, but are not recognized by Appium:
[35m[BaseDriver][39m   platform
[35m[BaseDriver][39m Session created with session id: f522f6c6-5ef0-4f2e-88f2-8de9eb29c4d8
[35m[UiAutomator2][39m Starting 'com.android.settings' directly on the device
[35m[ADB][39m Cannot sort build-tools folders ["29.0.3","android-8.1.0"] by semantic version names.
[35m[ADB][39m Falling back to sorting by modification date. Original error: Invalid Version: android-8.1.0
[35m[ADB][39m Found 2 'build-tools' folders under 'C:\Users\Nia Yusniati\.katalon\tools\android_sdk' (newest first):
[35m[ADB][39m     C:/Users/Nia Yusniati/.katalon/tools/android_sdk/build-tools/29.0.3
[35m[ADB][39m     C:/Users/Nia Yusniati/.katalon/tools/android_sdk/build-tools/android-8.1.0
[35m[ADB][39m Using 'adb.exe' from 'C:\Users\Nia Yusniati\.katalon\tools\android_sdk\platform-tools\adb.exe'
[35m[AndroidDriver][39m Retrieving device list
[35m[AndroidDriver][39m Using device: RR8N605F11Y
[35m[ADB][39m Using 'adb.exe' from 'C:\Users\Nia Yusniati\.katalon\tools\android_sdk\platform-tools\adb.exe'
[35m[ADB][39m Getting device platform version
[35m[UiAutomator2][39m Relaxing hidden api policy
[35m[AndroidDriver][39m No app sent in, not parsing package/activity
[35m[ADB][39m Using 'apksigner.jar' from 'C:\Users\Nia Yusniati\.katalon\tools\android_sdk\build-tools\29.0.3\lib\apksigner.jar'
[35m[ADB][39m 'C:\Users\Nia Yusniati\AppData\Roaming\npm\node_modules\appium\node_modules\appium-uiautomator2-server\apks\appium-uiautomator2-server-v4.27.0.apk' is signed with the default certificate
[35m[ADB][39m 'C:\Users\Nia Yusniati\AppData\Roaming\npm\node_modules\appium\node_modules\appium-uiautomator2-server\apks\appium-uiautomator2-server-debug-androidTest.apk' is signed with the default certificate
[35m[UiAutomator2][39m Server packages are not going to be (re)installed
[35m[ADB][39m Adding packages ["io.appium.settings","io.appium.uiautomator2.server","io.appium.uiautomator2.server.test"] to Doze whitelist
[35m[UiAutomator2][39m Starting UIAutomator2 server 4.27.0
[35m[UiAutomator2][39m Using UIAutomator2 server from 'C:\Users\Nia Yusniati\AppData\Roaming\npm\node_modules\appium\node_modules\appium-uiautomator2-server\apks\appium-uiautomator2-server-v4.27.0.apk' and test from 'C:\Users\Nia Yusniati\AppData\Roaming\npm\node_modules\appium\node_modules\appium-uiautomator2-server\apks\appium-uiautomator2-server-debug-androidTest.apk'
[35m[UiAutomator2][39m Waiting up to 30000ms for UiAutomator2 to be online...
[35m[WD Proxy][39m socket hang up
[35m[WD Proxy][39m socket hang up
[35m[WD Proxy][39m socket hang up
[35m[WD Proxy][39m Determined the downstream protocol as 'W3C'
[35m[AndroidDriver][39m Screen already unlocked, doing nothing
[35m[UiAutomator2][39m Starting 'com.android.settings/.Settings and waiting for 'com.android.settings/.Settings'
[35m[Appium][39m New AndroidUiautomator2Driver session created successfully, session f522f6c6-5ef0-4f2e-88f2-8de9eb29c4d8 added to master session list
[35m[HTTP][39m [37m<-- POST /wd/hub/session [39m[32m200[39m [90m11050 ms - 1158[39m
[35m[HTTP][39m [90m[39m
[35m[HTTP][39m [37m-->[39m [37mGET[39m [37m/wd/hub/session/f522f6c6-5ef0-4f2e-88f2-8de9eb29c4d8[39m
[35m[HTTP][39m [90m{}[39m
[35m[HTTP][39m [37m<-- GET /wd/hub/session/f522f6c6-5ef0-4f2e-88f2-8de9eb29c4d8 [39m[32m200[39m [90m14 ms - 1112[39m
[35m[HTTP][39m [90m[39m
[35m[HTTP][39m [37m-->[39m [37mGET[39m [37m/wd/hub/session/f522f6c6-5ef0-4f2e-88f2-8de9eb29c4d8[39m
[35m[HTTP][39m [90m{}[39m
[35m[HTTP][39m [37m<-- GET /wd/hub/session/f522f6c6-5ef0-4f2e-88f2-8de9eb29c4d8 [39m[32m200[39m [90m13 ms - 1112[39m
[35m[HTTP][39m [90m[39m
[35m[HTTP][39m [37m-->[39m [37mGET[39m [37m/wd/hub/status[39m
[35m[HTTP][39m [90m{}[39m
[35m[HTTP][39m [37m<-- GET /wd/hub/status [39m[32m200[39m [90m1 ms - 68[39m
[35m[HTTP][39m [90m[39m
[35m[HTTP][39m [37m-->[39m [37mPOST[39m [37m/wd/hub/session/f522f6c6-5ef0-4f2e-88f2-8de9eb29c4d8/timeouts[39m
[35m[HTTP][39m [90m{"implicit":30000}[39m
[35m[HTTP][39m [37m<-- POST /wd/hub/session/f522f6c6-5ef0-4f2e-88f2-8de9eb29c4d8/timeouts [39m[32m200[39m [90m5 ms - 14[39m
[35m[HTTP][39m [90m[39m
[35m[HTTP][39m [37m-->[39m [37mGET[39m [37m/wd/hub/session/f522f6c6-5ef0-4f2e-88f2-8de9eb29c4d8/screenshot[39m
[35m[HTTP][39m [90m{}[39m
[35m[HTTP][39m [37m<-- GET /wd/hub/session/f522f6c6-5ef0-4f2e-88f2-8de9eb29c4d8/screenshot [39m[32m200[39m [90m594 ms - 191424[39m
[35m[HTTP][39m [90m[39m
[35m[HTTP][39m [37m-->[39m [37mGET[39m [37m/wd/hub/session/f522f6c6-5ef0-4f2e-88f2-8de9eb29c4d8/window/rect[39m
[35m[HTTP][39m [90m{}[39m
[35m[HTTP][39m [37m<-- GET /wd/hub/session/f522f6c6-5ef0-4f2e-88f2-8de9eb29c4d8/window/rect [39m[32m200[39m [90m26 ms - 50[39m
[35m[HTTP][39m [90m[39m
[35m[HTTP][39m [37m-->[39m [37mGET[39m [37m/wd/hub/session/f522f6c6-5ef0-4f2e-88f2-8de9eb29c4d8/appium/device/system_bars[39m
[35m[HTTP][39m [90m{}[39m
[35m[HTTP][39m [37m<-- GET /wd/hub/session/f522f6c6-5ef0-4f2e-88f2-8de9eb29c4d8/appium/device/system_bars [39m[32m200[39m [90m130 ms - 148[39m
[35m[HTTP][39m [90m[39m
[35m[HTTP][39m [37m-->[39m [37mPOST[39m [37m/wd/hub/session/f522f6c6-5ef0-4f2e-88f2-8de9eb29c4d8/appium/device/activate_app[39m
[35m[HTTP][39m [90m{"bundleId":"com.bcaf.mobilesurvey"}[39m
[35m[HTTP][39m [37m<-- POST /wd/hub/session/f522f6c6-5ef0-4f2e-88f2-8de9eb29c4d8/appium/device/activate_app [39m[32m200[39m [90m638 ms - 14[39m
[35m[HTTP][39m [90m[39m
[35m[HTTP][39m [37m-->[39m [37mPOST[39m [37m/wd/hub/session/f522f6c6-5ef0-4f2e-88f2-8de9eb29c4d8/timeouts[39m
[35m[HTTP][39m [90m{"implicit":50}[39m
[35m[HTTP][39m [37m<-- POST /wd/hub/session/f522f6c6-5ef0-4f2e-88f2-8de9eb29c4d8/timeouts [39m[32m200[39m [90m3 ms - 14[39m
[35m[HTTP][39m [90m[39m
[35m[HTTP][39m [37m-->[39m [37mGET[39m [37m/wd/hub/session/f522f6c6-5ef0-4f2e-88f2-8de9eb29c4d8/window/rect[39m
[35m[HTTP][39m [90m{}[39m
[35m[HTTP][39m [37m<-- GET /wd/hub/session/f522f6c6-5ef0-4f2e-88f2-8de9eb29c4d8/window/rect [39m[32m200[39m [90m18 ms - 50[39m
[35m[HTTP][39m [90m[39m
[35m[HTTP][39m [37m-->[39m [37mPOST[39m [37m/wd/hub/session/f522f6c6-5ef0-4f2e-88f2-8de9eb29c4d8/elements[39m
[35m[HTTP][39m [90m{"using":"xpath","value":"//*[@class = 'android.widget.EditText' and (@text = 'NIP' or . = 'NIP') and @resource-id = 'com.bcaf.mobilesurvey:id/nip']"}[39m
[35m[HTTP][39m [37m<-- POST /wd/hub/session/f522f6c6-5ef0-4f2e-88f2-8de9eb29c4d8/elements [39m[32m200[39m [90m507 ms - 139[39m
[35m[HTTP][39m [90m[39m
[35m[HTTP][39m [37m-->[39m [37mGET[39m [37m/wd/hub/session/f522f6c6-5ef0-4f2e-88f2-8de9eb29c4d8/element/00000000-0000-0a89-ffff-ffff00001265/location[39m
[35m[HTTP][39m [90m{}[39m
[35m[W3C (f522f6c6)][39m Driver proxy active, passing request on via HTTP proxy
[35m[WD Proxy][39m Replacing sessionId 24829b68-f123-45e8-b012-302719f5f8d8 with f522f6c6-5ef0-4f2e-88f2-8de9eb29c4d8
[35m[HTTP][39m [37m<-- GET /wd/hub/session/f522f6c6-5ef0-4f2e-88f2-8de9eb29c4d8/element/00000000-0000-0a89-ffff-ffff00001265/location [39m[32m200[39m [90m27 ms - 78[39m
[35m[HTTP][39m [90m[39m
[35m[HTTP][39m [37m-->[39m [37mPOST[39m [37m/wd/hub/session/f522f6c6-5ef0-4f2e-88f2-8de9eb29c4d8/timeouts[39m
[35m[HTTP][39m [90m{"implicit":30000}[39m
[35m[HTTP][39m [37m<-- POST /wd/hub/session/f522f6c6-5ef0-4f2e-88f2-8de9eb29c4d8/timeouts [39m[32m200[39m [90m1 ms - 14[39m
[35m[HTTP][39m [90m[39m
[35m[HTTP][39m [37m-->[39m [37mPOST[39m [37m/wd/hub/session/f522f6c6-5ef0-4f2e-88f2-8de9eb29c4d8/element/00000000-0000-0a89-ffff-ffff00001265/clear[39m
[35m[HTTP][39m [90m{"id":"00000000-0000-0a89-ffff-ffff00001265"}[39m
[35m[HTTP][39m [37m<-- POST /wd/hub/session/f522f6c6-5ef0-4f2e-88f2-8de9eb29c4d8/element/00000000-0000-0a89-ffff-ffff00001265/clear [39m[32m200[39m [90m42 ms - 14[39m
[35m[HTTP][39m [90m[39m
[35m[HTTP][39m [37m-->[39m [37mPOST[39m [37m/wd/hub/session/f522f6c6-5ef0-4f2e-88f2-8de9eb29c4d8/element/00000000-0000-0a89-ffff-ffff00001265/value[39m
[35m[HTTP][39m [90m{"id":"00000000-0000-0a89-ffff-ffff00001265","text":"20211011","value":["2","0","2","1","1","0","1","1"]}[39m
[35m[HTTP][39m [37m<-- POST /wd/hub/session/f522f6c6-5ef0-4f2e-88f2-8de9eb29c4d8/element/00000000-0000-0a89-ffff-ffff00001265/value [39m[32m200[39m [90m1020 ms - 14[39m
[35m[HTTP][39m [90m[39m
[35m[HTTP][39m [37m-->[39m [37mPOST[39m [37m/wd/hub/session/f522f6c6-5ef0-4f2e-88f2-8de9eb29c4d8/timeouts[39m
[35m[HTTP][39m [90m{"implicit":50}[39m
[35m[HTTP][39m [37m<-- POST /wd/hub/session/f522f6c6-5ef0-4f2e-88f2-8de9eb29c4d8/timeouts [39m[32m200[39m [90m2 ms - 14[39m
[35m[HTTP][39m [90m[39m
[35m[HTTP][39m [37m-->[39m [37mGET[39m [37m/wd/hub/session/f522f6c6-5ef0-4f2e-88f2-8de9eb29c4d8/window/rect[39m
[35m[HTTP][39m [90m{}[39m
[35m[HTTP][39m [37m<-- GET /wd/hub/session/f522f6c6-5ef0-4f2e-88f2-8de9eb29c4d8/window/rect [39m[32m200[39m [90m17 ms - 50[39m
[35m[HTTP][39m [90m[39m
[35m[HTTP][39m [37m-->[39m [37mPOST[39m [37m/wd/hub/session/f522f6c6-5ef0-4f2e-88f2-8de9eb29c4d8/elements[39m
[35m[HTTP][39m [90m{"using":"xpath","value":"//*[@class = 'android.widget.EditText' and (@text = 'Password' or . = 'Password') and @resource-id = 'com.bcaf.mobilesurvey:id/password']"}[39m
[35m[HTTP][39m [37m<-- POST /wd/hub/session/f522f6c6-5ef0-4f2e-88f2-8de9eb29c4d8/elements [39m[32m200[39m [90m390 ms - 139[39m
[35m[HTTP][39m [90m[39m
[35m[HTTP][39m [37m-->[39m [37mGET[39m [37m/wd/hub/session/f522f6c6-5ef0-4f2e-88f2-8de9eb29c4d8/element/00000000-0000-0a89-ffff-ffff00001271/location[39m
[35m[HTTP][39m [90m{}[39m
[35m[W3C (f522f6c6)][39m Driver proxy active, passing request on via HTTP proxy
[35m[WD Proxy][39m Replacing sessionId 24829b68-f123-45e8-b012-302719f5f8d8 with f522f6c6-5ef0-4f2e-88f2-8de9eb29c4d8
[35m[HTTP][39m [37m<-- GET /wd/hub/session/f522f6c6-5ef0-4f2e-88f2-8de9eb29c4d8/element/00000000-0000-0a89-ffff-ffff00001271/location [39m[32m200[39m [90m23 ms - 78[39m
[35m[HTTP][39m [90m[39m
[35m[HTTP][39m [37m-->[39m [37mPOST[39m [37m/wd/hub/session/f522f6c6-5ef0-4f2e-88f2-8de9eb29c4d8/timeouts[39m
[35m[HTTP][39m [90m{"implicit":30000}[39m
[35m[HTTP][39m [37m<-- POST /wd/hub/session/f522f6c6-5ef0-4f2e-88f2-8de9eb29c4d8/timeouts [39m[32m200[39m [90m1 ms - 14[39m
[35m[HTTP][39m [90m[39m
[35m[HTTP][39m [37m-->[39m [37mPOST[39m [37m/wd/hub/session/f522f6c6-5ef0-4f2e-88f2-8de9eb29c4d8/element/00000000-0000-0a89-ffff-ffff00001271/clear[39m
[35m[HTTP][39m [90m{"id":"00000000-0000-0a89-ffff-ffff00001271"}[39m
[35m[HTTP][39m [37m<-- POST /wd/hub/session/f522f6c6-5ef0-4f2e-88f2-8de9eb29c4d8/element/00000000-0000-0a89-ffff-ffff00001271/clear [39m[32m200[39m [90m56 ms - 14[39m
[35m[HTTP][39m [90m[39m
[35m[HTTP][39m [37m-->[39m [37mPOST[39m [37m/wd/hub/session/f522f6c6-5ef0-4f2e-88f2-8de9eb29c4d8/element/00000000-0000-0a89-ffff-ffff00001271/value[39m
[35m[HTTP][39m [90m{"id":"00000000-0000-0a89-ffff-ffff00001271","text":"mobile123+","value":["m","o","b","i","l","e","1","2","3","+"]}[39m
[35m[HTTP][39m [37m<-- POST /wd/hub/session/f522f6c6-5ef0-4f2e-88f2-8de9eb29c4d8/element/00000000-0000-0a89-ffff-ffff00001271/value [39m[32m200[39m [90m1112 ms - 14[39m
[35m[HTTP][39m [90m[39m
[35m[HTTP][39m [37m-->[39m [37mPOST[39m [37m/wd/hub/session/f522f6c6-5ef0-4f2e-88f2-8de9eb29c4d8/timeouts[39m
[35m[HTTP][39m [90m{"implicit":50}[39m
[35m[HTTP][39m [37m<-- POST /wd/hub/session/f522f6c6-5ef0-4f2e-88f2-8de9eb29c4d8/timeouts [39m[32m200[39m [90m2 ms - 14[39m
[35m[HTTP][39m [90m[39m
[35m[HTTP][39m [37m-->[39m [37mGET[39m [37m/wd/hub/session/f522f6c6-5ef0-4f2e-88f2-8de9eb29c4d8/window/rect[39m
[35m[HTTP][39m [90m{}[39m
[35m[HTTP][39m [37m<-- GET /wd/hub/session/f522f6c6-5ef0-4f2e-88f2-8de9eb29c4d8/window/rect [39m[32m200[39m [90m21 ms - 50[39m
[35m[HTTP][39m [90m[39m
[35m[HTTP][39m [37m-->[39m [37mPOST[39m [37m/wd/hub/session/f522f6c6-5ef0-4f2e-88f2-8de9eb29c4d8/elements[39m
[35m[HTTP][39m [90m{"using":"xpath","value":"//*[@class = 'android.widget.CheckBox' and (@text = 'Remember Me' or . = 'Remember Me') and @resource-id = 'com.bcaf.mobilesurvey:id/rememberMe']"}[39m
[35m[HTTP][39m [37m<-- POST /wd/hub/session/f522f6c6-5ef0-4f2e-88f2-8de9eb29c4d8/elements [39m[32m200[39m [90m470 ms - 139[39m
[35m[HTTP][39m [90m[39m
[35m[HTTP][39m [37m-->[39m [37mGET[39m [37m/wd/hub/session/f522f6c6-5ef0-4f2e-88f2-8de9eb29c4d8/element/00000000-0000-0a89-ffff-ffff0000127a/location[39m
[35m[HTTP][39m [90m{}[39m
[35m[W3C (f522f6c6)][39m Driver proxy active, passing request on via HTTP proxy
[35m[WD Proxy][39m Replacing sessionId 24829b68-f123-45e8-b012-302719f5f8d8 with f522f6c6-5ef0-4f2e-88f2-8de9eb29c4d8
[35m[HTTP][39m [37m<-- GET /wd/hub/session/f522f6c6-5ef0-4f2e-88f2-8de9eb29c4d8/element/00000000-0000-0a89-ffff-ffff0000127a/location [39m[32m200[39m [90m22 ms - 78[39m
[35m[HTTP][39m [90m[39m
[35m[HTTP][39m [37m-->[39m [37mPOST[39m [37m/wd/hub/session/f522f6c6-5ef0-4f2e-88f2-8de9eb29c4d8/timeouts[39m
[35m[HTTP][39m [90m{"implicit":30000}[39m
[35m[HTTP][39m [37m<-- POST /wd/hub/session/f522f6c6-5ef0-4f2e-88f2-8de9eb29c4d8/timeouts [39m[32m200[39m [90m2 ms - 14[39m
[35m[HTTP][39m [90m[39m
[35m[HTTP][39m [37m-->[39m [37mPOST[39m [37m/wd/hub/session/f522f6c6-5ef0-4f2e-88f2-8de9eb29c4d8/touch/perform[39m
[35m[HTTP][39m [90m{"actions":[{"action":"tap","options":{"x":1,"y":1,"element":"00000000-0000-0a89-ffff-ffff0000127a"}},{"action":"release","options":{}}]}[39m
[35m[UiAutomator2][39m calling get location: 00000000-0000-0a89-ffff-ffff0000127a
[35m[HTTP][39m [37m<-- POST /wd/hub/session/f522f6c6-5ef0-4f2e-88f2-8de9eb29c4d8/touch/perform [39m[32m200[39m [90m198 ms - 14[39m
[35m[HTTP][39m [90m[39m
[35m[HTTP][39m [37m-->[39m [37mGET[39m [37m/wd/hub/session/f522f6c6-5ef0-4f2e-88f2-8de9eb29c4d8/context[39m
[35m[HTTP][39m [90m{}[39m
[35m[HTTP][39m [37m<-- GET /wd/hub/session/f522f6c6-5ef0-4f2e-88f2-8de9eb29c4d8/context [39m[32m200[39m [90m1 ms - 22[39m
[35m[HTTP][39m [90m[39m
[35m[HTTP][39m [37m-->[39m [37mGET[39m [37m/wd/hub/session/f522f6c6-5ef0-4f2e-88f2-8de9eb29c4d8/contexts[39m
[35m[HTTP][39m [90m{}[39m
[35m[HTTP][39m [37m<-- GET /wd/hub/session/f522f6c6-5ef0-4f2e-88f2-8de9eb29c4d8/contexts [39m[32m200[39m [90m101 ms - 24[39m
[35m[HTTP][39m [90m[39m
[35m[HTTP][39m [37m-->[39m [37mPOST[39m [37m/wd/hub/session/f522f6c6-5ef0-4f2e-88f2-8de9eb29c4d8/context[39m
[35m[HTTP][39m [90m{"name":"NATIVE_APP"}[39m
[35m[HTTP][39m [37m<-- POST /wd/hub/session/f522f6c6-5ef0-4f2e-88f2-8de9eb29c4d8/context [39m[32m200[39m [90m1 ms - 14[39m
[35m[HTTP][39m [90m[39m
[35m[HTTP][39m [37m-->[39m [37mPOST[39m [37m/wd/hub/session/f522f6c6-5ef0-4f2e-88f2-8de9eb29c4d8/appium/device/hide_keyboard[39m
[35m[HTTP][39m [90m{}[39m
[35m[HTTP][39m [37m<-- POST /wd/hub/session/f522f6c6-5ef0-4f2e-88f2-8de9eb29c4d8/appium/device/hide_keyboard [39m[32m200[39m [90m3361 ms - 14[39m
[35m[HTTP][39m [90m[39m
[35m[HTTP][39m [37m-->[39m [37mPOST[39m [37m/wd/hub/session/f522f6c6-5ef0-4f2e-88f2-8de9eb29c4d8/context[39m
[35m[HTTP][39m [90m{"name":"NATIVE_APP"}[39m
[35m[HTTP][39m [37m<-- POST /wd/hub/session/f522f6c6-5ef0-4f2e-88f2-8de9eb29c4d8/context [39m[32m200[39m [90m2 ms - 14[39m
[35m[HTTP][39m [90m[39m
[35m[HTTP][39m [37m-->[39m [37mGET[39m [37m/wd/hub/session/f522f6c6-5ef0-4f2e-88f2-8de9eb29c4d8/context[39m
[35m[HTTP][39m [90m{}[39m
[35m[HTTP][39m [37m<-- GET /wd/hub/session/f522f6c6-5ef0-4f2e-88f2-8de9eb29c4d8/context [39m[32m200[39m [90m5 ms - 22[39m
[35m[HTTP][39m [90m[39m
[35m[HTTP][39m [37m-->[39m [37mGET[39m [37m/wd/hub/session/f522f6c6-5ef0-4f2e-88f2-8de9eb29c4d8/contexts[39m
[35m[HTTP][39m [90m{}[39m
[35m[HTTP][39m [37m<-- GET /wd/hub/session/f522f6c6-5ef0-4f2e-88f2-8de9eb29c4d8/contexts [39m[32m200[39m [90m166 ms - 24[39m
[35m[HTTP][39m [90m[39m
[35m[HTTP][39m [37m-->[39m [37mPOST[39m [37m/wd/hub/session/f522f6c6-5ef0-4f2e-88f2-8de9eb29c4d8/context[39m
[35m[HTTP][39m [90m{"name":"NATIVE_APP"}[39m
[35m[HTTP][39m [37m<-- POST /wd/hub/session/f522f6c6-5ef0-4f2e-88f2-8de9eb29c4d8/context [39m[32m200[39m [90m1 ms - 14[39m
[35m[HTTP][39m [90m[39m
[35m[HTTP][39m [37m-->[39m [37mGET[39m [37m/wd/hub/session/f522f6c6-5ef0-4f2e-88f2-8de9eb29c4d8/window/rect[39m
[35m[HTTP][39m [90m{}[39m
[35m[HTTP][39m [37m<-- GET /wd/hub/session/f522f6c6-5ef0-4f2e-88f2-8de9eb29c4d8/window/rect [39m[32m200[39m [90m36 ms - 50[39m
[35m[HTTP][39m [90m[39m
[35m[HTTP][39m [37m-->[39m [37mPOST[39m [37m/wd/hub/session/f522f6c6-5ef0-4f2e-88f2-8de9eb29c4d8/execute/sync[39m
[35m[HTTP][39m [90m{"script":"mobile: viewportScreenshot","args":[]}[39m
[35m[AndroidDriver][39m Executing native command 'mobile: viewportScreenshot'
[35m[HTTP][39m [37m<-- POST /wd/hub/session/f522f6c6-5ef0-4f2e-88f2-8de9eb29c4d8/execute/sync [39m[32m200[39m [90m2771 ms - 112204[39m
[35m[HTTP][39m [90m[39m
[35m[HTTP][39m [37m-->[39m [37mPOST[39m [37m/wd/hub/session/f522f6c6-5ef0-4f2e-88f2-8de9eb29c4d8/context[39m
[35m[HTTP][39m [90m{"name":"NATIVE_APP"}[39m
[35m[HTTP][39m [37m<-- POST /wd/hub/session/f522f6c6-5ef0-4f2e-88f2-8de9eb29c4d8/context [39m[32m200[39m [90m3 ms - 14[39m
[35m[HTTP][39m [90m[39m
[35m[HTTP][39m [37m-->[39m [37mPOST[39m [37m/wd/hub/session/f522f6c6-5ef0-4f2e-88f2-8de9eb29c4d8/timeouts[39m
[35m[HTTP][39m [90m{"implicit":50}[39m
[35m[HTTP][39m [37m<-- POST /wd/hub/session/f522f6c6-5ef0-4f2e-88f2-8de9eb29c4d8/timeouts [39m[32m200[39m [90m8 ms - 14[39m
[35m[HTTP][39m [90m[39m
[35m[HTTP][39m [37m-->[39m [37mGET[39m [37m/wd/hub/session/f522f6c6-5ef0-4f2e-88f2-8de9eb29c4d8/window/rect[39m
[35m[HTTP][39m [90m{}[39m
[35m[HTTP][39m [37m<-- GET /wd/hub/session/f522f6c6-5ef0-4f2e-88f2-8de9eb29c4d8/window/rect [39m[32m200[39m [90m34 ms - 50[39m
[35m[HTTP][39m [90m[39m
[35m[HTTP][39m [37m-->[39m [37mPOST[39m [37m/wd/hub/session/f522f6c6-5ef0-4f2e-88f2-8de9eb29c4d8/elements[39m
[35m[HTTP][39m [90m{"using":"xpath","value":"//*[@class = 'android.widget.Button' and (@text = 'LOGIN' or . = 'LOGIN') and @resource-id = 'com.bcaf.mobilesurvey:id/login']"}[39m
[35m[HTTP][39m [37m<-- POST /wd/hub/session/f522f6c6-5ef0-4f2e-88f2-8de9eb29c4d8/elements [39m[32m200[39m [90m449 ms - 139[39m
[35m[HTTP][39m [90m[39m
[35m[HTTP][39m [37m-->[39m [37mGET[39m [37m/wd/hub/session/f522f6c6-5ef0-4f2e-88f2-8de9eb29c4d8/element/00000000-0000-0a89-ffff-ffff0000127b/location[39m
[35m[HTTP][39m [90m{}[39m
[35m[W3C (f522f6c6)][39m Driver proxy active, passing request on via HTTP proxy
[35m[WD Proxy][39m Replacing sessionId 24829b68-f123-45e8-b012-302719f5f8d8 with f522f6c6-5ef0-4f2e-88f2-8de9eb29c4d8
[35m[HTTP][39m [37m<-- GET /wd/hub/session/f522f6c6-5ef0-4f2e-88f2-8de9eb29c4d8/element/00000000-0000-0a89-ffff-ffff0000127b/location [39m[32m200[39m [90m38 ms - 79[39m
[35m[HTTP][39m [90m[39m
[35m[HTTP][39m [37m-->[39m [37mPOST[39m [37m/wd/hub/session/f522f6c6-5ef0-4f2e-88f2-8de9eb29c4d8/timeouts[39m
[35m[HTTP][39m [90m{"implicit":30000}[39m
[35m[HTTP][39m [37m<-- POST /wd/hub/session/f522f6c6-5ef0-4f2e-88f2-8de9eb29c4d8/timeouts [39m[32m200[39m [90m2 ms - 14[39m
[35m[HTTP][39m [90m[39m
[35m[HTTP][39m [37m-->[39m [37mPOST[39m [37m/wd/hub/session/f522f6c6-5ef0-4f2e-88f2-8de9eb29c4d8/touch/perform[39m
[35m[HTTP][39m [90m{"actions":[{"action":"tap","options":{"x":1,"y":1,"element":"00000000-0000-0a89-ffff-ffff0000127b"}},{"action":"release","options":{}}]}[39m
[35m[UiAutomator2][39m calling get location: 00000000-0000-0a89-ffff-ffff0000127b
[35m[HTTP][39m [37m<-- POST /wd/hub/session/f522f6c6-5ef0-4f2e-88f2-8de9eb29c4d8/touch/perform [39m[32m200[39m [90m248 ms - 14[39m
[35m[HTTP][39m [90m[39m
[35m[HTTP][39m [37m-->[39m [37mGET[39m [37m/wd/hub/status[39m
[35m[HTTP][39m [90m{}[39m
[35m[HTTP][39m [37m<-- GET /wd/hub/status [39m[32m200[39m [90m1 ms - 68[39m
[35m[HTTP][39m [90m[39m
[35m[HTTP][39m [37m-->[39m [37mPOST[39m [37m/wd/hub/session[39m
[35m[HTTP][39m [90m{"desiredCapabilities":{"appActivity":".Settings","appPackage":"com.android.settings","newCommandTimeout":1800,"platformVersion":"11","automationName":"uiautomator2","autoGrantPermissions":true,"platformName":"Android","udid":"RR8N605F11Y","deviceName":"samsung SM-M315F (Android 11)","platform":"ANDROID","systemPort":8283},"capabilities":{"firstMatch":[{"appium:appActivity":".Settings","appium:appPackage":"com.android.settings","appium:autoGrantPermissions":true,"appium:automationName":"uiautomator2","appium:deviceName":"samsung SM-M315F (Android 11)","appium:newCommandTimeout":1800,"platform":"ANDROID","platformName":"android","appium:platformVersion":"11","appium:systemPort":8283,"appium:udid":"RR8N605F11Y"}]}}[39m
[35m[BaseDriver][39m The following capabilities are not standard capabilities and should have an extension prefix:
[35m[BaseDriver][39m   platform
[35m[BaseDriver][39m   chromedriverPort
[35m[Appium][39m Appium v1.22.2 creating new AndroidUiautomator2Driver (v1.70.1) session
[35m[BaseDriver][39m The following capabilities were provided, but are not recognized by Appium:
[35m[BaseDriver][39m   platform
[35m[BaseDriver][39m Session created with session id: 58ca0a92-4458-4959-85a5-fb82e8ce2126
[35m[UiAutomator2][39m Starting 'com.android.settings' directly on the device
[35m[ADB][39m Using 'adb.exe' from 'C:\Users\Nia Yusniati\.katalon\tools\android_sdk\platform-tools\adb.exe'
[35m[AndroidDriver][39m Retrieving device list
[35m[AndroidDriver][39m Using device: RR8N605F11Y
[35m[ADB][39m Using 'adb.exe' from 'C:\Users\Nia Yusniati\.katalon\tools\android_sdk\platform-tools\adb.exe'
[35m[ADB][39m Getting device platform version
[35m[UiAutomator2][39m Relaxing hidden api policy
[35m[AndroidDriver][39m No app sent in, not parsing package/activity
[35m[UiAutomator2][39m Server packages are not going to be (re)installed
[35m[ADB][39m Adding packages ["io.appium.settings","io.appium.uiautomator2.server","io.appium.uiautomator2.server.test"] to Doze whitelist
[35m[UiAutomator2][39m Starting UIAutomator2 server 4.27.0
[35m[UiAutomator2][39m Using UIAutomator2 server from 'C:\Users\Nia Yusniati\AppData\Roaming\npm\node_modules\appium\node_modules\appium-uiautomator2-server\apks\appium-uiautomator2-server-v4.27.0.apk' and test from 'C:\Users\Nia Yusniati\AppData\Roaming\npm\node_modules\appium\node_modules\appium-uiautomator2-server\apks\appium-uiautomator2-server-debug-androidTest.apk'
[35m[UiAutomator2][39m Waiting up to 30000ms for UiAutomator2 to be online...
[35m[WD Proxy][39m socket hang up
[35m[WD Proxy][39m socket hang up
[35m[WD Proxy][39m socket hang up
[35m[WD Proxy][39m Determined the downstream protocol as 'W3C'
[35m[AndroidDriver][39m Screen already unlocked, doing nothing
[35m[UiAutomator2][39m Starting 'com.android.settings/.Settings and waiting for 'com.android.settings/.Settings'
[35m[Appium][39m New AndroidUiautomator2Driver session created successfully, session 58ca0a92-4458-4959-85a5-fb82e8ce2126 added to master session list
[35m[HTTP][39m [37m<-- POST /wd/hub/session [39m[32m200[39m [90m9356 ms - 1158[39m
[35m[HTTP][39m [90m[39m
[35m[HTTP][39m [37m-->[39m [37mGET[39m [37m/wd/hub/session/58ca0a92-4458-4959-85a5-fb82e8ce2126[39m
[35m[HTTP][39m [90m{}[39m
[35m[HTTP][39m [37m<-- GET /wd/hub/session/58ca0a92-4458-4959-85a5-fb82e8ce2126 [39m[32m200[39m [90m17 ms - 1112[39m
[35m[HTTP][39m [90m[39m
[35m[HTTP][39m [37m-->[39m [37mGET[39m [37m/wd/hub/session/58ca0a92-4458-4959-85a5-fb82e8ce2126[39m
[35m[HTTP][39m [90m{}[39m
[35m[HTTP][39m [37m<-- GET /wd/hub/session/58ca0a92-4458-4959-85a5-fb82e8ce2126 [39m[32m200[39m [90m11 ms - 1112[39m
[35m[HTTP][39m [90m[39m
[35m[HTTP][39m [37m-->[39m [37mGET[39m [37m/wd/hub/status[39m
[35m[HTTP][39m [90m{}[39m
[35m[HTTP][39m [37m<-- GET /wd/hub/status [39m[32m200[39m [90m1 ms - 68[39m
[35m[HTTP][39m [90m[39m
[35m[HTTP][39m [37m-->[39m [37mPOST[39m [37m/wd/hub/session/58ca0a92-4458-4959-85a5-fb82e8ce2126/timeouts[39m
[35m[HTTP][39m [90m{"implicit":30000}[39m
[35m[HTTP][39m [37m<-- POST /wd/hub/session/58ca0a92-4458-4959-85a5-fb82e8ce2126/timeouts [39m[32m200[39m [90m2 ms - 14[39m
[35m[HTTP][39m [90m[39m
[35m[HTTP][39m [37m-->[39m [37mGET[39m [37m/wd/hub/session/58ca0a92-4458-4959-85a5-fb82e8ce2126/screenshot[39m
[35m[HTTP][39m [90m{}[39m
[35m[HTTP][39m [37m<-- GET /wd/hub/session/58ca0a92-4458-4959-85a5-fb82e8ce2126/screenshot [39m[32m200[39m [90m584 ms - 191190[39m
[35m[HTTP][39m [90m[39m
[35m[HTTP][39m [37m-->[39m [37mGET[39m [37m/wd/hub/session/58ca0a92-4458-4959-85a5-fb82e8ce2126/window/rect[39m
[35m[HTTP][39m [90m{}[39m
[35m[HTTP][39m [37m<-- GET /wd/hub/session/58ca0a92-4458-4959-85a5-fb82e8ce2126/window/rect [39m[32m200[39m [90m9 ms - 50[39m
[35m[HTTP][39m [90m[39m
[35m[HTTP][39m [37m-->[39m [37mGET[39m [37m/wd/hub/session/58ca0a92-4458-4959-85a5-fb82e8ce2126/appium/device/system_bars[39m
[35m[HTTP][39m [90m{}[39m
[35m[HTTP][39m [37m<-- GET /wd/hub/session/58ca0a92-4458-4959-85a5-fb82e8ce2126/appium/device/system_bars [39m[32m200[39m [90m92 ms - 148[39m
[35m[HTTP][39m [90m[39m
[35m[HTTP][39m [37m-->[39m [37mPOST[39m [37m/wd/hub/session/58ca0a92-4458-4959-85a5-fb82e8ce2126/appium/device/activate_app[39m
[35m[HTTP][39m [90m{"bundleId":"com.bcaf.mobilesurvey"}[39m
[35m[HTTP][39m [37m<-- POST /wd/hub/session/58ca0a92-4458-4959-85a5-fb82e8ce2126/appium/device/activate_app [39m[32m200[39m [90m637 ms - 14[39m
[35m[HTTP][39m [90m[39m
[35m[HTTP][39m [37m-->[39m [37mGET[39m [37m/wd/hub/session/58ca0a92-4458-4959-85a5-fb82e8ce2126/context[39m
[35m[HTTP][39m [90m{}[39m
[35m[HTTP][39m [37m<-- GET /wd/hub/session/58ca0a92-4458-4959-85a5-fb82e8ce2126/context [39m[32m200[39m [90m1 ms - 22[39m
[35m[HTTP][39m [90m[39m
[35m[HTTP][39m [37m-->[39m [37mGET[39m [37m/wd/hub/session/58ca0a92-4458-4959-85a5-fb82e8ce2126/contexts[39m
[35m[HTTP][39m [90m{}[39m
[35m[HTTP][39m [37m<-- GET /wd/hub/session/58ca0a92-4458-4959-85a5-fb82e8ce2126/contexts [39m[32m200[39m [90m120 ms - 24[39m
[35m[HTTP][39m [90m[39m
[35m[HTTP][39m [37m-->[39m [37mPOST[39m [37m/wd/hub/session/58ca0a92-4458-4959-85a5-fb82e8ce2126/context[39m
[35m[HTTP][39m [90m{"name":"NATIVE_APP"}[39m
[35m[HTTP][39m [37m<-- POST /wd/hub/session/58ca0a92-4458-4959-85a5-fb82e8ce2126/context [39m[32m200[39m [90m2 ms - 14[39m
[35m[HTTP][39m [90m[39m
[35m[HTTP][39m [37m-->[39m [37mGET[39m [37m/wd/hub/session/58ca0a92-4458-4959-85a5-fb82e8ce2126/window/rect[39m
[35m[HTTP][39m [90m{}[39m
[35m[HTTP][39m [37m<-- GET /wd/hub/session/58ca0a92-4458-4959-85a5-fb82e8ce2126/window/rect [39m[32m200[39m [90m15 ms - 50[39m
[35m[HTTP][39m [90m[39m
[35m[HTTP][39m [37m-->[39m [37mPOST[39m [37m/wd/hub/session/58ca0a92-4458-4959-85a5-fb82e8ce2126/execute/sync[39m
[35m[HTTP][39m [90m{"script":"mobile: viewportScreenshot","args":[]}[39m
[35m[AndroidDriver][39m Executing native command 'mobile: viewportScreenshot'
[35m[HTTP][39m [37m<-- POST /wd/hub/session/58ca0a92-4458-4959-85a5-fb82e8ce2126/execute/sync [39m[32m200[39m [90m2301 ms - 176708[39m
[35m[HTTP][39m [90m[39m
[35m[HTTP][39m [37m-->[39m [37mPOST[39m [37m/wd/hub/session/58ca0a92-4458-4959-85a5-fb82e8ce2126/context[39m
[35m[HTTP][39m [90m{"name":"NATIVE_APP"}[39m
[35m[HTTP][39m [37m<-- POST /wd/hub/session/58ca0a92-4458-4959-85a5-fb82e8ce2126/context [39m[32m200[39m [90m3 ms - 14[39m
[35m[HTTP][39m [90m[39m
[35m[HTTP][39m [37m-->[39m [37mPOST[39m [37m/wd/hub/session/58ca0a92-4458-4959-85a5-fb82e8ce2126/timeouts[39m
[35m[HTTP][39m [90m{"implicit":50}[39m
[35m[HTTP][39m [37m<-- POST /wd/hub/session/58ca0a92-4458-4959-85a5-fb82e8ce2126/timeouts [39m[32m200[39m [90m2 ms - 14[39m
[35m[HTTP][39m [90m[39m
[35m[HTTP][39m [37m-->[39m [37mGET[39m [37m/wd/hub/session/58ca0a92-4458-4959-85a5-fb82e8ce2126/window/rect[39m
[35m[HTTP][39m [90m{}[39m
[35m[HTTP][39m [37m<-- GET /wd/hub/session/58ca0a92-4458-4959-85a5-fb82e8ce2126/window/rect [39m[32m200[39m [90m27 ms - 50[39m
[35m[HTTP][39m [90m[39m
[35m[HTTP][39m [37m-->[39m [37mPOST[39m [37m/wd/hub/session/58ca0a92-4458-4959-85a5-fb82e8ce2126/elements[39m
[35m[HTTP][39m [90m{"using":"xpath","value":"//hierarchy/android.widget.FrameLayout[1]/android.widget.LinearLayout[1]/android.widget.FrameLayout[1]/android.widget.LinearLayout[1]/android.widget.FrameLayout[1]/android.widget.RelativeLayout[1]/android.widget.ScrollView[1]/android.widget.LinearLayout[1]/android.widget.LinearLayout[1]/android.widget.LinearLayout[1]/android.widget.LinearLayout[1]/android.widget.FrameLayout[2]/android.widget.LinearLayout[1]"}[39m
[35m[HTTP][39m [37m<-- POST /wd/hub/session/58ca0a92-4458-4959-85a5-fb82e8ce2126/elements [39m[32m200[39m [90m1299 ms - 139[39m
[35m[HTTP][39m [90m[39m
[35m[HTTP][39m [37m-->[39m [37mGET[39m [37m/wd/hub/session/58ca0a92-4458-4959-85a5-fb82e8ce2126/element/00000000-0000-0a9b-ffff-ffff000012fe/location[39m
[35m[HTTP][39m [90m{}[39m
[35m[W3C (58ca0a92)][39m Driver proxy active, passing request on via HTTP proxy
[35m[WD Proxy][39m Replacing sessionId e9513c91-1601-45f9-867a-6b9e1fd1afe8 with 58ca0a92-4458-4959-85a5-fb82e8ce2126
[35m[HTTP][39m [37m<-- GET /wd/hub/session/58ca0a92-4458-4959-85a5-fb82e8ce2126/element/00000000-0000-0a9b-ffff-ffff000012fe/location [39m[32m200[39m [90m240 ms - 78[39m
[35m[HTTP][39m [90m[39m
[35m[HTTP][39m [37m-->[39m [37mPOST[39m [37m/wd/hub/session/58ca0a92-4458-4959-85a5-fb82e8ce2126/timeouts[39m
[35m[HTTP][39m [90m{"implicit":30000}[39m
[35m[HTTP][39m [37m<-- POST /wd/hub/session/58ca0a92-4458-4959-85a5-fb82e8ce2126/timeouts [39m[32m200[39m [90m2 ms - 14[39m
[35m[HTTP][39m [90m[39m
[35m[HTTP][39m [37m-->[39m [37mPOST[39m [37m/wd/hub/session/58ca0a92-4458-4959-85a5-fb82e8ce2126/touch/perform[39m
[35m[HTTP][39m [90m{"actions":[{"action":"tap","options":{"x":1,"y":1,"element":"00000000-0000-0a9b-ffff-ffff000012fe"}},{"action":"release","options":{}}]}[39m
[35m[UiAutomator2][39m calling get location: 00000000-0000-0a9b-ffff-ffff000012fe
[35m[HTTP][39m [37m<-- POST /wd/hub/session/58ca0a92-4458-4959-85a5-fb82e8ce2126/touch/perform [39m[32m200[39m [90m286 ms - 14[39m
[35m[HTTP][39m [90m[39m
[35m[HTTP][39m [37m-->[39m [37mGET[39m [37m/wd/hub/session/58ca0a92-4458-4959-85a5-fb82e8ce2126/context[39m
[35m[HTTP][39m [90m{}[39m
[35m[HTTP][39m [37m<-- GET /wd/hub/session/58ca0a92-4458-4959-85a5-fb82e8ce2126/context [39m[32m200[39m [90m2 ms - 22[39m
[35m[HTTP][39m [90m[39m
[35m[HTTP][39m [37m-->[39m [37mGET[39m [37m/wd/hub/session/58ca0a92-4458-4959-85a5-fb82e8ce2126/contexts[39m
[35m[HTTP][39m [90m{}[39m
[35m[HTTP][39m [37m<-- GET /wd/hub/session/58ca0a92-4458-4959-85a5-fb82e8ce2126/contexts [39m[32m200[39m [90m128 ms - 24[39m
[35m[HTTP][39m [90m[39m
[35m[HTTP][39m [37m-->[39m [37mPOST[39m [37m/wd/hub/session/58ca0a92-4458-4959-85a5-fb82e8ce2126/context[39m
[35m[HTTP][39m [90m{"name":"NATIVE_APP"}[39m
[35m[HTTP][39m [37m<-- POST /wd/hub/session/58ca0a92-4458-4959-85a5-fb82e8ce2126/context [39m[32m200[39m [90m1 ms - 14[39m
[35m[HTTP][39m [90m[39m
[35m[HTTP][39m [37m-->[39m [37mGET[39m [37m/wd/hub/session/58ca0a92-4458-4959-85a5-fb82e8ce2126/window/rect[39m
[35m[HTTP][39m [90m{}[39m
[35m[HTTP][39m [37m<-- GET /wd/hub/session/58ca0a92-4458-4959-85a5-fb82e8ce2126/window/rect [39m[32m200[39m [90m28 ms - 50[39m
[35m[HTTP][39m [90m[39m
[35m[HTTP][39m [37m-->[39m [37mPOST[39m [37m/wd/hub/session/58ca0a92-4458-4959-85a5-fb82e8ce2126/execute/sync[39m
[35m[HTTP][39m [90m{"script":"mobile: viewportScreenshot","args":[]}[39m
[35m[AndroidDriver][39m Executing native command 'mobile: viewportScreenshot'
[35m[HTTP][39m [37m<-- POST /wd/hub/session/58ca0a92-4458-4959-85a5-fb82e8ce2126/execute/sync [39m[32m200[39m [90m3112 ms - 104956[39m
[35m[HTTP][39m [90m[39m
[35m[HTTP][39m [37m-->[39m [37mPOST[39m [37m/wd/hub/session/58ca0a92-4458-4959-85a5-fb82e8ce2126/context[39m
[35m[HTTP][39m [90m{"name":"NATIVE_APP"}[39m
[35m[HTTP][39m [37m<-- POST /wd/hub/session/58ca0a92-4458-4959-85a5-fb82e8ce2126/context [39m[32m200[39m [90m2 ms - 14[39m
[35m[HTTP][39m [90m[39m
[35m[HTTP][39m [37m-->[39m [37mPOST[39m [37m/wd/hub/session/58ca0a92-4458-4959-85a5-fb82e8ce2126/timeouts[39m
[35m[HTTP][39m [90m{"implicit":50}[39m
[35m[HTTP][39m [37m<-- POST /wd/hub/session/58ca0a92-4458-4959-85a5-fb82e8ce2126/timeouts [39m[32m200[39m [90m2 ms - 14[39m
[35m[HTTP][39m [90m[39m
[35m[HTTP][39m [37m-->[39m [37mGET[39m [37m/wd/hub/session/58ca0a92-4458-4959-85a5-fb82e8ce2126/window/rect[39m
[35m[HTTP][39m [90m{}[39m
[35m[HTTP][39m [37m<-- GET /wd/hub/session/58ca0a92-4458-4959-85a5-fb82e8ce2126/window/rect [39m[32m200[39m [90m52 ms - 50[39m
[35m[HTTP][39m [90m[39m
[35m[HTTP][39m [37m-->[39m [37mPOST[39m [37m/wd/hub/session/58ca0a92-4458-4959-85a5-fb82e8ce2126/elements[39m
[35m[HTTP][39m [90m{"using":"xpath","value":"//hierarchy/android.widget.FrameLayout[1]/android.widget.LinearLayout[1]/android.widget.FrameLayout[1]/android.widget.LinearLayout[1]/android.widget.FrameLayout[1]/android.widget.RelativeLayout[1]/android.widget.ScrollView[1]/android.widget.LinearLayout[1]/android.widget.LinearLayout[1]/android.widget.LinearLayout[1]/android.widget.FrameLayout[1]/android.widget.LinearLayout[1]"}[39m
[35m[HTTP][39m [37m<-- POST /wd/hub/session/58ca0a92-4458-4959-85a5-fb82e8ce2126/elements [39m[32m200[39m [90m306 ms - 139[39m
[35m[HTTP][39m [90m[39m
[35m[HTTP][39m [37m-->[39m [37mGET[39m [37m/wd/hub/session/58ca0a92-4458-4959-85a5-fb82e8ce2126/element/00000000-0000-0a9b-ffff-ffff000012f0/location[39m
[35m[HTTP][39m [90m{}[39m
[35m[W3C (58ca0a92)][39m Driver proxy active, passing request on via HTTP proxy
[35m[WD Proxy][39m Replacing sessionId e9513c91-1601-45f9-867a-6b9e1fd1afe8 with 58ca0a92-4458-4959-85a5-fb82e8ce2126
[35m[HTTP][39m [37m<-- GET /wd/hub/session/58ca0a92-4458-4959-85a5-fb82e8ce2126/element/00000000-0000-0a9b-ffff-ffff000012f0/location [39m[32m200[39m [90m44 ms - 79[39m
[35m[HTTP][39m [90m[39m
[35m[HTTP][39m [37m-->[39m [37mPOST[39m [37m/wd/hub/session/58ca0a92-4458-4959-85a5-fb82e8ce2126/timeouts[39m
[35m[HTTP][39m [90m{"implicit":30000}[39m
[35m[HTTP][39m [37m<-- POST /wd/hub/session/58ca0a92-4458-4959-85a5-fb82e8ce2126/timeouts [39m[32m200[39m [90m1 ms - 14[39m
[35m[HTTP][39m [90m[39m
[35m[HTTP][39m [37m-->[39m [37mPOST[39m [37m/wd/hub/session/58ca0a92-4458-4959-85a5-fb82e8ce2126/touch/perform[39m
[35m[HTTP][39m [90m{"actions":[{"action":"tap","options":{"x":1,"y":1,"element":"00000000-0000-0a9b-ffff-ffff000012f0"}},{"action":"release","options":{}}]}[39m
[35m[UiAutomator2][39m calling get location: 00000000-0000-0a9b-ffff-ffff000012f0
[35m[HTTP][39m [37m<-- POST /wd/hub/session/58ca0a92-4458-4959-85a5-fb82e8ce2126/touch/perform [39m[32m200[39m [90m297 ms - 14[39m
[35m[HTTP][39m [90m[39m
[35m[HTTP][39m [37m-->[39m [37mPOST[39m [37m/wd/hub/session/58ca0a92-4458-4959-85a5-fb82e8ce2126/timeouts[39m
[35m[HTTP][39m [90m{"implicit":50}[39m
[35m[HTTP][39m [37m<-- POST /wd/hub/session/58ca0a92-4458-4959-85a5-fb82e8ce2126/timeouts [39m[32m200[39m [90m2 ms - 14[39m
[35m[HTTP][39m [90m[39m
[35m[HTTP][39m [37m-->[39m [37mGET[39m [37m/wd/hub/session/58ca0a92-4458-4959-85a5-fb82e8ce2126/window/rect[39m
[35m[HTTP][39m [90m{}[39m
[35m[HTTP][39m [37m<-- GET /wd/hub/session/58ca0a92-4458-4959-85a5-fb82e8ce2126/window/rect [39m[32m200[39m [90m32 ms - 50[39m
[35m[HTTP][39m [90m[39m
[35m[HTTP][39m [37m-->[39m [37mPOST[39m [37m/wd/hub/session/58ca0a92-4458-4959-85a5-fb82e8ce2126/elements[39m
[35m[HTTP][39m [90m{"using":"xpath","value":"//*[@class = 'android.widget.EditText' and (@text = 'No Polisi' or . = 'No Polisi') and @resource-id = 'com.bcaf.mobilesurvey:id/nopol']"}[39m
[35m[HTTP][39m [37m<-- POST /wd/hub/session/58ca0a92-4458-4959-85a5-fb82e8ce2126/elements [39m[32m200[39m [90m689 ms - 139[39m
[35m[HTTP][39m [90m[39m
[35m[HTTP][39m [37m-->[39m [37mGET[39m [37m/wd/hub/session/58ca0a92-4458-4959-85a5-fb82e8ce2126/element/00000000-0000-0aae-ffff-ffff00001331/location[39m
[35m[HTTP][39m [90m{}[39m
[35m[W3C (58ca0a92)][39m Driver proxy active, passing request on via HTTP proxy
[35m[WD Proxy][39m Replacing sessionId e9513c91-1601-45f9-867a-6b9e1fd1afe8 with 58ca0a92-4458-4959-85a5-fb82e8ce2126
[35m[HTTP][39m [37m<-- GET /wd/hub/session/58ca0a92-4458-4959-85a5-fb82e8ce2126/element/00000000-0000-0aae-ffff-ffff00001331/location [39m[32m200[39m [90m28 ms - 78[39m
[35m[HTTP][39m [90m[39m
[35m[HTTP][39m [37m-->[39m [37mPOST[39m [37m/wd/hub/session/58ca0a92-4458-4959-85a5-fb82e8ce2126/timeouts[39m
[35m[HTTP][39m [90m{"implicit":30000}[39m
[35m[HTTP][39m [37m<-- POST /wd/hub/session/58ca0a92-4458-4959-85a5-fb82e8ce2126/timeouts [39m[32m200[39m [90m1 ms - 14[39m
[35m[HTTP][39m [90m[39m
[35m[HTTP][39m [37m-->[39m [37mPOST[39m [37m/wd/hub/session/58ca0a92-4458-4959-85a5-fb82e8ce2126/element/00000000-0000-0aae-ffff-ffff00001331/clear[39m
[35m[HTTP][39m [90m{"id":"00000000-0000-0aae-ffff-ffff00001331"}[39m
[35m[HTTP][39m [37m<-- POST /wd/hub/session/58ca0a92-4458-4959-85a5-fb82e8ce2126/element/00000000-0000-0aae-ffff-ffff00001331/clear [39m[32m200[39m [90m32 ms - 14[39m
[35m[HTTP][39m [90m[39m
[35m[HTTP][39m [37m-->[39m [37mPOST[39m [37m/wd/hub/session/58ca0a92-4458-4959-85a5-fb82e8ce2126/element/00000000-0000-0aae-ffff-ffff00001331/value[39m
[35m[HTTP][39m [90m{"id":"00000000-0000-0aae-ffff-ffff00001331","text":"B777B","value":["B","7","7","7","B"]}[39m
[35m[HTTP][39m [37m<-- POST /wd/hub/session/58ca0a92-4458-4959-85a5-fb82e8ce2126/element/00000000-0000-0aae-ffff-ffff00001331/value [39m[32m200[39m [90m1528 ms - 14[39m
[35m[HTTP][39m [90m[39m
[35m[HTTP][39m [37m-->[39m [37mGET[39m [37m/wd/hub/session/58ca0a92-4458-4959-85a5-fb82e8ce2126/context[39m
[35m[HTTP][39m [90m{}[39m
[35m[HTTP][39m [37m<-- GET /wd/hub/session/58ca0a92-4458-4959-85a5-fb82e8ce2126/context [39m[32m200[39m [90m2 ms - 22[39m
[35m[HTTP][39m [90m[39m
[35m[HTTP][39m [37m-->[39m [37mGET[39m [37m/wd/hub/session/58ca0a92-4458-4959-85a5-fb82e8ce2126/contexts[39m
[35m[HTTP][39m [90m{}[39m
[35m[HTTP][39m [37m<-- GET /wd/hub/session/58ca0a92-4458-4959-85a5-fb82e8ce2126/contexts [39m[32m200[39m [90m142 ms - 24[39m
[35m[HTTP][39m [90m[39m
[35m[HTTP][39m [37m-->[39m [37mPOST[39m [37m/wd/hub/session/58ca0a92-4458-4959-85a5-fb82e8ce2126/context[39m
[35m[HTTP][39m [90m{"name":"NATIVE_APP"}[39m
[35m[HTTP][39m [37m<-- POST /wd/hub/session/58ca0a92-4458-4959-85a5-fb82e8ce2126/context [39m[32m200[39m [90m1 ms - 14[39m
[35m[HTTP][39m [90m[39m
[35m[HTTP][39m [37m-->[39m [37mGET[39m [37m/wd/hub/session/58ca0a92-4458-4959-85a5-fb82e8ce2126/window/rect[39m
[35m[HTTP][39m [90m{}[39m
[35m[HTTP][39m [37m<-- GET /wd/hub/session/58ca0a92-4458-4959-85a5-fb82e8ce2126/window/rect [39m[32m200[39m [90m41 ms - 50[39m
[35m[HTTP][39m [90m[39m
[35m[HTTP][39m [37m-->[39m [37mPOST[39m [37m/wd/hub/session/58ca0a92-4458-4959-85a5-fb82e8ce2126/execute/sync[39m
[35m[HTTP][39m [90m{"script":"mobile: viewportScreenshot","args":[]}[39m
[35m[AndroidDriver][39m Executing native command 'mobile: viewportScreenshot'
[35m[HTTP][39m [37m<-- POST /wd/hub/session/58ca0a92-4458-4959-85a5-fb82e8ce2126/execute/sync [39m[32m200[39m [90m1408 ms - 85692[39m
[35m[HTTP][39m [90m[39m
[35m[HTTP][39m [37m-->[39m [37mPOST[39m [37m/wd/hub/session/58ca0a92-4458-4959-85a5-fb82e8ce2126/context[39m
[35m[HTTP][39m [90m{"name":"NATIVE_APP"}[39m
[35m[HTTP][39m [37m<-- POST /wd/hub/session/58ca0a92-4458-4959-85a5-fb82e8ce2126/context [39m[32m200[39m [90m2 ms - 14[39m
[35m[HTTP][39m [90m[39m
[35m[HTTP][39m [37m-->[39m [37mPOST[39m [37m/wd/hub/session/58ca0a92-4458-4959-85a5-fb82e8ce2126/timeouts[39m
[35m[HTTP][39m [90m{"implicit":50}[39m
[35m[HTTP][39m [37m<-- POST /wd/hub/session/58ca0a92-4458-4959-85a5-fb82e8ce2126/timeouts [39m[32m200[39m [90m2 ms - 14[39m
[35m[HTTP][39m [90m[39m
[35m[HTTP][39m [37m-->[39m [37mGET[39m [37m/wd/hub/session/58ca0a92-4458-4959-85a5-fb82e8ce2126/window/rect[39m
[35m[HTTP][39m [90m{}[39m
[35m[HTTP][39m [37m<-- GET /wd/hub/session/58ca0a92-4458-4959-85a5-fb82e8ce2126/window/rect [39m[32m200[39m [90m47 ms - 50[39m
[35m[HTTP][39m [90m[39m
[35m[HTTP][39m [37m-->[39m [37mPOST[39m [37m/wd/hub/session/58ca0a92-4458-4959-85a5-fb82e8ce2126/elements[39m
[35m[HTTP][39m [90m{"using":"xpath","value":"//*[@class = 'android.widget.Button' and (@text = 'SEARCH' or . = 'SEARCH') and @resource-id = 'com.bcaf.mobilesurvey:id/search']"}[39m
[35m[HTTP][39m [37m<-- POST /wd/hub/session/58ca0a92-4458-4959-85a5-fb82e8ce2126/elements [39m[32m200[39m [90m363 ms - 139[39m
[35m[HTTP][39m [90m[39m
[35m[HTTP][39m [37m-->[39m [37mGET[39m [37m/wd/hub/session/58ca0a92-4458-4959-85a5-fb82e8ce2126/element/00000000-0000-0aae-ffff-ffff0000133d/location[39m
[35m[HTTP][39m [90m{}[39m
[35m[W3C (58ca0a92)][39m Driver proxy active, passing request on via HTTP proxy
[35m[WD Proxy][39m Replacing sessionId e9513c91-1601-45f9-867a-6b9e1fd1afe8 with 58ca0a92-4458-4959-85a5-fb82e8ce2126
[35m[HTTP][39m [37m<-- GET /wd/hub/session/58ca0a92-4458-4959-85a5-fb82e8ce2126/element/00000000-0000-0aae-ffff-ffff0000133d/location [39m[32m200[39m [90m44 ms - 78[39m
[35m[HTTP][39m [90m[39m
[35m[HTTP][39m [37m-->[39m [37mPOST[39m [37m/wd/hub/session/58ca0a92-4458-4959-85a5-fb82e8ce2126/timeouts[39m
[35m[HTTP][39m [90m{"implicit":30000}[39m
[35m[HTTP][39m [37m<-- POST /wd/hub/session/58ca0a92-4458-4959-85a5-fb82e8ce2126/timeouts [39m[32m200[39m [90m1 ms - 14[39m
[35m[HTTP][39m [90m[39m
[35m[HTTP][39m [37m-->[39m [37mPOST[39m [37m/wd/hub/session/58ca0a92-4458-4959-85a5-fb82e8ce2126/touch/perform[39m
[35m[HTTP][39m [90m{"actions":[{"action":"tap","options":{"x":1,"y":1,"element":"00000000-0000-0aae-ffff-ffff0000133d"}},{"action":"release","options":{}}]}[39m
[35m[UiAutomator2][39m calling get location: 00000000-0000-0aae-ffff-ffff0000133d
[35m[HTTP][39m [37m<-- POST /wd/hub/session/58ca0a92-4458-4959-85a5-fb82e8ce2126/touch/perform [39m[32m200[39m [90m253 ms - 14[39m
[35m[HTTP][39m [90m[39m
[35m[HTTP][39m [37m-->[39m [37mGET[39m [37m/wd/hub/session/58ca0a92-4458-4959-85a5-fb82e8ce2126/context[39m
[35m[HTTP][39m [90m{}[39m
[35m[HTTP][39m [37m<-- GET /wd/hub/session/58ca0a92-4458-4959-85a5-fb82e8ce2126/context [39m[32m200[39m [90m2 ms - 22[39m
[35m[HTTP][39m [90m[39m
[35m[HTTP][39m [37m-->[39m [37mGET[39m [37m/wd/hub/session/58ca0a92-4458-4959-85a5-fb82e8ce2126/contexts[39m
[35m[HTTP][39m [90m{}[39m
[35m[HTTP][39m [37m<-- GET /wd/hub/session/58ca0a92-4458-4959-85a5-fb82e8ce2126/contexts [39m[32m200[39m [90m113 ms - 24[39m
[35m[HTTP][39m [90m[39m
[35m[HTTP][39m [37m-->[39m [37mPOST[39m [37m/wd/hub/session/58ca0a92-4458-4959-85a5-fb82e8ce2126/context[39m
[35m[HTTP][39m [90m{"name":"NATIVE_APP"}[39m
[35m[HTTP][39m [37m<-- POST /wd/hub/session/58ca0a92-4458-4959-85a5-fb82e8ce2126/context [39m[32m200[39m [90m2 ms - 14[39m
[35m[HTTP][39m [90m[39m
[35m[HTTP][39m [37m-->[39m [37mGET[39m [37m/wd/hub/session/58ca0a92-4458-4959-85a5-fb82e8ce2126/window/rect[39m
[35m[HTTP][39m [90m{}[39m
[35m[HTTP][39m [37m<-- GET /wd/hub/session/58ca0a92-4458-4959-85a5-fb82e8ce2126/window/rect [39m[32m200[39m [90m43 ms - 50[39m
[35m[HTTP][39m [90m[39m
[35m[HTTP][39m [37m-->[39m [37mPOST[39m [37m/wd/hub/session/58ca0a92-4458-4959-85a5-fb82e8ce2126/execute/sync[39m
[35m[HTTP][39m [90m{"script":"mobile: viewportScreenshot","args":[]}[39m
[35m[AndroidDriver][39m Executing native command 'mobile: viewportScreenshot'
[35m[HTTP][39m [37m<-- POST /wd/hub/session/58ca0a92-4458-4959-85a5-fb82e8ce2126/execute/sync [39m[32m200[39m [90m1487 ms - 356368[39m
[35m[HTTP][39m [90m[39m
[35m[HTTP][39m [37m-->[39m [37mPOST[39m [37m/wd/hub/session/58ca0a92-4458-4959-85a5-fb82e8ce2126/context[39m
[35m[HTTP][39m [90m{"name":"NATIVE_APP"}[39m
[35m[HTTP][39m [37m<-- POST /wd/hub/session/58ca0a92-4458-4959-85a5-fb82e8ce2126/context [39m[32m200[39m [90m1 ms - 14[39m
[35m[HTTP][39m [90m[39m
[35m[HTTP][39m [37m-->[39m [37mGET[39m [37m/wd/hub/session/58ca0a92-4458-4959-85a5-fb82e8ce2126/context[39m
[35m[HTTP][39m [90m{}[39m
[35m[HTTP][39m [37m<-- GET /wd/hub/session/58ca0a92-4458-4959-85a5-fb82e8ce2126/context [39m[32m200[39m [90m1 ms - 22[39m
[35m[HTTP][39m [90m[39m
[35m[HTTP][39m [37m-->[39m [37mGET[39m [37m/wd/hub/session/58ca0a92-4458-4959-85a5-fb82e8ce2126/contexts[39m
[35m[HTTP][39m [90m{}[39m
[35m[HTTP][39m [37m<-- GET /wd/hub/session/58ca0a92-4458-4959-85a5-fb82e8ce2126/contexts [39m[32m200[39m [90m106 ms - 24[39m
[35m[HTTP][39m [90m[39m
[35m[HTTP][39m [37m-->[39m [37mPOST[39m [37m/wd/hub/session/58ca0a92-4458-4959-85a5-fb82e8ce2126/context[39m
[35m[HTTP][39m [90m{"name":"NATIVE_APP"}[39m
[35m[HTTP][39m [37m<-- POST /wd/hub/session/58ca0a92-4458-4959-85a5-fb82e8ce2126/context [39m[32m200[39m [90m1 ms - 14[39m
[35m[HTTP][39m [90m[39m
[35m[HTTP][39m [37m-->[39m [37mPOST[39m [37m/wd/hub/session/58ca0a92-4458-4959-85a5-fb82e8ce2126/element[39m
[35m[HTTP][39m [90m{"using":"-android uiautomator","value":"new UiScrollable(new UiSelector().scrollable(true).instance(0)).scrollIntoView(new UiSelector().textContains(\"Data Kendaraan\"))"}[39m
[35m[HTTP][39m [37m<-- POST /wd/hub/session/58ca0a92-4458-4959-85a5-fb82e8ce2126/element [39m[32m200[39m [90m5571 ms - 137[39m
[35m[HTTP][39m [90m[39m
[35m[HTTP][39m [37m-->[39m [37mPOST[39m [37m/wd/hub/session/58ca0a92-4458-4959-85a5-fb82e8ce2126/context[39m
[35m[HTTP][39m [90m{"name":"NATIVE_APP"}[39m
[35m[HTTP][39m [37m<-- POST /wd/hub/session/58ca0a92-4458-4959-85a5-fb82e8ce2126/context [39m[32m200[39m [90m1 ms - 14[39m
[35m[HTTP][39m [90m[39m
[35m[HTTP][39m [37m-->[39m [37mGET[39m [37m/wd/hub/session/58ca0a92-4458-4959-85a5-fb82e8ce2126/context[39m
[35m[HTTP][39m [90m{}[39m
[35m[HTTP][39m [37m<-- GET /wd/hub/session/58ca0a92-4458-4959-85a5-fb82e8ce2126/context [39m[32m200[39m [90m2 ms - 22[39m
[35m[HTTP][39m [90m[39m
[35m[HTTP][39m [37m-->[39m [37mGET[39m [37m/wd/hub/session/58ca0a92-4458-4959-85a5-fb82e8ce2126/contexts[39m
[35m[HTTP][39m [90m{}[39m
[35m[HTTP][39m [37m<-- GET /wd/hub/session/58ca0a92-4458-4959-85a5-fb82e8ce2126/contexts [39m[32m200[39m [90m115 ms - 24[39m
[35m[HTTP][39m [90m[39m
[35m[HTTP][39m [37m-->[39m [37mPOST[39m [37m/wd/hub/session/58ca0a92-4458-4959-85a5-fb82e8ce2126/context[39m
[35m[HTTP][39m [90m{"name":"NATIVE_APP"}[39m
[35m[HTTP][39m [37m<-- POST /wd/hub/session/58ca0a92-4458-4959-85a5-fb82e8ce2126/context [39m[32m200[39m [90m1 ms - 14[39m
[35m[HTTP][39m [90m[39m
[35m[HTTP][39m [37m-->[39m [37mGET[39m [37m/wd/hub/session/58ca0a92-4458-4959-85a5-fb82e8ce2126/window/rect[39m
[35m[HTTP][39m [90m{}[39m
[35m[HTTP][39m [37m<-- GET /wd/hub/session/58ca0a92-4458-4959-85a5-fb82e8ce2126/window/rect [39m[32m200[39m [90m38 ms - 50[39m
[35m[HTTP][39m [90m[39m
[35m[HTTP][39m [37m-->[39m [37mPOST[39m [37m/wd/hub/session/58ca0a92-4458-4959-85a5-fb82e8ce2126/execute/sync[39m
[35m[HTTP][39m [90m{"script":"mobile: viewportScreenshot","args":[]}[39m
[35m[AndroidDriver][39m Executing native command 'mobile: viewportScreenshot'
[35m[HTTP][39m [37m<-- POST /wd/hub/session/58ca0a92-4458-4959-85a5-fb82e8ce2126/execute/sync [39m[32m200[39m [90m1506 ms - 357608[39m
[35m[HTTP][39m [90m[39m
[35m[HTTP][39m [37m-->[39m [37mPOST[39m [37m/wd/hub/session/58ca0a92-4458-4959-85a5-fb82e8ce2126/context[39m
[35m[HTTP][39m [90m{"name":"NATIVE_APP"}[39m
[35m[HTTP][39m [37m<-- POST /wd/hub/session/58ca0a92-4458-4959-85a5-fb82e8ce2126/context [39m[32m200[39m [90m2 ms - 14[39m
[35m[HTTP][39m [90m[39m
[35m[HTTP][39m [37m-->[39m [37mPOST[39m [37m/wd/hub/session/58ca0a92-4458-4959-85a5-fb82e8ce2126/timeouts[39m
[35m[HTTP][39m [90m{"implicit":50}[39m
[35m[HTTP][39m [37m<-- POST /wd/hub/session/58ca0a92-4458-4959-85a5-fb82e8ce2126/timeouts [39m[32m200[39m [90m4 ms - 14[39m
[35m[HTTP][39m [90m[39m
[35m[HTTP][39m [37m-->[39m [37mGET[39m [37m/wd/hub/session/58ca0a92-4458-4959-85a5-fb82e8ce2126/window/rect[39m
[35m[HTTP][39m [90m{}[39m
[35m[HTTP][39m [37m<-- GET /wd/hub/session/58ca0a92-4458-4959-85a5-fb82e8ce2126/window/rect [39m[32m200[39m [90m40 ms - 50[39m
[35m[HTTP][39m [90m[39m
[35m[HTTP][39m [37m-->[39m [37mPOST[39m [37m/wd/hub/session/58ca0a92-4458-4959-85a5-fb82e8ce2126/elements[39m
[35m[HTTP][39m [90m{"using":"xpath","value":"//*[@class = 'android.widget.TextView' and (@text = 'Surat Kendaraan' or . = 'Surat Kendaraan') and @resource-id = 'com.bcaf.mobilesurvey:id/showhide_surat']"}[39m
[35m[HTTP][39m [37m<-- POST /wd/hub/session/58ca0a92-4458-4959-85a5-fb82e8ce2126/elements [39m[32m200[39m [90m717 ms - 139[39m
[35m[HTTP][39m [90m[39m
[35m[HTTP][39m [37m-->[39m [37mGET[39m [37m/wd/hub/session/58ca0a92-4458-4959-85a5-fb82e8ce2126/element/00000000-0000-0ab1-ffff-ffff0000148b/location[39m
[35m[HTTP][39m [90m{}[39m
[35m[W3C (58ca0a92)][39m Driver proxy active, passing request on via HTTP proxy
[35m[WD Proxy][39m Replacing sessionId e9513c91-1601-45f9-867a-6b9e1fd1afe8 with 58ca0a92-4458-4959-85a5-fb82e8ce2126
[35m[HTTP][39m [37m<-- GET /wd/hub/session/58ca0a92-4458-4959-85a5-fb82e8ce2126/element/00000000-0000-0ab1-ffff-ffff0000148b/location [39m[32m200[39m [90m37 ms - 78[39m
[35m[HTTP][39m [90m[39m
[35m[HTTP][39m [37m-->[39m [37mPOST[39m [37m/wd/hub/session/58ca0a92-4458-4959-85a5-fb82e8ce2126/timeouts[39m
[35m[HTTP][39m [90m{"implicit":30000}[39m
[35m[HTTP][39m [37m<-- POST /wd/hub/session/58ca0a92-4458-4959-85a5-fb82e8ce2126/timeouts [39m[32m200[39m [90m1 ms - 14[39m
[35m[HTTP][39m [90m[39m
[35m[HTTP][39m [37m-->[39m [37mPOST[39m [37m/wd/hub/session/58ca0a92-4458-4959-85a5-fb82e8ce2126/touch/perform[39m
[35m[HTTP][39m [90m{"actions":[{"action":"tap","options":{"x":1,"y":1,"element":"00000000-0000-0ab1-ffff-ffff0000148b"}},{"action":"release","options":{}}]}[39m
[35m[UiAutomator2][39m calling get location: 00000000-0000-0ab1-ffff-ffff0000148b
[35m[HTTP][39m [37m<-- POST /wd/hub/session/58ca0a92-4458-4959-85a5-fb82e8ce2126/touch/perform [39m[32m200[39m [90m908 ms - 14[39m
[35m[HTTP][39m [90m[39m
[35m[HTTP][39m [37m-->[39m [37mGET[39m [37m/wd/hub/session/58ca0a92-4458-4959-85a5-fb82e8ce2126/context[39m
[35m[HTTP][39m [90m{}[39m
[35m[HTTP][39m [37m<-- GET /wd/hub/session/58ca0a92-4458-4959-85a5-fb82e8ce2126/context [39m[32m200[39m [90m2 ms - 22[39m
[35m[HTTP][39m [90m[39m
[35m[HTTP][39m [37m-->[39m [37mGET[39m [37m/wd/hub/session/58ca0a92-4458-4959-85a5-fb82e8ce2126/contexts[39m
[35m[HTTP][39m [90m{}[39m
[35m[HTTP][39m [37m<-- GET /wd/hub/session/58ca0a92-4458-4959-85a5-fb82e8ce2126/contexts [39m[32m200[39m [90m97 ms - 24[39m
[35m[HTTP][39m [90m[39m
[35m[HTTP][39m [37m-->[39m [37mPOST[39m [37m/wd/hub/session/58ca0a92-4458-4959-85a5-fb82e8ce2126/context[39m
[35m[HTTP][39m [90m{"name":"NATIVE_APP"}[39m
[35m[HTTP][39m [37m<-- POST /wd/hub/session/58ca0a92-4458-4959-85a5-fb82e8ce2126/context [39m[32m200[39m [90m1 ms - 14[39m
[35m[HTTP][39m [90m[39m
[35m[HTTP][39m [37m-->[39m [37mGET[39m [37m/wd/hub/session/58ca0a92-4458-4959-85a5-fb82e8ce2126/window/rect[39m
[35m[HTTP][39m [90m{}[39m
[35m[HTTP][39m [37m<-- GET /wd/hub/session/58ca0a92-4458-4959-85a5-fb82e8ce2126/window/rect [39m[32m200[39m [90m39 ms - 50[39m
[35m[HTTP][39m [90m[39m
[35m[HTTP][39m [37m-->[39m [37mPOST[39m [37m/wd/hub/session/58ca0a92-4458-4959-85a5-fb82e8ce2126/execute/sync[39m
[35m[HTTP][39m [90m{"script":"mobile: viewportScreenshot","args":[]}[39m
[35m[AndroidDriver][39m Executing native command 'mobile: viewportScreenshot'
[35m[HTTP][39m [37m<-- POST /wd/hub/session/58ca0a92-4458-4959-85a5-fb82e8ce2126/execute/sync [39m[32m200[39m [90m1466 ms - 379752[39m
[35m[HTTP][39m [90m[39m
[35m[HTTP][39m [37m-->[39m [37mPOST[39m [37m/wd/hub/session/58ca0a92-4458-4959-85a5-fb82e8ce2126/context[39m
[35m[HTTP][39m [90m{"name":"NATIVE_APP"}[39m
[35m[HTTP][39m [37m<-- POST /wd/hub/session/58ca0a92-4458-4959-85a5-fb82e8ce2126/context [39m[32m200[39m [90m1 ms - 14[39m
[35m[HTTP][39m [90m[39m
[35m[HTTP][39m [37m-->[39m [37mGET[39m [37m/wd/hub/session/58ca0a92-4458-4959-85a5-fb82e8ce2126/context[39m
[35m[HTTP][39m [90m{}[39m
[35m[HTTP][39m [37m<-- GET /wd/hub/session/58ca0a92-4458-4959-85a5-fb82e8ce2126/context [39m[32m200[39m [90m1 ms - 22[39m
[35m[HTTP][39m [90m[39m
[35m[HTTP][39m [37m-->[39m [37mGET[39m [37m/wd/hub/session/58ca0a92-4458-4959-85a5-fb82e8ce2126/contexts[39m
[35m[HTTP][39m [90m{}[39m
[35m[HTTP][39m [37m<-- GET /wd/hub/session/58ca0a92-4458-4959-85a5-fb82e8ce2126/contexts [39m[32m200[39m [90m107 ms - 24[39m
[35m[HTTP][39m [90m[39m
[35m[HTTP][39m [37m-->[39m [37mPOST[39m [37m/wd/hub/session/58ca0a92-4458-4959-85a5-fb82e8ce2126/context[39m
[35m[HTTP][39m [90m{"name":"NATIVE_APP"}[39m
[35m[HTTP][39m [37m<-- POST /wd/hub/session/58ca0a92-4458-4959-85a5-fb82e8ce2126/context [39m[32m200[39m [90m1 ms - 14[39m
[35m[HTTP][39m [90m[39m
[35m[HTTP][39m [37m-->[39m [37mPOST[39m [37m/wd/hub/session/58ca0a92-4458-4959-85a5-fb82e8ce2126/element[39m
[35m[HTTP][39m [90m{"using":"-android uiautomator","value":"new UiScrollable(new UiSelector().scrollable(true).instance(0)).scrollIntoView(new UiSelector().textContains(\"Kondisi Kendaraan\"))"}[39m
[35m[HTTP][39m [37m<-- POST /wd/hub/session/58ca0a92-4458-4959-85a5-fb82e8ce2126/element [39m[32m200[39m [90m6006 ms - 137[39m
[35m[HTTP][39m [90m[39m
[35m[HTTP][39m [37m-->[39m [37mPOST[39m [37m/wd/hub/session/58ca0a92-4458-4959-85a5-fb82e8ce2126/context[39m
[35m[HTTP][39m [90m{"name":"NATIVE_APP"}[39m
[35m[HTTP][39m [37m<-- POST /wd/hub/session/58ca0a92-4458-4959-85a5-fb82e8ce2126/context [39m[32m200[39m [90m1 ms - 14[39m
[35m[HTTP][39m [90m[39m
[35m[HTTP][39m [37m-->[39m [37mPOST[39m [37m/wd/hub/session/58ca0a92-4458-4959-85a5-fb82e8ce2126/timeouts[39m
[35m[HTTP][39m [90m{"implicit":50}[39m
[35m[HTTP][39m [37m<-- POST /wd/hub/session/58ca0a92-4458-4959-85a5-fb82e8ce2126/timeouts [39m[32m200[39m [90m2 ms - 14[39m
[35m[HTTP][39m [90m[39m
[35m[HTTP][39m [37m-->[39m [37mGET[39m [37m/wd/hub/session/58ca0a92-4458-4959-85a5-fb82e8ce2126/window/rect[39m
[35m[HTTP][39m [90m{}[39m
[35m[HTTP][39m [37m<-- GET /wd/hub/session/58ca0a92-4458-4959-85a5-fb82e8ce2126/window/rect [39m[32m200[39m [90m39 ms - 50[39m
[35m[HTTP][39m [90m[39m
[35m[HTTP][39m [37m-->[39m [37mPOST[39m [37m/wd/hub/session/58ca0a92-4458-4959-85a5-fb82e8ce2126/elements[39m
[35m[HTTP][39m [90m{"using":"xpath","value":"//*[@class = 'android.widget.TextView' and (@text = 'Kondisi Kendaraan' or . = 'Kondisi Kendaraan') and @resource-id = 'com.bcaf.mobilesurvey:id/showhide_kondisi']"}[39m
[35m[HTTP][39m [37m<-- POST /wd/hub/session/58ca0a92-4458-4959-85a5-fb82e8ce2126/elements [39m[32m200[39m [90m722 ms - 139[39m
[35m[HTTP][39m [90m[39m
[35m[HTTP][39m [37m-->[39m [37mGET[39m [37m/wd/hub/session/58ca0a92-4458-4959-85a5-fb82e8ce2126/element/00000000-0000-0ab1-ffff-ffff0000148d/location[39m
[35m[HTTP][39m [90m{}[39m
[35m[W3C (58ca0a92)][39m Driver proxy active, passing request on via HTTP proxy
[35m[WD Proxy][39m Replacing sessionId e9513c91-1601-45f9-867a-6b9e1fd1afe8 with 58ca0a92-4458-4959-85a5-fb82e8ce2126
[35m[HTTP][39m [37m<-- GET /wd/hub/session/58ca0a92-4458-4959-85a5-fb82e8ce2126/element/00000000-0000-0ab1-ffff-ffff0000148d/location [39m[32m200[39m [90m38 ms - 78[39m
[35m[HTTP][39m [90m[39m
[35m[HTTP][39m [37m-->[39m [37mPOST[39m [37m/wd/hub/session/58ca0a92-4458-4959-85a5-fb82e8ce2126/timeouts[39m
[35m[HTTP][39m [90m{"implicit":30000}[39m
[35m[HTTP][39m [37m<-- POST /wd/hub/session/58ca0a92-4458-4959-85a5-fb82e8ce2126/timeouts [39m[32m200[39m [90m1 ms - 14[39m
[35m[HTTP][39m [90m[39m
[35m[HTTP][39m [37m-->[39m [37mPOST[39m [37m/wd/hub/session/58ca0a92-4458-4959-85a5-fb82e8ce2126/touch/perform[39m
[35m[HTTP][39m [90m{"actions":[{"action":"tap","options":{"x":1,"y":1,"element":"00000000-0000-0ab1-ffff-ffff0000148d"}},{"action":"release","options":{}}]}[39m
[35m[UiAutomator2][39m calling get location: 00000000-0000-0ab1-ffff-ffff0000148d
[35m[HTTP][39m [37m<-- POST /wd/hub/session/58ca0a92-4458-4959-85a5-fb82e8ce2126/touch/perform [39m[32m200[39m [90m838 ms - 14[39m
[35m[HTTP][39m [90m[39m
[35m[HTTP][39m [37m-->[39m [37mGET[39m [37m/wd/hub/session/58ca0a92-4458-4959-85a5-fb82e8ce2126/context[39m
[35m[HTTP][39m [90m{}[39m
[35m[HTTP][39m [37m<-- GET /wd/hub/session/58ca0a92-4458-4959-85a5-fb82e8ce2126/context [39m[32m200[39m [90m1 ms - 22[39m
[35m[HTTP][39m [90m[39m
[35m[HTTP][39m [37m-->[39m [37mGET[39m [37m/wd/hub/session/58ca0a92-4458-4959-85a5-fb82e8ce2126/contexts[39m
[35m[HTTP][39m [90m{}[39m
[35m[HTTP][39m [37m<-- GET /wd/hub/session/58ca0a92-4458-4959-85a5-fb82e8ce2126/contexts [39m[32m200[39m [90m96 ms - 24[39m
[35m[HTTP][39m [90m[39m
[35m[HTTP][39m [37m-->[39m [37mPOST[39m [37m/wd/hub/session/58ca0a92-4458-4959-85a5-fb82e8ce2126/context[39m
[35m[HTTP][39m [90m{"name":"NATIVE_APP"}[39m
[35m[HTTP][39m [37m<-- POST /wd/hub/session/58ca0a92-4458-4959-85a5-fb82e8ce2126/context [39m[32m200[39m [90m1 ms - 14[39m
[35m[HTTP][39m [90m[39m
[35m[HTTP][39m [37m-->[39m [37mGET[39m [37m/wd/hub/session/58ca0a92-4458-4959-85a5-fb82e8ce2126/window/rect[39m
[35m[HTTP][39m [90m{}[39m
[35m[HTTP][39m [37m<-- GET /wd/hub/session/58ca0a92-4458-4959-85a5-fb82e8ce2126/window/rect [39m[32m200[39m [90m21 ms - 50[39m
[35m[HTTP][39m [90m[39m
[35m[HTTP][39m [37m-->[39m [37mPOST[39m [37m/wd/hub/session/58ca0a92-4458-4959-85a5-fb82e8ce2126/execute/sync[39m
[35m[HTTP][39m [90m{"script":"mobile: viewportScreenshot","args":[]}[39m
[35m[AndroidDriver][39m Executing native command 'mobile: viewportScreenshot'
[35m[HTTP][39m [37m<-- POST /wd/hub/session/58ca0a92-4458-4959-85a5-fb82e8ce2126/execute/sync [39m[32m200[39m [90m1490 ms - 381688[39m
[35m[HTTP][39m [90m[39m
[35m[HTTP][39m [37m-->[39m [37mPOST[39m [37m/wd/hub/session/58ca0a92-4458-4959-85a5-fb82e8ce2126/context[39m
[35m[HTTP][39m [90m{"name":"NATIVE_APP"}[39m
[35m[HTTP][39m [37m<-- POST /wd/hub/session/58ca0a92-4458-4959-85a5-fb82e8ce2126/context [39m[32m200[39m [90m1 ms - 14[39m
[35m[HTTP][39m [90m[39m
[35m[HTTP][39m [37m-->[39m [37mGET[39m [37m/wd/hub/session/58ca0a92-4458-4959-85a5-fb82e8ce2126/context[39m
[35m[HTTP][39m [90m{}[39m
[35m[HTTP][39m [37m<-- GET /wd/hub/session/58ca0a92-4458-4959-85a5-fb82e8ce2126/context [39m[32m200[39m [90m1 ms - 22[39m
[35m[HTTP][39m [90m[39m
[35m[HTTP][39m [37m-->[39m [37mGET[39m [37m/wd/hub/session/58ca0a92-4458-4959-85a5-fb82e8ce2126/contexts[39m
[35m[HTTP][39m [90m{}[39m
[35m[HTTP][39m [37m<-- GET /wd/hub/session/58ca0a92-4458-4959-85a5-fb82e8ce2126/contexts [39m[32m200[39m [90m111 ms - 24[39m
[35m[HTTP][39m [90m[39m
[35m[HTTP][39m [37m-->[39m [37mPOST[39m [37m/wd/hub/session/58ca0a92-4458-4959-85a5-fb82e8ce2126/context[39m
[35m[HTTP][39m [90m{"name":"NATIVE_APP"}[39m
[35m[HTTP][39m [37m<-- POST /wd/hub/session/58ca0a92-4458-4959-85a5-fb82e8ce2126/context [39m[32m200[39m [90m2 ms - 14[39m
[35m[HTTP][39m [90m[39m
[35m[HTTP][39m [37m-->[39m [37mPOST[39m [37m/wd/hub/session/58ca0a92-4458-4959-85a5-fb82e8ce2126/element[39m
[35m[HTTP][39m [90m{"using":"-android uiautomator","value":"new UiScrollable(new UiSelector().scrollable(true).instance(0)).scrollIntoView(new UiSelector().textContains(\"Foto Mobil\"))"}[39m
[35m[HTTP][39m [37m<-- POST /wd/hub/session/58ca0a92-4458-4959-85a5-fb82e8ce2126/element [39m[32m200[39m [90m11748 ms - 137[39m
[35m[HTTP][39m [90m[39m
[35m[HTTP][39m [37m-->[39m [37mPOST[39m [37m/wd/hub/session/58ca0a92-4458-4959-85a5-fb82e8ce2126/context[39m
[35m[HTTP][39m [90m{"name":"NATIVE_APP"}[39m
[35m[HTTP][39m [37m<-- POST /wd/hub/session/58ca0a92-4458-4959-85a5-fb82e8ce2126/context [39m[32m200[39m [90m1 ms - 14[39m
[35m[HTTP][39m [90m[39m
[35m[HTTP][39m [37m-->[39m [37mPOST[39m [37m/wd/hub/session/58ca0a92-4458-4959-85a5-fb82e8ce2126/timeouts[39m
[35m[HTTP][39m [90m{"implicit":50}[39m
[35m[HTTP][39m [37m<-- POST /wd/hub/session/58ca0a92-4458-4959-85a5-fb82e8ce2126/timeouts [39m[32m200[39m [90m2 ms - 14[39m
[35m[HTTP][39m [90m[39m
[35m[HTTP][39m [37m-->[39m [37mGET[39m [37m/wd/hub/session/58ca0a92-4458-4959-85a5-fb82e8ce2126/window/rect[39m
[35m[HTTP][39m [90m{}[39m
[35m[HTTP][39m [37m<-- GET /wd/hub/session/58ca0a92-4458-4959-85a5-fb82e8ce2126/window/rect [39m[32m200[39m [90m40 ms - 50[39m
[35m[HTTP][39m [90m[39m
[35m[HTTP][39m [37m-->[39m [37mPOST[39m [37m/wd/hub/session/58ca0a92-4458-4959-85a5-fb82e8ce2126/elements[39m
[35m[HTTP][39m [90m{"using":"xpath","value":"//*[@class = 'android.widget.TextView' and (@text = 'Foto Mobil' or . = 'Foto Mobil') and @resource-id = 'com.bcaf.mobilesurvey:id/showhide_foto']"}[39m
[35m[HTTP][39m [37m<-- POST /wd/hub/session/58ca0a92-4458-4959-85a5-fb82e8ce2126/elements [39m[32m200[39m [90m923 ms - 139[39m
[35m[HTTP][39m [90m[39m
[35m[HTTP][39m [37m-->[39m [37mGET[39m [37m/wd/hub/session/58ca0a92-4458-4959-85a5-fb82e8ce2126/element/00000000-0000-0ab1-ffff-ffff000014ad/location[39m
[35m[HTTP][39m [90m{}[39m
[35m[W3C (58ca0a92)][39m Driver proxy active, passing request on via HTTP proxy
[35m[WD Proxy][39m Replacing sessionId e9513c91-1601-45f9-867a-6b9e1fd1afe8 with 58ca0a92-4458-4959-85a5-fb82e8ce2126
[35m[HTTP][39m [37m<-- GET /wd/hub/session/58ca0a92-4458-4959-85a5-fb82e8ce2126/element/00000000-0000-0ab1-ffff-ffff000014ad/location [39m[32m200[39m [90m38 ms - 78[39m
[35m[HTTP][39m [90m[39m
[35m[HTTP][39m [37m-->[39m [37mPOST[39m [37m/wd/hub/session/58ca0a92-4458-4959-85a5-fb82e8ce2126/timeouts[39m
[35m[HTTP][39m [90m{"implicit":30000}[39m
[35m[HTTP][39m [37m<-- POST /wd/hub/session/58ca0a92-4458-4959-85a5-fb82e8ce2126/timeouts [39m[32m200[39m [90m2 ms - 14[39m
[35m[HTTP][39m [90m[39m
[35m[HTTP][39m [37m-->[39m [37mPOST[39m [37m/wd/hub/session/58ca0a92-4458-4959-85a5-fb82e8ce2126/touch/perform[39m
[35m[HTTP][39m [90m{"actions":[{"action":"tap","options":{"x":1,"y":1,"element":"00000000-0000-0ab1-ffff-ffff000014ad"}},{"action":"release","options":{}}]}[39m
[35m[UiAutomator2][39m calling get location: 00000000-0000-0ab1-ffff-ffff000014ad
[35m[HTTP][39m [37m<-- POST /wd/hub/session/58ca0a92-4458-4959-85a5-fb82e8ce2126/touch/perform [39m[32m200[39m [90m844 ms - 14[39m
[35m[HTTP][39m [90m[39m
[35m[HTTP][39m [37m-->[39m [37mGET[39m [37m/wd/hub/session/58ca0a92-4458-4959-85a5-fb82e8ce2126/context[39m
[35m[HTTP][39m [90m{}[39m
[35m[HTTP][39m [37m<-- GET /wd/hub/session/58ca0a92-4458-4959-85a5-fb82e8ce2126/context [39m[32m200[39m [90m1 ms - 22[39m
[35m[HTTP][39m [90m[39m
[35m[HTTP][39m [37m-->[39m [37mGET[39m [37m/wd/hub/session/58ca0a92-4458-4959-85a5-fb82e8ce2126/contexts[39m
[35m[HTTP][39m [90m{}[39m
[35m[HTTP][39m [37m<-- GET /wd/hub/session/58ca0a92-4458-4959-85a5-fb82e8ce2126/contexts [39m[32m200[39m [90m109 ms - 24[39m
[35m[HTTP][39m [90m[39m
[35m[HTTP][39m [37m-->[39m [37mPOST[39m [37m/wd/hub/session/58ca0a92-4458-4959-85a5-fb82e8ce2126/context[39m
[35m[HTTP][39m [90m{"name":"NATIVE_APP"}[39m
[35m[HTTP][39m [37m<-- POST /wd/hub/session/58ca0a92-4458-4959-85a5-fb82e8ce2126/context [39m[32m200[39m [90m2 ms - 14[39m
[35m[HTTP][39m [90m[39m
[35m[HTTP][39m [37m-->[39m [37mPOST[39m [37m/wd/hub/session/58ca0a92-4458-4959-85a5-fb82e8ce2126/element[39m
[35m[HTTP][39m [90m{"using":"-android uiautomator","value":"new UiScrollable(new UiSelector().scrollable(true).instance(0)).scrollIntoView(new UiSelector().textContains(\"Kiri Depan\"))"}[39m
[35m[HTTP][39m [37m<-- POST /wd/hub/session/58ca0a92-4458-4959-85a5-fb82e8ce2126/element [39m[32m200[39m [90m13844 ms - 137[39m
[35m[HTTP][39m [90m[39m
[35m[HTTP][39m [37m-->[39m [37mPOST[39m [37m/wd/hub/session/58ca0a92-4458-4959-85a5-fb82e8ce2126/context[39m
[35m[HTTP][39m [90m{"name":"NATIVE_APP"}[39m
[35m[HTTP][39m [37m<-- POST /wd/hub/session/58ca0a92-4458-4959-85a5-fb82e8ce2126/context [39m[32m200[39m [90m1 ms - 14[39m
[35m[HTTP][39m [90m[39m
[35m[HTTP][39m [37m-->[39m [37mGET[39m [37m/wd/hub/session/58ca0a92-4458-4959-85a5-fb82e8ce2126/context[39m
[35m[HTTP][39m [90m{}[39m
[35m[HTTP][39m [37m<-- GET /wd/hub/session/58ca0a92-4458-4959-85a5-fb82e8ce2126/context [39m[32m200[39m [90m2 ms - 22[39m
[35m[HTTP][39m [90m[39m
[35m[HTTP][39m [37m-->[39m [37mGET[39m [37m/wd/hub/session/58ca0a92-4458-4959-85a5-fb82e8ce2126/contexts[39m
[35m[HTTP][39m [90m{}[39m
[35m[HTTP][39m [37m<-- GET /wd/hub/session/58ca0a92-4458-4959-85a5-fb82e8ce2126/contexts [39m[32m200[39m [90m111 ms - 24[39m
[35m[HTTP][39m [90m[39m
[35m[HTTP][39m [37m-->[39m [37mPOST[39m [37m/wd/hub/session/58ca0a92-4458-4959-85a5-fb82e8ce2126/context[39m
[35m[HTTP][39m [90m{"name":"NATIVE_APP"}[39m
[35m[HTTP][39m [37m<-- POST /wd/hub/session/58ca0a92-4458-4959-85a5-fb82e8ce2126/context [39m[32m200[39m [90m1 ms - 14[39m
[35m[HTTP][39m [90m[39m
[35m[HTTP][39m [37m-->[39m [37mGET[39m [37m/wd/hub/session/58ca0a92-4458-4959-85a5-fb82e8ce2126/window/rect[39m
[35m[HTTP][39m [90m{}[39m
[35m[HTTP][39m [37m<-- GET /wd/hub/session/58ca0a92-4458-4959-85a5-fb82e8ce2126/window/rect [39m[32m200[39m [90m39 ms - 50[39m
[35m[HTTP][39m [90m[39m
[35m[HTTP][39m [37m-->[39m [37mPOST[39m [37m/wd/hub/session/58ca0a92-4458-4959-85a5-fb82e8ce2126/execute/sync[39m
[35m[HTTP][39m [90m{"script":"mobile: viewportScreenshot","args":[]}[39m
[35m[AndroidDriver][39m Executing native command 'mobile: viewportScreenshot'
[35m[HTTP][39m [37m<-- POST /wd/hub/session/58ca0a92-4458-4959-85a5-fb82e8ce2126/execute/sync [39m[32m200[39m [90m2567 ms - 2033416[39m
[35m[HTTP][39m [90m[39m
[35m[HTTP][39m [37m-->[39m [37mPOST[39m [37m/wd/hub/session/58ca0a92-4458-4959-85a5-fb82e8ce2126/context[39m
[35m[HTTP][39m [90m{"name":"NATIVE_APP"}[39m
[35m[HTTP][39m [37m<-- POST /wd/hub/session/58ca0a92-4458-4959-85a5-fb82e8ce2126/context [39m[32m200[39m [90m1 ms - 14[39m
[35m[HTTP][39m [90m[39m
[35m[HTTP][39m [37m-->[39m [37mDELETE[39m [37m/wd/hub/session/58ca0a92-4458-4959-85a5-fb82e8ce2126[39m
[35m[HTTP][39m [90m{}[39m
[35m[Appium][39m Removing session 58ca0a92-4458-4959-85a5-fb82e8ce2126 from our master session list
[35m[UiAutomator2][39m Restoring hidden api policy to the device default configuration
[35m[HTTP][39m [37m<-- DELETE /wd/hub/session/58ca0a92-4458-4959-85a5-fb82e8ce2126 [39m[32m200[39m [90m595 ms - 14[39m
[35m[HTTP][39m [90m[39m
