[35m[Appium][39m Welcome to Appium v1.22.2
[35m[Appium][39m Non-default server args:
[35m[Appium][39m   port: 60403
[35m[Appium][39m   loglevel: info
[35m[Appium][39m   tmpDir: C:\Users\NIAYUS~1\AppData\Local\Temp\\Katalon\Appium\Temp1645423885346
[35m[Appium][39m   chromedriverPort: 60404
[35m[Appium][39m Deprecated server args:
[35m[Appium][39m   [31m--chromedriver-port[39m => --default-capabilities
[35m[Appium][39m Default capabilities, which will be added to each request unless overridden by desired capabilities:
[35m[Appium][39m   chromedriverPort: 60404
[35m[Appium][39m Appium REST http interface listener started on 0.0.0.0:60403
[35m[HTTP][39m [37m-->[39m [37mGET[39m [37m/wd/hub/status[39m
[35m[HTTP][39m [90m{}[39m
[35m[HTTP][39m [37m<-- GET /wd/hub/status [39m[32m200[39m [90m10 ms - 68[39m
[35m[HTTP][39m [90m[39m
[35m[HTTP][39m [37m-->[39m [37mPOST[39m [37m/wd/hub/session[39m
[35m[HTTP][39m [90m{"desiredCapabilities":{"appActivity":".Settings","appPackage":"com.android.settings","newCommandTimeout":1800,"platformVersion":"11","automationName":"uiautomator2","autoGrantPermissions":true,"platformName":"Android","udid":"RR8N605F11Y","deviceName":"samsung SM-M315F (Android 11)","platform":"ANDROID","systemPort":8258},"capabilities":{"firstMatch":[{"appium:appActivity":".Settings","appium:appPackage":"com.android.settings","appium:autoGrantPermissions":true,"appium:automationName":"uiautomator2","appium:deviceName":"samsung SM-M315F (Android 11)","appium:newCommandTimeout":1800,"platform":"ANDROID","platformName":"android","appium:platformVersion":"11","appium:systemPort":8258,"appium:udid":"RR8N605F11Y"}]}}[39m
[35m[BaseDriver][39m The following capabilities are not standard capabilities and should have an extension prefix:
[35m[BaseDriver][39m   platform
[35m[BaseDriver][39m   chromedriverPort
[35m[Appium][39m Appium v1.22.2 creating new AndroidUiautomator2Driver (v1.70.1) session
[35m[BaseDriver][39m The following capabilities were provided, but are not recognized by Appium:
[35m[BaseDriver][39m   platform
[35m[BaseDriver][39m Session created with session id: 21e170e8-eb32-490d-9f54-aeb817b16f56
[35m[UiAutomator2][39m Starting 'com.android.settings' directly on the device
[35m[ADB][39m Cannot sort build-tools folders ["29.0.3","android-8.1.0"] by semantic version names.
[35m[ADB][39m Falling back to sorting by modification date. Original error: Invalid Version: android-8.1.0
[35m[ADB][39m Found 2 'build-tools' folders under 'C:\Users\Nia Yusniati\.katalon\tools\android_sdk' (newest first):
[35m[ADB][39m     C:/Users/Nia Yusniati/.katalon/tools/android_sdk/build-tools/29.0.3
[35m[ADB][39m     C:/Users/Nia Yusniati/.katalon/tools/android_sdk/build-tools/android-8.1.0
[35m[ADB][39m Using 'adb.exe' from 'C:\Users\Nia Yusniati\.katalon\tools\android_sdk\platform-tools\adb.exe'
[35m[AndroidDriver][39m Retrieving device list
[35m[AndroidDriver][39m Using device: RR8N605F11Y
[35m[ADB][39m Using 'adb.exe' from 'C:\Users\Nia Yusniati\.katalon\tools\android_sdk\platform-tools\adb.exe'
[35m[ADB][39m Getting device platform version
[35m[UiAutomator2][39m Relaxing hidden api policy
[35m[AndroidDriver][39m No app sent in, not parsing package/activity
[35m[ADB][39m Using 'apksigner.jar' from 'C:\Users\Nia Yusniati\.katalon\tools\android_sdk\build-tools\29.0.3\lib\apksigner.jar'
[35m[ADB][39m 'C:\Users\Nia Yusniati\AppData\Roaming\npm\node_modules\appium\node_modules\appium-uiautomator2-server\apks\appium-uiautomator2-server-v4.27.0.apk' is signed with the default certificate
[35m[ADB][39m 'C:\Users\Nia Yusniati\AppData\Roaming\npm\node_modules\appium\node_modules\appium-uiautomator2-server\apks\appium-uiautomator2-server-debug-androidTest.apk' is signed with the default certificate
[35m[UiAutomator2][39m Server packages are not going to be (re)installed
[35m[ADB][39m Adding packages ["io.appium.settings","io.appium.uiautomator2.server","io.appium.uiautomator2.server.test"] to Doze whitelist
[35m[UiAutomator2][39m Starting UIAutomator2 server 4.27.0
[35m[UiAutomator2][39m Using UIAutomator2 server from 'C:\Users\Nia Yusniati\AppData\Roaming\npm\node_modules\appium\node_modules\appium-uiautomator2-server\apks\appium-uiautomator2-server-v4.27.0.apk' and test from 'C:\Users\Nia Yusniati\AppData\Roaming\npm\node_modules\appium\node_modules\appium-uiautomator2-server\apks\appium-uiautomator2-server-debug-androidTest.apk'
[35m[UiAutomator2][39m Waiting up to 30000ms for UiAutomator2 to be online...
[35m[WD Proxy][39m socket hang up
[35m[WD Proxy][39m socket hang up
[35m[WD Proxy][39m socket hang up
[35m[WD Proxy][39m Determined the downstream protocol as 'W3C'
[35m[AndroidDriver][39m Screen already unlocked, doing nothing
[35m[UiAutomator2][39m Starting 'com.android.settings/.Settings and waiting for 'com.android.settings/.Settings'
[35m[Appium][39m New AndroidUiautomator2Driver session created successfully, session 21e170e8-eb32-490d-9f54-aeb817b16f56 added to master session list
[35m[HTTP][39m [37m<-- POST /wd/hub/session [39m[32m200[39m [90m13677 ms - 1158[39m
[35m[HTTP][39m [90m[39m
[35m[HTTP][39m [37m-->[39m [37mGET[39m [37m/wd/hub/session/21e170e8-eb32-490d-9f54-aeb817b16f56[39m
[35m[HTTP][39m [90m{}[39m
[35m[HTTP][39m [37m<-- GET /wd/hub/session/21e170e8-eb32-490d-9f54-aeb817b16f56 [39m[32m200[39m [90m13 ms - 1112[39m
[35m[HTTP][39m [90m[39m
[35m[HTTP][39m [37m-->[39m [37mGET[39m [37m/wd/hub/session/21e170e8-eb32-490d-9f54-aeb817b16f56[39m
[35m[HTTP][39m [90m{}[39m
[35m[HTTP][39m [37m<-- GET /wd/hub/session/21e170e8-eb32-490d-9f54-aeb817b16f56 [39m[32m200[39m [90m11 ms - 1112[39m
[35m[HTTP][39m [90m[39m
[35m[HTTP][39m [37m-->[39m [37mGET[39m [37m/wd/hub/status[39m
[35m[HTTP][39m [90m{}[39m
[35m[HTTP][39m [37m<-- GET /wd/hub/status [39m[32m200[39m [90m1 ms - 68[39m
[35m[HTTP][39m [90m[39m
[35m[HTTP][39m [37m-->[39m [37mPOST[39m [37m/wd/hub/session/21e170e8-eb32-490d-9f54-aeb817b16f56/timeouts[39m
[35m[HTTP][39m [90m{"implicit":30000}[39m
[35m[HTTP][39m [37m<-- POST /wd/hub/session/21e170e8-eb32-490d-9f54-aeb817b16f56/timeouts [39m[32m200[39m [90m4 ms - 14[39m
[35m[HTTP][39m [90m[39m
[35m[HTTP][39m [37m-->[39m [37mGET[39m [37m/wd/hub/session/21e170e8-eb32-490d-9f54-aeb817b16f56/screenshot[39m
[35m[HTTP][39m [90m{}[39m
[35m[HTTP][39m [37m<-- GET /wd/hub/session/21e170e8-eb32-490d-9f54-aeb817b16f56/screenshot [39m[32m200[39m [90m568 ms - 183432[39m
[35m[HTTP][39m [90m[39m
[35m[HTTP][39m [37m-->[39m [37mGET[39m [37m/wd/hub/session/21e170e8-eb32-490d-9f54-aeb817b16f56/window/rect[39m
[35m[HTTP][39m [90m{}[39m
[35m[HTTP][39m [37m<-- GET /wd/hub/session/21e170e8-eb32-490d-9f54-aeb817b16f56/window/rect [39m[32m200[39m [90m35 ms - 50[39m
[35m[HTTP][39m [90m[39m
[35m[HTTP][39m [37m-->[39m [37mGET[39m [37m/wd/hub/session/21e170e8-eb32-490d-9f54-aeb817b16f56/appium/device/system_bars[39m
[35m[HTTP][39m [90m{}[39m
[35m[HTTP][39m [37m<-- GET /wd/hub/session/21e170e8-eb32-490d-9f54-aeb817b16f56/appium/device/system_bars [39m[32m200[39m [90m174 ms - 148[39m
[35m[HTTP][39m [90m[39m
[35m[HTTP][39m [37m-->[39m [37mPOST[39m [37m/wd/hub/session/21e170e8-eb32-490d-9f54-aeb817b16f56/appium/device/activate_app[39m
[35m[HTTP][39m [90m{"bundleId":"com.bcaf.mobilesurvey"}[39m
[35m[HTTP][39m [37m<-- POST /wd/hub/session/21e170e8-eb32-490d-9f54-aeb817b16f56/appium/device/activate_app [39m[32m200[39m [90m682 ms - 14[39m
[35m[HTTP][39m [90m[39m
[35m[HTTP][39m [37m-->[39m [37mPOST[39m [37m/wd/hub/session/21e170e8-eb32-490d-9f54-aeb817b16f56/timeouts[39m
[35m[HTTP][39m [90m{"implicit":50}[39m
[35m[HTTP][39m [37m<-- POST /wd/hub/session/21e170e8-eb32-490d-9f54-aeb817b16f56/timeouts [39m[32m200[39m [90m3 ms - 14[39m
[35m[HTTP][39m [90m[39m
[35m[HTTP][39m [37m-->[39m [37mGET[39m [37m/wd/hub/session/21e170e8-eb32-490d-9f54-aeb817b16f56/window/rect[39m
[35m[HTTP][39m [90m{}[39m
[35m[HTTP][39m [37m<-- GET /wd/hub/session/21e170e8-eb32-490d-9f54-aeb817b16f56/window/rect [39m[32m200[39m [90m37 ms - 50[39m
[35m[HTTP][39m [90m[39m
[35m[HTTP][39m [37m-->[39m [37mPOST[39m [37m/wd/hub/session/21e170e8-eb32-490d-9f54-aeb817b16f56/elements[39m
[35m[HTTP][39m [90m{"using":"xpath","value":"//*[@class = 'android.widget.EditText' and (@text = 'NIP' or . = 'NIP') and @resource-id = 'com.bcaf.mobilesurvey:id/nip']"}[39m
[35m[HTTP][39m [37m<-- POST /wd/hub/session/21e170e8-eb32-490d-9f54-aeb817b16f56/elements [39m[32m200[39m [90m511 ms - 139[39m
[35m[HTTP][39m [90m[39m
[35m[HTTP][39m [37m-->[39m [37mGET[39m [37m/wd/hub/session/21e170e8-eb32-490d-9f54-aeb817b16f56/element/00000000-0000-06f2-ffff-ffff00000c46/location[39m
[35m[HTTP][39m [90m{}[39m
[35m[W3C (21e170e8)][39m Driver proxy active, passing request on via HTTP proxy
[35m[WD Proxy][39m Replacing sessionId be2c3431-9d9c-45ba-ba20-9cec3abdb3d7 with 21e170e8-eb32-490d-9f54-aeb817b16f56
[35m[HTTP][39m [37m<-- GET /wd/hub/session/21e170e8-eb32-490d-9f54-aeb817b16f56/element/00000000-0000-06f2-ffff-ffff00000c46/location [39m[32m200[39m [90m32 ms - 78[39m
[35m[HTTP][39m [90m[39m
[35m[HTTP][39m [37m-->[39m [37mPOST[39m [37m/wd/hub/session/21e170e8-eb32-490d-9f54-aeb817b16f56/timeouts[39m
[35m[HTTP][39m [90m{"implicit":30000}[39m
[35m[HTTP][39m [37m<-- POST /wd/hub/session/21e170e8-eb32-490d-9f54-aeb817b16f56/timeouts [39m[32m200[39m [90m2 ms - 14[39m
[35m[HTTP][39m [90m[39m
[35m[HTTP][39m [37m-->[39m [37mPOST[39m [37m/wd/hub/session/21e170e8-eb32-490d-9f54-aeb817b16f56/element/00000000-0000-06f2-ffff-ffff00000c46/clear[39m
[35m[HTTP][39m [90m{"id":"00000000-0000-06f2-ffff-ffff00000c46"}[39m
[35m[HTTP][39m [37m<-- POST /wd/hub/session/21e170e8-eb32-490d-9f54-aeb817b16f56/element/00000000-0000-06f2-ffff-ffff00000c46/clear [39m[32m200[39m [90m52 ms - 14[39m
[35m[HTTP][39m [90m[39m
[35m[HTTP][39m [37m-->[39m [37mPOST[39m [37m/wd/hub/session/21e170e8-eb32-490d-9f54-aeb817b16f56/element/00000000-0000-06f2-ffff-ffff00000c46/value[39m
[35m[HTTP][39m [90m{"id":"00000000-0000-06f2-ffff-ffff00000c46","text":"20211002","value":["2","0","2","1","1","0","0","2"]}[39m
[35m[HTTP][39m [37m<-- POST /wd/hub/session/21e170e8-eb32-490d-9f54-aeb817b16f56/element/00000000-0000-06f2-ffff-ffff00000c46/value [39m[32m200[39m [90m1063 ms - 14[39m
[35m[HTTP][39m [90m[39m
[35m[HTTP][39m [37m-->[39m [37mPOST[39m [37m/wd/hub/session/21e170e8-eb32-490d-9f54-aeb817b16f56/timeouts[39m
[35m[HTTP][39m [90m{"implicit":50}[39m
[35m[HTTP][39m [37m<-- POST /wd/hub/session/21e170e8-eb32-490d-9f54-aeb817b16f56/timeouts [39m[32m200[39m [90m2 ms - 14[39m
[35m[HTTP][39m [90m[39m
[35m[HTTP][39m [37m-->[39m [37mGET[39m [37m/wd/hub/session/21e170e8-eb32-490d-9f54-aeb817b16f56/window/rect[39m
[35m[HTTP][39m [90m{}[39m
[35m[HTTP][39m [37m<-- GET /wd/hub/session/21e170e8-eb32-490d-9f54-aeb817b16f56/window/rect [39m[32m200[39m [90m43 ms - 50[39m
[35m[HTTP][39m [90m[39m
[35m[HTTP][39m [37m-->[39m [37mPOST[39m [37m/wd/hub/session/21e170e8-eb32-490d-9f54-aeb817b16f56/elements[39m
[35m[HTTP][39m [90m{"using":"xpath","value":"//*[@class = 'android.widget.EditText' and (@text = 'Password' or . = 'Password') and @resource-id = 'com.bcaf.mobilesurvey:id/password']"}[39m
[35m[HTTP][39m [37m<-- POST /wd/hub/session/21e170e8-eb32-490d-9f54-aeb817b16f56/elements [39m[32m200[39m [90m282 ms - 139[39m
[35m[HTTP][39m [90m[39m
[35m[HTTP][39m [37m-->[39m [37mGET[39m [37m/wd/hub/session/21e170e8-eb32-490d-9f54-aeb817b16f56/element/00000000-0000-06f2-ffff-ffff00000c52/location[39m
[35m[HTTP][39m [90m{}[39m
[35m[W3C (21e170e8)][39m Driver proxy active, passing request on via HTTP proxy
[35m[WD Proxy][39m Replacing sessionId be2c3431-9d9c-45ba-ba20-9cec3abdb3d7 with 21e170e8-eb32-490d-9f54-aeb817b16f56
[35m[HTTP][39m [37m<-- GET /wd/hub/session/21e170e8-eb32-490d-9f54-aeb817b16f56/element/00000000-0000-06f2-ffff-ffff00000c52/location [39m[32m200[39m [90m31 ms - 78[39m
[35m[HTTP][39m [90m[39m
[35m[HTTP][39m [37m-->[39m [37mPOST[39m [37m/wd/hub/session/21e170e8-eb32-490d-9f54-aeb817b16f56/timeouts[39m
[35m[HTTP][39m [90m{"implicit":30000}[39m
[35m[HTTP][39m [37m<-- POST /wd/hub/session/21e170e8-eb32-490d-9f54-aeb817b16f56/timeouts [39m[32m200[39m [90m3 ms - 14[39m
[35m[HTTP][39m [90m[39m
[35m[HTTP][39m [37m-->[39m [37mPOST[39m [37m/wd/hub/session/21e170e8-eb32-490d-9f54-aeb817b16f56/element/00000000-0000-06f2-ffff-ffff00000c52/clear[39m
[35m[HTTP][39m [90m{"id":"00000000-0000-06f2-ffff-ffff00000c52"}[39m
[35m[HTTP][39m [37m<-- POST /wd/hub/session/21e170e8-eb32-490d-9f54-aeb817b16f56/element/00000000-0000-06f2-ffff-ffff00000c52/clear [39m[32m200[39m [90m83 ms - 14[39m
[35m[HTTP][39m [90m[39m
[35m[HTTP][39m [37m-->[39m [37mPOST[39m [37m/wd/hub/session/21e170e8-eb32-490d-9f54-aeb817b16f56/element/00000000-0000-06f2-ffff-ffff00000c52/value[39m
[35m[HTTP][39m [90m{"id":"00000000-0000-06f2-ffff-ffff00000c52","text":"mobile123+","value":["m","o","b","i","l","e","1","2","3","+"]}[39m
[35m[HTTP][39m [37m<-- POST /wd/hub/session/21e170e8-eb32-490d-9f54-aeb817b16f56/element/00000000-0000-06f2-ffff-ffff00000c52/value [39m[32m200[39m [90m1162 ms - 14[39m
[35m[HTTP][39m [90m[39m
[35m[HTTP][39m [37m-->[39m [37mPOST[39m [37m/wd/hub/session/21e170e8-eb32-490d-9f54-aeb817b16f56/timeouts[39m
[35m[HTTP][39m [90m{"implicit":50}[39m
[35m[HTTP][39m [37m<-- POST /wd/hub/session/21e170e8-eb32-490d-9f54-aeb817b16f56/timeouts [39m[32m200[39m [90m2 ms - 14[39m
[35m[HTTP][39m [90m[39m
[35m[HTTP][39m [37m-->[39m [37mGET[39m [37m/wd/hub/session/21e170e8-eb32-490d-9f54-aeb817b16f56/window/rect[39m
[35m[HTTP][39m [90m{}[39m
[35m[HTTP][39m [37m<-- GET /wd/hub/session/21e170e8-eb32-490d-9f54-aeb817b16f56/window/rect [39m[32m200[39m [90m41 ms - 50[39m
[35m[HTTP][39m [90m[39m
[35m[HTTP][39m [37m-->[39m [37mPOST[39m [37m/wd/hub/session/21e170e8-eb32-490d-9f54-aeb817b16f56/elements[39m
[35m[HTTP][39m [90m{"using":"xpath","value":"//*[@class = 'android.widget.CheckBox' and (@text = 'Remember Me' or . = 'Remember Me') and @resource-id = 'com.bcaf.mobilesurvey:id/rememberMe']"}[39m
[35m[HTTP][39m [37m<-- POST /wd/hub/session/21e170e8-eb32-490d-9f54-aeb817b16f56/elements [39m[32m200[39m [90m460 ms - 139[39m
[35m[HTTP][39m [90m[39m
[35m[HTTP][39m [37m-->[39m [37mGET[39m [37m/wd/hub/session/21e170e8-eb32-490d-9f54-aeb817b16f56/element/00000000-0000-06f2-ffff-ffff00000c5b/location[39m
[35m[HTTP][39m [90m{}[39m
[35m[W3C (21e170e8)][39m Driver proxy active, passing request on via HTTP proxy
[35m[WD Proxy][39m Replacing sessionId be2c3431-9d9c-45ba-ba20-9cec3abdb3d7 with 21e170e8-eb32-490d-9f54-aeb817b16f56
[35m[HTTP][39m [37m<-- GET /wd/hub/session/21e170e8-eb32-490d-9f54-aeb817b16f56/element/00000000-0000-06f2-ffff-ffff00000c5b/location [39m[32m200[39m [90m45 ms - 78[39m
[35m[HTTP][39m [90m[39m
[35m[HTTP][39m [37m-->[39m [37mPOST[39m [37m/wd/hub/session/21e170e8-eb32-490d-9f54-aeb817b16f56/timeouts[39m
[35m[HTTP][39m [90m{"implicit":30000}[39m
[35m[HTTP][39m [37m<-- POST /wd/hub/session/21e170e8-eb32-490d-9f54-aeb817b16f56/timeouts [39m[32m200[39m [90m3 ms - 14[39m
[35m[HTTP][39m [90m[39m
[35m[HTTP][39m [37m-->[39m [37mPOST[39m [37m/wd/hub/session/21e170e8-eb32-490d-9f54-aeb817b16f56/touch/perform[39m
[35m[HTTP][39m [90m{"actions":[{"action":"tap","options":{"x":1,"y":1,"element":"00000000-0000-06f2-ffff-ffff00000c5b"}},{"action":"release","options":{}}]}[39m
[35m[UiAutomator2][39m calling get location: 00000000-0000-06f2-ffff-ffff00000c5b
[35m[HTTP][39m [37m<-- POST /wd/hub/session/21e170e8-eb32-490d-9f54-aeb817b16f56/touch/perform [39m[32m200[39m [90m300 ms - 14[39m
[35m[HTTP][39m [90m[39m
[35m[HTTP][39m [37m-->[39m [37mGET[39m [37m/wd/hub/session/21e170e8-eb32-490d-9f54-aeb817b16f56/context[39m
[35m[HTTP][39m [90m{}[39m
[35m[HTTP][39m [37m<-- GET /wd/hub/session/21e170e8-eb32-490d-9f54-aeb817b16f56/context [39m[32m200[39m [90m2 ms - 22[39m
[35m[HTTP][39m [90m[39m
[35m[HTTP][39m [37m-->[39m [37mGET[39m [37m/wd/hub/session/21e170e8-eb32-490d-9f54-aeb817b16f56/contexts[39m
[35m[HTTP][39m [90m{}[39m
[35m[HTTP][39m [37m<-- GET /wd/hub/session/21e170e8-eb32-490d-9f54-aeb817b16f56/contexts [39m[32m200[39m [90m118 ms - 24[39m
[35m[HTTP][39m [90m[39m
[35m[HTTP][39m [37m-->[39m [37mPOST[39m [37m/wd/hub/session/21e170e8-eb32-490d-9f54-aeb817b16f56/context[39m
[35m[HTTP][39m [90m{"name":"NATIVE_APP"}[39m
[35m[HTTP][39m [37m<-- POST /wd/hub/session/21e170e8-eb32-490d-9f54-aeb817b16f56/context [39m[32m200[39m [90m1 ms - 14[39m
[35m[HTTP][39m [90m[39m
[35m[HTTP][39m [37m-->[39m [37mPOST[39m [37m/wd/hub/session/21e170e8-eb32-490d-9f54-aeb817b16f56/appium/device/hide_keyboard[39m
[35m[HTTP][39m [90m{}[39m
[35m[HTTP][39m [37m<-- POST /wd/hub/session/21e170e8-eb32-490d-9f54-aeb817b16f56/appium/device/hide_keyboard [39m[32m200[39m [90m3241 ms - 14[39m
[35m[HTTP][39m [90m[39m
[35m[HTTP][39m [37m-->[39m [37mPOST[39m [37m/wd/hub/session/21e170e8-eb32-490d-9f54-aeb817b16f56/context[39m
[35m[HTTP][39m [90m{"name":"NATIVE_APP"}[39m
[35m[HTTP][39m [37m<-- POST /wd/hub/session/21e170e8-eb32-490d-9f54-aeb817b16f56/context [39m[32m200[39m [90m4 ms - 14[39m
[35m[HTTP][39m [90m[39m
[35m[HTTP][39m [37m-->[39m [37mGET[39m [37m/wd/hub/session/21e170e8-eb32-490d-9f54-aeb817b16f56/context[39m
[35m[HTTP][39m [90m{}[39m
[35m[HTTP][39m [37m<-- GET /wd/hub/session/21e170e8-eb32-490d-9f54-aeb817b16f56/context [39m[32m200[39m [90m7 ms - 22[39m
[35m[HTTP][39m [90m[39m
[35m[HTTP][39m [37m-->[39m [37mGET[39m [37m/wd/hub/session/21e170e8-eb32-490d-9f54-aeb817b16f56/contexts[39m
[35m[HTTP][39m [90m{}[39m
[35m[HTTP][39m [37m<-- GET /wd/hub/session/21e170e8-eb32-490d-9f54-aeb817b16f56/contexts [39m[32m200[39m [90m131 ms - 24[39m
[35m[HTTP][39m [90m[39m
[35m[HTTP][39m [37m-->[39m [37mPOST[39m [37m/wd/hub/session/21e170e8-eb32-490d-9f54-aeb817b16f56/context[39m
[35m[HTTP][39m [90m{"name":"NATIVE_APP"}[39m
[35m[HTTP][39m [37m<-- POST /wd/hub/session/21e170e8-eb32-490d-9f54-aeb817b16f56/context [39m[32m200[39m [90m1 ms - 14[39m
[35m[HTTP][39m [90m[39m
[35m[HTTP][39m [37m-->[39m [37mGET[39m [37m/wd/hub/session/21e170e8-eb32-490d-9f54-aeb817b16f56/window/rect[39m
[35m[HTTP][39m [90m{}[39m
[35m[HTTP][39m [37m<-- GET /wd/hub/session/21e170e8-eb32-490d-9f54-aeb817b16f56/window/rect [39m[32m200[39m [90m54 ms - 50[39m
[35m[HTTP][39m [90m[39m
[35m[HTTP][39m [37m-->[39m [37mPOST[39m [37m/wd/hub/session/21e170e8-eb32-490d-9f54-aeb817b16f56/execute/sync[39m
[35m[HTTP][39m [90m{"script":"mobile: viewportScreenshot","args":[]}[39m
[35m[AndroidDriver][39m Executing native command 'mobile: viewportScreenshot'
[35m[HTTP][39m [37m<-- POST /wd/hub/session/21e170e8-eb32-490d-9f54-aeb817b16f56/execute/sync [39m[32m200[39m [90m2450 ms - 113828[39m
[35m[HTTP][39m [90m[39m
[35m[HTTP][39m [37m-->[39m [37mPOST[39m [37m/wd/hub/session/21e170e8-eb32-490d-9f54-aeb817b16f56/context[39m
[35m[HTTP][39m [90m{"name":"NATIVE_APP"}[39m
[35m[HTTP][39m [37m<-- POST /wd/hub/session/21e170e8-eb32-490d-9f54-aeb817b16f56/context [39m[32m200[39m [90m2 ms - 14[39m
[35m[HTTP][39m [90m[39m
[35m[HTTP][39m [37m-->[39m [37mPOST[39m [37m/wd/hub/session/21e170e8-eb32-490d-9f54-aeb817b16f56/timeouts[39m
[35m[HTTP][39m [90m{"implicit":50}[39m
[35m[HTTP][39m [37m<-- POST /wd/hub/session/21e170e8-eb32-490d-9f54-aeb817b16f56/timeouts [39m[32m200[39m [90m3 ms - 14[39m
[35m[HTTP][39m [90m[39m
[35m[HTTP][39m [37m-->[39m [37mGET[39m [37m/wd/hub/session/21e170e8-eb32-490d-9f54-aeb817b16f56/window/rect[39m
[35m[HTTP][39m [90m{}[39m
[35m[HTTP][39m [37m<-- GET /wd/hub/session/21e170e8-eb32-490d-9f54-aeb817b16f56/window/rect [39m[32m200[39m [90m60 ms - 50[39m
[35m[HTTP][39m [90m[39m
[35m[HTTP][39m [37m-->[39m [37mPOST[39m [37m/wd/hub/session/21e170e8-eb32-490d-9f54-aeb817b16f56/elements[39m
[35m[HTTP][39m [90m{"using":"xpath","value":"//*[@class = 'android.widget.Button' and (@text = 'LOGIN' or . = 'LOGIN') and @resource-id = 'com.bcaf.mobilesurvey:id/login']"}[39m
[35m[HTTP][39m [37m<-- POST /wd/hub/session/21e170e8-eb32-490d-9f54-aeb817b16f56/elements [39m[32m200[39m [90m358 ms - 139[39m
[35m[HTTP][39m [90m[39m
[35m[HTTP][39m [37m-->[39m [37mGET[39m [37m/wd/hub/session/21e170e8-eb32-490d-9f54-aeb817b16f56/element/00000000-0000-06f2-ffff-ffff00000c5c/location[39m
[35m[HTTP][39m [90m{}[39m
[35m[W3C (21e170e8)][39m Driver proxy active, passing request on via HTTP proxy
[35m[WD Proxy][39m Replacing sessionId be2c3431-9d9c-45ba-ba20-9cec3abdb3d7 with 21e170e8-eb32-490d-9f54-aeb817b16f56
[35m[HTTP][39m [37m<-- GET /wd/hub/session/21e170e8-eb32-490d-9f54-aeb817b16f56/element/00000000-0000-06f2-ffff-ffff00000c5c/location [39m[32m200[39m [90m62 ms - 79[39m
[35m[HTTP][39m [90m[39m
[35m[HTTP][39m [37m-->[39m [37mPOST[39m [37m/wd/hub/session/21e170e8-eb32-490d-9f54-aeb817b16f56/timeouts[39m
[35m[HTTP][39m [90m{"implicit":30000}[39m
[35m[HTTP][39m [37m<-- POST /wd/hub/session/21e170e8-eb32-490d-9f54-aeb817b16f56/timeouts [39m[32m200[39m [90m4 ms - 14[39m
[35m[HTTP][39m [90m[39m
[35m[HTTP][39m [37m-->[39m [37mPOST[39m [37m/wd/hub/session/21e170e8-eb32-490d-9f54-aeb817b16f56/touch/perform[39m
[35m[HTTP][39m [90m{"actions":[{"action":"tap","options":{"x":1,"y":1,"element":"00000000-0000-06f2-ffff-ffff00000c5c"}},{"action":"release","options":{}}]}[39m
[35m[UiAutomator2][39m calling get location: 00000000-0000-06f2-ffff-ffff00000c5c
[35m[HTTP][39m [37m<-- POST /wd/hub/session/21e170e8-eb32-490d-9f54-aeb817b16f56/touch/perform [39m[32m200[39m [90m328 ms - 14[39m
[35m[HTTP][39m [90m[39m
[35m[HTTP][39m [37m-->[39m [37mGET[39m [37m/wd/hub/status[39m
[35m[HTTP][39m [90m{}[39m
[35m[HTTP][39m [37m<-- GET /wd/hub/status [39m[32m200[39m [90m1 ms - 68[39m
[35m[HTTP][39m [90m[39m
[35m[HTTP][39m [37m-->[39m [37mPOST[39m [37m/wd/hub/session[39m
[35m[HTTP][39m [90m{"desiredCapabilities":{"appActivity":".Settings","appPackage":"com.android.settings","newCommandTimeout":1800,"platformVersion":"11","automationName":"uiautomator2","autoGrantPermissions":true,"platformName":"Android","udid":"RR8N605F11Y","deviceName":"samsung SM-M315F (Android 11)","platform":"ANDROID","systemPort":8245},"capabilities":{"firstMatch":[{"appium:appActivity":".Settings","appium:appPackage":"com.android.settings","appium:autoGrantPermissions":true,"appium:automationName":"uiautomator2","appium:deviceName":"samsung SM-M315F (Android 11)","appium:newCommandTimeout":1800,"platform":"ANDROID","platformName":"android","appium:platformVersion":"11","appium:systemPort":8245,"appium:udid":"RR8N605F11Y"}]}}[39m
[35m[BaseDriver][39m The following capabilities are not standard capabilities and should have an extension prefix:
[35m[BaseDriver][39m   platform
[35m[BaseDriver][39m   chromedriverPort
[35m[Appium][39m Appium v1.22.2 creating new AndroidUiautomator2Driver (v1.70.1) session
[35m[BaseDriver][39m The following capabilities were provided, but are not recognized by Appium:
[35m[BaseDriver][39m   platform
[35m[BaseDriver][39m Session created with session id: 72ab2c0e-e54b-4c66-a37c-d5f3eb56b2f9
[35m[UiAutomator2][39m Starting 'com.android.settings' directly on the device
[35m[ADB][39m Using 'adb.exe' from 'C:\Users\Nia Yusniati\.katalon\tools\android_sdk\platform-tools\adb.exe'
[35m[AndroidDriver][39m Retrieving device list
[35m[AndroidDriver][39m Using device: RR8N605F11Y
[35m[ADB][39m Using 'adb.exe' from 'C:\Users\Nia Yusniati\.katalon\tools\android_sdk\platform-tools\adb.exe'
[35m[ADB][39m Getting device platform version
[35m[UiAutomator2][39m Relaxing hidden api policy
[35m[AndroidDriver][39m No app sent in, not parsing package/activity
[35m[UiAutomator2][39m Server packages are not going to be (re)installed
[35m[ADB][39m Adding packages ["io.appium.settings","io.appium.uiautomator2.server","io.appium.uiautomator2.server.test"] to Doze whitelist
[35m[UiAutomator2][39m Starting UIAutomator2 server 4.27.0
[35m[UiAutomator2][39m Using UIAutomator2 server from 'C:\Users\Nia Yusniati\AppData\Roaming\npm\node_modules\appium\node_modules\appium-uiautomator2-server\apks\appium-uiautomator2-server-v4.27.0.apk' and test from 'C:\Users\Nia Yusniati\AppData\Roaming\npm\node_modules\appium\node_modules\appium-uiautomator2-server\apks\appium-uiautomator2-server-debug-androidTest.apk'
[35m[UiAutomator2][39m Waiting up to 30000ms for UiAutomator2 to be online...
[35m[WD Proxy][39m socket hang up
[35m[WD Proxy][39m socket hang up
[35m[WD Proxy][39m socket hang up
[35m[WD Proxy][39m Determined the downstream protocol as 'W3C'
[35m[AndroidDriver][39m Screen already unlocked, doing nothing
[35m[UiAutomator2][39m Starting 'com.android.settings/.Settings and waiting for 'com.android.settings/.Settings'
[35m[Appium][39m New AndroidUiautomator2Driver session created successfully, session 72ab2c0e-e54b-4c66-a37c-d5f3eb56b2f9 added to master session list
[35m[HTTP][39m [37m<-- POST /wd/hub/session [39m[32m200[39m [90m9944 ms - 1158[39m
[35m[HTTP][39m [90m[39m
[35m[HTTP][39m [37m-->[39m [37mGET[39m [37m/wd/hub/session/72ab2c0e-e54b-4c66-a37c-d5f3eb56b2f9[39m
[35m[HTTP][39m [90m{}[39m
[35m[HTTP][39m [37m<-- GET /wd/hub/session/72ab2c0e-e54b-4c66-a37c-d5f3eb56b2f9 [39m[32m200[39m [90m18 ms - 1112[39m
[35m[HTTP][39m [90m[39m
[35m[HTTP][39m [37m-->[39m [37mGET[39m [37m/wd/hub/session/72ab2c0e-e54b-4c66-a37c-d5f3eb56b2f9[39m
[35m[HTTP][39m [90m{}[39m
[35m[HTTP][39m [37m<-- GET /wd/hub/session/72ab2c0e-e54b-4c66-a37c-d5f3eb56b2f9 [39m[32m200[39m [90m16 ms - 1112[39m
[35m[HTTP][39m [90m[39m
[35m[HTTP][39m [37m-->[39m [37mGET[39m [37m/wd/hub/status[39m
[35m[HTTP][39m [90m{}[39m
[35m[HTTP][39m [37m<-- GET /wd/hub/status [39m[32m200[39m [90m1 ms - 68[39m
[35m[HTTP][39m [90m[39m
[35m[HTTP][39m [37m-->[39m [37mPOST[39m [37m/wd/hub/session/72ab2c0e-e54b-4c66-a37c-d5f3eb56b2f9/timeouts[39m
[35m[HTTP][39m [90m{"implicit":30000}[39m
[35m[HTTP][39m [37m<-- POST /wd/hub/session/72ab2c0e-e54b-4c66-a37c-d5f3eb56b2f9/timeouts [39m[32m200[39m [90m3 ms - 14[39m
[35m[HTTP][39m [90m[39m
[35m[HTTP][39m [37m-->[39m [37mGET[39m [37m/wd/hub/session/72ab2c0e-e54b-4c66-a37c-d5f3eb56b2f9/screenshot[39m
[35m[HTTP][39m [90m{}[39m
[35m[HTTP][39m [37m<-- GET /wd/hub/session/72ab2c0e-e54b-4c66-a37c-d5f3eb56b2f9/screenshot [39m[32m200[39m [90m551 ms - 184344[39m
[35m[HTTP][39m [90m[39m
[35m[HTTP][39m [37m-->[39m [37mGET[39m [37m/wd/hub/session/72ab2c0e-e54b-4c66-a37c-d5f3eb56b2f9/window/rect[39m
[35m[HTTP][39m [90m{}[39m
[35m[HTTP][39m [37m<-- GET /wd/hub/session/72ab2c0e-e54b-4c66-a37c-d5f3eb56b2f9/window/rect [39m[32m200[39m [90m9 ms - 50[39m
[35m[HTTP][39m [90m[39m
[35m[HTTP][39m [37m-->[39m [37mGET[39m [37m/wd/hub/session/72ab2c0e-e54b-4c66-a37c-d5f3eb56b2f9/appium/device/system_bars[39m
[35m[HTTP][39m [90m{}[39m
[35m[HTTP][39m [37m<-- GET /wd/hub/session/72ab2c0e-e54b-4c66-a37c-d5f3eb56b2f9/appium/device/system_bars [39m[32m200[39m [90m88 ms - 148[39m
[35m[HTTP][39m [90m[39m
[35m[HTTP][39m [37m-->[39m [37mPOST[39m [37m/wd/hub/session/72ab2c0e-e54b-4c66-a37c-d5f3eb56b2f9/appium/device/activate_app[39m
[35m[HTTP][39m [90m{"bundleId":"com.bcaf.mobilesurvey"}[39m
[35m[HTTP][39m [37m<-- POST /wd/hub/session/72ab2c0e-e54b-4c66-a37c-d5f3eb56b2f9/appium/device/activate_app [39m[32m200[39m [90m648 ms - 14[39m
[35m[HTTP][39m [90m[39m
[35m[HTTP][39m [37m-->[39m [37mGET[39m [37m/wd/hub/session/72ab2c0e-e54b-4c66-a37c-d5f3eb56b2f9/context[39m
[35m[HTTP][39m [90m{}[39m
[35m[HTTP][39m [37m<-- GET /wd/hub/session/72ab2c0e-e54b-4c66-a37c-d5f3eb56b2f9/context [39m[32m200[39m [90m3 ms - 22[39m
[35m[HTTP][39m [90m[39m
[35m[HTTP][39m [37m-->[39m [37mGET[39m [37m/wd/hub/session/72ab2c0e-e54b-4c66-a37c-d5f3eb56b2f9/contexts[39m
[35m[HTTP][39m [90m{}[39m
[35m[HTTP][39m [37m<-- GET /wd/hub/session/72ab2c0e-e54b-4c66-a37c-d5f3eb56b2f9/contexts [39m[32m200[39m [90m134 ms - 24[39m
[35m[HTTP][39m [90m[39m
[35m[HTTP][39m [37m-->[39m [37mPOST[39m [37m/wd/hub/session/72ab2c0e-e54b-4c66-a37c-d5f3eb56b2f9/context[39m
[35m[HTTP][39m [90m{"name":"NATIVE_APP"}[39m
[35m[HTTP][39m [37m<-- POST /wd/hub/session/72ab2c0e-e54b-4c66-a37c-d5f3eb56b2f9/context [39m[32m200[39m [90m2 ms - 14[39m
[35m[HTTP][39m [90m[39m
[35m[HTTP][39m [37m-->[39m [37mGET[39m [37m/wd/hub/session/72ab2c0e-e54b-4c66-a37c-d5f3eb56b2f9/window/rect[39m
[35m[HTTP][39m [90m{}[39m
[35m[HTTP][39m [37m<-- GET /wd/hub/session/72ab2c0e-e54b-4c66-a37c-d5f3eb56b2f9/window/rect [39m[32m200[39m [90m23 ms - 50[39m
[35m[HTTP][39m [90m[39m
[35m[HTTP][39m [37m-->[39m [37mPOST[39m [37m/wd/hub/session/72ab2c0e-e54b-4c66-a37c-d5f3eb56b2f9/execute/sync[39m
[35m[HTTP][39m [90m{"script":"mobile: viewportScreenshot","args":[]}[39m
[35m[AndroidDriver][39m Executing native command 'mobile: viewportScreenshot'
[35m[HTTP][39m [37m<-- POST /wd/hub/session/72ab2c0e-e54b-4c66-a37c-d5f3eb56b2f9/execute/sync [39m[32m200[39m [90m1858 ms - 178592[39m
[35m[HTTP][39m [90m[39m
[35m[HTTP][39m [37m-->[39m [37mPOST[39m [37m/wd/hub/session/72ab2c0e-e54b-4c66-a37c-d5f3eb56b2f9/context[39m
[35m[HTTP][39m [90m{"name":"NATIVE_APP"}[39m
[35m[HTTP][39m [37m<-- POST /wd/hub/session/72ab2c0e-e54b-4c66-a37c-d5f3eb56b2f9/context [39m[32m200[39m [90m2 ms - 14[39m
[35m[HTTP][39m [90m[39m
[35m[HTTP][39m [37m-->[39m [37mPOST[39m [37m/wd/hub/session/72ab2c0e-e54b-4c66-a37c-d5f3eb56b2f9/timeouts[39m
[35m[HTTP][39m [90m{"implicit":50}[39m
[35m[HTTP][39m [37m<-- POST /wd/hub/session/72ab2c0e-e54b-4c66-a37c-d5f3eb56b2f9/timeouts [39m[32m200[39m [90m2 ms - 14[39m
[35m[HTTP][39m [90m[39m
[35m[HTTP][39m [37m-->[39m [37mGET[39m [37m/wd/hub/session/72ab2c0e-e54b-4c66-a37c-d5f3eb56b2f9/window/rect[39m
[35m[HTTP][39m [90m{}[39m
[35m[HTTP][39m [37m<-- GET /wd/hub/session/72ab2c0e-e54b-4c66-a37c-d5f3eb56b2f9/window/rect [39m[32m200[39m [90m34 ms - 50[39m
[35m[HTTP][39m [90m[39m
[35m[HTTP][39m [37m-->[39m [37mPOST[39m [37m/wd/hub/session/72ab2c0e-e54b-4c66-a37c-d5f3eb56b2f9/elements[39m
[35m[HTTP][39m [90m{"using":"xpath","value":"//hierarchy/android.widget.FrameLayout[1]/android.widget.LinearLayout[1]/android.widget.FrameLayout[1]/android.widget.LinearLayout[1]/android.widget.FrameLayout[1]/android.widget.RelativeLayout[1]/android.widget.ScrollView[1]/android.widget.LinearLayout[1]/android.widget.LinearLayout[1]/android.widget.LinearLayout[1]/android.widget.LinearLayout[1]/android.widget.FrameLayout[2]/android.widget.LinearLayout[1]"}[39m
[35m[HTTP][39m [37m<-- POST /wd/hub/session/72ab2c0e-e54b-4c66-a37c-d5f3eb56b2f9/elements [39m[32m200[39m [90m856 ms - 139[39m
[35m[HTTP][39m [90m[39m
[35m[HTTP][39m [37m-->[39m [37mGET[39m [37m/wd/hub/session/72ab2c0e-e54b-4c66-a37c-d5f3eb56b2f9/element/00000000-0000-070e-ffff-ffff00000cdf/location[39m
[35m[HTTP][39m [90m{}[39m
[35m[W3C (72ab2c0e)][39m Driver proxy active, passing request on via HTTP proxy
[35m[WD Proxy][39m Replacing sessionId f1dfc82b-3693-4260-99ec-85235c115f7a with 72ab2c0e-e54b-4c66-a37c-d5f3eb56b2f9
[35m[HTTP][39m [37m<-- GET /wd/hub/session/72ab2c0e-e54b-4c66-a37c-d5f3eb56b2f9/element/00000000-0000-070e-ffff-ffff00000cdf/location [39m[32m200[39m [90m45 ms - 78[39m
[35m[HTTP][39m [90m[39m
[35m[HTTP][39m [37m-->[39m [37mPOST[39m [37m/wd/hub/session/72ab2c0e-e54b-4c66-a37c-d5f3eb56b2f9/timeouts[39m
[35m[HTTP][39m [90m{"implicit":30000}[39m
[35m[HTTP][39m [37m<-- POST /wd/hub/session/72ab2c0e-e54b-4c66-a37c-d5f3eb56b2f9/timeouts [39m[32m200[39m [90m1 ms - 14[39m
[35m[HTTP][39m [90m[39m
[35m[HTTP][39m [37m-->[39m [37mPOST[39m [37m/wd/hub/session/72ab2c0e-e54b-4c66-a37c-d5f3eb56b2f9/touch/perform[39m
[35m[HTTP][39m [90m{"actions":[{"action":"tap","options":{"x":1,"y":1,"element":"00000000-0000-070e-ffff-ffff00000cdf"}},{"action":"release","options":{}}]}[39m
[35m[UiAutomator2][39m calling get location: 00000000-0000-070e-ffff-ffff00000cdf
[35m[HTTP][39m [37m<-- POST /wd/hub/session/72ab2c0e-e54b-4c66-a37c-d5f3eb56b2f9/touch/perform [39m[32m200[39m [90m251 ms - 14[39m
[35m[HTTP][39m [90m[39m
[35m[HTTP][39m [37m-->[39m [37mGET[39m [37m/wd/hub/session/72ab2c0e-e54b-4c66-a37c-d5f3eb56b2f9/context[39m
[35m[HTTP][39m [90m{}[39m
[35m[HTTP][39m [37m<-- GET /wd/hub/session/72ab2c0e-e54b-4c66-a37c-d5f3eb56b2f9/context [39m[32m200[39m [90m2 ms - 22[39m
[35m[HTTP][39m [90m[39m
[35m[HTTP][39m [37m-->[39m [37mGET[39m [37m/wd/hub/session/72ab2c0e-e54b-4c66-a37c-d5f3eb56b2f9/contexts[39m
[35m[HTTP][39m [90m{}[39m
[35m[HTTP][39m [37m<-- GET /wd/hub/session/72ab2c0e-e54b-4c66-a37c-d5f3eb56b2f9/contexts [39m[32m200[39m [90m149 ms - 24[39m
[35m[HTTP][39m [90m[39m
[35m[HTTP][39m [37m-->[39m [37mPOST[39m [37m/wd/hub/session/72ab2c0e-e54b-4c66-a37c-d5f3eb56b2f9/context[39m
[35m[HTTP][39m [90m{"name":"NATIVE_APP"}[39m
[35m[HTTP][39m [37m<-- POST /wd/hub/session/72ab2c0e-e54b-4c66-a37c-d5f3eb56b2f9/context [39m[32m200[39m [90m2 ms - 14[39m
[35m[HTTP][39m [90m[39m
[35m[HTTP][39m [37m-->[39m [37mGET[39m [37m/wd/hub/session/72ab2c0e-e54b-4c66-a37c-d5f3eb56b2f9/window/rect[39m
[35m[HTTP][39m [90m{}[39m
[35m[HTTP][39m [37m<-- GET /wd/hub/session/72ab2c0e-e54b-4c66-a37c-d5f3eb56b2f9/window/rect [39m[32m200[39m [90m38 ms - 50[39m
[35m[HTTP][39m [90m[39m
[35m[HTTP][39m [37m-->[39m [37mPOST[39m [37m/wd/hub/session/72ab2c0e-e54b-4c66-a37c-d5f3eb56b2f9/execute/sync[39m
[35m[HTTP][39m [90m{"script":"mobile: viewportScreenshot","args":[]}[39m
[35m[AndroidDriver][39m Executing native command 'mobile: viewportScreenshot'
[35m[HTTP][39m [37m<-- POST /wd/hub/session/72ab2c0e-e54b-4c66-a37c-d5f3eb56b2f9/execute/sync [39m[32m200[39m [90m1463 ms - 140512[39m
[35m[HTTP][39m [90m[39m
[35m[HTTP][39m [37m-->[39m [37mPOST[39m [37m/wd/hub/session/72ab2c0e-e54b-4c66-a37c-d5f3eb56b2f9/context[39m
[35m[HTTP][39m [90m{"name":"NATIVE_APP"}[39m
[35m[HTTP][39m [37m<-- POST /wd/hub/session/72ab2c0e-e54b-4c66-a37c-d5f3eb56b2f9/context [39m[32m200[39m [90m2 ms - 14[39m
[35m[HTTP][39m [90m[39m
[35m[HTTP][39m [37m-->[39m [37mPOST[39m [37m/wd/hub/session/72ab2c0e-e54b-4c66-a37c-d5f3eb56b2f9/timeouts[39m
[35m[HTTP][39m [90m{"implicit":50}[39m
[35m[HTTP][39m [37m<-- POST /wd/hub/session/72ab2c0e-e54b-4c66-a37c-d5f3eb56b2f9/timeouts [39m[32m200[39m [90m3 ms - 14[39m
[35m[HTTP][39m [90m[39m
[35m[HTTP][39m [37m-->[39m [37mGET[39m [37m/wd/hub/session/72ab2c0e-e54b-4c66-a37c-d5f3eb56b2f9/window/rect[39m
[35m[HTTP][39m [90m{}[39m
[35m[HTTP][39m [37m<-- GET /wd/hub/session/72ab2c0e-e54b-4c66-a37c-d5f3eb56b2f9/window/rect [39m[32m200[39m [90m32 ms - 50[39m
[35m[HTTP][39m [90m[39m
[35m[HTTP][39m [37m-->[39m [37mPOST[39m [37m/wd/hub/session/72ab2c0e-e54b-4c66-a37c-d5f3eb56b2f9/elements[39m
[35m[HTTP][39m [90m{"using":"xpath","value":"//hierarchy/android.widget.FrameLayout[1]/android.widget.LinearLayout[1]/android.widget.FrameLayout[1]/android.widget.LinearLayout[1]/android.widget.FrameLayout[1]/android.widget.RelativeLayout[1]/android.widget.ScrollView[1]/android.widget.LinearLayout[1]/android.widget.LinearLayout[1]/android.widget.LinearLayout[1]/android.widget.FrameLayout[1]/android.widget.LinearLayout[1]"}[39m
[35m[HTTP][39m [37m<-- POST /wd/hub/session/72ab2c0e-e54b-4c66-a37c-d5f3eb56b2f9/elements [39m[32m200[39m [90m171 ms - 139[39m
[35m[HTTP][39m [90m[39m
[35m[HTTP][39m [37m-->[39m [37mGET[39m [37m/wd/hub/session/72ab2c0e-e54b-4c66-a37c-d5f3eb56b2f9/element/00000000-0000-070e-ffff-ffff00000ccb/location[39m
[35m[HTTP][39m [90m{}[39m
[35m[W3C (72ab2c0e)][39m Driver proxy active, passing request on via HTTP proxy
[35m[WD Proxy][39m Replacing sessionId f1dfc82b-3693-4260-99ec-85235c115f7a with 72ab2c0e-e54b-4c66-a37c-d5f3eb56b2f9
[35m[HTTP][39m [37m<-- GET /wd/hub/session/72ab2c0e-e54b-4c66-a37c-d5f3eb56b2f9/element/00000000-0000-070e-ffff-ffff00000ccb/location [39m[32m200[39m [90m35 ms - 78[39m
[35m[HTTP][39m [90m[39m
[35m[HTTP][39m [37m-->[39m [37mPOST[39m [37m/wd/hub/session/72ab2c0e-e54b-4c66-a37c-d5f3eb56b2f9/timeouts[39m
[35m[HTTP][39m [90m{"implicit":30000}[39m
[35m[HTTP][39m [37m<-- POST /wd/hub/session/72ab2c0e-e54b-4c66-a37c-d5f3eb56b2f9/timeouts [39m[32m200[39m [90m2 ms - 14[39m
[35m[HTTP][39m [90m[39m
[35m[HTTP][39m [37m-->[39m [37mPOST[39m [37m/wd/hub/session/72ab2c0e-e54b-4c66-a37c-d5f3eb56b2f9/touch/perform[39m
[35m[HTTP][39m [90m{"actions":[{"action":"tap","options":{"x":1,"y":1,"element":"00000000-0000-070e-ffff-ffff00000ccb"}},{"action":"release","options":{}}]}[39m
[35m[UiAutomator2][39m calling get location: 00000000-0000-070e-ffff-ffff00000ccb
[35m[HTTP][39m [37m<-- POST /wd/hub/session/72ab2c0e-e54b-4c66-a37c-d5f3eb56b2f9/touch/perform [39m[32m200[39m [90m253 ms - 14[39m
[35m[HTTP][39m [90m[39m
[35m[HTTP][39m [37m-->[39m [37mPOST[39m [37m/wd/hub/session/72ab2c0e-e54b-4c66-a37c-d5f3eb56b2f9/timeouts[39m
[35m[HTTP][39m [90m{"implicit":50}[39m
[35m[HTTP][39m [37m<-- POST /wd/hub/session/72ab2c0e-e54b-4c66-a37c-d5f3eb56b2f9/timeouts [39m[32m200[39m [90m2 ms - 14[39m
[35m[HTTP][39m [90m[39m
[35m[HTTP][39m [37m-->[39m [37mGET[39m [37m/wd/hub/session/72ab2c0e-e54b-4c66-a37c-d5f3eb56b2f9/window/rect[39m
[35m[HTTP][39m [90m{}[39m
[35m[HTTP][39m [37m<-- GET /wd/hub/session/72ab2c0e-e54b-4c66-a37c-d5f3eb56b2f9/window/rect [39m[32m200[39m [90m22 ms - 50[39m
[35m[HTTP][39m [90m[39m
[35m[HTTP][39m [37m-->[39m [37mPOST[39m [37m/wd/hub/session/72ab2c0e-e54b-4c66-a37c-d5f3eb56b2f9/elements[39m
[35m[HTTP][39m [90m{"using":"xpath","value":"//*[@class = 'android.widget.EditText' and (@text = 'No Polisi' or . = 'No Polisi') and @resource-id = 'com.bcaf.mobilesurvey:id/nopol']"}[39m
[35m[HTTP][39m [37m<-- POST /wd/hub/session/72ab2c0e-e54b-4c66-a37c-d5f3eb56b2f9/elements [39m[32m200[39m [90m1395 ms - 139[39m
[35m[HTTP][39m [90m[39m
[35m[HTTP][39m [37m-->[39m [37mGET[39m [37m/wd/hub/session/72ab2c0e-e54b-4c66-a37c-d5f3eb56b2f9/element/00000000-0000-071b-ffff-ffff00000d26/location[39m
[35m[HTTP][39m [90m{}[39m
[35m[W3C (72ab2c0e)][39m Driver proxy active, passing request on via HTTP proxy
[35m[WD Proxy][39m Replacing sessionId f1dfc82b-3693-4260-99ec-85235c115f7a with 72ab2c0e-e54b-4c66-a37c-d5f3eb56b2f9
[35m[HTTP][39m [37m<-- GET /wd/hub/session/72ab2c0e-e54b-4c66-a37c-d5f3eb56b2f9/element/00000000-0000-071b-ffff-ffff00000d26/location [39m[32m200[39m [90m32 ms - 78[39m
[35m[HTTP][39m [90m[39m
[35m[HTTP][39m [37m-->[39m [37mPOST[39m [37m/wd/hub/session/72ab2c0e-e54b-4c66-a37c-d5f3eb56b2f9/timeouts[39m
[35m[HTTP][39m [90m{"implicit":30000}[39m
[35m[HTTP][39m [37m<-- POST /wd/hub/session/72ab2c0e-e54b-4c66-a37c-d5f3eb56b2f9/timeouts [39m[32m200[39m [90m2 ms - 14[39m
[35m[HTTP][39m [90m[39m
[35m[HTTP][39m [37m-->[39m [37mPOST[39m [37m/wd/hub/session/72ab2c0e-e54b-4c66-a37c-d5f3eb56b2f9/element/00000000-0000-071b-ffff-ffff00000d26/clear[39m
[35m[HTTP][39m [90m{"id":"00000000-0000-071b-ffff-ffff00000d26"}[39m
[35m[HTTP][39m [37m<-- POST /wd/hub/session/72ab2c0e-e54b-4c66-a37c-d5f3eb56b2f9/element/00000000-0000-071b-ffff-ffff00000d26/clear [39m[32m200[39m [90m66 ms - 14[39m
[35m[HTTP][39m [90m[39m
[35m[HTTP][39m [37m-->[39m [37mPOST[39m [37m/wd/hub/session/72ab2c0e-e54b-4c66-a37c-d5f3eb56b2f9/element/00000000-0000-071b-ffff-ffff00000d26/value[39m
[35m[HTTP][39m [90m{"id":"00000000-0000-071b-ffff-ffff00000d26","text":"B777B","value":["B","7","7","7","B"]}[39m
[35m[HTTP][39m [37m<-- POST /wd/hub/session/72ab2c0e-e54b-4c66-a37c-d5f3eb56b2f9/element/00000000-0000-071b-ffff-ffff00000d26/value [39m[32m200[39m [90m606 ms - 14[39m
[35m[HTTP][39m [90m[39m
[35m[HTTP][39m [37m-->[39m [37mPOST[39m [37m/wd/hub/session/72ab2c0e-e54b-4c66-a37c-d5f3eb56b2f9/timeouts[39m
[35m[HTTP][39m [90m{"implicit":50}[39m
[35m[HTTP][39m [37m<-- POST /wd/hub/session/72ab2c0e-e54b-4c66-a37c-d5f3eb56b2f9/timeouts [39m[32m200[39m [90m2 ms - 14[39m
[35m[HTTP][39m [90m[39m
[35m[HTTP][39m [37m-->[39m [37mGET[39m [37m/wd/hub/session/72ab2c0e-e54b-4c66-a37c-d5f3eb56b2f9/window/rect[39m
[35m[HTTP][39m [90m{}[39m
[35m[HTTP][39m [37m<-- GET /wd/hub/session/72ab2c0e-e54b-4c66-a37c-d5f3eb56b2f9/window/rect [39m[32m200[39m [90m28 ms - 50[39m
[35m[HTTP][39m [90m[39m
[35m[HTTP][39m [37m-->[39m [37mPOST[39m [37m/wd/hub/session/72ab2c0e-e54b-4c66-a37c-d5f3eb56b2f9/elements[39m
[35m[HTTP][39m [90m{"using":"xpath","value":"//*[@class = 'android.widget.Spinner' and @resource-id = 'com.bcaf.mobilesurvey:id/maskapai' and (@text = '' or . = '')]"}[39m
[35m[HTTP][39m [37m<-- POST /wd/hub/session/72ab2c0e-e54b-4c66-a37c-d5f3eb56b2f9/elements [39m[32m200[39m [90m1052 ms - 139[39m
[35m[HTTP][39m [90m[39m
[35m[HTTP][39m [37m-->[39m [37mGET[39m [37m/wd/hub/session/72ab2c0e-e54b-4c66-a37c-d5f3eb56b2f9/element/00000000-0000-071b-ffff-ffff00000d31/location[39m
[35m[HTTP][39m [90m{}[39m
[35m[W3C (72ab2c0e)][39m Driver proxy active, passing request on via HTTP proxy
[35m[WD Proxy][39m Replacing sessionId f1dfc82b-3693-4260-99ec-85235c115f7a with 72ab2c0e-e54b-4c66-a37c-d5f3eb56b2f9
[35m[HTTP][39m [37m<-- GET /wd/hub/session/72ab2c0e-e54b-4c66-a37c-d5f3eb56b2f9/element/00000000-0000-071b-ffff-ffff00000d31/location [39m[32m200[39m [90m37 ms - 78[39m
[35m[HTTP][39m [90m[39m
[35m[HTTP][39m [37m-->[39m [37mPOST[39m [37m/wd/hub/session/72ab2c0e-e54b-4c66-a37c-d5f3eb56b2f9/timeouts[39m
[35m[HTTP][39m [90m{"implicit":30000}[39m
[35m[HTTP][39m [37m<-- POST /wd/hub/session/72ab2c0e-e54b-4c66-a37c-d5f3eb56b2f9/timeouts [39m[32m200[39m [90m2 ms - 14[39m
[35m[HTTP][39m [90m[39m
[35m[HTTP][39m [37m-->[39m [37mPOST[39m [37m/wd/hub/session/72ab2c0e-e54b-4c66-a37c-d5f3eb56b2f9/touch/perform[39m
[35m[HTTP][39m [90m{"actions":[{"action":"tap","options":{"x":1,"y":1,"element":"00000000-0000-071b-ffff-ffff00000d31"}},{"action":"release","options":{}}]}[39m
[35m[UiAutomator2][39m calling get location: 00000000-0000-071b-ffff-ffff00000d31
[35m[HTTP][39m [37m<-- POST /wd/hub/session/72ab2c0e-e54b-4c66-a37c-d5f3eb56b2f9/touch/perform [39m[32m200[39m [90m215 ms - 14[39m
[35m[HTTP][39m [90m[39m
[35m[HTTP][39m [37m-->[39m [37mPOST[39m [37m/wd/hub/session/72ab2c0e-e54b-4c66-a37c-d5f3eb56b2f9/timeouts[39m
[35m[HTTP][39m [90m{"implicit":50}[39m
[35m[HTTP][39m [37m<-- POST /wd/hub/session/72ab2c0e-e54b-4c66-a37c-d5f3eb56b2f9/timeouts [39m[32m200[39m [90m3 ms - 14[39m
[35m[HTTP][39m [90m[39m
[35m[HTTP][39m [37m-->[39m [37mGET[39m [37m/wd/hub/session/72ab2c0e-e54b-4c66-a37c-d5f3eb56b2f9/window/rect[39m
[35m[HTTP][39m [90m{}[39m
[35m[HTTP][39m [37m<-- GET /wd/hub/session/72ab2c0e-e54b-4c66-a37c-d5f3eb56b2f9/window/rect [39m[32m200[39m [90m35 ms - 50[39m
[35m[HTTP][39m [90m[39m
[35m[HTTP][39m [37m-->[39m [37mPOST[39m [37m/wd/hub/session/72ab2c0e-e54b-4c66-a37c-d5f3eb56b2f9/elements[39m
[35m[HTTP][39m [90m{"using":"xpath","value":"//*[@class = 'android.widget.CheckedTextView' and (@text = 'Aswata' or . = 'Aswata') and @resource-id = 'android:id/text1']"}[39m
[35m[HTTP][39m [37m<-- POST /wd/hub/session/72ab2c0e-e54b-4c66-a37c-d5f3eb56b2f9/elements [39m[32m200[39m [90m862 ms - 139[39m
[35m[HTTP][39m [90m[39m
[35m[HTTP][39m [37m-->[39m [37mGET[39m [37m/wd/hub/session/72ab2c0e-e54b-4c66-a37c-d5f3eb56b2f9/element/00000000-0000-071c-ffff-ffff00000e74/location[39m
[35m[HTTP][39m [90m{}[39m
[35m[W3C (72ab2c0e)][39m Driver proxy active, passing request on via HTTP proxy
[35m[WD Proxy][39m Replacing sessionId f1dfc82b-3693-4260-99ec-85235c115f7a with 72ab2c0e-e54b-4c66-a37c-d5f3eb56b2f9
[35m[HTTP][39m [37m<-- GET /wd/hub/session/72ab2c0e-e54b-4c66-a37c-d5f3eb56b2f9/element/00000000-0000-071c-ffff-ffff00000e74/location [39m[32m200[39m [90m35 ms - 78[39m
[35m[HTTP][39m [90m[39m
[35m[HTTP][39m [37m-->[39m [37mPOST[39m [37m/wd/hub/session/72ab2c0e-e54b-4c66-a37c-d5f3eb56b2f9/timeouts[39m
[35m[HTTP][39m [90m{"implicit":30000}[39m
[35m[HTTP][39m [37m<-- POST /wd/hub/session/72ab2c0e-e54b-4c66-a37c-d5f3eb56b2f9/timeouts [39m[32m200[39m [90m3 ms - 14[39m
[35m[HTTP][39m [90m[39m
[35m[HTTP][39m [37m-->[39m [37mPOST[39m [37m/wd/hub/session/72ab2c0e-e54b-4c66-a37c-d5f3eb56b2f9/touch/perform[39m
[35m[HTTP][39m [90m{"actions":[{"action":"tap","options":{"x":1,"y":1,"element":"00000000-0000-071c-ffff-ffff00000e74"}},{"action":"release","options":{}}]}[39m
[35m[UiAutomator2][39m calling get location: 00000000-0000-071c-ffff-ffff00000e74
[35m[HTTP][39m [37m<-- POST /wd/hub/session/72ab2c0e-e54b-4c66-a37c-d5f3eb56b2f9/touch/perform [39m[32m200[39m [90m909 ms - 14[39m
[35m[HTTP][39m [90m[39m
[35m[HTTP][39m [37m-->[39m [37mGET[39m [37m/wd/hub/session/72ab2c0e-e54b-4c66-a37c-d5f3eb56b2f9/context[39m
[35m[HTTP][39m [90m{}[39m
[35m[HTTP][39m [37m<-- GET /wd/hub/session/72ab2c0e-e54b-4c66-a37c-d5f3eb56b2f9/context [39m[32m200[39m [90m2 ms - 22[39m
[35m[HTTP][39m [90m[39m
[35m[HTTP][39m [37m-->[39m [37mGET[39m [37m/wd/hub/session/72ab2c0e-e54b-4c66-a37c-d5f3eb56b2f9/contexts[39m
[35m[HTTP][39m [90m{}[39m
[35m[HTTP][39m [37m<-- GET /wd/hub/session/72ab2c0e-e54b-4c66-a37c-d5f3eb56b2f9/contexts [39m[32m200[39m [90m132 ms - 24[39m
[35m[HTTP][39m [90m[39m
[35m[HTTP][39m [37m-->[39m [37mPOST[39m [37m/wd/hub/session/72ab2c0e-e54b-4c66-a37c-d5f3eb56b2f9/context[39m
[35m[HTTP][39m [90m{"name":"NATIVE_APP"}[39m
[35m[HTTP][39m [37m<-- POST /wd/hub/session/72ab2c0e-e54b-4c66-a37c-d5f3eb56b2f9/context [39m[32m200[39m [90m1 ms - 14[39m
[35m[HTTP][39m [90m[39m
[35m[HTTP][39m [37m-->[39m [37mGET[39m [37m/wd/hub/session/72ab2c0e-e54b-4c66-a37c-d5f3eb56b2f9/window/rect[39m
[35m[HTTP][39m [90m{}[39m
[35m[HTTP][39m [37m<-- GET /wd/hub/session/72ab2c0e-e54b-4c66-a37c-d5f3eb56b2f9/window/rect [39m[32m200[39m [90m20 ms - 50[39m
[35m[HTTP][39m [90m[39m
[35m[HTTP][39m [37m-->[39m [37mPOST[39m [37m/wd/hub/session/72ab2c0e-e54b-4c66-a37c-d5f3eb56b2f9/execute/sync[39m
[35m[HTTP][39m [90m{"script":"mobile: viewportScreenshot","args":[]}[39m
[35m[AndroidDriver][39m Executing native command 'mobile: viewportScreenshot'
[35m[HTTP][39m [37m<-- POST /wd/hub/session/72ab2c0e-e54b-4c66-a37c-d5f3eb56b2f9/execute/sync [39m[32m200[39m [90m1270 ms - 97552[39m
[35m[HTTP][39m [90m[39m
[35m[HTTP][39m [37m-->[39m [37mPOST[39m [37m/wd/hub/session/72ab2c0e-e54b-4c66-a37c-d5f3eb56b2f9/context[39m
[35m[HTTP][39m [90m{"name":"NATIVE_APP"}[39m
[35m[HTTP][39m [37m<-- POST /wd/hub/session/72ab2c0e-e54b-4c66-a37c-d5f3eb56b2f9/context [39m[32m200[39m [90m2 ms - 14[39m
[35m[HTTP][39m [90m[39m
[35m[HTTP][39m [37m-->[39m [37mPOST[39m [37m/wd/hub/session/72ab2c0e-e54b-4c66-a37c-d5f3eb56b2f9/timeouts[39m
[35m[HTTP][39m [90m{"implicit":50}[39m
[35m[HTTP][39m [37m<-- POST /wd/hub/session/72ab2c0e-e54b-4c66-a37c-d5f3eb56b2f9/timeouts [39m[32m200[39m [90m3 ms - 14[39m
[35m[HTTP][39m [90m[39m
[35m[HTTP][39m [37m-->[39m [37mGET[39m [37m/wd/hub/session/72ab2c0e-e54b-4c66-a37c-d5f3eb56b2f9/window/rect[39m
[35m[HTTP][39m [90m{}[39m
[35m[HTTP][39m [37m<-- GET /wd/hub/session/72ab2c0e-e54b-4c66-a37c-d5f3eb56b2f9/window/rect [39m[32m200[39m [90m62 ms - 50[39m
[35m[HTTP][39m [90m[39m
[35m[HTTP][39m [37m-->[39m [37mPOST[39m [37m/wd/hub/session/72ab2c0e-e54b-4c66-a37c-d5f3eb56b2f9/elements[39m
[35m[HTTP][39m [90m{"using":"xpath","value":"//*[@class = 'android.widget.Button' and (@text = 'SEARCH' or . = 'SEARCH') and @resource-id = 'com.bcaf.mobilesurvey:id/search']"}[39m
[35m[HTTP][39m [37m<-- POST /wd/hub/session/72ab2c0e-e54b-4c66-a37c-d5f3eb56b2f9/elements [39m[32m200[39m [90m315 ms - 139[39m
[35m[HTTP][39m [90m[39m
[35m[HTTP][39m [37m-->[39m [37mGET[39m [37m/wd/hub/session/72ab2c0e-e54b-4c66-a37c-d5f3eb56b2f9/element/00000000-0000-071b-ffff-ffff00000d32/location[39m
[35m[HTTP][39m [90m{}[39m
[35m[W3C (72ab2c0e)][39m Driver proxy active, passing request on via HTTP proxy
[35m[WD Proxy][39m Replacing sessionId f1dfc82b-3693-4260-99ec-85235c115f7a with 72ab2c0e-e54b-4c66-a37c-d5f3eb56b2f9
[35m[HTTP][39m [37m<-- GET /wd/hub/session/72ab2c0e-e54b-4c66-a37c-d5f3eb56b2f9/element/00000000-0000-071b-ffff-ffff00000d32/location [39m[32m200[39m [90m51 ms - 78[39m
[35m[HTTP][39m [90m[39m
[35m[HTTP][39m [37m-->[39m [37mPOST[39m [37m/wd/hub/session/72ab2c0e-e54b-4c66-a37c-d5f3eb56b2f9/timeouts[39m
[35m[HTTP][39m [90m{"implicit":30000}[39m
[35m[HTTP][39m [37m<-- POST /wd/hub/session/72ab2c0e-e54b-4c66-a37c-d5f3eb56b2f9/timeouts [39m[32m200[39m [90m3 ms - 14[39m
[35m[HTTP][39m [90m[39m
[35m[HTTP][39m [37m-->[39m [37mPOST[39m [37m/wd/hub/session/72ab2c0e-e54b-4c66-a37c-d5f3eb56b2f9/touch/perform[39m
[35m[HTTP][39m [90m{"actions":[{"action":"tap","options":{"x":1,"y":1,"element":"00000000-0000-071b-ffff-ffff00000d32"}},{"action":"release","options":{}}]}[39m
[35m[UiAutomator2][39m calling get location: 00000000-0000-071b-ffff-ffff00000d32
[35m[HTTP][39m [37m<-- POST /wd/hub/session/72ab2c0e-e54b-4c66-a37c-d5f3eb56b2f9/touch/perform [39m[32m200[39m [90m385 ms - 14[39m
[35m[HTTP][39m [90m[39m
[35m[HTTP][39m [37m-->[39m [37mGET[39m [37m/wd/hub/session/72ab2c0e-e54b-4c66-a37c-d5f3eb56b2f9/context[39m
[35m[HTTP][39m [90m{}[39m
[35m[HTTP][39m [37m<-- GET /wd/hub/session/72ab2c0e-e54b-4c66-a37c-d5f3eb56b2f9/context [39m[32m200[39m [90m3 ms - 22[39m
[35m[HTTP][39m [90m[39m
[35m[HTTP][39m [37m-->[39m [37mGET[39m [37m/wd/hub/session/72ab2c0e-e54b-4c66-a37c-d5f3eb56b2f9/contexts[39m
[35m[HTTP][39m [90m{}[39m
[35m[HTTP][39m [37m<-- GET /wd/hub/session/72ab2c0e-e54b-4c66-a37c-d5f3eb56b2f9/contexts [39m[32m200[39m [90m142 ms - 24[39m
[35m[HTTP][39m [90m[39m
[35m[HTTP][39m [37m-->[39m [37mPOST[39m [37m/wd/hub/session/72ab2c0e-e54b-4c66-a37c-d5f3eb56b2f9/context[39m
[35m[HTTP][39m [90m{"name":"NATIVE_APP"}[39m
[35m[HTTP][39m [37m<-- POST /wd/hub/session/72ab2c0e-e54b-4c66-a37c-d5f3eb56b2f9/context [39m[32m200[39m [90m3 ms - 14[39m
[35m[HTTP][39m [90m[39m
[35m[HTTP][39m [37m-->[39m [37mGET[39m [37m/wd/hub/session/72ab2c0e-e54b-4c66-a37c-d5f3eb56b2f9/window/rect[39m
[35m[HTTP][39m [90m{}[39m
[35m[HTTP][39m [37m<-- GET /wd/hub/session/72ab2c0e-e54b-4c66-a37c-d5f3eb56b2f9/window/rect [39m[32m200[39m [90m46 ms - 50[39m
[35m[HTTP][39m [90m[39m
[35m[HTTP][39m [37m-->[39m [37mPOST[39m [37m/wd/hub/session/72ab2c0e-e54b-4c66-a37c-d5f3eb56b2f9/execute/sync[39m
[35m[HTTP][39m [90m{"script":"mobile: viewportScreenshot","args":[]}[39m
[35m[AndroidDriver][39m Executing native command 'mobile: viewportScreenshot'
[35m[HTTP][39m [37m<-- POST /wd/hub/session/72ab2c0e-e54b-4c66-a37c-d5f3eb56b2f9/execute/sync [39m[32m200[39m [90m1380 ms - 351604[39m
[35m[HTTP][39m [90m[39m
[35m[HTTP][39m [37m-->[39m [37mPOST[39m [37m/wd/hub/session/72ab2c0e-e54b-4c66-a37c-d5f3eb56b2f9/context[39m
[35m[HTTP][39m [90m{"name":"NATIVE_APP"}[39m
[35m[HTTP][39m [37m<-- POST /wd/hub/session/72ab2c0e-e54b-4c66-a37c-d5f3eb56b2f9/context [39m[32m200[39m [90m2 ms - 14[39m
[35m[HTTP][39m [90m[39m
[35m[HTTP][39m [37m-->[39m [37mGET[39m [37m/wd/hub/session/72ab2c0e-e54b-4c66-a37c-d5f3eb56b2f9/context[39m
[35m[HTTP][39m [90m{}[39m
[35m[HTTP][39m [37m<-- GET /wd/hub/session/72ab2c0e-e54b-4c66-a37c-d5f3eb56b2f9/context [39m[32m200[39m [90m2 ms - 22[39m
[35m[HTTP][39m [90m[39m
[35m[HTTP][39m [37m-->[39m [37mGET[39m [37m/wd/hub/session/72ab2c0e-e54b-4c66-a37c-d5f3eb56b2f9/contexts[39m
[35m[HTTP][39m [90m{}[39m
[35m[HTTP][39m [37m<-- GET /wd/hub/session/72ab2c0e-e54b-4c66-a37c-d5f3eb56b2f9/contexts [39m[32m200[39m [90m131 ms - 24[39m
[35m[HTTP][39m [90m[39m
[35m[HTTP][39m [37m-->[39m [37mPOST[39m [37m/wd/hub/session/72ab2c0e-e54b-4c66-a37c-d5f3eb56b2f9/context[39m
[35m[HTTP][39m [90m{"name":"NATIVE_APP"}[39m
[35m[HTTP][39m [37m<-- POST /wd/hub/session/72ab2c0e-e54b-4c66-a37c-d5f3eb56b2f9/context [39m[32m200[39m [90m1 ms - 14[39m
[35m[HTTP][39m [90m[39m
[35m[HTTP][39m [37m-->[39m [37mPOST[39m [37m/wd/hub/session/72ab2c0e-e54b-4c66-a37c-d5f3eb56b2f9/element[39m
[35m[HTTP][39m [90m{"using":"-android uiautomator","value":"new UiScrollable(new UiSelector().scrollable(true).instance(0)).scrollIntoView(new UiSelector().textContains(\"No Rangka\"))"}[39m
[35m[HTTP][39m [37m<-- POST /wd/hub/session/72ab2c0e-e54b-4c66-a37c-d5f3eb56b2f9/element [39m[32m200[39m [90m361 ms - 137[39m
[35m[HTTP][39m [90m[39m
[35m[HTTP][39m [37m-->[39m [37mPOST[39m [37m/wd/hub/session/72ab2c0e-e54b-4c66-a37c-d5f3eb56b2f9/context[39m
[35m[HTTP][39m [90m{"name":"NATIVE_APP"}[39m
[35m[HTTP][39m [37m<-- POST /wd/hub/session/72ab2c0e-e54b-4c66-a37c-d5f3eb56b2f9/context [39m[32m200[39m [90m3 ms - 14[39m
[35m[HTTP][39m [90m[39m
[35m[HTTP][39m [37m-->[39m [37mGET[39m [37m/wd/hub/session/72ab2c0e-e54b-4c66-a37c-d5f3eb56b2f9/context[39m
[35m[HTTP][39m [90m{}[39m
[35m[HTTP][39m [37m<-- GET /wd/hub/session/72ab2c0e-e54b-4c66-a37c-d5f3eb56b2f9/context [39m[32m200[39m [90m3 ms - 22[39m
[35m[HTTP][39m [90m[39m
[35m[HTTP][39m [37m-->[39m [37mGET[39m [37m/wd/hub/session/72ab2c0e-e54b-4c66-a37c-d5f3eb56b2f9/contexts[39m
[35m[HTTP][39m [90m{}[39m
[35m[HTTP][39m [37m<-- GET /wd/hub/session/72ab2c0e-e54b-4c66-a37c-d5f3eb56b2f9/contexts [39m[32m200[39m [90m141 ms - 24[39m
[35m[HTTP][39m [90m[39m
[35m[HTTP][39m [37m-->[39m [37mPOST[39m [37m/wd/hub/session/72ab2c0e-e54b-4c66-a37c-d5f3eb56b2f9/context[39m
[35m[HTTP][39m [90m{"name":"NATIVE_APP"}[39m
[35m[HTTP][39m [37m<-- POST /wd/hub/session/72ab2c0e-e54b-4c66-a37c-d5f3eb56b2f9/context [39m[32m200[39m [90m3 ms - 14[39m
[35m[HTTP][39m [90m[39m
[35m[HTTP][39m [37m-->[39m [37mGET[39m [37m/wd/hub/session/72ab2c0e-e54b-4c66-a37c-d5f3eb56b2f9/window/rect[39m
[35m[HTTP][39m [90m{}[39m
[35m[HTTP][39m [37m<-- GET /wd/hub/session/72ab2c0e-e54b-4c66-a37c-d5f3eb56b2f9/window/rect [39m[32m200[39m [90m24 ms - 50[39m
[35m[HTTP][39m [90m[39m
[35m[HTTP][39m [37m-->[39m [37mPOST[39m [37m/wd/hub/session/72ab2c0e-e54b-4c66-a37c-d5f3eb56b2f9/execute/sync[39m
[35m[HTTP][39m [90m{"script":"mobile: viewportScreenshot","args":[]}[39m
[35m[AndroidDriver][39m Executing native command 'mobile: viewportScreenshot'
[35m[HTTP][39m [37m<-- POST /wd/hub/session/72ab2c0e-e54b-4c66-a37c-d5f3eb56b2f9/execute/sync [39m[32m200[39m [90m1569 ms - 351580[39m
[35m[HTTP][39m [90m[39m
[35m[HTTP][39m [37m-->[39m [37mPOST[39m [37m/wd/hub/session/72ab2c0e-e54b-4c66-a37c-d5f3eb56b2f9/context[39m
[35m[HTTP][39m [90m{"name":"NATIVE_APP"}[39m
[35m[HTTP][39m [37m<-- POST /wd/hub/session/72ab2c0e-e54b-4c66-a37c-d5f3eb56b2f9/context [39m[32m200[39m [90m2 ms - 14[39m
[35m[HTTP][39m [90m[39m
[35m[HTTP][39m [37m-->[39m [37mPOST[39m [37m/wd/hub/session/72ab2c0e-e54b-4c66-a37c-d5f3eb56b2f9/timeouts[39m
[35m[HTTP][39m [90m{"implicit":50}[39m
[35m[HTTP][39m [37m<-- POST /wd/hub/session/72ab2c0e-e54b-4c66-a37c-d5f3eb56b2f9/timeouts [39m[32m200[39m [90m1 ms - 14[39m
[35m[HTTP][39m [90m[39m
[35m[HTTP][39m [37m-->[39m [37mGET[39m [37m/wd/hub/session/72ab2c0e-e54b-4c66-a37c-d5f3eb56b2f9/window/rect[39m
[35m[HTTP][39m [90m{}[39m
[35m[HTTP][39m [37m<-- GET /wd/hub/session/72ab2c0e-e54b-4c66-a37c-d5f3eb56b2f9/window/rect [39m[32m200[39m [90m42 ms - 50[39m
[35m[HTTP][39m [90m[39m
[35m[HTTP][39m [37m-->[39m [37mPOST[39m [37m/wd/hub/session/72ab2c0e-e54b-4c66-a37c-d5f3eb56b2f9/elements[39m
[35m[HTTP][39m [90m{"using":"xpath","value":"//*[@class = 'android.widget.TextView' and (@text = 'Surat Kendaraan' or . = 'Surat Kendaraan') and @resource-id = 'com.bcaf.mobilesurvey:id/showhide_surat']"}[39m
[35m[HTTP][39m [37m<-- POST /wd/hub/session/72ab2c0e-e54b-4c66-a37c-d5f3eb56b2f9/elements [39m[32m200[39m [90m652 ms - 12[39m
[35m[HTTP][39m [90m[39m
[35m[HTTP][39m [37m-->[39m [37mPOST[39m [37m/wd/hub/session/72ab2c0e-e54b-4c66-a37c-d5f3eb56b2f9/elements[39m
[35m[HTTP][39m [90m{"using":"xpath","value":"//*[@class = 'android.widget.TextView' and (@text = 'Surat Kendaraan' or . = 'Surat Kendaraan') and @resource-id = 'com.bcaf.mobilesurvey:id/showhide_surat']"}[39m
[35m[HTTP][39m [37m<-- POST /wd/hub/session/72ab2c0e-e54b-4c66-a37c-d5f3eb56b2f9/elements [39m[32m200[39m [90m2744 ms - 139[39m
[35m[HTTP][39m [90m[39m
[35m[HTTP][39m [37m-->[39m [37mGET[39m [37m/wd/hub/session/72ab2c0e-e54b-4c66-a37c-d5f3eb56b2f9/element/00000000-0000-071b-ffff-ffff00000e35/location[39m
[35m[HTTP][39m [90m{}[39m
[35m[W3C (72ab2c0e)][39m Driver proxy active, passing request on via HTTP proxy
[35m[WD Proxy][39m Replacing sessionId f1dfc82b-3693-4260-99ec-85235c115f7a with 72ab2c0e-e54b-4c66-a37c-d5f3eb56b2f9
[35m[HTTP][39m [37m<-- GET /wd/hub/session/72ab2c0e-e54b-4c66-a37c-d5f3eb56b2f9/element/00000000-0000-071b-ffff-ffff00000e35/location [39m[32m200[39m [90m129 ms - 78[39m
[35m[HTTP][39m [90m[39m
[35m[HTTP][39m [37m-->[39m [37mPOST[39m [37m/wd/hub/session/72ab2c0e-e54b-4c66-a37c-d5f3eb56b2f9/timeouts[39m
[35m[HTTP][39m [90m{"implicit":30000}[39m
[35m[HTTP][39m [37m<-- POST /wd/hub/session/72ab2c0e-e54b-4c66-a37c-d5f3eb56b2f9/timeouts [39m[32m200[39m [90m1 ms - 14[39m
[35m[HTTP][39m [90m[39m
[35m[HTTP][39m [37m-->[39m [37mPOST[39m [37m/wd/hub/session/72ab2c0e-e54b-4c66-a37c-d5f3eb56b2f9/touch/perform[39m
[35m[HTTP][39m [90m{"actions":[{"action":"tap","options":{"x":1,"y":1,"element":"00000000-0000-071b-ffff-ffff00000e35"}},{"action":"release","options":{}}]}[39m
[35m[UiAutomator2][39m calling get location: 00000000-0000-071b-ffff-ffff00000e35
[35m[HTTP][39m [37m<-- POST /wd/hub/session/72ab2c0e-e54b-4c66-a37c-d5f3eb56b2f9/touch/perform [39m[32m200[39m [90m916 ms - 14[39m
[35m[HTTP][39m [90m[39m
[35m[HTTP][39m [37m-->[39m [37mGET[39m [37m/wd/hub/session/72ab2c0e-e54b-4c66-a37c-d5f3eb56b2f9/context[39m
[35m[HTTP][39m [90m{}[39m
[35m[HTTP][39m [37m<-- GET /wd/hub/session/72ab2c0e-e54b-4c66-a37c-d5f3eb56b2f9/context [39m[32m200[39m [90m2 ms - 22[39m
[35m[HTTP][39m [90m[39m
[35m[HTTP][39m [37m-->[39m [37mGET[39m [37m/wd/hub/session/72ab2c0e-e54b-4c66-a37c-d5f3eb56b2f9/contexts[39m
[35m[HTTP][39m [90m{}[39m
[35m[HTTP][39m [37m<-- GET /wd/hub/session/72ab2c0e-e54b-4c66-a37c-d5f3eb56b2f9/contexts [39m[32m200[39m [90m132 ms - 24[39m
[35m[HTTP][39m [90m[39m
[35m[HTTP][39m [37m-->[39m [37mPOST[39m [37m/wd/hub/session/72ab2c0e-e54b-4c66-a37c-d5f3eb56b2f9/context[39m
[35m[HTTP][39m [90m{"name":"NATIVE_APP"}[39m
[35m[HTTP][39m [37m<-- POST /wd/hub/session/72ab2c0e-e54b-4c66-a37c-d5f3eb56b2f9/context [39m[32m200[39m [90m2 ms - 14[39m
[35m[HTTP][39m [90m[39m
[35m[HTTP][39m [37m-->[39m [37mGET[39m [37m/wd/hub/session/72ab2c0e-e54b-4c66-a37c-d5f3eb56b2f9/window/rect[39m
[35m[HTTP][39m [90m{}[39m
[35m[HTTP][39m [37m<-- GET /wd/hub/session/72ab2c0e-e54b-4c66-a37c-d5f3eb56b2f9/window/rect [39m[32m200[39m [90m38 ms - 50[39m
[35m[HTTP][39m [90m[39m
[35m[HTTP][39m [37m-->[39m [37mPOST[39m [37m/wd/hub/session/72ab2c0e-e54b-4c66-a37c-d5f3eb56b2f9/execute/sync[39m
[35m[HTTP][39m [90m{"script":"mobile: viewportScreenshot","args":[]}[39m
[35m[AndroidDriver][39m Executing native command 'mobile: viewportScreenshot'
[35m[HTTP][39m [37m<-- POST /wd/hub/session/72ab2c0e-e54b-4c66-a37c-d5f3eb56b2f9/execute/sync [39m[32m200[39m [90m1580 ms - 340296[39m
[35m[HTTP][39m [90m[39m
[35m[HTTP][39m [37m-->[39m [37mPOST[39m [37m/wd/hub/session/72ab2c0e-e54b-4c66-a37c-d5f3eb56b2f9/context[39m
[35m[HTTP][39m [90m{"name":"NATIVE_APP"}[39m
[35m[HTTP][39m [37m<-- POST /wd/hub/session/72ab2c0e-e54b-4c66-a37c-d5f3eb56b2f9/context [39m[32m200[39m [90m2 ms - 14[39m
[35m[HTTP][39m [90m[39m
[35m[HTTP][39m [37m-->[39m [37mGET[39m [37m/wd/hub/session/72ab2c0e-e54b-4c66-a37c-d5f3eb56b2f9/context[39m
[35m[HTTP][39m [90m{}[39m
[35m[HTTP][39m [37m<-- GET /wd/hub/session/72ab2c0e-e54b-4c66-a37c-d5f3eb56b2f9/context [39m[32m200[39m [90m1 ms - 22[39m
[35m[HTTP][39m [90m[39m
[35m[HTTP][39m [37m-->[39m [37mGET[39m [37m/wd/hub/session/72ab2c0e-e54b-4c66-a37c-d5f3eb56b2f9/contexts[39m
[35m[HTTP][39m [90m{}[39m
[35m[HTTP][39m [37m<-- GET /wd/hub/session/72ab2c0e-e54b-4c66-a37c-d5f3eb56b2f9/contexts [39m[32m200[39m [90m118 ms - 24[39m
[35m[HTTP][39m [90m[39m
[35m[HTTP][39m [37m-->[39m [37mPOST[39m [37m/wd/hub/session/72ab2c0e-e54b-4c66-a37c-d5f3eb56b2f9/context[39m
[35m[HTTP][39m [90m{"name":"NATIVE_APP"}[39m
[35m[HTTP][39m [37m<-- POST /wd/hub/session/72ab2c0e-e54b-4c66-a37c-d5f3eb56b2f9/context [39m[32m200[39m [90m2 ms - 14[39m
[35m[HTTP][39m [90m[39m
[35m[HTTP][39m [37m-->[39m [37mPOST[39m [37m/wd/hub/session/72ab2c0e-e54b-4c66-a37c-d5f3eb56b2f9/element[39m
[35m[HTTP][39m [90m{"using":"-android uiautomator","value":"new UiScrollable(new UiSelector().scrollable(true).instance(0)).scrollIntoView(new UiSelector().textContains(\"Kondisi Kendaraan\"))"}[39m
[35m[HTTP][39m [37m<-- POST /wd/hub/session/72ab2c0e-e54b-4c66-a37c-d5f3eb56b2f9/element [39m[32m200[39m [90m326 ms - 137[39m
[35m[HTTP][39m [90m[39m
[35m[HTTP][39m [37m-->[39m [37mPOST[39m [37m/wd/hub/session/72ab2c0e-e54b-4c66-a37c-d5f3eb56b2f9/context[39m
[35m[HTTP][39m [90m{"name":"NATIVE_APP"}[39m
[35m[HTTP][39m [37m<-- POST /wd/hub/session/72ab2c0e-e54b-4c66-a37c-d5f3eb56b2f9/context [39m[32m200[39m [90m3 ms - 14[39m
[35m[HTTP][39m [90m[39m
[35m[HTTP][39m [37m-->[39m [37mPOST[39m [37m/wd/hub/session/72ab2c0e-e54b-4c66-a37c-d5f3eb56b2f9/timeouts[39m
[35m[HTTP][39m [90m{"implicit":50}[39m
[35m[HTTP][39m [37m<-- POST /wd/hub/session/72ab2c0e-e54b-4c66-a37c-d5f3eb56b2f9/timeouts [39m[32m200[39m [90m1 ms - 14[39m
[35m[HTTP][39m [90m[39m
[35m[HTTP][39m [37m-->[39m [37mGET[39m [37m/wd/hub/session/72ab2c0e-e54b-4c66-a37c-d5f3eb56b2f9/window/rect[39m
[35m[HTTP][39m [90m{}[39m
[35m[HTTP][39m [37m<-- GET /wd/hub/session/72ab2c0e-e54b-4c66-a37c-d5f3eb56b2f9/window/rect [39m[32m200[39m [90m27 ms - 50[39m
[35m[HTTP][39m [90m[39m
[35m[HTTP][39m [37m-->[39m [37mPOST[39m [37m/wd/hub/session/72ab2c0e-e54b-4c66-a37c-d5f3eb56b2f9/elements[39m
[35m[HTTP][39m [90m{"using":"xpath","value":"//*[@class = 'android.widget.TextView' and (@text = 'Kondisi Kendaraan' or . = 'Kondisi Kendaraan') and @resource-id = 'com.bcaf.mobilesurvey:id/showhide_kondisi']"}[39m
[35m[HTTP][39m [37m<-- POST /wd/hub/session/72ab2c0e-e54b-4c66-a37c-d5f3eb56b2f9/elements [39m[32m200[39m [90m587 ms - 139[39m
[35m[HTTP][39m [90m[39m
[35m[HTTP][39m [37m-->[39m [37mGET[39m [37m/wd/hub/session/72ab2c0e-e54b-4c66-a37c-d5f3eb56b2f9/element/00000000-0000-071b-ffff-ffff00000e37/location[39m
[35m[HTTP][39m [90m{}[39m
[35m[W3C (72ab2c0e)][39m Driver proxy active, passing request on via HTTP proxy
[35m[WD Proxy][39m Replacing sessionId f1dfc82b-3693-4260-99ec-85235c115f7a with 72ab2c0e-e54b-4c66-a37c-d5f3eb56b2f9
[35m[HTTP][39m [37m<-- GET /wd/hub/session/72ab2c0e-e54b-4c66-a37c-d5f3eb56b2f9/element/00000000-0000-071b-ffff-ffff00000e37/location [39m[32m200[39m [90m49 ms - 78[39m
[35m[HTTP][39m [90m[39m
[35m[HTTP][39m [37m-->[39m [37mPOST[39m [37m/wd/hub/session/72ab2c0e-e54b-4c66-a37c-d5f3eb56b2f9/timeouts[39m
[35m[HTTP][39m [90m{"implicit":30000}[39m
[35m[HTTP][39m [37m<-- POST /wd/hub/session/72ab2c0e-e54b-4c66-a37c-d5f3eb56b2f9/timeouts [39m[32m200[39m [90m3 ms - 14[39m
[35m[HTTP][39m [90m[39m
[35m[HTTP][39m [37m-->[39m [37mPOST[39m [37m/wd/hub/session/72ab2c0e-e54b-4c66-a37c-d5f3eb56b2f9/touch/perform[39m
[35m[HTTP][39m [90m{"actions":[{"action":"tap","options":{"x":1,"y":1,"element":"00000000-0000-071b-ffff-ffff00000e37"}},{"action":"release","options":{}}]}[39m
[35m[UiAutomator2][39m calling get location: 00000000-0000-071b-ffff-ffff00000e37
[35m[HTTP][39m [37m<-- POST /wd/hub/session/72ab2c0e-e54b-4c66-a37c-d5f3eb56b2f9/touch/perform [39m[32m200[39m [90m854 ms - 14[39m
[35m[HTTP][39m [90m[39m
[35m[HTTP][39m [37m-->[39m [37mGET[39m [37m/wd/hub/session/72ab2c0e-e54b-4c66-a37c-d5f3eb56b2f9/context[39m
[35m[HTTP][39m [90m{}[39m
[35m[HTTP][39m [37m<-- GET /wd/hub/session/72ab2c0e-e54b-4c66-a37c-d5f3eb56b2f9/context [39m[32m200[39m [90m2 ms - 22[39m
[35m[HTTP][39m [90m[39m
[35m[HTTP][39m [37m-->[39m [37mGET[39m [37m/wd/hub/session/72ab2c0e-e54b-4c66-a37c-d5f3eb56b2f9/contexts[39m
[35m[HTTP][39m [90m{}[39m
[35m[HTTP][39m [37m<-- GET /wd/hub/session/72ab2c0e-e54b-4c66-a37c-d5f3eb56b2f9/contexts [39m[32m200[39m [90m154 ms - 24[39m
[35m[HTTP][39m [90m[39m
[35m[HTTP][39m [37m-->[39m [37mPOST[39m [37m/wd/hub/session/72ab2c0e-e54b-4c66-a37c-d5f3eb56b2f9/context[39m
[35m[HTTP][39m [90m{"name":"NATIVE_APP"}[39m
[35m[HTTP][39m [37m<-- POST /wd/hub/session/72ab2c0e-e54b-4c66-a37c-d5f3eb56b2f9/context [39m[32m200[39m [90m2 ms - 14[39m
[35m[HTTP][39m [90m[39m
[35m[HTTP][39m [37m-->[39m [37mGET[39m [37m/wd/hub/session/72ab2c0e-e54b-4c66-a37c-d5f3eb56b2f9/window/rect[39m
[35m[HTTP][39m [90m{}[39m
[35m[HTTP][39m [37m<-- GET /wd/hub/session/72ab2c0e-e54b-4c66-a37c-d5f3eb56b2f9/window/rect [39m[32m200[39m [90m50 ms - 50[39m
[35m[HTTP][39m [90m[39m
[35m[HTTP][39m [37m-->[39m [37mPOST[39m [37m/wd/hub/session/72ab2c0e-e54b-4c66-a37c-d5f3eb56b2f9/execute/sync[39m
[35m[HTTP][39m [90m{"script":"mobile: viewportScreenshot","args":[]}[39m
[35m[AndroidDriver][39m Executing native command 'mobile: viewportScreenshot'
[35m[HTTP][39m [37m<-- POST /wd/hub/session/72ab2c0e-e54b-4c66-a37c-d5f3eb56b2f9/execute/sync [39m[32m200[39m [90m1529 ms - 375144[39m
[35m[HTTP][39m [90m[39m
[35m[HTTP][39m [37m-->[39m [37mPOST[39m [37m/wd/hub/session/72ab2c0e-e54b-4c66-a37c-d5f3eb56b2f9/context[39m
[35m[HTTP][39m [90m{"name":"NATIVE_APP"}[39m
[35m[HTTP][39m [37m<-- POST /wd/hub/session/72ab2c0e-e54b-4c66-a37c-d5f3eb56b2f9/context [39m[32m200[39m [90m2 ms - 14[39m
[35m[HTTP][39m [90m[39m
[35m[HTTP][39m [37m-->[39m [37mGET[39m [37m/wd/hub/session/72ab2c0e-e54b-4c66-a37c-d5f3eb56b2f9/context[39m
[35m[HTTP][39m [90m{}[39m
[35m[HTTP][39m [37m<-- GET /wd/hub/session/72ab2c0e-e54b-4c66-a37c-d5f3eb56b2f9/context [39m[32m200[39m [90m1 ms - 22[39m
[35m[HTTP][39m [90m[39m
[35m[HTTP][39m [37m-->[39m [37mGET[39m [37m/wd/hub/session/72ab2c0e-e54b-4c66-a37c-d5f3eb56b2f9/contexts[39m
[35m[HTTP][39m [90m{}[39m
[35m[HTTP][39m [37m<-- GET /wd/hub/session/72ab2c0e-e54b-4c66-a37c-d5f3eb56b2f9/contexts [39m[32m200[39m [90m135 ms - 24[39m
[35m[HTTP][39m [90m[39m
[35m[HTTP][39m [37m-->[39m [37mPOST[39m [37m/wd/hub/session/72ab2c0e-e54b-4c66-a37c-d5f3eb56b2f9/context[39m
[35m[HTTP][39m [90m{"name":"NATIVE_APP"}[39m
[35m[HTTP][39m [37m<-- POST /wd/hub/session/72ab2c0e-e54b-4c66-a37c-d5f3eb56b2f9/context [39m[32m200[39m [90m2 ms - 14[39m
[35m[HTTP][39m [90m[39m
[35m[HTTP][39m [37m-->[39m [37mPOST[39m [37m/wd/hub/session/72ab2c0e-e54b-4c66-a37c-d5f3eb56b2f9/element[39m
[35m[HTTP][39m [90m{"using":"-android uiautomator","value":"new UiScrollable(new UiSelector().scrollable(true).instance(0)).scrollIntoView(new UiSelector().textContains(\"Foto Mobil\"))"}[39m
[35m[HTTP][39m [37m<-- POST /wd/hub/session/72ab2c0e-e54b-4c66-a37c-d5f3eb56b2f9/element [39m[32m200[39m [90m288 ms - 137[39m
[35m[HTTP][39m [90m[39m
[35m[HTTP][39m [37m-->[39m [37mPOST[39m [37m/wd/hub/session/72ab2c0e-e54b-4c66-a37c-d5f3eb56b2f9/context[39m
[35m[HTTP][39m [90m{"name":"NATIVE_APP"}[39m
[35m[HTTP][39m [37m<-- POST /wd/hub/session/72ab2c0e-e54b-4c66-a37c-d5f3eb56b2f9/context [39m[32m200[39m [90m2 ms - 14[39m
[35m[HTTP][39m [90m[39m
[35m[HTTP][39m [37m-->[39m [37mGET[39m [37m/wd/hub/session/72ab2c0e-e54b-4c66-a37c-d5f3eb56b2f9/context[39m
[35m[HTTP][39m [90m{}[39m
[35m[HTTP][39m [37m<-- GET /wd/hub/session/72ab2c0e-e54b-4c66-a37c-d5f3eb56b2f9/context [39m[32m200[39m [90m2 ms - 22[39m
[35m[HTTP][39m [90m[39m
[35m[HTTP][39m [37m-->[39m [37mGET[39m [37m/wd/hub/session/72ab2c0e-e54b-4c66-a37c-d5f3eb56b2f9/contexts[39m
[35m[HTTP][39m [90m{}[39m
[35m[HTTP][39m [37m<-- GET /wd/hub/session/72ab2c0e-e54b-4c66-a37c-d5f3eb56b2f9/contexts [39m[32m200[39m [90m133 ms - 24[39m
[35m[HTTP][39m [90m[39m
[35m[HTTP][39m [37m-->[39m [37mPOST[39m [37m/wd/hub/session/72ab2c0e-e54b-4c66-a37c-d5f3eb56b2f9/context[39m
[35m[HTTP][39m [90m{"name":"NATIVE_APP"}[39m
[35m[HTTP][39m [37m<-- POST /wd/hub/session/72ab2c0e-e54b-4c66-a37c-d5f3eb56b2f9/context [39m[32m200[39m [90m1 ms - 14[39m
[35m[HTTP][39m [90m[39m
[35m[HTTP][39m [37m-->[39m [37mGET[39m [37m/wd/hub/session/72ab2c0e-e54b-4c66-a37c-d5f3eb56b2f9/window/rect[39m
[35m[HTTP][39m [90m{}[39m
[35m[HTTP][39m [37m<-- GET /wd/hub/session/72ab2c0e-e54b-4c66-a37c-d5f3eb56b2f9/window/rect [39m[32m200[39m [90m46 ms - 50[39m
[35m[HTTP][39m [90m[39m
[35m[HTTP][39m [37m-->[39m [37mPOST[39m [37m/wd/hub/session/72ab2c0e-e54b-4c66-a37c-d5f3eb56b2f9/execute/sync[39m
[35m[HTTP][39m [90m{"script":"mobile: viewportScreenshot","args":[]}[39m
[35m[AndroidDriver][39m Executing native command 'mobile: viewportScreenshot'
[35m[HTTP][39m [37m<-- POST /wd/hub/session/72ab2c0e-e54b-4c66-a37c-d5f3eb56b2f9/execute/sync [39m[32m200[39m [90m1359 ms - 331576[39m
[35m[HTTP][39m [90m[39m
[35m[HTTP][39m [37m-->[39m [37mPOST[39m [37m/wd/hub/session/72ab2c0e-e54b-4c66-a37c-d5f3eb56b2f9/context[39m
[35m[HTTP][39m [90m{"name":"NATIVE_APP"}[39m
[35m[HTTP][39m [37m<-- POST /wd/hub/session/72ab2c0e-e54b-4c66-a37c-d5f3eb56b2f9/context [39m[32m200[39m [90m2 ms - 14[39m
[35m[HTTP][39m [90m[39m
[35m[HTTP][39m [37m-->[39m [37mPOST[39m [37m/wd/hub/session/72ab2c0e-e54b-4c66-a37c-d5f3eb56b2f9/timeouts[39m
[35m[HTTP][39m [90m{"implicit":50}[39m
[35m[HTTP][39m [37m<-- POST /wd/hub/session/72ab2c0e-e54b-4c66-a37c-d5f3eb56b2f9/timeouts [39m[32m200[39m [90m2 ms - 14[39m
[35m[HTTP][39m [90m[39m
[35m[HTTP][39m [37m-->[39m [37mGET[39m [37m/wd/hub/session/72ab2c0e-e54b-4c66-a37c-d5f3eb56b2f9/window/rect[39m
[35m[HTTP][39m [90m{}[39m
[35m[HTTP][39m [37m<-- GET /wd/hub/session/72ab2c0e-e54b-4c66-a37c-d5f3eb56b2f9/window/rect [39m[32m200[39m [90m46 ms - 50[39m
[35m[HTTP][39m [90m[39m
[35m[HTTP][39m [37m-->[39m [37mPOST[39m [37m/wd/hub/session/72ab2c0e-e54b-4c66-a37c-d5f3eb56b2f9/elements[39m
[35m[HTTP][39m [90m{"using":"xpath","value":"//*[@class = 'android.widget.TextView' and (@text = 'Foto Mobil' or . = 'Foto Mobil') and @resource-id = 'com.bcaf.mobilesurvey:id/showhide_foto']"}[39m
[35m[HTTP][39m [37m<-- POST /wd/hub/session/72ab2c0e-e54b-4c66-a37c-d5f3eb56b2f9/elements [39m[32m200[39m [90m765 ms - 139[39m
[35m[HTTP][39m [90m[39m
[35m[HTTP][39m [37m-->[39m [37mGET[39m [37m/wd/hub/session/72ab2c0e-e54b-4c66-a37c-d5f3eb56b2f9/element/00000000-0000-071b-ffff-ffff00000e57/location[39m
[35m[HTTP][39m [90m{}[39m
[35m[W3C (72ab2c0e)][39m Driver proxy active, passing request on via HTTP proxy
[35m[WD Proxy][39m Replacing sessionId f1dfc82b-3693-4260-99ec-85235c115f7a with 72ab2c0e-e54b-4c66-a37c-d5f3eb56b2f9
[35m[HTTP][39m [37m<-- GET /wd/hub/session/72ab2c0e-e54b-4c66-a37c-d5f3eb56b2f9/element/00000000-0000-071b-ffff-ffff00000e57/location [39m[32m200[39m [90m44 ms - 78[39m
[35m[HTTP][39m [90m[39m
[35m[HTTP][39m [37m-->[39m [37mPOST[39m [37m/wd/hub/session/72ab2c0e-e54b-4c66-a37c-d5f3eb56b2f9/timeouts[39m
[35m[HTTP][39m [90m{"implicit":30000}[39m
[35m[HTTP][39m [37m<-- POST /wd/hub/session/72ab2c0e-e54b-4c66-a37c-d5f3eb56b2f9/timeouts [39m[32m200[39m [90m2 ms - 14[39m
[35m[HTTP][39m [90m[39m
[35m[HTTP][39m [37m-->[39m [37mPOST[39m [37m/wd/hub/session/72ab2c0e-e54b-4c66-a37c-d5f3eb56b2f9/touch/perform[39m
[35m[HTTP][39m [90m{"actions":[{"action":"tap","options":{"x":1,"y":1,"element":"00000000-0000-071b-ffff-ffff00000e57"}},{"action":"release","options":{}}]}[39m
[35m[UiAutomator2][39m calling get location: 00000000-0000-071b-ffff-ffff00000e57
[35m[HTTP][39m [37m<-- POST /wd/hub/session/72ab2c0e-e54b-4c66-a37c-d5f3eb56b2f9/touch/perform [39m[32m200[39m [90m844 ms - 14[39m
[35m[HTTP][39m [90m[39m
[35m[HTTP][39m [37m-->[39m [37mGET[39m [37m/wd/hub/session/72ab2c0e-e54b-4c66-a37c-d5f3eb56b2f9/context[39m
[35m[HTTP][39m [90m{}[39m
[35m[HTTP][39m [37m<-- GET /wd/hub/session/72ab2c0e-e54b-4c66-a37c-d5f3eb56b2f9/context [39m[32m200[39m [90m2 ms - 22[39m
[35m[HTTP][39m [90m[39m
[35m[HTTP][39m [37m-->[39m [37mGET[39m [37m/wd/hub/session/72ab2c0e-e54b-4c66-a37c-d5f3eb56b2f9/contexts[39m
[35m[HTTP][39m [90m{}[39m
[35m[HTTP][39m [37m<-- GET /wd/hub/session/72ab2c0e-e54b-4c66-a37c-d5f3eb56b2f9/contexts [39m[32m200[39m [90m125 ms - 24[39m
[35m[HTTP][39m [90m[39m
[35m[HTTP][39m [37m-->[39m [37mPOST[39m [37m/wd/hub/session/72ab2c0e-e54b-4c66-a37c-d5f3eb56b2f9/context[39m
[35m[HTTP][39m [90m{"name":"NATIVE_APP"}[39m
[35m[HTTP][39m [37m<-- POST /wd/hub/session/72ab2c0e-e54b-4c66-a37c-d5f3eb56b2f9/context [39m[32m200[39m [90m2 ms - 14[39m
[35m[HTTP][39m [90m[39m
[35m[HTTP][39m [37m-->[39m [37mPOST[39m [37m/wd/hub/session/72ab2c0e-e54b-4c66-a37c-d5f3eb56b2f9/element[39m
[35m[HTTP][39m [90m{"using":"-android uiautomator","value":"new UiScrollable(new UiSelector().scrollable(true).instance(0)).scrollIntoView(new UiSelector().textContains(\"Kiri Depan\"))"}[39m
[35m[HTTP][39m [37m<-- POST /wd/hub/session/72ab2c0e-e54b-4c66-a37c-d5f3eb56b2f9/element [39m[32m200[39m [90m1103 ms - 137[39m
[35m[HTTP][39m [90m[39m
[35m[HTTP][39m [37m-->[39m [37mPOST[39m [37m/wd/hub/session/72ab2c0e-e54b-4c66-a37c-d5f3eb56b2f9/context[39m
[35m[HTTP][39m [90m{"name":"NATIVE_APP"}[39m
[35m[HTTP][39m [37m<-- POST /wd/hub/session/72ab2c0e-e54b-4c66-a37c-d5f3eb56b2f9/context [39m[32m200[39m [90m2 ms - 14[39m
[35m[HTTP][39m [90m[39m
[35m[HTTP][39m [37m-->[39m [37mGET[39m [37m/wd/hub/session/72ab2c0e-e54b-4c66-a37c-d5f3eb56b2f9/context[39m
[35m[HTTP][39m [90m{}[39m
[35m[HTTP][39m [37m<-- GET /wd/hub/session/72ab2c0e-e54b-4c66-a37c-d5f3eb56b2f9/context [39m[32m200[39m [90m2 ms - 22[39m
[35m[HTTP][39m [90m[39m
[35m[HTTP][39m [37m-->[39m [37mGET[39m [37m/wd/hub/session/72ab2c0e-e54b-4c66-a37c-d5f3eb56b2f9/contexts[39m
[35m[HTTP][39m [90m{}[39m
[35m[HTTP][39m [37m<-- GET /wd/hub/session/72ab2c0e-e54b-4c66-a37c-d5f3eb56b2f9/contexts [39m[32m200[39m [90m149 ms - 24[39m
[35m[HTTP][39m [90m[39m
[35m[HTTP][39m [37m-->[39m [37mPOST[39m [37m/wd/hub/session/72ab2c0e-e54b-4c66-a37c-d5f3eb56b2f9/context[39m
[35m[HTTP][39m [90m{"name":"NATIVE_APP"}[39m
[35m[HTTP][39m [37m<-- POST /wd/hub/session/72ab2c0e-e54b-4c66-a37c-d5f3eb56b2f9/context [39m[32m200[39m [90m1 ms - 14[39m
[35m[HTTP][39m [90m[39m
[35m[HTTP][39m [37m-->[39m [37mGET[39m [37m/wd/hub/session/72ab2c0e-e54b-4c66-a37c-d5f3eb56b2f9/window/rect[39m
[35m[HTTP][39m [90m{}[39m
[35m[HTTP][39m [37m<-- GET /wd/hub/session/72ab2c0e-e54b-4c66-a37c-d5f3eb56b2f9/window/rect [39m[32m200[39m [90m23 ms - 50[39m
[35m[HTTP][39m [90m[39m
[35m[HTTP][39m [37m-->[39m [37mPOST[39m [37m/wd/hub/session/72ab2c0e-e54b-4c66-a37c-d5f3eb56b2f9/execute/sync[39m
[35m[HTTP][39m [90m{"script":"mobile: viewportScreenshot","args":[]}[39m
[35m[AndroidDriver][39m Executing native command 'mobile: viewportScreenshot'
[35m[HTTP][39m [37m<-- POST /wd/hub/session/72ab2c0e-e54b-4c66-a37c-d5f3eb56b2f9/execute/sync [39m[32m200[39m [90m2202 ms - 2037140[39m
[35m[HTTP][39m [90m[39m
[35m[HTTP][39m [37m-->[39m [37mPOST[39m [37m/wd/hub/session/72ab2c0e-e54b-4c66-a37c-d5f3eb56b2f9/context[39m
[35m[HTTP][39m [90m{"name":"NATIVE_APP"}[39m
[35m[HTTP][39m [37m<-- POST /wd/hub/session/72ab2c0e-e54b-4c66-a37c-d5f3eb56b2f9/context [39m[32m200[39m [90m2 ms - 14[39m
[35m[HTTP][39m [90m[39m
[35m[HTTP][39m [37m-->[39m [37mGET[39m [37m/wd/hub/session/72ab2c0e-e54b-4c66-a37c-d5f3eb56b2f9/context[39m
[35m[HTTP][39m [90m{}[39m
[35m[HTTP][39m [37m<-- GET /wd/hub/session/72ab2c0e-e54b-4c66-a37c-d5f3eb56b2f9/context [39m[32m200[39m [90m1 ms - 22[39m
[35m[HTTP][39m [90m[39m
[35m[HTTP][39m [37m-->[39m [37mGET[39m [37m/wd/hub/session/72ab2c0e-e54b-4c66-a37c-d5f3eb56b2f9/contexts[39m
[35m[HTTP][39m [90m{}[39m
[35m[HTTP][39m [37m<-- GET /wd/hub/session/72ab2c0e-e54b-4c66-a37c-d5f3eb56b2f9/contexts [39m[32m200[39m [90m105 ms - 24[39m
[35m[HTTP][39m [90m[39m
[35m[HTTP][39m [37m-->[39m [37mPOST[39m [37m/wd/hub/session/72ab2c0e-e54b-4c66-a37c-d5f3eb56b2f9/context[39m
[35m[HTTP][39m [90m{"name":"NATIVE_APP"}[39m
[35m[HTTP][39m [37m<-- POST /wd/hub/session/72ab2c0e-e54b-4c66-a37c-d5f3eb56b2f9/context [39m[32m200[39m [90m1 ms - 14[39m
[35m[HTTP][39m [90m[39m
[35m[HTTP][39m [37m-->[39m [37mPOST[39m [37m/wd/hub/session/72ab2c0e-e54b-4c66-a37c-d5f3eb56b2f9/element[39m
[35m[HTTP][39m [90m{"using":"-android uiautomator","value":"new UiScrollable(new UiSelector().scrollable(true).instance(0)).scrollIntoView(new UiSelector().textContains(\"SUBMIT\"))"}[39m
[35m[HTTP][39m [37m<-- POST /wd/hub/session/72ab2c0e-e54b-4c66-a37c-d5f3eb56b2f9/element [39m[32m200[39m [90m15783 ms - 137[39m
[35m[HTTP][39m [90m[39m
[35m[HTTP][39m [37m-->[39m [37mPOST[39m [37m/wd/hub/session/72ab2c0e-e54b-4c66-a37c-d5f3eb56b2f9/context[39m
[35m[HTTP][39m [90m{"name":"NATIVE_APP"}[39m
[35m[HTTP][39m [37m<-- POST /wd/hub/session/72ab2c0e-e54b-4c66-a37c-d5f3eb56b2f9/context [39m[32m200[39m [90m3 ms - 14[39m
[35m[HTTP][39m [90m[39m
[35m[HTTP][39m [37m-->[39m [37mPOST[39m [37m/wd/hub/session/72ab2c0e-e54b-4c66-a37c-d5f3eb56b2f9/timeouts[39m
[35m[HTTP][39m [90m{"implicit":50}[39m
[35m[HTTP][39m [37m<-- POST /wd/hub/session/72ab2c0e-e54b-4c66-a37c-d5f3eb56b2f9/timeouts [39m[32m200[39m [90m1 ms - 14[39m
[35m[HTTP][39m [90m[39m
[35m[HTTP][39m [37m-->[39m [37mGET[39m [37m/wd/hub/session/72ab2c0e-e54b-4c66-a37c-d5f3eb56b2f9/window/rect[39m
[35m[HTTP][39m [90m{}[39m
[35m[HTTP][39m [37m<-- GET /wd/hub/session/72ab2c0e-e54b-4c66-a37c-d5f3eb56b2f9/window/rect [39m[32m200[39m [90m40 ms - 50[39m
[35m[HTTP][39m [90m[39m
[35m[HTTP][39m [37m-->[39m [37mPOST[39m [37m/wd/hub/session/72ab2c0e-e54b-4c66-a37c-d5f3eb56b2f9/elements[39m
[35m[HTTP][39m [90m{"using":"xpath","value":"//*[@class = 'android.widget.RadioButton' and (@text = 'Approved' or . = 'Approved') and @resource-id = 'com.bcaf.mobilesurvey:id/yes']"}[39m
[35m[HTTP][39m [37m<-- POST /wd/hub/session/72ab2c0e-e54b-4c66-a37c-d5f3eb56b2f9/elements [39m[32m200[39m [90m397 ms - 139[39m
[35m[HTTP][39m [90m[39m
[35m[HTTP][39m [37m-->[39m [37mGET[39m [37m/wd/hub/session/72ab2c0e-e54b-4c66-a37c-d5f3eb56b2f9/element/00000000-0000-071b-ffff-ffff00000e5c/location[39m
[35m[HTTP][39m [90m{}[39m
[35m[W3C (72ab2c0e)][39m Driver proxy active, passing request on via HTTP proxy
[35m[WD Proxy][39m Replacing sessionId f1dfc82b-3693-4260-99ec-85235c115f7a with 72ab2c0e-e54b-4c66-a37c-d5f3eb56b2f9
[35m[HTTP][39m [37m<-- GET /wd/hub/session/72ab2c0e-e54b-4c66-a37c-d5f3eb56b2f9/element/00000000-0000-071b-ffff-ffff00000e5c/location [39m[32m200[39m [90m53 ms - 78[39m
[35m[HTTP][39m [90m[39m
[35m[HTTP][39m [37m-->[39m [37mPOST[39m [37m/wd/hub/session/72ab2c0e-e54b-4c66-a37c-d5f3eb56b2f9/timeouts[39m
[35m[HTTP][39m [90m{"implicit":30000}[39m
[35m[HTTP][39m [37m<-- POST /wd/hub/session/72ab2c0e-e54b-4c66-a37c-d5f3eb56b2f9/timeouts [39m[32m200[39m [90m4 ms - 14[39m
[35m[HTTP][39m [90m[39m
[35m[HTTP][39m [37m-->[39m [37mPOST[39m [37m/wd/hub/session/72ab2c0e-e54b-4c66-a37c-d5f3eb56b2f9/touch/perform[39m
[35m[HTTP][39m [90m{"actions":[{"action":"tap","options":{"x":1,"y":1,"element":"00000000-0000-071b-ffff-ffff00000e5c"}},{"action":"release","options":{}}]}[39m
[35m[UiAutomator2][39m calling get location: 00000000-0000-071b-ffff-ffff00000e5c
[35m[HTTP][39m [37m<-- POST /wd/hub/session/72ab2c0e-e54b-4c66-a37c-d5f3eb56b2f9/touch/perform [39m[32m200[39m [90m348 ms - 14[39m
[35m[HTTP][39m [90m[39m
[35m[HTTP][39m [37m-->[39m [37mPOST[39m [37m/wd/hub/session/72ab2c0e-e54b-4c66-a37c-d5f3eb56b2f9/timeouts[39m
[35m[HTTP][39m [90m{"implicit":50}[39m
[35m[HTTP][39m [37m<-- POST /wd/hub/session/72ab2c0e-e54b-4c66-a37c-d5f3eb56b2f9/timeouts [39m[32m200[39m [90m2 ms - 14[39m
[35m[HTTP][39m [90m[39m
[35m[HTTP][39m [37m-->[39m [37mGET[39m [37m/wd/hub/session/72ab2c0e-e54b-4c66-a37c-d5f3eb56b2f9/window/rect[39m
[35m[HTTP][39m [90m{}[39m
[35m[HTTP][39m [37m<-- GET /wd/hub/session/72ab2c0e-e54b-4c66-a37c-d5f3eb56b2f9/window/rect [39m[32m200[39m [90m32 ms - 50[39m
[35m[HTTP][39m [90m[39m
[35m[HTTP][39m [37m-->[39m [37mPOST[39m [37m/wd/hub/session/72ab2c0e-e54b-4c66-a37c-d5f3eb56b2f9/elements[39m
[35m[HTTP][39m [90m{"using":"xpath","value":"//*[@class = 'android.widget.EditText' and (@text = 'Komentar' or . = 'Komentar') and @resource-id = 'com.bcaf.mobilesurvey:id/komentar_ken']"}[39m
[35m[HTTP][39m [37m<-- POST /wd/hub/session/72ab2c0e-e54b-4c66-a37c-d5f3eb56b2f9/elements [39m[32m200[39m [90m596 ms - 139[39m
[35m[HTTP][39m [90m[39m
[35m[HTTP][39m [37m-->[39m [37mGET[39m [37m/wd/hub/session/72ab2c0e-e54b-4c66-a37c-d5f3eb56b2f9/element/00000000-0000-071b-ffff-ffff00000e61/location[39m
[35m[HTTP][39m [90m{}[39m
[35m[W3C (72ab2c0e)][39m Driver proxy active, passing request on via HTTP proxy
[35m[WD Proxy][39m Replacing sessionId f1dfc82b-3693-4260-99ec-85235c115f7a with 72ab2c0e-e54b-4c66-a37c-d5f3eb56b2f9
[35m[HTTP][39m [37m<-- GET /wd/hub/session/72ab2c0e-e54b-4c66-a37c-d5f3eb56b2f9/element/00000000-0000-071b-ffff-ffff00000e61/location [39m[32m200[39m [90m368 ms - 78[39m
[35m[HTTP][39m [90m[39m
[35m[HTTP][39m [37m-->[39m [37mPOST[39m [37m/wd/hub/session/72ab2c0e-e54b-4c66-a37c-d5f3eb56b2f9/timeouts[39m
[35m[HTTP][39m [90m{"implicit":30000}[39m
[35m[HTTP][39m [37m<-- POST /wd/hub/session/72ab2c0e-e54b-4c66-a37c-d5f3eb56b2f9/timeouts [39m[32m200[39m [90m3 ms - 14[39m
[35m[HTTP][39m [90m[39m
[35m[HTTP][39m [37m-->[39m [37mPOST[39m [37m/wd/hub/session/72ab2c0e-e54b-4c66-a37c-d5f3eb56b2f9/element/00000000-0000-071b-ffff-ffff00000e61/clear[39m
[35m[HTTP][39m [90m{"id":"00000000-0000-071b-ffff-ffff00000e61"}[39m
[35m[HTTP][39m [37m<-- POST /wd/hub/session/72ab2c0e-e54b-4c66-a37c-d5f3eb56b2f9/element/00000000-0000-071b-ffff-ffff00000e61/clear [39m[32m200[39m [90m75 ms - 14[39m
[35m[HTTP][39m [90m[39m
[35m[HTTP][39m [37m-->[39m [37mPOST[39m [37m/wd/hub/session/72ab2c0e-e54b-4c66-a37c-d5f3eb56b2f9/element/00000000-0000-071b-ffff-ffff00000e61/value[39m
[35m[HTTP][39m [90m{"id":"00000000-0000-071b-ffff-ffff00000e61","text":"Status : Aprove","value":["S","t","a","t","u","s"," ",":"," ","A","p","r","o","v","e"]}[39m
[35m[HTTP][39m [37m<-- POST /wd/hub/session/72ab2c0e-e54b-4c66-a37c-d5f3eb56b2f9/element/00000000-0000-071b-ffff-ffff00000e61/value [39m[32m200[39m [90m1049 ms - 14[39m
[35m[HTTP][39m [90m[39m
[35m[HTTP][39m [37m-->[39m [37mGET[39m [37m/wd/hub/session/72ab2c0e-e54b-4c66-a37c-d5f3eb56b2f9/context[39m
[35m[HTTP][39m [90m{}[39m
[35m[HTTP][39m [37m<-- GET /wd/hub/session/72ab2c0e-e54b-4c66-a37c-d5f3eb56b2f9/context [39m[32m200[39m [90m5 ms - 22[39m
[35m[HTTP][39m [90m[39m
[35m[HTTP][39m [37m-->[39m [37mGET[39m [37m/wd/hub/session/72ab2c0e-e54b-4c66-a37c-d5f3eb56b2f9/contexts[39m
[35m[HTTP][39m [90m{}[39m
[35m[HTTP][39m [37m<-- GET /wd/hub/session/72ab2c0e-e54b-4c66-a37c-d5f3eb56b2f9/contexts [39m[32m200[39m [90m131 ms - 24[39m
[35m[HTTP][39m [90m[39m
[35m[HTTP][39m [37m-->[39m [37mPOST[39m [37m/wd/hub/session/72ab2c0e-e54b-4c66-a37c-d5f3eb56b2f9/context[39m
[35m[HTTP][39m [90m{"name":"NATIVE_APP"}[39m
[35m[HTTP][39m [37m<-- POST /wd/hub/session/72ab2c0e-e54b-4c66-a37c-d5f3eb56b2f9/context [39m[32m200[39m [90m3 ms - 14[39m
[35m[HTTP][39m [90m[39m
[35m[HTTP][39m [37m-->[39m [37mGET[39m [37m/wd/hub/session/72ab2c0e-e54b-4c66-a37c-d5f3eb56b2f9/window/rect[39m
[35m[HTTP][39m [90m{}[39m
[35m[HTTP][39m [37m<-- GET /wd/hub/session/72ab2c0e-e54b-4c66-a37c-d5f3eb56b2f9/window/rect [39m[32m200[39m [90m32 ms - 50[39m
[35m[HTTP][39m [90m[39m
[35m[HTTP][39m [37m-->[39m [37mPOST[39m [37m/wd/hub/session/72ab2c0e-e54b-4c66-a37c-d5f3eb56b2f9/execute/sync[39m
[35m[HTTP][39m [90m{"script":"mobile: viewportScreenshot","args":[]}[39m
[35m[AndroidDriver][39m Executing native command 'mobile: viewportScreenshot'
[35m[HTTP][39m [37m<-- POST /wd/hub/session/72ab2c0e-e54b-4c66-a37c-d5f3eb56b2f9/execute/sync [39m[32m200[39m [90m2076 ms - 1656464[39m
[35m[HTTP][39m [90m[39m
[35m[HTTP][39m [37m-->[39m [37mPOST[39m [37m/wd/hub/session/72ab2c0e-e54b-4c66-a37c-d5f3eb56b2f9/context[39m
[35m[HTTP][39m [90m{"name":"NATIVE_APP"}[39m
[35m[HTTP][39m [37m<-- POST /wd/hub/session/72ab2c0e-e54b-4c66-a37c-d5f3eb56b2f9/context [39m[32m200[39m [90m1 ms - 14[39m
[35m[HTTP][39m [90m[39m
[35m[HTTP][39m [37m-->[39m [37mGET[39m [37m/wd/hub/session/72ab2c0e-e54b-4c66-a37c-d5f3eb56b2f9/window/rect[39m
[35m[HTTP][39m [90m{}[39m
[35m[HTTP][39m [37m<-- GET /wd/hub/session/72ab2c0e-e54b-4c66-a37c-d5f3eb56b2f9/window/rect [39m[32m200[39m [90m40 ms - 50[39m
[35m[HTTP][39m [90m[39m
[35m[HTTP][39m [37m-->[39m [37mPOST[39m [37m/wd/hub/session/72ab2c0e-e54b-4c66-a37c-d5f3eb56b2f9/elements[39m
[35m[HTTP][39m [90m{"using":"xpath","value":"//*[@class = 'android.widget.Button' and (@text = 'SUBMIT' or . = 'SUBMIT') and @resource-id = 'com.bcaf.mobilesurvey:id/submit_ken']"}[39m
[35m[HTTP][39m [37m<-- POST /wd/hub/session/72ab2c0e-e54b-4c66-a37c-d5f3eb56b2f9/elements [39m[32m200[39m [90m332 ms - 139[39m
[35m[HTTP][39m [90m[39m
[35m[HTTP][39m [37m-->[39m [37mGET[39m [37m/wd/hub/session/72ab2c0e-e54b-4c66-a37c-d5f3eb56b2f9/element/00000000-0000-071b-ffff-ffff00000e6a/location[39m
[35m[HTTP][39m [90m{}[39m
[35m[W3C (72ab2c0e)][39m Driver proxy active, passing request on via HTTP proxy
[35m[WD Proxy][39m Replacing sessionId f1dfc82b-3693-4260-99ec-85235c115f7a with 72ab2c0e-e54b-4c66-a37c-d5f3eb56b2f9
[35m[HTTP][39m [37m<-- GET /wd/hub/session/72ab2c0e-e54b-4c66-a37c-d5f3eb56b2f9/element/00000000-0000-071b-ffff-ffff00000e6a/location [39m[32m200[39m [90m41 ms - 79[39m
[35m[HTTP][39m [90m[39m
[35m[HTTP][39m [37m-->[39m [37mGET[39m [37m/wd/hub/session/72ab2c0e-e54b-4c66-a37c-d5f3eb56b2f9/element/00000000-0000-071b-ffff-ffff00000e6a/attribute/checked[39m
[35m[HTTP][39m [90m{}[39m
[35m[HTTP][39m [37m<-- GET /wd/hub/session/72ab2c0e-e54b-4c66-a37c-d5f3eb56b2f9/element/00000000-0000-071b-ffff-ffff00000e6a/attribute/checked [39m[32m200[39m [90m32 ms - 17[39m
[35m[HTTP][39m [90m[39m
[35m[HTTP][39m [37m-->[39m [37mPOST[39m [37m/wd/hub/session/72ab2c0e-e54b-4c66-a37c-d5f3eb56b2f9/touch/perform[39m
[35m[HTTP][39m [90m{"actions":[{"action":"tap","options":{"x":1,"y":1,"element":"00000000-0000-071b-ffff-ffff00000e6a"}}]}[39m
[35m[UiAutomator2][39m calling get location: 00000000-0000-071b-ffff-ffff00000e6a
[35m[HTTP][39m [37m<-- POST /wd/hub/session/72ab2c0e-e54b-4c66-a37c-d5f3eb56b2f9/touch/perform [39m[32m200[39m [90m298 ms - 14[39m
[35m[HTTP][39m [90m[39m
[35m[HTTP][39m [37m-->[39m [37mGET[39m [37m/wd/hub/session/72ab2c0e-e54b-4c66-a37c-d5f3eb56b2f9/context[39m
[35m[HTTP][39m [90m{}[39m
[35m[HTTP][39m [37m<-- GET /wd/hub/session/72ab2c0e-e54b-4c66-a37c-d5f3eb56b2f9/context [39m[32m200[39m [90m3 ms - 22[39m
[35m[HTTP][39m [90m[39m
[35m[HTTP][39m [37m-->[39m [37mGET[39m [37m/wd/hub/session/72ab2c0e-e54b-4c66-a37c-d5f3eb56b2f9/contexts[39m
[35m[HTTP][39m [90m{}[39m
[35m[HTTP][39m [37m<-- GET /wd/hub/session/72ab2c0e-e54b-4c66-a37c-d5f3eb56b2f9/contexts [39m[32m200[39m [90m150 ms - 24[39m
[35m[HTTP][39m [90m[39m
[35m[HTTP][39m [37m-->[39m [37mPOST[39m [37m/wd/hub/session/72ab2c0e-e54b-4c66-a37c-d5f3eb56b2f9/context[39m
[35m[HTTP][39m [90m{"name":"NATIVE_APP"}[39m
[35m[HTTP][39m [37m<-- POST /wd/hub/session/72ab2c0e-e54b-4c66-a37c-d5f3eb56b2f9/context [39m[32m200[39m [90m1 ms - 14[39m
[35m[HTTP][39m [90m[39m
[35m[HTTP][39m [37m-->[39m [37mGET[39m [37m/wd/hub/session/72ab2c0e-e54b-4c66-a37c-d5f3eb56b2f9/window/rect[39m
[35m[HTTP][39m [90m{}[39m
[35m[HTTP][39m [37m<-- GET /wd/hub/session/72ab2c0e-e54b-4c66-a37c-d5f3eb56b2f9/window/rect [39m[32m200[39m [90m35 ms - 50[39m
[35m[HTTP][39m [90m[39m
[35m[HTTP][39m [37m-->[39m [37mPOST[39m [37m/wd/hub/session/72ab2c0e-e54b-4c66-a37c-d5f3eb56b2f9/execute/sync[39m
[35m[HTTP][39m [90m{"script":"mobile: viewportScreenshot","args":[]}[39m
[35m[AndroidDriver][39m Executing native command 'mobile: viewportScreenshot'
[35m[HTTP][39m [37m<-- POST /wd/hub/session/72ab2c0e-e54b-4c66-a37c-d5f3eb56b2f9/execute/sync [39m[32m200[39m [90m1448 ms - 199140[39m
[35m[HTTP][39m [90m[39m
[35m[HTTP][39m [37m-->[39m [37mPOST[39m [37m/wd/hub/session/72ab2c0e-e54b-4c66-a37c-d5f3eb56b2f9/context[39m
[35m[HTTP][39m [90m{"name":"NATIVE_APP"}[39m
[35m[HTTP][39m [37m<-- POST /wd/hub/session/72ab2c0e-e54b-4c66-a37c-d5f3eb56b2f9/context [39m[32m200[39m [90m2 ms - 14[39m
[35m[HTTP][39m [90m[39m
[35m[HTTP][39m [37m-->[39m [37mDELETE[39m [37m/wd/hub/session/72ab2c0e-e54b-4c66-a37c-d5f3eb56b2f9[39m
[35m[HTTP][39m [90m{}[39m
[35m[Appium][39m Removing session 72ab2c0e-e54b-4c66-a37c-d5f3eb56b2f9 from our master session list
[35m[UiAutomator2][39m Restoring hidden api policy to the device default configuration
[35m[HTTP][39m [37m<-- DELETE /wd/hub/session/72ab2c0e-e54b-4c66-a37c-d5f3eb56b2f9 [39m[32m200[39m [90m810 ms - 14[39m
[35m[HTTP][39m [90m[39m
