[35m[Appium][39m Welcome to Appium v1.22.1
[35m[Appium][39m Non-default server args:
[35m[Appium][39m   port: 56338
[35m[Appium][39m   loglevel: info
[35m[Appium][39m   tmpDir: C:\Users\NIAYUS~1\AppData\Local\Temp\\Katalon\Appium\Temp1640747163690
[35m[Appium][39m   chromedriverPort: 56339
[35m[Appium][39m Deprecated server args:
[35m[Appium][39m   [31m--chromedriver-port[39m => --default-capabilities
[35m[Appium][39m Default capabilities, which will be added to each request unless overridden by desired capabilities:
[35m[Appium][39m   chromedriverPort: 56339
[35m[Appium][39m Appium REST http interface listener started on 0.0.0.0:56338
[35m[HTTP][39m [37m-->[39m [37mGET[39m [37m/wd/hub/status[39m
[35m[HTTP][39m [90m{}[39m
[35m[HTTP][39m [37m<-- GET /wd/hub/status [39m[32m200[39m [90m16 ms - 68[39m
[35m[HTTP][39m [90m[39m
[35m[HTTP][39m [37m-->[39m [37mPOST[39m [37m/wd/hub/session[39m
[35m[HTTP][39m [90m{"desiredCapabilities":{"appActivity":".Settings","appPackage":"com.android.settings","newCommandTimeout":1800,"platformVersion":"11","automationName":"uiautomator2","autoGrantPermissions":true,"platformName":"Android","udid":"RR8N605F11Y","deviceName":"samsung SM-M315F (Android 11)","platform":"ANDROID","systemPort":8250},"capabilities":{"firstMatch":[{"appium:appActivity":".Settings","appium:appPackage":"com.android.settings","appium:autoGrantPermissions":true,"appium:automationName":"uiautomator2","appium:deviceName":"samsung SM-M315F (Android 11)","appium:newCommandTimeout":1800,"platform":"ANDROID","platformName":"android","appium:platformVersion":"11","appium:systemPort":8250,"appium:udid":"RR8N605F11Y"}]}}[39m
[35m[BaseDriver][39m The following capabilities are not standard capabilities and should have an extension prefix:
[35m[BaseDriver][39m   platform
[35m[BaseDriver][39m   chromedriverPort
[35m[Appium][39m Appium v1.22.1 creating new AndroidUiautomator2Driver (v1.70.1) session
[35m[BaseDriver][39m The following capabilities were provided, but are not recognized by Appium:
[35m[BaseDriver][39m   platform
[35m[BaseDriver][39m Session created with session id: bbadb4d0-6133-4d14-8036-8da26142e19c
[35m[UiAutomator2][39m Starting 'com.android.settings' directly on the device
[35m[ADB][39m Cannot sort build-tools folders ["29.0.3","android-8.1.0"] by semantic version names.
[35m[ADB][39m Falling back to sorting by modification date. Original error: Invalid Version: android-8.1.0
[35m[ADB][39m Found 2 'build-tools' folders under 'C:\Users\Nia Yusniati\.katalon\tools\android_sdk' (newest first):
[35m[ADB][39m     C:/Users/Nia Yusniati/.katalon/tools/android_sdk/build-tools/29.0.3
[35m[ADB][39m     C:/Users/Nia Yusniati/.katalon/tools/android_sdk/build-tools/android-8.1.0
[35m[ADB][39m Using 'adb.exe' from 'C:\Users\Nia Yusniati\.katalon\tools\android_sdk\platform-tools\adb.exe'
[35m[AndroidDriver][39m Retrieving device list
[35m[AndroidDriver][39m Using device: RR8N605F11Y
[35m[ADB][39m Using 'adb.exe' from 'C:\Users\Nia Yusniati\.katalon\tools\android_sdk\platform-tools\adb.exe'
[35m[ADB][39m Getting device platform version
[35m[UiAutomator2][39m Relaxing hidden api policy
[35m[AndroidDriver][39m No app sent in, not parsing package/activity
[35m[ADB][39m Using 'apksigner.jar' from 'C:\Users\Nia Yusniati\.katalon\tools\android_sdk\build-tools\29.0.3\lib\apksigner.jar'
[35m[ADB][39m 'C:\Users\Nia Yusniati\AppData\Roaming\npm\node_modules\appium\node_modules\appium-uiautomator2-server\apks\appium-uiautomator2-server-v4.27.0.apk' is signed with the default certificate
[35m[ADB][39m 'C:\Users\Nia Yusniati\AppData\Roaming\npm\node_modules\appium\node_modules\appium-uiautomator2-server\apks\appium-uiautomator2-server-debug-androidTest.apk' is signed with the default certificate
[35m[UiAutomator2][39m Server packages are not going to be (re)installed
[35m[ADB][39m Adding packages ["io.appium.settings","io.appium.uiautomator2.server","io.appium.uiautomator2.server.test"] to Doze whitelist
[35m[UiAutomator2][39m Starting UIAutomator2 server 4.27.0
[35m[UiAutomator2][39m Using UIAutomator2 server from 'C:\Users\Nia Yusniati\AppData\Roaming\npm\node_modules\appium\node_modules\appium-uiautomator2-server\apks\appium-uiautomator2-server-v4.27.0.apk' and test from 'C:\Users\Nia Yusniati\AppData\Roaming\npm\node_modules\appium\node_modules\appium-uiautomator2-server\apks\appium-uiautomator2-server-debug-androidTest.apk'
[35m[UiAutomator2][39m Waiting up to 30000ms for UiAutomator2 to be online...
[35m[WD Proxy][39m socket hang up
[35m[WD Proxy][39m socket hang up
[35m[WD Proxy][39m socket hang up
[35m[WD Proxy][39m socket hang up
[35m[WD Proxy][39m Determined the downstream protocol as 'W3C'
[35m[AndroidDriver][39m Screen already unlocked, doing nothing
[35m[UiAutomator2][39m Starting 'com.android.settings/.Settings and waiting for 'com.android.settings/.Settings'
[35m[Appium][39m New AndroidUiautomator2Driver session created successfully, session bbadb4d0-6133-4d14-8036-8da26142e19c added to master session list
[35m[HTTP][39m [37m<-- POST /wd/hub/session [39m[32m200[39m [90m12665 ms - 1158[39m
[35m[HTTP][39m [90m[39m
[35m[HTTP][39m [37m-->[39m [37mGET[39m [37m/wd/hub/session/bbadb4d0-6133-4d14-8036-8da26142e19c[39m
[35m[HTTP][39m [90m{}[39m
[35m[HTTP][39m [37m<-- GET /wd/hub/session/bbadb4d0-6133-4d14-8036-8da26142e19c [39m[32m200[39m [90m13 ms - 1112[39m
[35m[HTTP][39m [90m[39m
[35m[HTTP][39m [37m-->[39m [37mGET[39m [37m/wd/hub/session/bbadb4d0-6133-4d14-8036-8da26142e19c[39m
[35m[HTTP][39m [90m{}[39m
[35m[HTTP][39m [37m<-- GET /wd/hub/session/bbadb4d0-6133-4d14-8036-8da26142e19c [39m[32m200[39m [90m15 ms - 1112[39m
[35m[HTTP][39m [90m[39m
[35m[HTTP][39m [37m-->[39m [37mGET[39m [37m/wd/hub/status[39m
[35m[HTTP][39m [90m{}[39m
[35m[HTTP][39m [37m<-- GET /wd/hub/status [39m[32m200[39m [90m1 ms - 68[39m
[35m[HTTP][39m [90m[39m
[35m[HTTP][39m [37m-->[39m [37mPOST[39m [37m/wd/hub/session/bbadb4d0-6133-4d14-8036-8da26142e19c/timeouts[39m
[35m[HTTP][39m [90m{"implicit":30000}[39m
[35m[HTTP][39m [37m<-- POST /wd/hub/session/bbadb4d0-6133-4d14-8036-8da26142e19c/timeouts [39m[32m200[39m [90m5 ms - 14[39m
[35m[HTTP][39m [90m[39m
[35m[HTTP][39m [37m-->[39m [37mGET[39m [37m/wd/hub/session/bbadb4d0-6133-4d14-8036-8da26142e19c/screenshot[39m
[35m[HTTP][39m [90m{}[39m
[35m[HTTP][39m [37m<-- GET /wd/hub/session/bbadb4d0-6133-4d14-8036-8da26142e19c/screenshot [39m[32m200[39m [90m649 ms - 182562[39m
[35m[HTTP][39m [90m[39m
[35m[HTTP][39m [37m-->[39m [37mGET[39m [37m/wd/hub/session/bbadb4d0-6133-4d14-8036-8da26142e19c/window/rect[39m
[35m[HTTP][39m [90m{}[39m
[35m[HTTP][39m [37m<-- GET /wd/hub/session/bbadb4d0-6133-4d14-8036-8da26142e19c/window/rect [39m[32m200[39m [90m24 ms - 50[39m
[35m[HTTP][39m [90m[39m
[35m[HTTP][39m [37m-->[39m [37mGET[39m [37m/wd/hub/session/bbadb4d0-6133-4d14-8036-8da26142e19c/appium/device/system_bars[39m
[35m[HTTP][39m [90m{}[39m
[35m[HTTP][39m [37m<-- GET /wd/hub/session/bbadb4d0-6133-4d14-8036-8da26142e19c/appium/device/system_bars [39m[32m200[39m [90m145 ms - 148[39m
[35m[HTTP][39m [90m[39m
[35m[HTTP][39m [37m-->[39m [37mPOST[39m [37m/wd/hub/session/bbadb4d0-6133-4d14-8036-8da26142e19c/appium/device/activate_app[39m
[35m[HTTP][39m [90m{"bundleId":"com.bcaf.mobilesurvey"}[39m
[35m[HTTP][39m [37m<-- POST /wd/hub/session/bbadb4d0-6133-4d14-8036-8da26142e19c/appium/device/activate_app [39m[32m200[39m [90m624 ms - 14[39m
[35m[HTTP][39m [90m[39m
[35m[HTTP][39m [37m-->[39m [37mPOST[39m [37m/wd/hub/session/bbadb4d0-6133-4d14-8036-8da26142e19c/timeouts[39m
[35m[HTTP][39m [90m{"implicit":50}[39m
[35m[HTTP][39m [37m<-- POST /wd/hub/session/bbadb4d0-6133-4d14-8036-8da26142e19c/timeouts [39m[32m200[39m [90m4 ms - 14[39m
[35m[HTTP][39m [90m[39m
[35m[HTTP][39m [37m-->[39m [37mGET[39m [37m/wd/hub/session/bbadb4d0-6133-4d14-8036-8da26142e19c/window/rect[39m
[35m[HTTP][39m [90m{}[39m
[35m[HTTP][39m [37m<-- GET /wd/hub/session/bbadb4d0-6133-4d14-8036-8da26142e19c/window/rect [39m[32m200[39m [90m11 ms - 50[39m
[35m[HTTP][39m [90m[39m
[35m[HTTP][39m [37m-->[39m [37mPOST[39m [37m/wd/hub/session/bbadb4d0-6133-4d14-8036-8da26142e19c/elements[39m
[35m[HTTP][39m [90m{"using":"xpath","value":"//*[@class = 'android.widget.EditText' and (@text = 'NIP' or . = 'NIP') and @resource-id = 'com.bcaf.mobilesurvey:id/nip']"}[39m
[35m[HTTP][39m [37m<-- POST /wd/hub/session/bbadb4d0-6133-4d14-8036-8da26142e19c/elements [39m[32m200[39m [90m477 ms - 139[39m
[35m[HTTP][39m [90m[39m
[35m[HTTP][39m [37m-->[39m [37mGET[39m [37m/wd/hub/session/bbadb4d0-6133-4d14-8036-8da26142e19c/element/00000000-0000-0222-ffff-ffff00000014/location[39m
[35m[HTTP][39m [90m{}[39m
[35m[W3C (bbadb4d0)][39m Driver proxy active, passing request on via HTTP proxy
[35m[WD Proxy][39m Replacing sessionId 38323c9c-3d94-4745-a544-e99b8b7644f7 with bbadb4d0-6133-4d14-8036-8da26142e19c
[35m[HTTP][39m [37m<-- GET /wd/hub/session/bbadb4d0-6133-4d14-8036-8da26142e19c/element/00000000-0000-0222-ffff-ffff00000014/location [39m[32m200[39m [90m36 ms - 78[39m
[35m[HTTP][39m [90m[39m
[35m[HTTP][39m [37m-->[39m [37mPOST[39m [37m/wd/hub/session/bbadb4d0-6133-4d14-8036-8da26142e19c/timeouts[39m
[35m[HTTP][39m [90m{"implicit":30000}[39m
[35m[HTTP][39m [37m<-- POST /wd/hub/session/bbadb4d0-6133-4d14-8036-8da26142e19c/timeouts [39m[32m200[39m [90m2 ms - 14[39m
[35m[HTTP][39m [90m[39m
[35m[HTTP][39m [37m-->[39m [37mPOST[39m [37m/wd/hub/session/bbadb4d0-6133-4d14-8036-8da26142e19c/element/00000000-0000-0222-ffff-ffff00000014/clear[39m
[35m[HTTP][39m [90m{"id":"00000000-0000-0222-ffff-ffff00000014"}[39m
[35m[HTTP][39m [37m<-- POST /wd/hub/session/bbadb4d0-6133-4d14-8036-8da26142e19c/element/00000000-0000-0222-ffff-ffff00000014/clear [39m[32m200[39m [90m55 ms - 14[39m
[35m[HTTP][39m [90m[39m
[35m[HTTP][39m [37m-->[39m [37mPOST[39m [37m/wd/hub/session/bbadb4d0-6133-4d14-8036-8da26142e19c/element/00000000-0000-0222-ffff-ffff00000014/value[39m
[35m[HTTP][39m [90m{"id":"00000000-0000-0222-ffff-ffff00000014","text":"20211001","value":["2","0","2","1","1","0","0","1"]}[39m
[35m[HTTP][39m [37m<-- POST /wd/hub/session/bbadb4d0-6133-4d14-8036-8da26142e19c/element/00000000-0000-0222-ffff-ffff00000014/value [39m[32m200[39m [90m1062 ms - 14[39m
[35m[HTTP][39m [90m[39m
[35m[HTTP][39m [37m-->[39m [37mPOST[39m [37m/wd/hub/session/bbadb4d0-6133-4d14-8036-8da26142e19c/timeouts[39m
[35m[HTTP][39m [90m{"implicit":50}[39m
[35m[HTTP][39m [37m<-- POST /wd/hub/session/bbadb4d0-6133-4d14-8036-8da26142e19c/timeouts [39m[32m200[39m [90m2 ms - 14[39m
[35m[HTTP][39m [90m[39m
[35m[HTTP][39m [37m-->[39m [37mGET[39m [37m/wd/hub/session/bbadb4d0-6133-4d14-8036-8da26142e19c/window/rect[39m
[35m[HTTP][39m [90m{}[39m
[35m[HTTP][39m [37m<-- GET /wd/hub/session/bbadb4d0-6133-4d14-8036-8da26142e19c/window/rect [39m[32m200[39m [90m21 ms - 50[39m
[35m[HTTP][39m [90m[39m
[35m[HTTP][39m [37m-->[39m [37mPOST[39m [37m/wd/hub/session/bbadb4d0-6133-4d14-8036-8da26142e19c/elements[39m
[35m[HTTP][39m [90m{"using":"xpath","value":"//*[@class = 'android.widget.EditText' and (@text = 'Password' or . = 'Password') and @resource-id = 'com.bcaf.mobilesurvey:id/password']"}[39m
[35m[HTTP][39m [37m<-- POST /wd/hub/session/bbadb4d0-6133-4d14-8036-8da26142e19c/elements [39m[32m200[39m [90m346 ms - 139[39m
[35m[HTTP][39m [90m[39m
[35m[HTTP][39m [37m-->[39m [37mGET[39m [37m/wd/hub/session/bbadb4d0-6133-4d14-8036-8da26142e19c/element/00000000-0000-0222-ffff-ffff00000020/location[39m
[35m[HTTP][39m [90m{}[39m
[35m[W3C (bbadb4d0)][39m Driver proxy active, passing request on via HTTP proxy
[35m[WD Proxy][39m Replacing sessionId 38323c9c-3d94-4745-a544-e99b8b7644f7 with bbadb4d0-6133-4d14-8036-8da26142e19c
[35m[HTTP][39m [37m<-- GET /wd/hub/session/bbadb4d0-6133-4d14-8036-8da26142e19c/element/00000000-0000-0222-ffff-ffff00000020/location [39m[32m200[39m [90m22 ms - 78[39m
[35m[HTTP][39m [90m[39m
[35m[HTTP][39m [37m-->[39m [37mPOST[39m [37m/wd/hub/session/bbadb4d0-6133-4d14-8036-8da26142e19c/timeouts[39m
[35m[HTTP][39m [90m{"implicit":30000}[39m
[35m[HTTP][39m [37m<-- POST /wd/hub/session/bbadb4d0-6133-4d14-8036-8da26142e19c/timeouts [39m[32m200[39m [90m2 ms - 14[39m
[35m[HTTP][39m [90m[39m
[35m[HTTP][39m [37m-->[39m [37mPOST[39m [37m/wd/hub/session/bbadb4d0-6133-4d14-8036-8da26142e19c/element/00000000-0000-0222-ffff-ffff00000020/clear[39m
[35m[HTTP][39m [90m{"id":"00000000-0000-0222-ffff-ffff00000020"}[39m
[35m[HTTP][39m [37m<-- POST /wd/hub/session/bbadb4d0-6133-4d14-8036-8da26142e19c/element/00000000-0000-0222-ffff-ffff00000020/clear [39m[32m200[39m [90m29 ms - 14[39m
[35m[HTTP][39m [90m[39m
[35m[HTTP][39m [37m-->[39m [37mPOST[39m [37m/wd/hub/session/bbadb4d0-6133-4d14-8036-8da26142e19c/element/00000000-0000-0222-ffff-ffff00000020/value[39m
[35m[HTTP][39m [90m{"id":"00000000-0000-0222-ffff-ffff00000020","text":"mobile123+","value":["m","o","b","i","l","e","1","2","3","+"]}[39m
[35m[HTTP][39m [37m<-- POST /wd/hub/session/bbadb4d0-6133-4d14-8036-8da26142e19c/element/00000000-0000-0222-ffff-ffff00000020/value [39m[32m200[39m [90m1048 ms - 14[39m
[35m[HTTP][39m [90m[39m
[35m[HTTP][39m [37m-->[39m [37mPOST[39m [37m/wd/hub/session/bbadb4d0-6133-4d14-8036-8da26142e19c/timeouts[39m
[35m[HTTP][39m [90m{"implicit":50}[39m
[35m[HTTP][39m [37m<-- POST /wd/hub/session/bbadb4d0-6133-4d14-8036-8da26142e19c/timeouts [39m[32m200[39m [90m2 ms - 14[39m
[35m[HTTP][39m [90m[39m
[35m[HTTP][39m [37m-->[39m [37mGET[39m [37m/wd/hub/session/bbadb4d0-6133-4d14-8036-8da26142e19c/window/rect[39m
[35m[HTTP][39m [90m{}[39m
[35m[HTTP][39m [37m<-- GET /wd/hub/session/bbadb4d0-6133-4d14-8036-8da26142e19c/window/rect [39m[32m200[39m [90m26 ms - 50[39m
[35m[HTTP][39m [90m[39m
[35m[HTTP][39m [37m-->[39m [37mPOST[39m [37m/wd/hub/session/bbadb4d0-6133-4d14-8036-8da26142e19c/elements[39m
[35m[HTTP][39m [90m{"using":"xpath","value":"//*[@class = 'android.widget.CheckBox' and (@text = 'Remember Me' or . = 'Remember Me') and @resource-id = 'com.bcaf.mobilesurvey:id/rememberMe']"}[39m
[35m[HTTP][39m [37m<-- POST /wd/hub/session/bbadb4d0-6133-4d14-8036-8da26142e19c/elements [39m[32m200[39m [90m447 ms - 139[39m
[35m[HTTP][39m [90m[39m
[35m[HTTP][39m [37m-->[39m [37mGET[39m [37m/wd/hub/session/bbadb4d0-6133-4d14-8036-8da26142e19c/element/00000000-0000-0222-ffff-ffff00000029/location[39m
[35m[HTTP][39m [90m{}[39m
[35m[W3C (bbadb4d0)][39m Driver proxy active, passing request on via HTTP proxy
[35m[WD Proxy][39m Replacing sessionId 38323c9c-3d94-4745-a544-e99b8b7644f7 with bbadb4d0-6133-4d14-8036-8da26142e19c
[35m[HTTP][39m [37m<-- GET /wd/hub/session/bbadb4d0-6133-4d14-8036-8da26142e19c/element/00000000-0000-0222-ffff-ffff00000029/location [39m[32m200[39m [90m22 ms - 78[39m
[35m[HTTP][39m [90m[39m
[35m[HTTP][39m [37m-->[39m [37mPOST[39m [37m/wd/hub/session/bbadb4d0-6133-4d14-8036-8da26142e19c/timeouts[39m
[35m[HTTP][39m [90m{"implicit":30000}[39m
[35m[HTTP][39m [37m<-- POST /wd/hub/session/bbadb4d0-6133-4d14-8036-8da26142e19c/timeouts [39m[32m200[39m [90m2 ms - 14[39m
[35m[HTTP][39m [90m[39m
[35m[HTTP][39m [37m-->[39m [37mPOST[39m [37m/wd/hub/session/bbadb4d0-6133-4d14-8036-8da26142e19c/touch/perform[39m
[35m[HTTP][39m [90m{"actions":[{"action":"tap","options":{"x":1,"y":1,"element":"00000000-0000-0222-ffff-ffff00000029"}},{"action":"release","options":{}}]}[39m
[35m[UiAutomator2][39m calling get location: 00000000-0000-0222-ffff-ffff00000029
[35m[HTTP][39m [37m<-- POST /wd/hub/session/bbadb4d0-6133-4d14-8036-8da26142e19c/touch/perform [39m[32m200[39m [90m215 ms - 14[39m
[35m[HTTP][39m [90m[39m
[35m[HTTP][39m [37m-->[39m [37mGET[39m [37m/wd/hub/session/bbadb4d0-6133-4d14-8036-8da26142e19c/context[39m
[35m[HTTP][39m [90m{}[39m
[35m[HTTP][39m [37m<-- GET /wd/hub/session/bbadb4d0-6133-4d14-8036-8da26142e19c/context [39m[32m200[39m [90m1 ms - 22[39m
[35m[HTTP][39m [90m[39m
[35m[HTTP][39m [37m-->[39m [37mGET[39m [37m/wd/hub/session/bbadb4d0-6133-4d14-8036-8da26142e19c/contexts[39m
[35m[HTTP][39m [90m{}[39m
[35m[HTTP][39m [37m<-- GET /wd/hub/session/bbadb4d0-6133-4d14-8036-8da26142e19c/contexts [39m[32m200[39m [90m113 ms - 24[39m
[35m[HTTP][39m [90m[39m
[35m[HTTP][39m [37m-->[39m [37mPOST[39m [37m/wd/hub/session/bbadb4d0-6133-4d14-8036-8da26142e19c/context[39m
[35m[HTTP][39m [90m{"name":"NATIVE_APP"}[39m
[35m[HTTP][39m [37m<-- POST /wd/hub/session/bbadb4d0-6133-4d14-8036-8da26142e19c/context [39m[32m200[39m [90m3 ms - 14[39m
[35m[HTTP][39m [90m[39m
[35m[HTTP][39m [37m-->[39m [37mPOST[39m [37m/wd/hub/session/bbadb4d0-6133-4d14-8036-8da26142e19c/appium/device/hide_keyboard[39m
[35m[HTTP][39m [90m{}[39m
[35m[ADB][39m Keyboard has no UI; no closing necessary
[35m[HTTP][39m [37m<-- POST /wd/hub/session/bbadb4d0-6133-4d14-8036-8da26142e19c/appium/device/hide_keyboard [39m[32m200[39m [90m1568 ms - 15[39m
[35m[HTTP][39m [90m[39m
[35m[HTTP][39m [37m-->[39m [37mPOST[39m [37m/wd/hub/session/bbadb4d0-6133-4d14-8036-8da26142e19c/context[39m
[35m[HTTP][39m [90m{"name":"NATIVE_APP"}[39m
[35m[HTTP][39m [37m<-- POST /wd/hub/session/bbadb4d0-6133-4d14-8036-8da26142e19c/context [39m[32m200[39m [90m2 ms - 14[39m
[35m[HTTP][39m [90m[39m
[35m[HTTP][39m [37m-->[39m [37mGET[39m [37m/wd/hub/status[39m
[35m[HTTP][39m [90m{}[39m
[35m[HTTP][39m [37m<-- GET /wd/hub/status [39m[32m200[39m [90m2 ms - 68[39m
[35m[HTTP][39m [90m[39m
[35m[HTTP][39m [37m-->[39m [37mPOST[39m [37m/wd/hub/session[39m
[35m[HTTP][39m [90m{"desiredCapabilities":{"appActivity":".Settings","appPackage":"com.android.settings","newCommandTimeout":1800,"platformVersion":"11","automationName":"uiautomator2","autoGrantPermissions":true,"platformName":"Android","udid":"RR8N605F11Y","deviceName":"samsung SM-M315F (Android 11)","platform":"ANDROID","systemPort":8255},"capabilities":{"firstMatch":[{"appium:appActivity":".Settings","appium:appPackage":"com.android.settings","appium:autoGrantPermissions":true,"appium:automationName":"uiautomator2","appium:deviceName":"samsung SM-M315F (Android 11)","appium:newCommandTimeout":1800,"platform":"ANDROID","platformName":"android","appium:platformVersion":"11","appium:systemPort":8255,"appium:udid":"RR8N605F11Y"}]}}[39m
[35m[BaseDriver][39m The following capabilities are not standard capabilities and should have an extension prefix:
[35m[BaseDriver][39m   platform
[35m[BaseDriver][39m   chromedriverPort
[35m[Appium][39m Appium v1.22.1 creating new AndroidUiautomator2Driver (v1.70.1) session
[35m[BaseDriver][39m The following capabilities were provided, but are not recognized by Appium:
[35m[BaseDriver][39m   platform
[35m[BaseDriver][39m Session created with session id: 83de1881-eabd-4086-bda4-d23cca9801c5
[35m[UiAutomator2][39m Starting 'com.android.settings' directly on the device
[35m[ADB][39m Using 'adb.exe' from 'C:\Users\Nia Yusniati\.katalon\tools\android_sdk\platform-tools\adb.exe'
[35m[AndroidDriver][39m Retrieving device list
[35m[AndroidDriver][39m Using device: RR8N605F11Y
[35m[ADB][39m Using 'adb.exe' from 'C:\Users\Nia Yusniati\.katalon\tools\android_sdk\platform-tools\adb.exe'
[35m[ADB][39m Getting device platform version
[35m[UiAutomator2][39m Relaxing hidden api policy
[35m[AndroidDriver][39m No app sent in, not parsing package/activity
[35m[UiAutomator2][39m Server packages are not going to be (re)installed
[35m[ADB][39m Adding packages ["io.appium.settings","io.appium.uiautomator2.server","io.appium.uiautomator2.server.test"] to Doze whitelist
[35m[UiAutomator2][39m Starting UIAutomator2 server 4.27.0
[35m[UiAutomator2][39m Using UIAutomator2 server from 'C:\Users\Nia Yusniati\AppData\Roaming\npm\node_modules\appium\node_modules\appium-uiautomator2-server\apks\appium-uiautomator2-server-v4.27.0.apk' and test from 'C:\Users\Nia Yusniati\AppData\Roaming\npm\node_modules\appium\node_modules\appium-uiautomator2-server\apks\appium-uiautomator2-server-debug-androidTest.apk'
[35m[UiAutomator2][39m Waiting up to 30000ms for UiAutomator2 to be online...
[35m[WD Proxy][39m socket hang up
[35m[WD Proxy][39m socket hang up
[35m[WD Proxy][39m socket hang up
[35m[WD Proxy][39m Determined the downstream protocol as 'W3C'
[35m[AndroidDriver][39m Screen already unlocked, doing nothing
[35m[UiAutomator2][39m Starting 'com.android.settings/.Settings and waiting for 'com.android.settings/.Settings'
[35m[Appium][39m New AndroidUiautomator2Driver session created successfully, session 83de1881-eabd-4086-bda4-d23cca9801c5 added to master session list
[35m[HTTP][39m [37m<-- POST /wd/hub/session [39m[32m200[39m [90m9856 ms - 1158[39m
[35m[HTTP][39m [90m[39m
[35m[HTTP][39m [37m-->[39m [37mGET[39m [37m/wd/hub/session/83de1881-eabd-4086-bda4-d23cca9801c5[39m
[35m[HTTP][39m [90m{}[39m
[35m[HTTP][39m [37m<-- GET /wd/hub/session/83de1881-eabd-4086-bda4-d23cca9801c5 [39m[32m200[39m [90m24 ms - 1112[39m
[35m[HTTP][39m [90m[39m
[35m[HTTP][39m [37m-->[39m [37mGET[39m [37m/wd/hub/session/83de1881-eabd-4086-bda4-d23cca9801c5[39m
[35m[HTTP][39m [90m{}[39m
[35m[HTTP][39m [37m<-- GET /wd/hub/session/83de1881-eabd-4086-bda4-d23cca9801c5 [39m[32m200[39m [90m10 ms - 1112[39m
[35m[HTTP][39m [90m[39m
[35m[HTTP][39m [37m-->[39m [37mGET[39m [37m/wd/hub/status[39m
[35m[HTTP][39m [90m{}[39m
[35m[HTTP][39m [37m<-- GET /wd/hub/status [39m[32m200[39m [90m1 ms - 68[39m
[35m[HTTP][39m [90m[39m
[35m[HTTP][39m [37m-->[39m [37mPOST[39m [37m/wd/hub/session/83de1881-eabd-4086-bda4-d23cca9801c5/timeouts[39m
[35m[HTTP][39m [90m{"implicit":30000}[39m
[35m[HTTP][39m [37m<-- POST /wd/hub/session/83de1881-eabd-4086-bda4-d23cca9801c5/timeouts [39m[32m200[39m [90m2 ms - 14[39m
[35m[HTTP][39m [90m[39m
[35m[HTTP][39m [37m-->[39m [37mGET[39m [37m/wd/hub/session/83de1881-eabd-4086-bda4-d23cca9801c5/screenshot[39m
[35m[HTTP][39m [90m{}[39m
[35m[HTTP][39m [37m<-- GET /wd/hub/session/83de1881-eabd-4086-bda4-d23cca9801c5/screenshot [39m[32m200[39m [90m523 ms - 182582[39m
[35m[HTTP][39m [90m[39m
[35m[HTTP][39m [37m-->[39m [37mGET[39m [37m/wd/hub/session/83de1881-eabd-4086-bda4-d23cca9801c5/window/rect[39m
[35m[HTTP][39m [90m{}[39m
[35m[HTTP][39m [37m<-- GET /wd/hub/session/83de1881-eabd-4086-bda4-d23cca9801c5/window/rect [39m[32m200[39m [90m9 ms - 50[39m
[35m[HTTP][39m [90m[39m
[35m[HTTP][39m [37m-->[39m [37mGET[39m [37m/wd/hub/session/83de1881-eabd-4086-bda4-d23cca9801c5/appium/device/system_bars[39m
[35m[HTTP][39m [90m{}[39m
[35m[HTTP][39m [37m<-- GET /wd/hub/session/83de1881-eabd-4086-bda4-d23cca9801c5/appium/device/system_bars [39m[32m200[39m [90m98 ms - 148[39m
[35m[HTTP][39m [90m[39m
[35m[HTTP][39m [37m-->[39m [37mPOST[39m [37m/wd/hub/session/83de1881-eabd-4086-bda4-d23cca9801c5/appium/device/activate_app[39m
[35m[HTTP][39m [90m{"bundleId":"com.bcaf.mobilesurvey"}[39m
[35m[HTTP][39m [37m<-- POST /wd/hub/session/83de1881-eabd-4086-bda4-d23cca9801c5/appium/device/activate_app [39m[32m200[39m [90m535 ms - 14[39m
[35m[HTTP][39m [90m[39m
[35m[HTTP][39m [37m-->[39m [37mPOST[39m [37m/wd/hub/session/83de1881-eabd-4086-bda4-d23cca9801c5/timeouts[39m
[35m[HTTP][39m [90m{"implicit":50}[39m
[35m[HTTP][39m [37m<-- POST /wd/hub/session/83de1881-eabd-4086-bda4-d23cca9801c5/timeouts [39m[32m200[39m [90m1 ms - 14[39m
[35m[HTTP][39m [90m[39m
[35m[HTTP][39m [37m-->[39m [37mGET[39m [37m/wd/hub/session/83de1881-eabd-4086-bda4-d23cca9801c5/window/rect[39m
[35m[HTTP][39m [90m{}[39m
[35m[HTTP][39m [37m<-- GET /wd/hub/session/83de1881-eabd-4086-bda4-d23cca9801c5/window/rect [39m[32m200[39m [90m11 ms - 50[39m
[35m[HTTP][39m [90m[39m
[35m[HTTP][39m [37m-->[39m [37mPOST[39m [37m/wd/hub/session/83de1881-eabd-4086-bda4-d23cca9801c5/elements[39m
[35m[HTTP][39m [90m{"using":"xpath","value":"//*[@class = 'android.widget.EditText' and (@text = 'NIP' or . = 'NIP') and @resource-id = 'com.bcaf.mobilesurvey:id/nip']"}[39m
[35m[HTTP][39m [37m<-- POST /wd/hub/session/83de1881-eabd-4086-bda4-d23cca9801c5/elements [39m[32m200[39m [90m629 ms - 12[39m
[35m[HTTP][39m [90m[39m
[35m[HTTP][39m [37m-->[39m [37mPOST[39m [37m/wd/hub/session/83de1881-eabd-4086-bda4-d23cca9801c5/elements[39m
[35m[HTTP][39m [90m{"using":"xpath","value":"//*[@class = 'android.widget.EditText' and (@text = 'NIP' or . = 'NIP') and @resource-id = 'com.bcaf.mobilesurvey:id/nip']"}[39m
[35m[HTTP][39m [37m<-- POST /wd/hub/session/83de1881-eabd-4086-bda4-d23cca9801c5/elements [39m[32m200[39m [90m109 ms - 12[39m
[35m[HTTP][39m [90m[39m
[35m[HTTP][39m [37m-->[39m [37mPOST[39m [37m/wd/hub/session/83de1881-eabd-4086-bda4-d23cca9801c5/elements[39m
[35m[HTTP][39m [90m{"using":"xpath","value":"//*[@class = 'android.widget.EditText' and (@text = 'NIP' or . = 'NIP') and @resource-id = 'com.bcaf.mobilesurvey:id/nip']"}[39m
[35m[HTTP][39m [37m<-- POST /wd/hub/session/83de1881-eabd-4086-bda4-d23cca9801c5/elements [39m[32m200[39m [90m131 ms - 12[39m
[35m[HTTP][39m [90m[39m
[35m[HTTP][39m [37m-->[39m [37mPOST[39m [37m/wd/hub/session/83de1881-eabd-4086-bda4-d23cca9801c5/elements[39m
[35m[HTTP][39m [90m{"using":"xpath","value":"//*[@class = 'android.widget.EditText' and (@text = 'NIP' or . = 'NIP') and @resource-id = 'com.bcaf.mobilesurvey:id/nip']"}[39m
[35m[HTTP][39m [37m<-- POST /wd/hub/session/83de1881-eabd-4086-bda4-d23cca9801c5/elements [39m[32m200[39m [90m114 ms - 12[39m
[35m[HTTP][39m [90m[39m
[35m[HTTP][39m [37m-->[39m [37mPOST[39m [37m/wd/hub/session/83de1881-eabd-4086-bda4-d23cca9801c5/elements[39m
[35m[HTTP][39m [90m{"using":"xpath","value":"//*[@class = 'android.widget.EditText' and (@text = 'NIP' or . = 'NIP') and @resource-id = 'com.bcaf.mobilesurvey:id/nip']"}[39m
[35m[HTTP][39m [37m<-- POST /wd/hub/session/83de1881-eabd-4086-bda4-d23cca9801c5/elements [39m[32m200[39m [90m118 ms - 12[39m
[35m[HTTP][39m [90m[39m
[35m[HTTP][39m [37m-->[39m [37mPOST[39m [37m/wd/hub/session/83de1881-eabd-4086-bda4-d23cca9801c5/elements[39m
[35m[HTTP][39m [90m{"using":"xpath","value":"//*[@class = 'android.widget.EditText' and (@text = 'NIP' or . = 'NIP') and @resource-id = 'com.bcaf.mobilesurvey:id/nip']"}[39m
[35m[HTTP][39m [37m<-- POST /wd/hub/session/83de1881-eabd-4086-bda4-d23cca9801c5/elements [39m[32m200[39m [90m124 ms - 12[39m
[35m[HTTP][39m [90m[39m
[35m[HTTP][39m [37m-->[39m [37mPOST[39m [37m/wd/hub/session/83de1881-eabd-4086-bda4-d23cca9801c5/elements[39m
[35m[HTTP][39m [90m{"using":"xpath","value":"//*[@class = 'android.widget.EditText' and (@text = 'NIP' or . = 'NIP') and @resource-id = 'com.bcaf.mobilesurvey:id/nip']"}[39m
[35m[HTTP][39m [37m<-- POST /wd/hub/session/83de1881-eabd-4086-bda4-d23cca9801c5/elements [39m[32m200[39m [90m138 ms - 12[39m
[35m[HTTP][39m [90m[39m
[35m[HTTP][39m [37m-->[39m [37mPOST[39m [37m/wd/hub/session/83de1881-eabd-4086-bda4-d23cca9801c5/elements[39m
[35m[HTTP][39m [90m{"using":"xpath","value":"//*[@class = 'android.widget.EditText' and (@text = 'NIP' or . = 'NIP') and @resource-id = 'com.bcaf.mobilesurvey:id/nip']"}[39m
[35m[HTTP][39m [37m<-- POST /wd/hub/session/83de1881-eabd-4086-bda4-d23cca9801c5/elements [39m[32m200[39m [90m113 ms - 12[39m
[35m[HTTP][39m [90m[39m
[35m[HTTP][39m [37m-->[39m [37mPOST[39m [37m/wd/hub/session/83de1881-eabd-4086-bda4-d23cca9801c5/elements[39m
[35m[HTTP][39m [90m{"using":"xpath","value":"//*[@class = 'android.widget.EditText' and (@text = 'NIP' or . = 'NIP') and @resource-id = 'com.bcaf.mobilesurvey:id/nip']"}[39m
[35m[HTTP][39m [37m<-- POST /wd/hub/session/83de1881-eabd-4086-bda4-d23cca9801c5/elements [39m[32m200[39m [90m95 ms - 12[39m
[35m[HTTP][39m [90m[39m
[35m[HTTP][39m [37m-->[39m [37mPOST[39m [37m/wd/hub/session/83de1881-eabd-4086-bda4-d23cca9801c5/elements[39m
[35m[HTTP][39m [90m{"using":"xpath","value":"//*[@class = 'android.widget.EditText' and (@text = 'NIP' or . = 'NIP') and @resource-id = 'com.bcaf.mobilesurvey:id/nip']"}[39m
[35m[HTTP][39m [37m<-- POST /wd/hub/session/83de1881-eabd-4086-bda4-d23cca9801c5/elements [39m[32m200[39m [90m87 ms - 12[39m
[35m[HTTP][39m [90m[39m
[35m[HTTP][39m [37m-->[39m [37mPOST[39m [37m/wd/hub/session/83de1881-eabd-4086-bda4-d23cca9801c5/elements[39m
[35m[HTTP][39m [90m{"using":"xpath","value":"//*[@class = 'android.widget.EditText' and (@text = 'NIP' or . = 'NIP') and @resource-id = 'com.bcaf.mobilesurvey:id/nip']"}[39m
[35m[HTTP][39m [37m<-- POST /wd/hub/session/83de1881-eabd-4086-bda4-d23cca9801c5/elements [39m[32m200[39m [90m75 ms - 12[39m
[35m[HTTP][39m [90m[39m
[35m[HTTP][39m [37m-->[39m [37mPOST[39m [37m/wd/hub/session/83de1881-eabd-4086-bda4-d23cca9801c5/elements[39m
[35m[HTTP][39m [90m{"using":"xpath","value":"//*[@class = 'android.widget.EditText' and (@text = 'NIP' or . = 'NIP') and @resource-id = 'com.bcaf.mobilesurvey:id/nip']"}[39m
[35m[HTTP][39m [37m<-- POST /wd/hub/session/83de1881-eabd-4086-bda4-d23cca9801c5/elements [39m[32m200[39m [90m84 ms - 12[39m
[35m[HTTP][39m [90m[39m
[35m[HTTP][39m [37m-->[39m [37mPOST[39m [37m/wd/hub/session/83de1881-eabd-4086-bda4-d23cca9801c5/elements[39m
[35m[HTTP][39m [90m{"using":"xpath","value":"//*[@class = 'android.widget.EditText' and (@text = 'NIP' or . = 'NIP') and @resource-id = 'com.bcaf.mobilesurvey:id/nip']"}[39m
[35m[HTTP][39m [37m<-- POST /wd/hub/session/83de1881-eabd-4086-bda4-d23cca9801c5/elements [39m[32m200[39m [90m92 ms - 12[39m
[35m[HTTP][39m [90m[39m
[35m[HTTP][39m [37m-->[39m [37mPOST[39m [37m/wd/hub/session/83de1881-eabd-4086-bda4-d23cca9801c5/elements[39m
[35m[HTTP][39m [90m{"using":"xpath","value":"//*[@class = 'android.widget.EditText' and (@text = 'NIP' or . = 'NIP') and @resource-id = 'com.bcaf.mobilesurvey:id/nip']"}[39m
[35m[HTTP][39m [37m<-- POST /wd/hub/session/83de1881-eabd-4086-bda4-d23cca9801c5/elements [39m[32m200[39m [90m100 ms - 12[39m
[35m[HTTP][39m [90m[39m
[35m[HTTP][39m [37m-->[39m [37mPOST[39m [37m/wd/hub/session/83de1881-eabd-4086-bda4-d23cca9801c5/elements[39m
[35m[HTTP][39m [90m{"using":"xpath","value":"//*[@class = 'android.widget.EditText' and (@text = 'NIP' or . = 'NIP') and @resource-id = 'com.bcaf.mobilesurvey:id/nip']"}[39m
[35m[HTTP][39m [37m<-- POST /wd/hub/session/83de1881-eabd-4086-bda4-d23cca9801c5/elements [39m[32m200[39m [90m121 ms - 12[39m
[35m[HTTP][39m [90m[39m
[35m[HTTP][39m [37m-->[39m [37mPOST[39m [37m/wd/hub/session/83de1881-eabd-4086-bda4-d23cca9801c5/elements[39m
[35m[HTTP][39m [90m{"using":"xpath","value":"//*[@class = 'android.widget.EditText' and (@text = 'NIP' or . = 'NIP') and @resource-id = 'com.bcaf.mobilesurvey:id/nip']"}[39m
[35m[HTTP][39m [37m<-- POST /wd/hub/session/83de1881-eabd-4086-bda4-d23cca9801c5/elements [39m[32m200[39m [90m106 ms - 12[39m
[35m[HTTP][39m [90m[39m
[35m[HTTP][39m [37m-->[39m [37mPOST[39m [37m/wd/hub/session/83de1881-eabd-4086-bda4-d23cca9801c5/elements[39m
[35m[HTTP][39m [90m{"using":"xpath","value":"//*[@class = 'android.widget.EditText' and (@text = 'NIP' or . = 'NIP') and @resource-id = 'com.bcaf.mobilesurvey:id/nip']"}[39m
[35m[HTTP][39m [37m<-- POST /wd/hub/session/83de1881-eabd-4086-bda4-d23cca9801c5/elements [39m[32m200[39m [90m93 ms - 12[39m
[35m[HTTP][39m [90m[39m
[35m[HTTP][39m [37m-->[39m [37mPOST[39m [37m/wd/hub/session/83de1881-eabd-4086-bda4-d23cca9801c5/elements[39m
[35m[HTTP][39m [90m{"using":"xpath","value":"//*[@class = 'android.widget.EditText' and (@text = 'NIP' or . = 'NIP') and @resource-id = 'com.bcaf.mobilesurvey:id/nip']"}[39m
[35m[HTTP][39m [37m<-- POST /wd/hub/session/83de1881-eabd-4086-bda4-d23cca9801c5/elements [39m[32m200[39m [90m93 ms - 12[39m
[35m[HTTP][39m [90m[39m
[35m[HTTP][39m [37m-->[39m [37mPOST[39m [37m/wd/hub/session/83de1881-eabd-4086-bda4-d23cca9801c5/elements[39m
[35m[HTTP][39m [90m{"using":"xpath","value":"//*[@class = 'android.widget.EditText' and (@text = 'NIP' or . = 'NIP') and @resource-id = 'com.bcaf.mobilesurvey:id/nip']"}[39m
[35m[HTTP][39m [37m<-- POST /wd/hub/session/83de1881-eabd-4086-bda4-d23cca9801c5/elements [39m[32m200[39m [90m92 ms - 12[39m
[35m[HTTP][39m [90m[39m
[35m[HTTP][39m [37m-->[39m [37mPOST[39m [37m/wd/hub/session/83de1881-eabd-4086-bda4-d23cca9801c5/elements[39m
[35m[HTTP][39m [90m{"using":"xpath","value":"//*[@class = 'android.widget.EditText' and (@text = 'NIP' or . = 'NIP') and @resource-id = 'com.bcaf.mobilesurvey:id/nip']"}[39m
[35m[HTTP][39m [37m<-- POST /wd/hub/session/83de1881-eabd-4086-bda4-d23cca9801c5/elements [39m[32m200[39m [90m97 ms - 12[39m
[35m[HTTP][39m [90m[39m
[35m[HTTP][39m [37m-->[39m [37mPOST[39m [37m/wd/hub/session/83de1881-eabd-4086-bda4-d23cca9801c5/elements[39m
[35m[HTTP][39m [90m{"using":"xpath","value":"//*[@class = 'android.widget.EditText' and (@text = 'NIP' or . = 'NIP') and @resource-id = 'com.bcaf.mobilesurvey:id/nip']"}[39m
[35m[HTTP][39m [37m<-- POST /wd/hub/session/83de1881-eabd-4086-bda4-d23cca9801c5/elements [39m[32m200[39m [90m93 ms - 12[39m
[35m[HTTP][39m [90m[39m
[35m[HTTP][39m [37m-->[39m [37mPOST[39m [37m/wd/hub/session/83de1881-eabd-4086-bda4-d23cca9801c5/elements[39m
[35m[HTTP][39m [90m{"using":"xpath","value":"//*[@class = 'android.widget.EditText' and (@text = 'NIP' or . = 'NIP') and @resource-id = 'com.bcaf.mobilesurvey:id/nip']"}[39m
[35m[HTTP][39m [37m<-- POST /wd/hub/session/83de1881-eabd-4086-bda4-d23cca9801c5/elements [39m[32m200[39m [90m97 ms - 12[39m
[35m[HTTP][39m [90m[39m
[35m[HTTP][39m [37m-->[39m [37mPOST[39m [37m/wd/hub/session/83de1881-eabd-4086-bda4-d23cca9801c5/elements[39m
[35m[HTTP][39m [90m{"using":"xpath","value":"//*[@class = 'android.widget.EditText' and (@text = 'NIP' or . = 'NIP') and @resource-id = 'com.bcaf.mobilesurvey:id/nip']"}[39m
[35m[HTTP][39m [37m<-- POST /wd/hub/session/83de1881-eabd-4086-bda4-d23cca9801c5/elements [39m[32m200[39m [90m102 ms - 12[39m
[35m[HTTP][39m [90m[39m
[35m[HTTP][39m [37m-->[39m [37mPOST[39m [37m/wd/hub/session/83de1881-eabd-4086-bda4-d23cca9801c5/elements[39m
[35m[HTTP][39m [90m{"using":"xpath","value":"//*[@class = 'android.widget.EditText' and (@text = 'NIP' or . = 'NIP') and @resource-id = 'com.bcaf.mobilesurvey:id/nip']"}[39m
[35m[HTTP][39m [37m<-- POST /wd/hub/session/83de1881-eabd-4086-bda4-d23cca9801c5/elements [39m[32m200[39m [90m102 ms - 12[39m
[35m[HTTP][39m [90m[39m
[35m[HTTP][39m [37m-->[39m [37mPOST[39m [37m/wd/hub/session/83de1881-eabd-4086-bda4-d23cca9801c5/elements[39m
[35m[HTTP][39m [90m{"using":"xpath","value":"//*[@class = 'android.widget.EditText' and (@text = 'NIP' or . = 'NIP') and @resource-id = 'com.bcaf.mobilesurvey:id/nip']"}[39m
[35m[HTTP][39m [37m<-- POST /wd/hub/session/83de1881-eabd-4086-bda4-d23cca9801c5/elements [39m[32m200[39m [90m103 ms - 12[39m
[35m[HTTP][39m [90m[39m
[35m[HTTP][39m [37m-->[39m [37mPOST[39m [37m/wd/hub/session/83de1881-eabd-4086-bda4-d23cca9801c5/elements[39m
[35m[HTTP][39m [90m{"using":"xpath","value":"//*[@class = 'android.widget.EditText' and (@text = 'NIP' or . = 'NIP') and @resource-id = 'com.bcaf.mobilesurvey:id/nip']"}[39m
[35m[HTTP][39m [37m<-- POST /wd/hub/session/83de1881-eabd-4086-bda4-d23cca9801c5/elements [39m[32m200[39m [90m77 ms - 12[39m
[35m[HTTP][39m [90m[39m
[35m[HTTP][39m [37m-->[39m [37mPOST[39m [37m/wd/hub/session/83de1881-eabd-4086-bda4-d23cca9801c5/elements[39m
[35m[HTTP][39m [90m{"using":"xpath","value":"//*[@class = 'android.widget.EditText' and (@text = 'NIP' or . = 'NIP') and @resource-id = 'com.bcaf.mobilesurvey:id/nip']"}[39m
[35m[HTTP][39m [37m<-- POST /wd/hub/session/83de1881-eabd-4086-bda4-d23cca9801c5/elements [39m[32m200[39m [90m80 ms - 12[39m
[35m[HTTP][39m [90m[39m
[35m[HTTP][39m [37m-->[39m [37mPOST[39m [37m/wd/hub/session/83de1881-eabd-4086-bda4-d23cca9801c5/elements[39m
[35m[HTTP][39m [90m{"using":"xpath","value":"//*[@class = 'android.widget.EditText' and (@text = 'NIP' or . = 'NIP') and @resource-id = 'com.bcaf.mobilesurvey:id/nip']"}[39m
[35m[HTTP][39m [37m<-- POST /wd/hub/session/83de1881-eabd-4086-bda4-d23cca9801c5/elements [39m[32m200[39m [90m90 ms - 12[39m
[35m[HTTP][39m [90m[39m
[35m[HTTP][39m [37m-->[39m [37mPOST[39m [37m/wd/hub/session/83de1881-eabd-4086-bda4-d23cca9801c5/elements[39m
[35m[HTTP][39m [90m{"using":"xpath","value":"//*[@class = 'android.widget.EditText' and (@text = 'NIP' or . = 'NIP') and @resource-id = 'com.bcaf.mobilesurvey:id/nip']"}[39m
[35m[HTTP][39m [37m<-- POST /wd/hub/session/83de1881-eabd-4086-bda4-d23cca9801c5/elements [39m[32m200[39m [90m92 ms - 12[39m
[35m[HTTP][39m [90m[39m
[35m[HTTP][39m [37m-->[39m [37mPOST[39m [37m/wd/hub/session/83de1881-eabd-4086-bda4-d23cca9801c5/elements[39m
[35m[HTTP][39m [90m{"using":"xpath","value":"//*[@class = 'android.widget.EditText' and (@text = 'NIP' or . = 'NIP') and @resource-id = 'com.bcaf.mobilesurvey:id/nip']"}[39m
[35m[HTTP][39m [37m<-- POST /wd/hub/session/83de1881-eabd-4086-bda4-d23cca9801c5/elements [39m[32m200[39m [90m97 ms - 12[39m
[35m[HTTP][39m [90m[39m
[35m[HTTP][39m [37m-->[39m [37mPOST[39m [37m/wd/hub/session/83de1881-eabd-4086-bda4-d23cca9801c5/elements[39m
[35m[HTTP][39m [90m{"using":"xpath","value":"//*[@class = 'android.widget.EditText' and (@text = 'NIP' or . = 'NIP') and @resource-id = 'com.bcaf.mobilesurvey:id/nip']"}[39m
[35m[HTTP][39m [37m<-- POST /wd/hub/session/83de1881-eabd-4086-bda4-d23cca9801c5/elements [39m[32m200[39m [90m99 ms - 12[39m
[35m[HTTP][39m [90m[39m
[35m[HTTP][39m [37m-->[39m [37mPOST[39m [37m/wd/hub/session/83de1881-eabd-4086-bda4-d23cca9801c5/elements[39m
[35m[HTTP][39m [90m{"using":"xpath","value":"//*[@class = 'android.widget.EditText' and (@text = 'NIP' or . = 'NIP') and @resource-id = 'com.bcaf.mobilesurvey:id/nip']"}[39m
[35m[HTTP][39m [37m<-- POST /wd/hub/session/83de1881-eabd-4086-bda4-d23cca9801c5/elements [39m[32m200[39m [90m103 ms - 12[39m
[35m[HTTP][39m [90m[39m
[35m[HTTP][39m [37m-->[39m [37mPOST[39m [37m/wd/hub/session/83de1881-eabd-4086-bda4-d23cca9801c5/elements[39m
[35m[HTTP][39m [90m{"using":"xpath","value":"//*[@class = 'android.widget.EditText' and (@text = 'NIP' or . = 'NIP') and @resource-id = 'com.bcaf.mobilesurvey:id/nip']"}[39m
[35m[HTTP][39m [37m<-- POST /wd/hub/session/83de1881-eabd-4086-bda4-d23cca9801c5/elements [39m[32m200[39m [90m96 ms - 12[39m
[35m[HTTP][39m [90m[39m
[35m[HTTP][39m [37m-->[39m [37mPOST[39m [37m/wd/hub/session/83de1881-eabd-4086-bda4-d23cca9801c5/elements[39m
[35m[HTTP][39m [90m{"using":"xpath","value":"//*[@class = 'android.widget.EditText' and (@text = 'NIP' or . = 'NIP') and @resource-id = 'com.bcaf.mobilesurvey:id/nip']"}[39m
[35m[HTTP][39m [37m<-- POST /wd/hub/session/83de1881-eabd-4086-bda4-d23cca9801c5/elements [39m[32m200[39m [90m69 ms - 12[39m
[35m[HTTP][39m [90m[39m
[35m[HTTP][39m [37m-->[39m [37mPOST[39m [37m/wd/hub/session/83de1881-eabd-4086-bda4-d23cca9801c5/elements[39m
[35m[HTTP][39m [90m{"using":"xpath","value":"//*[@class = 'android.widget.EditText' and (@text = 'NIP' or . = 'NIP') and @resource-id = 'com.bcaf.mobilesurvey:id/nip']"}[39m
[35m[HTTP][39m [37m<-- POST /wd/hub/session/83de1881-eabd-4086-bda4-d23cca9801c5/elements [39m[32m200[39m [90m90 ms - 12[39m
[35m[HTTP][39m [90m[39m
[35m[HTTP][39m [37m-->[39m [37mPOST[39m [37m/wd/hub/session/83de1881-eabd-4086-bda4-d23cca9801c5/elements[39m
[35m[HTTP][39m [90m{"using":"xpath","value":"//*[@class = 'android.widget.EditText' and (@text = 'NIP' or . = 'NIP') and @resource-id = 'com.bcaf.mobilesurvey:id/nip']"}[39m
[35m[HTTP][39m [37m<-- POST /wd/hub/session/83de1881-eabd-4086-bda4-d23cca9801c5/elements [39m[32m200[39m [90m52 ms - 12[39m
[35m[HTTP][39m [90m[39m
[35m[HTTP][39m [37m-->[39m [37mPOST[39m [37m/wd/hub/session/83de1881-eabd-4086-bda4-d23cca9801c5/elements[39m
[35m[HTTP][39m [90m{"using":"xpath","value":"//*[@class = 'android.widget.EditText' and (@text = 'NIP' or . = 'NIP') and @resource-id = 'com.bcaf.mobilesurvey:id/nip']"}[39m
[35m[HTTP][39m [37m<-- POST /wd/hub/session/83de1881-eabd-4086-bda4-d23cca9801c5/elements [39m[32m200[39m [90m53 ms - 12[39m
[35m[HTTP][39m [90m[39m
[35m[HTTP][39m [37m-->[39m [37mPOST[39m [37m/wd/hub/session/83de1881-eabd-4086-bda4-d23cca9801c5/elements[39m
[35m[HTTP][39m [90m{"using":"xpath","value":"//*[@class = 'android.widget.EditText' and (@text = 'NIP' or . = 'NIP') and @resource-id = 'com.bcaf.mobilesurvey:id/nip']"}[39m
[35m[HTTP][39m [37m<-- POST /wd/hub/session/83de1881-eabd-4086-bda4-d23cca9801c5/elements [39m[32m200[39m [90m55 ms - 12[39m
[35m[HTTP][39m [90m[39m
[35m[HTTP][39m [37m-->[39m [37mPOST[39m [37m/wd/hub/session/83de1881-eabd-4086-bda4-d23cca9801c5/elements[39m
[35m[HTTP][39m [90m{"using":"xpath","value":"//*[@class = 'android.widget.EditText' and (@text = 'NIP' or . = 'NIP') and @resource-id = 'com.bcaf.mobilesurvey:id/nip']"}[39m
[35m[HTTP][39m [37m<-- POST /wd/hub/session/83de1881-eabd-4086-bda4-d23cca9801c5/elements [39m[32m200[39m [90m112 ms - 12[39m
[35m[HTTP][39m [90m[39m
[35m[HTTP][39m [37m-->[39m [37mPOST[39m [37m/wd/hub/session/83de1881-eabd-4086-bda4-d23cca9801c5/elements[39m
[35m[HTTP][39m [90m{"using":"xpath","value":"//*[@class = 'android.widget.EditText' and (@text = 'NIP' or . = 'NIP') and @resource-id = 'com.bcaf.mobilesurvey:id/nip']"}[39m
[35m[HTTP][39m [37m<-- POST /wd/hub/session/83de1881-eabd-4086-bda4-d23cca9801c5/elements [39m[32m200[39m [90m56 ms - 12[39m
[35m[HTTP][39m [90m[39m
[35m[HTTP][39m [37m-->[39m [37mPOST[39m [37m/wd/hub/session/83de1881-eabd-4086-bda4-d23cca9801c5/elements[39m
[35m[HTTP][39m [90m{"using":"xpath","value":"//*[@class = 'android.widget.EditText' and (@text = 'NIP' or . = 'NIP') and @resource-id = 'com.bcaf.mobilesurvey:id/nip']"}[39m
[35m[HTTP][39m [37m<-- POST /wd/hub/session/83de1881-eabd-4086-bda4-d23cca9801c5/elements [39m[32m200[39m [90m94 ms - 12[39m
[35m[HTTP][39m [90m[39m
[35m[HTTP][39m [37m-->[39m [37mPOST[39m [37m/wd/hub/session/83de1881-eabd-4086-bda4-d23cca9801c5/elements[39m
[35m[HTTP][39m [90m{"using":"xpath","value":"//*[@class = 'android.widget.EditText' and (@text = 'NIP' or . = 'NIP') and @resource-id = 'com.bcaf.mobilesurvey:id/nip']"}[39m
[35m[HTTP][39m [37m<-- POST /wd/hub/session/83de1881-eabd-4086-bda4-d23cca9801c5/elements [39m[32m200[39m [90m109 ms - 12[39m
[35m[HTTP][39m [90m[39m
[35m[HTTP][39m [37m-->[39m [37mPOST[39m [37m/wd/hub/session/83de1881-eabd-4086-bda4-d23cca9801c5/elements[39m
[35m[HTTP][39m [90m{"using":"xpath","value":"//*[@class = 'android.widget.EditText' and (@text = 'NIP' or . = 'NIP') and @resource-id = 'com.bcaf.mobilesurvey:id/nip']"}[39m
[35m[HTTP][39m [37m<-- POST /wd/hub/session/83de1881-eabd-4086-bda4-d23cca9801c5/elements [39m[32m200[39m [90m62 ms - 12[39m
[35m[HTTP][39m [90m[39m
[35m[HTTP][39m [37m-->[39m [37mPOST[39m [37m/wd/hub/session/83de1881-eabd-4086-bda4-d23cca9801c5/elements[39m
[35m[HTTP][39m [90m{"using":"xpath","value":"//*[@class = 'android.widget.EditText' and (@text = 'NIP' or . = 'NIP') and @resource-id = 'com.bcaf.mobilesurvey:id/nip']"}[39m
[35m[HTTP][39m [37m<-- POST /wd/hub/session/83de1881-eabd-4086-bda4-d23cca9801c5/elements [39m[32m200[39m [90m78 ms - 12[39m
[35m[HTTP][39m [90m[39m
[35m[HTTP][39m [37m-->[39m [37mPOST[39m [37m/wd/hub/session/83de1881-eabd-4086-bda4-d23cca9801c5/elements[39m
[35m[HTTP][39m [90m{"using":"xpath","value":"//*[@class = 'android.widget.EditText' and (@text = 'NIP' or . = 'NIP') and @resource-id = 'com.bcaf.mobilesurvey:id/nip']"}[39m
[35m[HTTP][39m [37m<-- POST /wd/hub/session/83de1881-eabd-4086-bda4-d23cca9801c5/elements [39m[32m200[39m [90m3020 ms - 12[39m
[35m[HTTP][39m [90m[39m
[35m[HTTP][39m [37m-->[39m [37mPOST[39m [37m/wd/hub/session/83de1881-eabd-4086-bda4-d23cca9801c5/elements[39m
[35m[HTTP][39m [90m{"using":"xpath","value":"//*[@class = 'android.widget.EditText' and (@text = 'NIP' or . = 'NIP') and @resource-id = 'com.bcaf.mobilesurvey:id/nip']"}[39m
[35m[HTTP][39m [37m<-- POST /wd/hub/session/83de1881-eabd-4086-bda4-d23cca9801c5/elements [39m[32m200[39m [90m79 ms - 12[39m
[35m[HTTP][39m [90m[39m
[35m[HTTP][39m [37m-->[39m [37mPOST[39m [37m/wd/hub/session/83de1881-eabd-4086-bda4-d23cca9801c5/elements[39m
[35m[HTTP][39m [90m{"using":"xpath","value":"//*[@class = 'android.widget.EditText' and (@text = 'NIP' or . = 'NIP') and @resource-id = 'com.bcaf.mobilesurvey:id/nip']"}[39m
[35m[HTTP][39m [37m<-- POST /wd/hub/session/83de1881-eabd-4086-bda4-d23cca9801c5/elements [39m[32m200[39m [90m94 ms - 12[39m
[35m[HTTP][39m [90m[39m
[35m[HTTP][39m [37m-->[39m [37mPOST[39m [37m/wd/hub/session/83de1881-eabd-4086-bda4-d23cca9801c5/elements[39m
[35m[HTTP][39m [90m{"using":"xpath","value":"//*[@class = 'android.widget.EditText' and (@text = 'NIP' or . = 'NIP') and @resource-id = 'com.bcaf.mobilesurvey:id/nip']"}[39m
[35m[HTTP][39m [37m<-- POST /wd/hub/session/83de1881-eabd-4086-bda4-d23cca9801c5/elements [39m[32m200[39m [90m58 ms - 12[39m
[35m[HTTP][39m [90m[39m
[35m[HTTP][39m [37m-->[39m [37mPOST[39m [37m/wd/hub/session/83de1881-eabd-4086-bda4-d23cca9801c5/elements[39m
[35m[HTTP][39m [90m{"using":"xpath","value":"//*[@class = 'android.widget.EditText' and (@text = 'NIP' or . = 'NIP') and @resource-id = 'com.bcaf.mobilesurvey:id/nip']"}[39m
[35m[HTTP][39m [37m<-- POST /wd/hub/session/83de1881-eabd-4086-bda4-d23cca9801c5/elements [39m[32m200[39m [90m54 ms - 12[39m
[35m[HTTP][39m [90m[39m
[35m[HTTP][39m [37m-->[39m [37mPOST[39m [37m/wd/hub/session/83de1881-eabd-4086-bda4-d23cca9801c5/elements[39m
[35m[HTTP][39m [90m{"using":"xpath","value":"//*[@class = 'android.widget.EditText' and (@text = 'NIP' or . = 'NIP') and @resource-id = 'com.bcaf.mobilesurvey:id/nip']"}[39m
[35m[HTTP][39m [37m<-- POST /wd/hub/session/83de1881-eabd-4086-bda4-d23cca9801c5/elements [39m[32m200[39m [90m65 ms - 12[39m
[35m[HTTP][39m [90m[39m
[35m[HTTP][39m [37m-->[39m [37mPOST[39m [37m/wd/hub/session/83de1881-eabd-4086-bda4-d23cca9801c5/elements[39m
[35m[HTTP][39m [90m{"using":"xpath","value":"//*[@class = 'android.widget.EditText' and (@text = 'NIP' or . = 'NIP') and @resource-id = 'com.bcaf.mobilesurvey:id/nip']"}[39m
[35m[HTTP][39m [37m<-- POST /wd/hub/session/83de1881-eabd-4086-bda4-d23cca9801c5/elements [39m[32m200[39m [90m2138 ms - 12[39m
[35m[HTTP][39m [90m[39m
[35m[HTTP][39m [37m-->[39m [37mPOST[39m [37m/wd/hub/session/83de1881-eabd-4086-bda4-d23cca9801c5/elements[39m
[35m[HTTP][39m [90m{"using":"xpath","value":"//*[@class = 'android.widget.EditText' and (@text = 'NIP' or . = 'NIP') and @resource-id = 'com.bcaf.mobilesurvey:id/nip']"}[39m
[35m[HTTP][39m [37m<-- POST /wd/hub/session/83de1881-eabd-4086-bda4-d23cca9801c5/elements [39m[32m200[39m [90m145 ms - 12[39m
[35m[HTTP][39m [90m[39m
