[35m[Appium][39m Welcome to Appium v1.22.2
[35m[Appium][39m Non-default server args:
[35m[Appium][39m   port: 62117
[35m[Appium][39m   loglevel: info
[35m[Appium][39m   tmpDir: C:\Users\NIAYUS~1\AppData\Local\Temp\\Katalon\Appium\Temp1645433182376
[35m[Appium][39m   chromedriverPort: 62118
[35m[Appium][39m Deprecated server args:
[35m[Appium][39m   [31m--chromedriver-port[39m => --default-capabilities
[35m[Appium][39m Default capabilities, which will be added to each request unless overridden by desired capabilities:
[35m[Appium][39m   chromedriverPort: 62118
[35m[Appium][39m Appium REST http interface listener started on 0.0.0.0:62117
[35m[HTTP][39m [37m-->[39m [37mGET[39m [37m/wd/hub/status[39m
[35m[HTTP][39m [90m{}[39m
[35m[HTTP][39m [37m<-- GET /wd/hub/status [39m[32m200[39m [90m10 ms - 68[39m
[35m[HTTP][39m [90m[39m
[35m[HTTP][39m [37m-->[39m [37mPOST[39m [37m/wd/hub/session[39m
[35m[HTTP][39m [90m{"desiredCapabilities":{"appActivity":".Settings","appPackage":"com.android.settings","newCommandTimeout":1800,"platformVersion":"11","automationName":"uiautomator2","autoGrantPermissions":true,"platformName":"Android","udid":"RR8N605F11Y","deviceName":"samsung SM-M315F (Android 11)","platform":"ANDROID","systemPort":8272},"capabilities":{"firstMatch":[{"appium:appActivity":".Settings","appium:appPackage":"com.android.settings","appium:autoGrantPermissions":true,"appium:automationName":"uiautomator2","appium:deviceName":"samsung SM-M315F (Android 11)","appium:newCommandTimeout":1800,"platform":"ANDROID","platformName":"android","appium:platformVersion":"11","appium:systemPort":8272,"appium:udid":"RR8N605F11Y"}]}}[39m
[35m[BaseDriver][39m The following capabilities are not standard capabilities and should have an extension prefix:
[35m[BaseDriver][39m   platform
[35m[BaseDriver][39m   chromedriverPort
[35m[Appium][39m Appium v1.22.2 creating new AndroidUiautomator2Driver (v1.70.1) session
[35m[BaseDriver][39m The following capabilities were provided, but are not recognized by Appium:
[35m[BaseDriver][39m   platform
[35m[BaseDriver][39m Session created with session id: 0f488777-2a64-4b57-85d1-2078450aaf8a
[35m[UiAutomator2][39m Starting 'com.android.settings' directly on the device
[35m[ADB][39m Cannot sort build-tools folders ["29.0.3","android-8.1.0"] by semantic version names.
[35m[ADB][39m Falling back to sorting by modification date. Original error: Invalid Version: android-8.1.0
[35m[ADB][39m Found 2 'build-tools' folders under 'C:\Users\Nia Yusniati\.katalon\tools\android_sdk' (newest first):
[35m[ADB][39m     C:/Users/Nia Yusniati/.katalon/tools/android_sdk/build-tools/29.0.3
[35m[ADB][39m     C:/Users/Nia Yusniati/.katalon/tools/android_sdk/build-tools/android-8.1.0
[35m[ADB][39m Using 'adb.exe' from 'C:\Users\Nia Yusniati\.katalon\tools\android_sdk\platform-tools\adb.exe'
[35m[AndroidDriver][39m Retrieving device list
[35m[AndroidDriver][39m Using device: RR8N605F11Y
[35m[ADB][39m Using 'adb.exe' from 'C:\Users\Nia Yusniati\.katalon\tools\android_sdk\platform-tools\adb.exe'
[35m[ADB][39m Getting device platform version
[35m[UiAutomator2][39m Relaxing hidden api policy
[35m[AndroidDriver][39m No app sent in, not parsing package/activity
[35m[ADB][39m Using 'apksigner.jar' from 'C:\Users\Nia Yusniati\.katalon\tools\android_sdk\build-tools\29.0.3\lib\apksigner.jar'
[35m[ADB][39m 'C:\Users\Nia Yusniati\AppData\Roaming\npm\node_modules\appium\node_modules\appium-uiautomator2-server\apks\appium-uiautomator2-server-v4.27.0.apk' is signed with the default certificate
[35m[ADB][39m 'C:\Users\Nia Yusniati\AppData\Roaming\npm\node_modules\appium\node_modules\appium-uiautomator2-server\apks\appium-uiautomator2-server-debug-androidTest.apk' is signed with the default certificate
[35m[UiAutomator2][39m Server packages are not going to be (re)installed
[35m[ADB][39m Adding packages ["io.appium.settings","io.appium.uiautomator2.server","io.appium.uiautomator2.server.test"] to Doze whitelist
[35m[UiAutomator2][39m Starting UIAutomator2 server 4.27.0
[35m[UiAutomator2][39m Using UIAutomator2 server from 'C:\Users\Nia Yusniati\AppData\Roaming\npm\node_modules\appium\node_modules\appium-uiautomator2-server\apks\appium-uiautomator2-server-v4.27.0.apk' and test from 'C:\Users\Nia Yusniati\AppData\Roaming\npm\node_modules\appium\node_modules\appium-uiautomator2-server\apks\appium-uiautomator2-server-debug-androidTest.apk'
[35m[UiAutomator2][39m Waiting up to 30000ms for UiAutomator2 to be online...
[35m[WD Proxy][39m socket hang up
[35m[WD Proxy][39m socket hang up
[35m[WD Proxy][39m socket hang up
[35m[WD Proxy][39m Determined the downstream protocol as 'W3C'
[35m[AndroidDriver][39m Screen already unlocked, doing nothing
[35m[UiAutomator2][39m Starting 'com.android.settings/.Settings and waiting for 'com.android.settings/.Settings'
[35m[Appium][39m New AndroidUiautomator2Driver session created successfully, session 0f488777-2a64-4b57-85d1-2078450aaf8a added to master session list
[35m[HTTP][39m [37m<-- POST /wd/hub/session [39m[32m200[39m [90m10684 ms - 1158[39m
[35m[HTTP][39m [90m[39m
[35m[HTTP][39m [37m-->[39m [37mGET[39m [37m/wd/hub/session/0f488777-2a64-4b57-85d1-2078450aaf8a[39m
[35m[HTTP][39m [90m{}[39m
[35m[HTTP][39m [37m<-- GET /wd/hub/session/0f488777-2a64-4b57-85d1-2078450aaf8a [39m[32m200[39m [90m12 ms - 1112[39m
[35m[HTTP][39m [90m[39m
[35m[HTTP][39m [37m-->[39m [37mGET[39m [37m/wd/hub/session/0f488777-2a64-4b57-85d1-2078450aaf8a[39m
[35m[HTTP][39m [90m{}[39m
[35m[HTTP][39m [37m<-- GET /wd/hub/session/0f488777-2a64-4b57-85d1-2078450aaf8a [39m[32m200[39m [90m10 ms - 1112[39m
[35m[HTTP][39m [90m[39m
[35m[HTTP][39m [37m-->[39m [37mGET[39m [37m/wd/hub/status[39m
[35m[HTTP][39m [90m{}[39m
[35m[HTTP][39m [37m<-- GET /wd/hub/status [39m[32m200[39m [90m1 ms - 68[39m
[35m[HTTP][39m [90m[39m
[35m[HTTP][39m [37m-->[39m [37mPOST[39m [37m/wd/hub/session/0f488777-2a64-4b57-85d1-2078450aaf8a/timeouts[39m
[35m[HTTP][39m [90m{"implicit":30000}[39m
[35m[HTTP][39m [37m<-- POST /wd/hub/session/0f488777-2a64-4b57-85d1-2078450aaf8a/timeouts [39m[32m200[39m [90m4 ms - 14[39m
[35m[HTTP][39m [90m[39m
[35m[HTTP][39m [37m-->[39m [37mGET[39m [37m/wd/hub/session/0f488777-2a64-4b57-85d1-2078450aaf8a/screenshot[39m
[35m[HTTP][39m [90m{}[39m
[35m[HTTP][39m [37m<-- GET /wd/hub/session/0f488777-2a64-4b57-85d1-2078450aaf8a/screenshot [39m[32m200[39m [90m576 ms - 190320[39m
[35m[HTTP][39m [90m[39m
[35m[HTTP][39m [37m-->[39m [37mGET[39m [37m/wd/hub/session/0f488777-2a64-4b57-85d1-2078450aaf8a/window/rect[39m
[35m[HTTP][39m [90m{}[39m
[35m[HTTP][39m [37m<-- GET /wd/hub/session/0f488777-2a64-4b57-85d1-2078450aaf8a/window/rect [39m[32m200[39m [90m35 ms - 50[39m
[35m[HTTP][39m [90m[39m
[35m[HTTP][39m [37m-->[39m [37mGET[39m [37m/wd/hub/session/0f488777-2a64-4b57-85d1-2078450aaf8a/appium/device/system_bars[39m
[35m[HTTP][39m [90m{}[39m
[35m[HTTP][39m [37m<-- GET /wd/hub/session/0f488777-2a64-4b57-85d1-2078450aaf8a/appium/device/system_bars [39m[32m200[39m [90m156 ms - 148[39m
[35m[HTTP][39m [90m[39m
[35m[HTTP][39m [37m-->[39m [37mPOST[39m [37m/wd/hub/session/0f488777-2a64-4b57-85d1-2078450aaf8a/appium/device/activate_app[39m
[35m[HTTP][39m [90m{"bundleId":"com.bcaf.mobilesurvey"}[39m
[35m[HTTP][39m [37m<-- POST /wd/hub/session/0f488777-2a64-4b57-85d1-2078450aaf8a/appium/device/activate_app [39m[32m200[39m [90m593 ms - 14[39m
[35m[HTTP][39m [90m[39m
[35m[HTTP][39m [37m-->[39m [37mPOST[39m [37m/wd/hub/session/0f488777-2a64-4b57-85d1-2078450aaf8a/timeouts[39m
[35m[HTTP][39m [90m{"implicit":50}[39m
[35m[HTTP][39m [37m<-- POST /wd/hub/session/0f488777-2a64-4b57-85d1-2078450aaf8a/timeouts [39m[32m200[39m [90m3 ms - 14[39m
[35m[HTTP][39m [90m[39m
[35m[HTTP][39m [37m-->[39m [37mGET[39m [37m/wd/hub/session/0f488777-2a64-4b57-85d1-2078450aaf8a/window/rect[39m
[35m[HTTP][39m [90m{}[39m
[35m[HTTP][39m [37m<-- GET /wd/hub/session/0f488777-2a64-4b57-85d1-2078450aaf8a/window/rect [39m[32m200[39m [90m20 ms - 50[39m
[35m[HTTP][39m [90m[39m
[35m[HTTP][39m [37m-->[39m [37mPOST[39m [37m/wd/hub/session/0f488777-2a64-4b57-85d1-2078450aaf8a/elements[39m
[35m[HTTP][39m [90m{"using":"xpath","value":"//*[@class = 'android.widget.EditText' and (@text = 'NIP' or . = 'NIP') and @resource-id = 'com.bcaf.mobilesurvey:id/nip']"}[39m
[35m[HTTP][39m [37m<-- POST /wd/hub/session/0f488777-2a64-4b57-85d1-2078450aaf8a/elements [39m[32m200[39m [90m518 ms - 139[39m
[35m[HTTP][39m [90m[39m
[35m[HTTP][39m [37m-->[39m [37mGET[39m [37m/wd/hub/session/0f488777-2a64-4b57-85d1-2078450aaf8a/element/00000000-0000-0ab7-ffff-ffff000015d1/location[39m
[35m[HTTP][39m [90m{}[39m
[35m[W3C (0f488777)][39m Driver proxy active, passing request on via HTTP proxy
[35m[WD Proxy][39m Replacing sessionId a6b1c00f-80d4-4e85-ab89-6ac19aa7a8e5 with 0f488777-2a64-4b57-85d1-2078450aaf8a
[35m[HTTP][39m [37m<-- GET /wd/hub/session/0f488777-2a64-4b57-85d1-2078450aaf8a/element/00000000-0000-0ab7-ffff-ffff000015d1/location [39m[32m200[39m [90m37 ms - 78[39m
[35m[HTTP][39m [90m[39m
[35m[HTTP][39m [37m-->[39m [37mPOST[39m [37m/wd/hub/session/0f488777-2a64-4b57-85d1-2078450aaf8a/timeouts[39m
[35m[HTTP][39m [90m{"implicit":30000}[39m
[35m[HTTP][39m [37m<-- POST /wd/hub/session/0f488777-2a64-4b57-85d1-2078450aaf8a/timeouts [39m[32m200[39m [90m1 ms - 14[39m
[35m[HTTP][39m [90m[39m
[35m[HTTP][39m [37m-->[39m [37mPOST[39m [37m/wd/hub/session/0f488777-2a64-4b57-85d1-2078450aaf8a/element/00000000-0000-0ab7-ffff-ffff000015d1/clear[39m
[35m[HTTP][39m [90m{"id":"00000000-0000-0ab7-ffff-ffff000015d1"}[39m
[35m[HTTP][39m [37m<-- POST /wd/hub/session/0f488777-2a64-4b57-85d1-2078450aaf8a/element/00000000-0000-0ab7-ffff-ffff000015d1/clear [39m[32m200[39m [90m37 ms - 14[39m
[35m[HTTP][39m [90m[39m
[35m[HTTP][39m [37m-->[39m [37mPOST[39m [37m/wd/hub/session/0f488777-2a64-4b57-85d1-2078450aaf8a/element/00000000-0000-0ab7-ffff-ffff000015d1/value[39m
[35m[HTTP][39m [90m{"id":"00000000-0000-0ab7-ffff-ffff000015d1","text":"20211002","value":["2","0","2","1","1","0","0","2"]}[39m
[35m[HTTP][39m [37m<-- POST /wd/hub/session/0f488777-2a64-4b57-85d1-2078450aaf8a/element/00000000-0000-0ab7-ffff-ffff000015d1/value [39m[32m200[39m [90m581 ms - 14[39m
[35m[HTTP][39m [90m[39m
[35m[HTTP][39m [37m-->[39m [37mPOST[39m [37m/wd/hub/session/0f488777-2a64-4b57-85d1-2078450aaf8a/timeouts[39m
[35m[HTTP][39m [90m{"implicit":50}[39m
[35m[HTTP][39m [37m<-- POST /wd/hub/session/0f488777-2a64-4b57-85d1-2078450aaf8a/timeouts [39m[32m200[39m [90m2 ms - 14[39m
[35m[HTTP][39m [90m[39m
[35m[HTTP][39m [37m-->[39m [37mGET[39m [37m/wd/hub/session/0f488777-2a64-4b57-85d1-2078450aaf8a/window/rect[39m
[35m[HTTP][39m [90m{}[39m
[35m[HTTP][39m [37m<-- GET /wd/hub/session/0f488777-2a64-4b57-85d1-2078450aaf8a/window/rect [39m[32m200[39m [90m39 ms - 50[39m
[35m[HTTP][39m [90m[39m
[35m[HTTP][39m [37m-->[39m [37mPOST[39m [37m/wd/hub/session/0f488777-2a64-4b57-85d1-2078450aaf8a/elements[39m
[35m[HTTP][39m [90m{"using":"xpath","value":"//*[@class = 'android.widget.EditText' and (@text = 'Password' or . = 'Password') and @resource-id = 'com.bcaf.mobilesurvey:id/password']"}[39m
[35m[HTTP][39m [37m<-- POST /wd/hub/session/0f488777-2a64-4b57-85d1-2078450aaf8a/elements [39m[32m200[39m [90m416 ms - 139[39m
[35m[HTTP][39m [90m[39m
[35m[HTTP][39m [37m-->[39m [37mGET[39m [37m/wd/hub/session/0f488777-2a64-4b57-85d1-2078450aaf8a/element/00000000-0000-0ab7-ffff-ffff000015dd/location[39m
[35m[HTTP][39m [90m{}[39m
[35m[W3C (0f488777)][39m Driver proxy active, passing request on via HTTP proxy
[35m[WD Proxy][39m Replacing sessionId a6b1c00f-80d4-4e85-ab89-6ac19aa7a8e5 with 0f488777-2a64-4b57-85d1-2078450aaf8a
[35m[HTTP][39m [37m<-- GET /wd/hub/session/0f488777-2a64-4b57-85d1-2078450aaf8a/element/00000000-0000-0ab7-ffff-ffff000015dd/location [39m[32m200[39m [90m415 ms - 78[39m
[35m[HTTP][39m [90m[39m
[35m[HTTP][39m [37m-->[39m [37mPOST[39m [37m/wd/hub/session/0f488777-2a64-4b57-85d1-2078450aaf8a/timeouts[39m
[35m[HTTP][39m [90m{"implicit":30000}[39m
[35m[HTTP][39m [37m<-- POST /wd/hub/session/0f488777-2a64-4b57-85d1-2078450aaf8a/timeouts [39m[32m200[39m [90m1 ms - 14[39m
[35m[HTTP][39m [90m[39m
[35m[HTTP][39m [37m-->[39m [37mPOST[39m [37m/wd/hub/session/0f488777-2a64-4b57-85d1-2078450aaf8a/element/00000000-0000-0ab7-ffff-ffff000015dd/clear[39m
[35m[HTTP][39m [90m{"id":"00000000-0000-0ab7-ffff-ffff000015dd"}[39m
[35m[HTTP][39m [37m<-- POST /wd/hub/session/0f488777-2a64-4b57-85d1-2078450aaf8a/element/00000000-0000-0ab7-ffff-ffff000015dd/clear [39m[32m200[39m [90m116 ms - 14[39m
[35m[HTTP][39m [90m[39m
[35m[HTTP][39m [37m-->[39m [37mPOST[39m [37m/wd/hub/session/0f488777-2a64-4b57-85d1-2078450aaf8a/element/00000000-0000-0ab7-ffff-ffff000015dd/value[39m
[35m[HTTP][39m [90m{"id":"00000000-0000-0ab7-ffff-ffff000015dd","text":"mobile123+","value":["m","o","b","i","l","e","1","2","3","+"]}[39m
[35m[HTTP][39m [37m<-- POST /wd/hub/session/0f488777-2a64-4b57-85d1-2078450aaf8a/element/00000000-0000-0ab7-ffff-ffff000015dd/value [39m[32m200[39m [90m1175 ms - 14[39m
[35m[HTTP][39m [90m[39m
[35m[HTTP][39m [37m-->[39m [37mPOST[39m [37m/wd/hub/session/0f488777-2a64-4b57-85d1-2078450aaf8a/timeouts[39m
[35m[HTTP][39m [90m{"implicit":50}[39m
[35m[HTTP][39m [37m<-- POST /wd/hub/session/0f488777-2a64-4b57-85d1-2078450aaf8a/timeouts [39m[32m200[39m [90m2 ms - 14[39m
[35m[HTTP][39m [90m[39m
[35m[HTTP][39m [37m-->[39m [37mGET[39m [37m/wd/hub/session/0f488777-2a64-4b57-85d1-2078450aaf8a/window/rect[39m
[35m[HTTP][39m [90m{}[39m
[35m[HTTP][39m [37m<-- GET /wd/hub/session/0f488777-2a64-4b57-85d1-2078450aaf8a/window/rect [39m[32m200[39m [90m20 ms - 50[39m
[35m[HTTP][39m [90m[39m
[35m[HTTP][39m [37m-->[39m [37mPOST[39m [37m/wd/hub/session/0f488777-2a64-4b57-85d1-2078450aaf8a/elements[39m
[35m[HTTP][39m [90m{"using":"xpath","value":"//*[@class = 'android.widget.CheckBox' and (@text = 'Remember Me' or . = 'Remember Me') and @resource-id = 'com.bcaf.mobilesurvey:id/rememberMe']"}[39m
[35m[HTTP][39m [37m<-- POST /wd/hub/session/0f488777-2a64-4b57-85d1-2078450aaf8a/elements [39m[32m200[39m [90m561 ms - 139[39m
[35m[HTTP][39m [90m[39m
[35m[HTTP][39m [37m-->[39m [37mGET[39m [37m/wd/hub/session/0f488777-2a64-4b57-85d1-2078450aaf8a/element/00000000-0000-0ab7-ffff-ffff000015e6/location[39m
[35m[HTTP][39m [90m{}[39m
[35m[W3C (0f488777)][39m Driver proxy active, passing request on via HTTP proxy
[35m[WD Proxy][39m Replacing sessionId a6b1c00f-80d4-4e85-ab89-6ac19aa7a8e5 with 0f488777-2a64-4b57-85d1-2078450aaf8a
[35m[HTTP][39m [37m<-- GET /wd/hub/session/0f488777-2a64-4b57-85d1-2078450aaf8a/element/00000000-0000-0ab7-ffff-ffff000015e6/location [39m[32m200[39m [90m28 ms - 78[39m
[35m[HTTP][39m [90m[39m
[35m[HTTP][39m [37m-->[39m [37mPOST[39m [37m/wd/hub/session/0f488777-2a64-4b57-85d1-2078450aaf8a/timeouts[39m
[35m[HTTP][39m [90m{"implicit":30000}[39m
[35m[HTTP][39m [37m<-- POST /wd/hub/session/0f488777-2a64-4b57-85d1-2078450aaf8a/timeouts [39m[32m200[39m [90m1 ms - 14[39m
[35m[HTTP][39m [90m[39m
[35m[HTTP][39m [37m-->[39m [37mPOST[39m [37m/wd/hub/session/0f488777-2a64-4b57-85d1-2078450aaf8a/touch/perform[39m
[35m[HTTP][39m [90m{"actions":[{"action":"tap","options":{"x":1,"y":1,"element":"00000000-0000-0ab7-ffff-ffff000015e6"}},{"action":"release","options":{}}]}[39m
[35m[UiAutomator2][39m calling get location: 00000000-0000-0ab7-ffff-ffff000015e6
[35m[HTTP][39m [37m<-- POST /wd/hub/session/0f488777-2a64-4b57-85d1-2078450aaf8a/touch/perform [39m[32m200[39m [90m295 ms - 14[39m
[35m[HTTP][39m [90m[39m
[35m[HTTP][39m [37m-->[39m [37mGET[39m [37m/wd/hub/session/0f488777-2a64-4b57-85d1-2078450aaf8a/context[39m
[35m[HTTP][39m [90m{}[39m
[35m[HTTP][39m [37m<-- GET /wd/hub/session/0f488777-2a64-4b57-85d1-2078450aaf8a/context [39m[32m200[39m [90m1 ms - 22[39m
[35m[HTTP][39m [90m[39m
[35m[HTTP][39m [37m-->[39m [37mGET[39m [37m/wd/hub/session/0f488777-2a64-4b57-85d1-2078450aaf8a/contexts[39m
[35m[HTTP][39m [90m{}[39m
[35m[HTTP][39m [37m<-- GET /wd/hub/session/0f488777-2a64-4b57-85d1-2078450aaf8a/contexts [39m[32m200[39m [90m106 ms - 24[39m
[35m[HTTP][39m [90m[39m
[35m[HTTP][39m [37m-->[39m [37mPOST[39m [37m/wd/hub/session/0f488777-2a64-4b57-85d1-2078450aaf8a/context[39m
[35m[HTTP][39m [90m{"name":"NATIVE_APP"}[39m
[35m[HTTP][39m [37m<-- POST /wd/hub/session/0f488777-2a64-4b57-85d1-2078450aaf8a/context [39m[32m200[39m [90m1 ms - 14[39m
[35m[HTTP][39m [90m[39m
[35m[HTTP][39m [37m-->[39m [37mPOST[39m [37m/wd/hub/session/0f488777-2a64-4b57-85d1-2078450aaf8a/appium/device/hide_keyboard[39m
[35m[HTTP][39m [90m{}[39m
[35m[HTTP][39m [37m<-- POST /wd/hub/session/0f488777-2a64-4b57-85d1-2078450aaf8a/appium/device/hide_keyboard [39m[32m200[39m [90m3338 ms - 14[39m
[35m[HTTP][39m [90m[39m
[35m[HTTP][39m [37m-->[39m [37mPOST[39m [37m/wd/hub/session/0f488777-2a64-4b57-85d1-2078450aaf8a/context[39m
[35m[HTTP][39m [90m{"name":"NATIVE_APP"}[39m
[35m[HTTP][39m [37m<-- POST /wd/hub/session/0f488777-2a64-4b57-85d1-2078450aaf8a/context [39m[32m200[39m [90m1 ms - 14[39m
[35m[HTTP][39m [90m[39m
[35m[HTTP][39m [37m-->[39m [37mGET[39m [37m/wd/hub/session/0f488777-2a64-4b57-85d1-2078450aaf8a/context[39m
[35m[HTTP][39m [90m{}[39m
[35m[HTTP][39m [37m<-- GET /wd/hub/session/0f488777-2a64-4b57-85d1-2078450aaf8a/context [39m[32m200[39m [90m5 ms - 22[39m
[35m[HTTP][39m [90m[39m
[35m[HTTP][39m [37m-->[39m [37mGET[39m [37m/wd/hub/session/0f488777-2a64-4b57-85d1-2078450aaf8a/contexts[39m
[35m[HTTP][39m [90m{}[39m
[35m[HTTP][39m [37m<-- GET /wd/hub/session/0f488777-2a64-4b57-85d1-2078450aaf8a/contexts [39m[32m200[39m [90m106 ms - 24[39m
[35m[HTTP][39m [90m[39m
[35m[HTTP][39m [37m-->[39m [37mPOST[39m [37m/wd/hub/session/0f488777-2a64-4b57-85d1-2078450aaf8a/context[39m
[35m[HTTP][39m [90m{"name":"NATIVE_APP"}[39m
[35m[HTTP][39m [37m<-- POST /wd/hub/session/0f488777-2a64-4b57-85d1-2078450aaf8a/context [39m[32m200[39m [90m1 ms - 14[39m
[35m[HTTP][39m [90m[39m
[35m[HTTP][39m [37m-->[39m [37mGET[39m [37m/wd/hub/session/0f488777-2a64-4b57-85d1-2078450aaf8a/window/rect[39m
[35m[HTTP][39m [90m{}[39m
[35m[HTTP][39m [37m<-- GET /wd/hub/session/0f488777-2a64-4b57-85d1-2078450aaf8a/window/rect [39m[32m200[39m [90m35 ms - 50[39m
[35m[HTTP][39m [90m[39m
[35m[HTTP][39m [37m-->[39m [37mPOST[39m [37m/wd/hub/session/0f488777-2a64-4b57-85d1-2078450aaf8a/execute/sync[39m
[35m[HTTP][39m [90m{"script":"mobile: viewportScreenshot","args":[]}[39m
[35m[AndroidDriver][39m Executing native command 'mobile: viewportScreenshot'
[35m[HTTP][39m [37m<-- POST /wd/hub/session/0f488777-2a64-4b57-85d1-2078450aaf8a/execute/sync [39m[32m200[39m [90m1515 ms - 113844[39m
[35m[HTTP][39m [90m[39m
[35m[HTTP][39m [37m-->[39m [37mPOST[39m [37m/wd/hub/session/0f488777-2a64-4b57-85d1-2078450aaf8a/context[39m
[35m[HTTP][39m [90m{"name":"NATIVE_APP"}[39m
[35m[HTTP][39m [37m<-- POST /wd/hub/session/0f488777-2a64-4b57-85d1-2078450aaf8a/context [39m[32m200[39m [90m1 ms - 14[39m
[35m[HTTP][39m [90m[39m
[35m[HTTP][39m [37m-->[39m [37mPOST[39m [37m/wd/hub/session/0f488777-2a64-4b57-85d1-2078450aaf8a/timeouts[39m
[35m[HTTP][39m [90m{"implicit":50}[39m
[35m[HTTP][39m [37m<-- POST /wd/hub/session/0f488777-2a64-4b57-85d1-2078450aaf8a/timeouts [39m[32m200[39m [90m2 ms - 14[39m
[35m[HTTP][39m [90m[39m
[35m[HTTP][39m [37m-->[39m [37mGET[39m [37m/wd/hub/session/0f488777-2a64-4b57-85d1-2078450aaf8a/window/rect[39m
[35m[HTTP][39m [90m{}[39m
[35m[HTTP][39m [37m<-- GET /wd/hub/session/0f488777-2a64-4b57-85d1-2078450aaf8a/window/rect [39m[32m200[39m [90m36 ms - 50[39m
[35m[HTTP][39m [90m[39m
[35m[HTTP][39m [37m-->[39m [37mPOST[39m [37m/wd/hub/session/0f488777-2a64-4b57-85d1-2078450aaf8a/elements[39m
[35m[HTTP][39m [90m{"using":"xpath","value":"//*[@class = 'android.widget.Button' and (@text = 'LOGIN' or . = 'LOGIN') and @resource-id = 'com.bcaf.mobilesurvey:id/login']"}[39m
[35m[HTTP][39m [37m<-- POST /wd/hub/session/0f488777-2a64-4b57-85d1-2078450aaf8a/elements [39m[32m200[39m [90m371 ms - 139[39m
[35m[HTTP][39m [90m[39m
[35m[HTTP][39m [37m-->[39m [37mGET[39m [37m/wd/hub/session/0f488777-2a64-4b57-85d1-2078450aaf8a/element/00000000-0000-0ab7-ffff-ffff000015e7/location[39m
[35m[HTTP][39m [90m{}[39m
[35m[W3C (0f488777)][39m Driver proxy active, passing request on via HTTP proxy
[35m[WD Proxy][39m Replacing sessionId a6b1c00f-80d4-4e85-ab89-6ac19aa7a8e5 with 0f488777-2a64-4b57-85d1-2078450aaf8a
[35m[HTTP][39m [37m<-- GET /wd/hub/session/0f488777-2a64-4b57-85d1-2078450aaf8a/element/00000000-0000-0ab7-ffff-ffff000015e7/location [39m[32m200[39m [90m42 ms - 79[39m
[35m[HTTP][39m [90m[39m
[35m[HTTP][39m [37m-->[39m [37mPOST[39m [37m/wd/hub/session/0f488777-2a64-4b57-85d1-2078450aaf8a/timeouts[39m
[35m[HTTP][39m [90m{"implicit":30000}[39m
[35m[HTTP][39m [37m<-- POST /wd/hub/session/0f488777-2a64-4b57-85d1-2078450aaf8a/timeouts [39m[32m200[39m [90m1 ms - 14[39m
[35m[HTTP][39m [90m[39m
[35m[HTTP][39m [37m-->[39m [37mPOST[39m [37m/wd/hub/session/0f488777-2a64-4b57-85d1-2078450aaf8a/touch/perform[39m
[35m[HTTP][39m [90m{"actions":[{"action":"tap","options":{"x":1,"y":1,"element":"00000000-0000-0ab7-ffff-ffff000015e7"}},{"action":"release","options":{}}]}[39m
[35m[UiAutomator2][39m calling get location: 00000000-0000-0ab7-ffff-ffff000015e7
[35m[HTTP][39m [37m<-- POST /wd/hub/session/0f488777-2a64-4b57-85d1-2078450aaf8a/touch/perform [39m[32m200[39m [90m294 ms - 14[39m
[35m[HTTP][39m [90m[39m
[35m[HTTP][39m [37m-->[39m [37mGET[39m [37m/wd/hub/status[39m
[35m[HTTP][39m [90m{}[39m
[35m[HTTP][39m [37m<-- GET /wd/hub/status [39m[32m200[39m [90m1 ms - 68[39m
[35m[HTTP][39m [90m[39m
[35m[HTTP][39m [37m-->[39m [37mPOST[39m [37m/wd/hub/session[39m
[35m[HTTP][39m [90m{"desiredCapabilities":{"appActivity":".Settings","appPackage":"com.android.settings","newCommandTimeout":1800,"platformVersion":"11","automationName":"uiautomator2","autoGrantPermissions":true,"platformName":"Android","udid":"RR8N605F11Y","deviceName":"samsung SM-M315F (Android 11)","platform":"ANDROID","systemPort":8268},"capabilities":{"firstMatch":[{"appium:appActivity":".Settings","appium:appPackage":"com.android.settings","appium:autoGrantPermissions":true,"appium:automationName":"uiautomator2","appium:deviceName":"samsung SM-M315F (Android 11)","appium:newCommandTimeout":1800,"platform":"ANDROID","platformName":"android","appium:platformVersion":"11","appium:systemPort":8268,"appium:udid":"RR8N605F11Y"}]}}[39m
[35m[BaseDriver][39m The following capabilities are not standard capabilities and should have an extension prefix:
[35m[BaseDriver][39m   platform
[35m[BaseDriver][39m   chromedriverPort
[35m[Appium][39m Appium v1.22.2 creating new AndroidUiautomator2Driver (v1.70.1) session
[35m[BaseDriver][39m The following capabilities were provided, but are not recognized by Appium:
[35m[BaseDriver][39m   platform
[35m[BaseDriver][39m Session created with session id: 9c590fab-ba27-49d4-8fb4-ae8233a737fb
[35m[UiAutomator2][39m Starting 'com.android.settings' directly on the device
[35m[ADB][39m Using 'adb.exe' from 'C:\Users\Nia Yusniati\.katalon\tools\android_sdk\platform-tools\adb.exe'
[35m[AndroidDriver][39m Retrieving device list
[35m[AndroidDriver][39m Using device: RR8N605F11Y
[35m[ADB][39m Using 'adb.exe' from 'C:\Users\Nia Yusniati\.katalon\tools\android_sdk\platform-tools\adb.exe'
[35m[ADB][39m Getting device platform version
[35m[UiAutomator2][39m Relaxing hidden api policy
[35m[AndroidDriver][39m No app sent in, not parsing package/activity
[35m[UiAutomator2][39m Server packages are not going to be (re)installed
[35m[ADB][39m Adding packages ["io.appium.settings","io.appium.uiautomator2.server","io.appium.uiautomator2.server.test"] to Doze whitelist
[35m[UiAutomator2][39m Starting UIAutomator2 server 4.27.0
[35m[UiAutomator2][39m Using UIAutomator2 server from 'C:\Users\Nia Yusniati\AppData\Roaming\npm\node_modules\appium\node_modules\appium-uiautomator2-server\apks\appium-uiautomator2-server-v4.27.0.apk' and test from 'C:\Users\Nia Yusniati\AppData\Roaming\npm\node_modules\appium\node_modules\appium-uiautomator2-server\apks\appium-uiautomator2-server-debug-androidTest.apk'
[35m[UiAutomator2][39m Waiting up to 30000ms for UiAutomator2 to be online...
[35m[WD Proxy][39m socket hang up
[35m[WD Proxy][39m socket hang up
[35m[WD Proxy][39m socket hang up
[35m[WD Proxy][39m socket hang up
[35m[WD Proxy][39m Determined the downstream protocol as 'W3C'
[35m[AndroidDriver][39m Screen already unlocked, doing nothing
[35m[UiAutomator2][39m Starting 'com.android.settings/.Settings and waiting for 'com.android.settings/.Settings'
[35m[Appium][39m New AndroidUiautomator2Driver session created successfully, session 9c590fab-ba27-49d4-8fb4-ae8233a737fb added to master session list
[35m[HTTP][39m [37m<-- POST /wd/hub/session [39m[32m200[39m [90m10522 ms - 1158[39m
[35m[HTTP][39m [90m[39m
[35m[HTTP][39m [37m-->[39m [37mGET[39m [37m/wd/hub/session/9c590fab-ba27-49d4-8fb4-ae8233a737fb[39m
[35m[HTTP][39m [90m{}[39m
[35m[HTTP][39m [37m<-- GET /wd/hub/session/9c590fab-ba27-49d4-8fb4-ae8233a737fb [39m[32m200[39m [90m11 ms - 1112[39m
[35m[HTTP][39m [90m[39m
[35m[HTTP][39m [37m-->[39m [37mGET[39m [37m/wd/hub/session/9c590fab-ba27-49d4-8fb4-ae8233a737fb[39m
[35m[HTTP][39m [90m{}[39m
[35m[HTTP][39m [37m<-- GET /wd/hub/session/9c590fab-ba27-49d4-8fb4-ae8233a737fb [39m[32m200[39m [90m9 ms - 1112[39m
[35m[HTTP][39m [90m[39m
[35m[HTTP][39m [37m-->[39m [37mGET[39m [37m/wd/hub/status[39m
[35m[HTTP][39m [90m{}[39m
[35m[HTTP][39m [37m<-- GET /wd/hub/status [39m[32m200[39m [90m1 ms - 68[39m
[35m[HTTP][39m [90m[39m
[35m[HTTP][39m [37m-->[39m [37mPOST[39m [37m/wd/hub/session/9c590fab-ba27-49d4-8fb4-ae8233a737fb/timeouts[39m
[35m[HTTP][39m [90m{"implicit":30000}[39m
[35m[HTTP][39m [37m<-- POST /wd/hub/session/9c590fab-ba27-49d4-8fb4-ae8233a737fb/timeouts [39m[32m200[39m [90m1 ms - 14[39m
[35m[HTTP][39m [90m[39m
[35m[HTTP][39m [37m-->[39m [37mGET[39m [37m/wd/hub/session/9c590fab-ba27-49d4-8fb4-ae8233a737fb/screenshot[39m
[35m[HTTP][39m [90m{}[39m
[35m[HTTP][39m [37m<-- GET /wd/hub/session/9c590fab-ba27-49d4-8fb4-ae8233a737fb/screenshot [39m[32m200[39m [90m545 ms - 189640[39m
[35m[HTTP][39m [90m[39m
[35m[HTTP][39m [37m-->[39m [37mGET[39m [37m/wd/hub/session/9c590fab-ba27-49d4-8fb4-ae8233a737fb/window/rect[39m
[35m[HTTP][39m [90m{}[39m
[35m[HTTP][39m [37m<-- GET /wd/hub/session/9c590fab-ba27-49d4-8fb4-ae8233a737fb/window/rect [39m[32m200[39m [90m9 ms - 50[39m
[35m[HTTP][39m [90m[39m
[35m[HTTP][39m [37m-->[39m [37mGET[39m [37m/wd/hub/session/9c590fab-ba27-49d4-8fb4-ae8233a737fb/appium/device/system_bars[39m
[35m[HTTP][39m [90m{}[39m
[35m[HTTP][39m [37m<-- GET /wd/hub/session/9c590fab-ba27-49d4-8fb4-ae8233a737fb/appium/device/system_bars [39m[32m200[39m [90m86 ms - 148[39m
[35m[HTTP][39m [90m[39m
[35m[HTTP][39m [37m-->[39m [37mPOST[39m [37m/wd/hub/session/9c590fab-ba27-49d4-8fb4-ae8233a737fb/appium/device/activate_app[39m
[35m[HTTP][39m [90m{"bundleId":"com.bcaf.mobilesurvey"}[39m
[35m[HTTP][39m [37m<-- POST /wd/hub/session/9c590fab-ba27-49d4-8fb4-ae8233a737fb/appium/device/activate_app [39m[32m200[39m [90m568 ms - 14[39m
[35m[HTTP][39m [90m[39m
[35m[HTTP][39m [37m-->[39m [37mGET[39m [37m/wd/hub/session/9c590fab-ba27-49d4-8fb4-ae8233a737fb/context[39m
[35m[HTTP][39m [90m{}[39m
[35m[HTTP][39m [37m<-- GET /wd/hub/session/9c590fab-ba27-49d4-8fb4-ae8233a737fb/context [39m[32m200[39m [90m2 ms - 22[39m
[35m[HTTP][39m [90m[39m
[35m[HTTP][39m [37m-->[39m [37mGET[39m [37m/wd/hub/session/9c590fab-ba27-49d4-8fb4-ae8233a737fb/contexts[39m
[35m[HTTP][39m [90m{}[39m
[35m[HTTP][39m [37m<-- GET /wd/hub/session/9c590fab-ba27-49d4-8fb4-ae8233a737fb/contexts [39m[32m200[39m [90m186 ms - 24[39m
[35m[HTTP][39m [90m[39m
[35m[HTTP][39m [37m-->[39m [37mPOST[39m [37m/wd/hub/session/9c590fab-ba27-49d4-8fb4-ae8233a737fb/context[39m
[35m[HTTP][39m [90m{"name":"NATIVE_APP"}[39m
[35m[HTTP][39m [37m<-- POST /wd/hub/session/9c590fab-ba27-49d4-8fb4-ae8233a737fb/context [39m[32m200[39m [90m1 ms - 14[39m
[35m[HTTP][39m [90m[39m
[35m[HTTP][39m [37m-->[39m [37mGET[39m [37m/wd/hub/session/9c590fab-ba27-49d4-8fb4-ae8233a737fb/window/rect[39m
[35m[HTTP][39m [90m{}[39m
[35m[HTTP][39m [37m<-- GET /wd/hub/session/9c590fab-ba27-49d4-8fb4-ae8233a737fb/window/rect [39m[32m200[39m [90m20 ms - 50[39m
[35m[HTTP][39m [90m[39m
[35m[HTTP][39m [37m-->[39m [37mPOST[39m [37m/wd/hub/session/9c590fab-ba27-49d4-8fb4-ae8233a737fb/execute/sync[39m
[35m[HTTP][39m [90m{"script":"mobile: viewportScreenshot","args":[]}[39m
[35m[AndroidDriver][39m Executing native command 'mobile: viewportScreenshot'
[35m[HTTP][39m [37m<-- POST /wd/hub/session/9c590fab-ba27-49d4-8fb4-ae8233a737fb/execute/sync [39m[32m200[39m [90m1256 ms - 178592[39m
[35m[HTTP][39m [90m[39m
[35m[HTTP][39m [37m-->[39m [37mPOST[39m [37m/wd/hub/session/9c590fab-ba27-49d4-8fb4-ae8233a737fb/context[39m
[35m[HTTP][39m [90m{"name":"NATIVE_APP"}[39m
[35m[HTTP][39m [37m<-- POST /wd/hub/session/9c590fab-ba27-49d4-8fb4-ae8233a737fb/context [39m[32m200[39m [90m2 ms - 14[39m
[35m[HTTP][39m [90m[39m
[35m[HTTP][39m [37m-->[39m [37mPOST[39m [37m/wd/hub/session/9c590fab-ba27-49d4-8fb4-ae8233a737fb/timeouts[39m
[35m[HTTP][39m [90m{"implicit":50}[39m
[35m[HTTP][39m [37m<-- POST /wd/hub/session/9c590fab-ba27-49d4-8fb4-ae8233a737fb/timeouts [39m[32m200[39m [90m2 ms - 14[39m
[35m[HTTP][39m [90m[39m
[35m[HTTP][39m [37m-->[39m [37mGET[39m [37m/wd/hub/session/9c590fab-ba27-49d4-8fb4-ae8233a737fb/window/rect[39m
[35m[HTTP][39m [90m{}[39m
[35m[HTTP][39m [37m<-- GET /wd/hub/session/9c590fab-ba27-49d4-8fb4-ae8233a737fb/window/rect [39m[32m200[39m [90m34 ms - 50[39m
[35m[HTTP][39m [90m[39m
[35m[HTTP][39m [37m-->[39m [37mPOST[39m [37m/wd/hub/session/9c590fab-ba27-49d4-8fb4-ae8233a737fb/elements[39m
[35m[HTTP][39m [90m{"using":"xpath","value":"//hierarchy/android.widget.FrameLayout[1]/android.widget.LinearLayout[1]/android.widget.FrameLayout[1]/android.widget.LinearLayout[1]/android.widget.FrameLayout[1]/android.widget.RelativeLayout[1]/android.widget.ScrollView[1]/android.widget.LinearLayout[1]/android.widget.LinearLayout[1]/android.widget.LinearLayout[1]/android.widget.LinearLayout[1]/android.widget.FrameLayout[2]/android.widget.LinearLayout[1]"}[39m
[35m[HTTP][39m [37m<-- POST /wd/hub/session/9c590fab-ba27-49d4-8fb4-ae8233a737fb/elements [39m[32m200[39m [90m572 ms - 139[39m
[35m[HTTP][39m [90m[39m
[35m[HTTP][39m [37m-->[39m [37mGET[39m [37m/wd/hub/session/9c590fab-ba27-49d4-8fb4-ae8233a737fb/element/00000000-0000-0acb-ffff-ffff0000166a/location[39m
[35m[HTTP][39m [90m{}[39m
[35m[W3C (9c590fab)][39m Driver proxy active, passing request on via HTTP proxy
[35m[WD Proxy][39m Replacing sessionId bfeeb680-c258-4233-a83f-f96a7eacd374 with 9c590fab-ba27-49d4-8fb4-ae8233a737fb
[35m[HTTP][39m [37m<-- GET /wd/hub/session/9c590fab-ba27-49d4-8fb4-ae8233a737fb/element/00000000-0000-0acb-ffff-ffff0000166a/location [39m[32m200[39m [90m31 ms - 78[39m
[35m[HTTP][39m [90m[39m
[35m[HTTP][39m [37m-->[39m [37mPOST[39m [37m/wd/hub/session/9c590fab-ba27-49d4-8fb4-ae8233a737fb/timeouts[39m
[35m[HTTP][39m [90m{"implicit":30000}[39m
[35m[HTTP][39m [37m<-- POST /wd/hub/session/9c590fab-ba27-49d4-8fb4-ae8233a737fb/timeouts [39m[32m200[39m [90m2 ms - 14[39m
[35m[HTTP][39m [90m[39m
[35m[HTTP][39m [37m-->[39m [37mPOST[39m [37m/wd/hub/session/9c590fab-ba27-49d4-8fb4-ae8233a737fb/touch/perform[39m
[35m[HTTP][39m [90m{"actions":[{"action":"tap","options":{"x":1,"y":1,"element":"00000000-0000-0acb-ffff-ffff0000166a"}},{"action":"release","options":{}}]}[39m
[35m[UiAutomator2][39m calling get location: 00000000-0000-0acb-ffff-ffff0000166a
[35m[HTTP][39m [37m<-- POST /wd/hub/session/9c590fab-ba27-49d4-8fb4-ae8233a737fb/touch/perform [39m[32m200[39m [90m257 ms - 14[39m
[35m[HTTP][39m [90m[39m
[35m[HTTP][39m [37m-->[39m [37mGET[39m [37m/wd/hub/session/9c590fab-ba27-49d4-8fb4-ae8233a737fb/context[39m
[35m[HTTP][39m [90m{}[39m
[35m[HTTP][39m [37m<-- GET /wd/hub/session/9c590fab-ba27-49d4-8fb4-ae8233a737fb/context [39m[32m200[39m [90m2 ms - 22[39m
[35m[HTTP][39m [90m[39m
[35m[HTTP][39m [37m-->[39m [37mGET[39m [37m/wd/hub/session/9c590fab-ba27-49d4-8fb4-ae8233a737fb/contexts[39m
[35m[HTTP][39m [90m{}[39m
[35m[HTTP][39m [37m<-- GET /wd/hub/session/9c590fab-ba27-49d4-8fb4-ae8233a737fb/contexts [39m[32m200[39m [90m159 ms - 24[39m
[35m[HTTP][39m [90m[39m
[35m[HTTP][39m [37m-->[39m [37mPOST[39m [37m/wd/hub/session/9c590fab-ba27-49d4-8fb4-ae8233a737fb/context[39m
[35m[HTTP][39m [90m{"name":"NATIVE_APP"}[39m
[35m[HTTP][39m [37m<-- POST /wd/hub/session/9c590fab-ba27-49d4-8fb4-ae8233a737fb/context [39m[32m200[39m [90m1 ms - 14[39m
[35m[HTTP][39m [90m[39m
[35m[HTTP][39m [37m-->[39m [37mGET[39m [37m/wd/hub/session/9c590fab-ba27-49d4-8fb4-ae8233a737fb/window/rect[39m
[35m[HTTP][39m [90m{}[39m
[35m[HTTP][39m [37m<-- GET /wd/hub/session/9c590fab-ba27-49d4-8fb4-ae8233a737fb/window/rect [39m[32m200[39m [90m19 ms - 50[39m
[35m[HTTP][39m [90m[39m
[35m[HTTP][39m [37m-->[39m [37mPOST[39m [37m/wd/hub/session/9c590fab-ba27-49d4-8fb4-ae8233a737fb/execute/sync[39m
[35m[HTTP][39m [90m{"script":"mobile: viewportScreenshot","args":[]}[39m
[35m[AndroidDriver][39m Executing native command 'mobile: viewportScreenshot'
[35m[HTTP][39m [37m<-- POST /wd/hub/session/9c590fab-ba27-49d4-8fb4-ae8233a737fb/execute/sync [39m[32m200[39m [90m1413 ms - 140512[39m
[35m[HTTP][39m [90m[39m
[35m[HTTP][39m [37m-->[39m [37mPOST[39m [37m/wd/hub/session/9c590fab-ba27-49d4-8fb4-ae8233a737fb/context[39m
[35m[HTTP][39m [90m{"name":"NATIVE_APP"}[39m
[35m[HTTP][39m [37m<-- POST /wd/hub/session/9c590fab-ba27-49d4-8fb4-ae8233a737fb/context [39m[32m200[39m [90m2 ms - 14[39m
[35m[HTTP][39m [90m[39m
[35m[HTTP][39m [37m-->[39m [37mPOST[39m [37m/wd/hub/session/9c590fab-ba27-49d4-8fb4-ae8233a737fb/timeouts[39m
[35m[HTTP][39m [90m{"implicit":50}[39m
[35m[HTTP][39m [37m<-- POST /wd/hub/session/9c590fab-ba27-49d4-8fb4-ae8233a737fb/timeouts [39m[32m200[39m [90m2 ms - 14[39m
[35m[HTTP][39m [90m[39m
[35m[HTTP][39m [37m-->[39m [37mGET[39m [37m/wd/hub/session/9c590fab-ba27-49d4-8fb4-ae8233a737fb/window/rect[39m
[35m[HTTP][39m [90m{}[39m
[35m[HTTP][39m [37m<-- GET /wd/hub/session/9c590fab-ba27-49d4-8fb4-ae8233a737fb/window/rect [39m[32m200[39m [90m33 ms - 50[39m
[35m[HTTP][39m [90m[39m
[35m[HTTP][39m [37m-->[39m [37mPOST[39m [37m/wd/hub/session/9c590fab-ba27-49d4-8fb4-ae8233a737fb/elements[39m
[35m[HTTP][39m [90m{"using":"xpath","value":"//hierarchy/android.widget.FrameLayout[1]/android.widget.LinearLayout[1]/android.widget.FrameLayout[1]/android.widget.LinearLayout[1]/android.widget.FrameLayout[1]/android.widget.RelativeLayout[1]/android.widget.ScrollView[1]/android.widget.LinearLayout[1]/android.widget.LinearLayout[1]/android.widget.LinearLayout[1]/android.widget.FrameLayout[1]/android.widget.LinearLayout[1]"}[39m
[35m[HTTP][39m [37m<-- POST /wd/hub/session/9c590fab-ba27-49d4-8fb4-ae8233a737fb/elements [39m[32m200[39m [90m290 ms - 139[39m
[35m[HTTP][39m [90m[39m
[35m[HTTP][39m [37m-->[39m [37mGET[39m [37m/wd/hub/session/9c590fab-ba27-49d4-8fb4-ae8233a737fb/element/00000000-0000-0acb-ffff-ffff00001656/location[39m
[35m[HTTP][39m [90m{}[39m
[35m[W3C (9c590fab)][39m Driver proxy active, passing request on via HTTP proxy
[35m[WD Proxy][39m Replacing sessionId bfeeb680-c258-4233-a83f-f96a7eacd374 with 9c590fab-ba27-49d4-8fb4-ae8233a737fb
[35m[HTTP][39m [37m<-- GET /wd/hub/session/9c590fab-ba27-49d4-8fb4-ae8233a737fb/element/00000000-0000-0acb-ffff-ffff00001656/location [39m[32m200[39m [90m43 ms - 78[39m
[35m[HTTP][39m [90m[39m
[35m[HTTP][39m [37m-->[39m [37mPOST[39m [37m/wd/hub/session/9c590fab-ba27-49d4-8fb4-ae8233a737fb/timeouts[39m
[35m[HTTP][39m [90m{"implicit":30000}[39m
[35m[HTTP][39m [37m<-- POST /wd/hub/session/9c590fab-ba27-49d4-8fb4-ae8233a737fb/timeouts [39m[32m200[39m [90m1 ms - 14[39m
[35m[HTTP][39m [90m[39m
[35m[HTTP][39m [37m-->[39m [37mPOST[39m [37m/wd/hub/session/9c590fab-ba27-49d4-8fb4-ae8233a737fb/touch/perform[39m
[35m[HTTP][39m [90m{"actions":[{"action":"tap","options":{"x":1,"y":1,"element":"00000000-0000-0acb-ffff-ffff00001656"}},{"action":"release","options":{}}]}[39m
[35m[UiAutomator2][39m calling get location: 00000000-0000-0acb-ffff-ffff00001656
[35m[HTTP][39m [37m<-- POST /wd/hub/session/9c590fab-ba27-49d4-8fb4-ae8233a737fb/touch/perform [39m[32m200[39m [90m261 ms - 14[39m
[35m[HTTP][39m [90m[39m
[35m[HTTP][39m [37m-->[39m [37mPOST[39m [37m/wd/hub/session/9c590fab-ba27-49d4-8fb4-ae8233a737fb/timeouts[39m
[35m[HTTP][39m [90m{"implicit":50}[39m
[35m[HTTP][39m [37m<-- POST /wd/hub/session/9c590fab-ba27-49d4-8fb4-ae8233a737fb/timeouts [39m[32m200[39m [90m1 ms - 14[39m
[35m[HTTP][39m [90m[39m
[35m[HTTP][39m [37m-->[39m [37mGET[39m [37m/wd/hub/session/9c590fab-ba27-49d4-8fb4-ae8233a737fb/window/rect[39m
[35m[HTTP][39m [90m{}[39m
[35m[HTTP][39m [37m<-- GET /wd/hub/session/9c590fab-ba27-49d4-8fb4-ae8233a737fb/window/rect [39m[32m200[39m [90m20 ms - 50[39m
[35m[HTTP][39m [90m[39m
[35m[HTTP][39m [37m-->[39m [37mPOST[39m [37m/wd/hub/session/9c590fab-ba27-49d4-8fb4-ae8233a737fb/elements[39m
[35m[HTTP][39m [90m{"using":"xpath","value":"//*[@class = 'android.widget.EditText' and (@text = 'No Polisi' or . = 'No Polisi') and @resource-id = 'com.bcaf.mobilesurvey:id/nopol']"}[39m
[35m[HTTP][39m [37m<-- POST /wd/hub/session/9c590fab-ba27-49d4-8fb4-ae8233a737fb/elements [39m[32m200[39m [90m1385 ms - 139[39m
[35m[HTTP][39m [90m[39m
[35m[HTTP][39m [37m-->[39m [37mGET[39m [37m/wd/hub/session/9c590fab-ba27-49d4-8fb4-ae8233a737fb/element/00000000-0000-0adf-ffff-ffff000016b1/location[39m
[35m[HTTP][39m [90m{}[39m
[35m[W3C (9c590fab)][39m Driver proxy active, passing request on via HTTP proxy
[35m[WD Proxy][39m Replacing sessionId bfeeb680-c258-4233-a83f-f96a7eacd374 with 9c590fab-ba27-49d4-8fb4-ae8233a737fb
[35m[HTTP][39m [37m<-- GET /wd/hub/session/9c590fab-ba27-49d4-8fb4-ae8233a737fb/element/00000000-0000-0adf-ffff-ffff000016b1/location [39m[32m200[39m [90m32 ms - 78[39m
[35m[HTTP][39m [90m[39m
[35m[HTTP][39m [37m-->[39m [37mPOST[39m [37m/wd/hub/session/9c590fab-ba27-49d4-8fb4-ae8233a737fb/timeouts[39m
[35m[HTTP][39m [90m{"implicit":30000}[39m
[35m[HTTP][39m [37m<-- POST /wd/hub/session/9c590fab-ba27-49d4-8fb4-ae8233a737fb/timeouts [39m[32m200[39m [90m1 ms - 14[39m
[35m[HTTP][39m [90m[39m
[35m[HTTP][39m [37m-->[39m [37mPOST[39m [37m/wd/hub/session/9c590fab-ba27-49d4-8fb4-ae8233a737fb/element/00000000-0000-0adf-ffff-ffff000016b1/clear[39m
[35m[HTTP][39m [90m{"id":"00000000-0000-0adf-ffff-ffff000016b1"}[39m
[35m[HTTP][39m [37m<-- POST /wd/hub/session/9c590fab-ba27-49d4-8fb4-ae8233a737fb/element/00000000-0000-0adf-ffff-ffff000016b1/clear [39m[32m200[39m [90m49 ms - 14[39m
[35m[HTTP][39m [90m[39m
[35m[HTTP][39m [37m-->[39m [37mPOST[39m [37m/wd/hub/session/9c590fab-ba27-49d4-8fb4-ae8233a737fb/element/00000000-0000-0adf-ffff-ffff000016b1/value[39m
[35m[HTTP][39m [90m{"id":"00000000-0000-0adf-ffff-ffff000016b1","text":"B777B","value":["B","7","7","7","B"]}[39m
[35m[HTTP][39m [37m<-- POST /wd/hub/session/9c590fab-ba27-49d4-8fb4-ae8233a737fb/element/00000000-0000-0adf-ffff-ffff000016b1/value [39m[32m200[39m [90m1146 ms - 14[39m
[35m[HTTP][39m [90m[39m
[35m[HTTP][39m [37m-->[39m [37mPOST[39m [37m/wd/hub/session/9c590fab-ba27-49d4-8fb4-ae8233a737fb/timeouts[39m
[35m[HTTP][39m [90m{"implicit":50}[39m
[35m[HTTP][39m [37m<-- POST /wd/hub/session/9c590fab-ba27-49d4-8fb4-ae8233a737fb/timeouts [39m[32m200[39m [90m2 ms - 14[39m
[35m[HTTP][39m [90m[39m
[35m[HTTP][39m [37m-->[39m [37mGET[39m [37m/wd/hub/session/9c590fab-ba27-49d4-8fb4-ae8233a737fb/window/rect[39m
[35m[HTTP][39m [90m{}[39m
[35m[HTTP][39m [37m<-- GET /wd/hub/session/9c590fab-ba27-49d4-8fb4-ae8233a737fb/window/rect [39m[32m200[39m [90m33 ms - 50[39m
[35m[HTTP][39m [90m[39m
[35m[HTTP][39m [37m-->[39m [37mPOST[39m [37m/wd/hub/session/9c590fab-ba27-49d4-8fb4-ae8233a737fb/elements[39m
[35m[HTTP][39m [90m{"using":"xpath","value":"//*[@class = 'android.widget.Spinner' and @resource-id = 'com.bcaf.mobilesurvey:id/maskapai' and (@text = '' or . = '')]"}[39m
[35m[HTTP][39m [37m<-- POST /wd/hub/session/9c590fab-ba27-49d4-8fb4-ae8233a737fb/elements [39m[32m200[39m [90m702 ms - 139[39m
[35m[HTTP][39m [90m[39m
[35m[HTTP][39m [37m-->[39m [37mGET[39m [37m/wd/hub/session/9c590fab-ba27-49d4-8fb4-ae8233a737fb/element/00000000-0000-0adf-ffff-ffff000016bc/location[39m
[35m[HTTP][39m [90m{}[39m
[35m[W3C (9c590fab)][39m Driver proxy active, passing request on via HTTP proxy
[35m[WD Proxy][39m Replacing sessionId bfeeb680-c258-4233-a83f-f96a7eacd374 with 9c590fab-ba27-49d4-8fb4-ae8233a737fb
[35m[HTTP][39m [37m<-- GET /wd/hub/session/9c590fab-ba27-49d4-8fb4-ae8233a737fb/element/00000000-0000-0adf-ffff-ffff000016bc/location [39m[32m200[39m [90m39 ms - 78[39m
[35m[HTTP][39m [90m[39m
[35m[HTTP][39m [37m-->[39m [37mPOST[39m [37m/wd/hub/session/9c590fab-ba27-49d4-8fb4-ae8233a737fb/timeouts[39m
[35m[HTTP][39m [90m{"implicit":30000}[39m
[35m[HTTP][39m [37m<-- POST /wd/hub/session/9c590fab-ba27-49d4-8fb4-ae8233a737fb/timeouts [39m[32m200[39m [90m1 ms - 14[39m
[35m[HTTP][39m [90m[39m
[35m[HTTP][39m [37m-->[39m [37mPOST[39m [37m/wd/hub/session/9c590fab-ba27-49d4-8fb4-ae8233a737fb/touch/perform[39m
[35m[HTTP][39m [90m{"actions":[{"action":"tap","options":{"x":1,"y":1,"element":"00000000-0000-0adf-ffff-ffff000016bc"}},{"action":"release","options":{}}]}[39m
[35m[UiAutomator2][39m calling get location: 00000000-0000-0adf-ffff-ffff000016bc
[35m[HTTP][39m [37m<-- POST /wd/hub/session/9c590fab-ba27-49d4-8fb4-ae8233a737fb/touch/perform [39m[32m200[39m [90m254 ms - 14[39m
[35m[HTTP][39m [90m[39m
[35m[HTTP][39m [37m-->[39m [37mPOST[39m [37m/wd/hub/session/9c590fab-ba27-49d4-8fb4-ae8233a737fb/timeouts[39m
[35m[HTTP][39m [90m{"implicit":50}[39m
[35m[HTTP][39m [37m<-- POST /wd/hub/session/9c590fab-ba27-49d4-8fb4-ae8233a737fb/timeouts [39m[32m200[39m [90m1 ms - 14[39m
[35m[HTTP][39m [90m[39m
[35m[HTTP][39m [37m-->[39m [37mGET[39m [37m/wd/hub/session/9c590fab-ba27-49d4-8fb4-ae8233a737fb/window/rect[39m
[35m[HTTP][39m [90m{}[39m
[35m[HTTP][39m [37m<-- GET /wd/hub/session/9c590fab-ba27-49d4-8fb4-ae8233a737fb/window/rect [39m[32m200[39m [90m36 ms - 50[39m
[35m[HTTP][39m [90m[39m
[35m[HTTP][39m [37m-->[39m [37mPOST[39m [37m/wd/hub/session/9c590fab-ba27-49d4-8fb4-ae8233a737fb/elements[39m
[35m[HTTP][39m [90m{"using":"xpath","value":"//*[@class = 'android.widget.CheckedTextView' and (@text = 'Aswata' or . = 'Aswata') and @resource-id = 'android:id/text1']"}[39m
[35m[HTTP][39m [37m<-- POST /wd/hub/session/9c590fab-ba27-49d4-8fb4-ae8233a737fb/elements [39m[32m200[39m [90m973 ms - 139[39m
[35m[HTTP][39m [90m[39m
[35m[HTTP][39m [37m-->[39m [37mGET[39m [37m/wd/hub/session/9c590fab-ba27-49d4-8fb4-ae8233a737fb/element/00000000-0000-0ae0-ffff-ffff000017ff/location[39m
[35m[HTTP][39m [90m{}[39m
[35m[W3C (9c590fab)][39m Driver proxy active, passing request on via HTTP proxy
[35m[WD Proxy][39m Replacing sessionId bfeeb680-c258-4233-a83f-f96a7eacd374 with 9c590fab-ba27-49d4-8fb4-ae8233a737fb
[35m[HTTP][39m [37m<-- GET /wd/hub/session/9c590fab-ba27-49d4-8fb4-ae8233a737fb/element/00000000-0000-0ae0-ffff-ffff000017ff/location [39m[32m200[39m [90m37 ms - 78[39m
[35m[HTTP][39m [90m[39m
[35m[HTTP][39m [37m-->[39m [37mPOST[39m [37m/wd/hub/session/9c590fab-ba27-49d4-8fb4-ae8233a737fb/timeouts[39m
[35m[HTTP][39m [90m{"implicit":30000}[39m
[35m[HTTP][39m [37m<-- POST /wd/hub/session/9c590fab-ba27-49d4-8fb4-ae8233a737fb/timeouts [39m[32m200[39m [90m1 ms - 14[39m
[35m[HTTP][39m [90m[39m
[35m[HTTP][39m [37m-->[39m [37mPOST[39m [37m/wd/hub/session/9c590fab-ba27-49d4-8fb4-ae8233a737fb/touch/perform[39m
[35m[HTTP][39m [90m{"actions":[{"action":"tap","options":{"x":1,"y":1,"element":"00000000-0000-0ae0-ffff-ffff000017ff"}},{"action":"release","options":{}}]}[39m
[35m[UiAutomator2][39m calling get location: 00000000-0000-0ae0-ffff-ffff000017ff
[35m[HTTP][39m [37m<-- POST /wd/hub/session/9c590fab-ba27-49d4-8fb4-ae8233a737fb/touch/perform [39m[32m200[39m [90m873 ms - 14[39m
[35m[HTTP][39m [90m[39m
[35m[HTTP][39m [37m-->[39m [37mGET[39m [37m/wd/hub/session/9c590fab-ba27-49d4-8fb4-ae8233a737fb/context[39m
[35m[HTTP][39m [90m{}[39m
[35m[HTTP][39m [37m<-- GET /wd/hub/session/9c590fab-ba27-49d4-8fb4-ae8233a737fb/context [39m[32m200[39m [90m1 ms - 22[39m
[35m[HTTP][39m [90m[39m
[35m[HTTP][39m [37m-->[39m [37mGET[39m [37m/wd/hub/session/9c590fab-ba27-49d4-8fb4-ae8233a737fb/contexts[39m
[35m[HTTP][39m [90m{}[39m
[35m[HTTP][39m [37m<-- GET /wd/hub/session/9c590fab-ba27-49d4-8fb4-ae8233a737fb/contexts [39m[32m200[39m [90m116 ms - 24[39m
[35m[HTTP][39m [90m[39m
[35m[HTTP][39m [37m-->[39m [37mPOST[39m [37m/wd/hub/session/9c590fab-ba27-49d4-8fb4-ae8233a737fb/context[39m
[35m[HTTP][39m [90m{"name":"NATIVE_APP"}[39m
[35m[HTTP][39m [37m<-- POST /wd/hub/session/9c590fab-ba27-49d4-8fb4-ae8233a737fb/context [39m[32m200[39m [90m2 ms - 14[39m
[35m[HTTP][39m [90m[39m
[35m[HTTP][39m [37m-->[39m [37mGET[39m [37m/wd/hub/session/9c590fab-ba27-49d4-8fb4-ae8233a737fb/window/rect[39m
[35m[HTTP][39m [90m{}[39m
[35m[HTTP][39m [37m<-- GET /wd/hub/session/9c590fab-ba27-49d4-8fb4-ae8233a737fb/window/rect [39m[32m200[39m [90m43 ms - 50[39m
[35m[HTTP][39m [90m[39m
[35m[HTTP][39m [37m-->[39m [37mPOST[39m [37m/wd/hub/session/9c590fab-ba27-49d4-8fb4-ae8233a737fb/execute/sync[39m
[35m[HTTP][39m [90m{"script":"mobile: viewportScreenshot","args":[]}[39m
[35m[AndroidDriver][39m Executing native command 'mobile: viewportScreenshot'
[35m[HTTP][39m [37m<-- POST /wd/hub/session/9c590fab-ba27-49d4-8fb4-ae8233a737fb/execute/sync [39m[32m200[39m [90m1457 ms - 97552[39m
[35m[HTTP][39m [90m[39m
[35m[HTTP][39m [37m-->[39m [37mPOST[39m [37m/wd/hub/session/9c590fab-ba27-49d4-8fb4-ae8233a737fb/context[39m
[35m[HTTP][39m [90m{"name":"NATIVE_APP"}[39m
[35m[HTTP][39m [37m<-- POST /wd/hub/session/9c590fab-ba27-49d4-8fb4-ae8233a737fb/context [39m[32m200[39m [90m2 ms - 14[39m
[35m[HTTP][39m [90m[39m
[35m[HTTP][39m [37m-->[39m [37mPOST[39m [37m/wd/hub/session/9c590fab-ba27-49d4-8fb4-ae8233a737fb/timeouts[39m
[35m[HTTP][39m [90m{"implicit":50}[39m
[35m[HTTP][39m [37m<-- POST /wd/hub/session/9c590fab-ba27-49d4-8fb4-ae8233a737fb/timeouts [39m[32m200[39m [90m2 ms - 14[39m
[35m[HTTP][39m [90m[39m
[35m[HTTP][39m [37m-->[39m [37mGET[39m [37m/wd/hub/session/9c590fab-ba27-49d4-8fb4-ae8233a737fb/window/rect[39m
[35m[HTTP][39m [90m{}[39m
[35m[HTTP][39m [37m<-- GET /wd/hub/session/9c590fab-ba27-49d4-8fb4-ae8233a737fb/window/rect [39m[32m200[39m [90m46 ms - 50[39m
[35m[HTTP][39m [90m[39m
[35m[HTTP][39m [37m-->[39m [37mPOST[39m [37m/wd/hub/session/9c590fab-ba27-49d4-8fb4-ae8233a737fb/elements[39m
[35m[HTTP][39m [90m{"using":"xpath","value":"//*[@class = 'android.widget.Button' and (@text = 'SEARCH' or . = 'SEARCH') and @resource-id = 'com.bcaf.mobilesurvey:id/search']"}[39m
[35m[HTTP][39m [37m<-- POST /wd/hub/session/9c590fab-ba27-49d4-8fb4-ae8233a737fb/elements [39m[32m200[39m [90m376 ms - 139[39m
[35m[HTTP][39m [90m[39m
[35m[HTTP][39m [37m-->[39m [37mGET[39m [37m/wd/hub/session/9c590fab-ba27-49d4-8fb4-ae8233a737fb/element/00000000-0000-0adf-ffff-ffff000016bd/location[39m
[35m[HTTP][39m [90m{}[39m
[35m[W3C (9c590fab)][39m Driver proxy active, passing request on via HTTP proxy
[35m[WD Proxy][39m Replacing sessionId bfeeb680-c258-4233-a83f-f96a7eacd374 with 9c590fab-ba27-49d4-8fb4-ae8233a737fb
[35m[HTTP][39m [37m<-- GET /wd/hub/session/9c590fab-ba27-49d4-8fb4-ae8233a737fb/element/00000000-0000-0adf-ffff-ffff000016bd/location [39m[32m200[39m [90m37 ms - 78[39m
[35m[HTTP][39m [90m[39m
[35m[HTTP][39m [37m-->[39m [37mPOST[39m [37m/wd/hub/session/9c590fab-ba27-49d4-8fb4-ae8233a737fb/timeouts[39m
[35m[HTTP][39m [90m{"implicit":30000}[39m
[35m[HTTP][39m [37m<-- POST /wd/hub/session/9c590fab-ba27-49d4-8fb4-ae8233a737fb/timeouts [39m[32m200[39m [90m1 ms - 14[39m
[35m[HTTP][39m [90m[39m
[35m[HTTP][39m [37m-->[39m [37mPOST[39m [37m/wd/hub/session/9c590fab-ba27-49d4-8fb4-ae8233a737fb/touch/perform[39m
[35m[HTTP][39m [90m{"actions":[{"action":"tap","options":{"x":1,"y":1,"element":"00000000-0000-0adf-ffff-ffff000016bd"}},{"action":"release","options":{}}]}[39m
[35m[UiAutomator2][39m calling get location: 00000000-0000-0adf-ffff-ffff000016bd
[35m[HTTP][39m [37m<-- POST /wd/hub/session/9c590fab-ba27-49d4-8fb4-ae8233a737fb/touch/perform [39m[32m200[39m [90m260 ms - 14[39m
[35m[HTTP][39m [90m[39m
[35m[HTTP][39m [37m-->[39m [37mGET[39m [37m/wd/hub/session/9c590fab-ba27-49d4-8fb4-ae8233a737fb/context[39m
[35m[HTTP][39m [90m{}[39m
[35m[HTTP][39m [37m<-- GET /wd/hub/session/9c590fab-ba27-49d4-8fb4-ae8233a737fb/context [39m[32m200[39m [90m2 ms - 22[39m
[35m[HTTP][39m [90m[39m
[35m[HTTP][39m [37m-->[39m [37mGET[39m [37m/wd/hub/session/9c590fab-ba27-49d4-8fb4-ae8233a737fb/contexts[39m
[35m[HTTP][39m [90m{}[39m
[35m[HTTP][39m [37m<-- GET /wd/hub/session/9c590fab-ba27-49d4-8fb4-ae8233a737fb/contexts [39m[32m200[39m [90m125 ms - 24[39m
[35m[HTTP][39m [90m[39m
[35m[HTTP][39m [37m-->[39m [37mPOST[39m [37m/wd/hub/session/9c590fab-ba27-49d4-8fb4-ae8233a737fb/context[39m
[35m[HTTP][39m [90m{"name":"NATIVE_APP"}[39m
[35m[HTTP][39m [37m<-- POST /wd/hub/session/9c590fab-ba27-49d4-8fb4-ae8233a737fb/context [39m[32m200[39m [90m1 ms - 14[39m
[35m[HTTP][39m [90m[39m
[35m[HTTP][39m [37m-->[39m [37mGET[39m [37m/wd/hub/session/9c590fab-ba27-49d4-8fb4-ae8233a737fb/window/rect[39m
[35m[HTTP][39m [90m{}[39m
[35m[HTTP][39m [37m<-- GET /wd/hub/session/9c590fab-ba27-49d4-8fb4-ae8233a737fb/window/rect [39m[32m200[39m [90m21 ms - 50[39m
[35m[HTTP][39m [90m[39m
[35m[HTTP][39m [37m-->[39m [37mPOST[39m [37m/wd/hub/session/9c590fab-ba27-49d4-8fb4-ae8233a737fb/execute/sync[39m
[35m[HTTP][39m [90m{"script":"mobile: viewportScreenshot","args":[]}[39m
[35m[AndroidDriver][39m Executing native command 'mobile: viewportScreenshot'
[35m[HTTP][39m [37m<-- POST /wd/hub/session/9c590fab-ba27-49d4-8fb4-ae8233a737fb/execute/sync [39m[32m200[39m [90m1490 ms - 362272[39m
[35m[HTTP][39m [90m[39m
[35m[HTTP][39m [37m-->[39m [37mPOST[39m [37m/wd/hub/session/9c590fab-ba27-49d4-8fb4-ae8233a737fb/context[39m
[35m[HTTP][39m [90m{"name":"NATIVE_APP"}[39m
[35m[HTTP][39m [37m<-- POST /wd/hub/session/9c590fab-ba27-49d4-8fb4-ae8233a737fb/context [39m[32m200[39m [90m2 ms - 14[39m
[35m[HTTP][39m [90m[39m
[35m[HTTP][39m [37m-->[39m [37mGET[39m [37m/wd/hub/session/9c590fab-ba27-49d4-8fb4-ae8233a737fb/context[39m
[35m[HTTP][39m [90m{}[39m
[35m[HTTP][39m [37m<-- GET /wd/hub/session/9c590fab-ba27-49d4-8fb4-ae8233a737fb/context [39m[32m200[39m [90m1 ms - 22[39m
[35m[HTTP][39m [90m[39m
[35m[HTTP][39m [37m-->[39m [37mGET[39m [37m/wd/hub/session/9c590fab-ba27-49d4-8fb4-ae8233a737fb/contexts[39m
[35m[HTTP][39m [90m{}[39m
[35m[HTTP][39m [37m<-- GET /wd/hub/session/9c590fab-ba27-49d4-8fb4-ae8233a737fb/contexts [39m[32m200[39m [90m141 ms - 24[39m
[35m[HTTP][39m [90m[39m
[35m[HTTP][39m [37m-->[39m [37mPOST[39m [37m/wd/hub/session/9c590fab-ba27-49d4-8fb4-ae8233a737fb/context[39m
[35m[HTTP][39m [90m{"name":"NATIVE_APP"}[39m
[35m[HTTP][39m [37m<-- POST /wd/hub/session/9c590fab-ba27-49d4-8fb4-ae8233a737fb/context [39m[32m200[39m [90m2 ms - 14[39m
[35m[HTTP][39m [90m[39m
[35m[HTTP][39m [37m-->[39m [37mPOST[39m [37m/wd/hub/session/9c590fab-ba27-49d4-8fb4-ae8233a737fb/element[39m
[35m[HTTP][39m [90m{"using":"-android uiautomator","value":"new UiScrollable(new UiSelector().scrollable(true).instance(0)).scrollIntoView(new UiSelector().textContains(\"Surat Kendaraan\"))"}[39m
[35m[HTTP][39m [37m<-- POST /wd/hub/session/9c590fab-ba27-49d4-8fb4-ae8233a737fb/element [39m[32m200[39m [90m5498 ms - 137[39m
[35m[HTTP][39m [90m[39m
[35m[HTTP][39m [37m-->[39m [37mPOST[39m [37m/wd/hub/session/9c590fab-ba27-49d4-8fb4-ae8233a737fb/context[39m
[35m[HTTP][39m [90m{"name":"NATIVE_APP"}[39m
[35m[HTTP][39m [37m<-- POST /wd/hub/session/9c590fab-ba27-49d4-8fb4-ae8233a737fb/context [39m[32m200[39m [90m1 ms - 14[39m
[35m[HTTP][39m [90m[39m
[35m[HTTP][39m [37m-->[39m [37mGET[39m [37m/wd/hub/session/9c590fab-ba27-49d4-8fb4-ae8233a737fb/context[39m
[35m[HTTP][39m [90m{}[39m
[35m[HTTP][39m [37m<-- GET /wd/hub/session/9c590fab-ba27-49d4-8fb4-ae8233a737fb/context [39m[32m200[39m [90m1 ms - 22[39m
[35m[HTTP][39m [90m[39m
[35m[HTTP][39m [37m-->[39m [37mGET[39m [37m/wd/hub/session/9c590fab-ba27-49d4-8fb4-ae8233a737fb/contexts[39m
[35m[HTTP][39m [90m{}[39m
[35m[HTTP][39m [37m<-- GET /wd/hub/session/9c590fab-ba27-49d4-8fb4-ae8233a737fb/contexts [39m[32m200[39m [90m104 ms - 24[39m
[35m[HTTP][39m [90m[39m
[35m[HTTP][39m [37m-->[39m [37mPOST[39m [37m/wd/hub/session/9c590fab-ba27-49d4-8fb4-ae8233a737fb/context[39m
[35m[HTTP][39m [90m{"name":"NATIVE_APP"}[39m
[35m[HTTP][39m [37m<-- POST /wd/hub/session/9c590fab-ba27-49d4-8fb4-ae8233a737fb/context [39m[32m200[39m [90m1 ms - 14[39m
[35m[HTTP][39m [90m[39m
[35m[HTTP][39m [37m-->[39m [37mGET[39m [37m/wd/hub/session/9c590fab-ba27-49d4-8fb4-ae8233a737fb/window/rect[39m
[35m[HTTP][39m [90m{}[39m
[35m[HTTP][39m [37m<-- GET /wd/hub/session/9c590fab-ba27-49d4-8fb4-ae8233a737fb/window/rect [39m[32m200[39m [90m38 ms - 50[39m
[35m[HTTP][39m [90m[39m
[35m[HTTP][39m [37m-->[39m [37mPOST[39m [37m/wd/hub/session/9c590fab-ba27-49d4-8fb4-ae8233a737fb/execute/sync[39m
[35m[HTTP][39m [90m{"script":"mobile: viewportScreenshot","args":[]}[39m
[35m[AndroidDriver][39m Executing native command 'mobile: viewportScreenshot'
[35m[HTTP][39m [37m<-- POST /wd/hub/session/9c590fab-ba27-49d4-8fb4-ae8233a737fb/execute/sync [39m[32m200[39m [90m1402 ms - 305944[39m
[35m[HTTP][39m [90m[39m
[35m[HTTP][39m [37m-->[39m [37mPOST[39m [37m/wd/hub/session/9c590fab-ba27-49d4-8fb4-ae8233a737fb/context[39m
[35m[HTTP][39m [90m{"name":"NATIVE_APP"}[39m
[35m[HTTP][39m [37m<-- POST /wd/hub/session/9c590fab-ba27-49d4-8fb4-ae8233a737fb/context [39m[32m200[39m [90m2 ms - 14[39m
[35m[HTTP][39m [90m[39m
[35m[HTTP][39m [37m-->[39m [37mPOST[39m [37m/wd/hub/session/9c590fab-ba27-49d4-8fb4-ae8233a737fb/timeouts[39m
[35m[HTTP][39m [90m{"implicit":50}[39m
[35m[HTTP][39m [37m<-- POST /wd/hub/session/9c590fab-ba27-49d4-8fb4-ae8233a737fb/timeouts [39m[32m200[39m [90m1 ms - 14[39m
[35m[HTTP][39m [90m[39m
[35m[HTTP][39m [37m-->[39m [37mGET[39m [37m/wd/hub/session/9c590fab-ba27-49d4-8fb4-ae8233a737fb/window/rect[39m
[35m[HTTP][39m [90m{}[39m
[35m[HTTP][39m [37m<-- GET /wd/hub/session/9c590fab-ba27-49d4-8fb4-ae8233a737fb/window/rect [39m[32m200[39m [90m28 ms - 50[39m
[35m[HTTP][39m [90m[39m
[35m[HTTP][39m [37m-->[39m [37mPOST[39m [37m/wd/hub/session/9c590fab-ba27-49d4-8fb4-ae8233a737fb/elements[39m
[35m[HTTP][39m [90m{"using":"xpath","value":"//*[@class = 'android.widget.TextView' and (@text = 'Surat Kendaraan' or . = 'Surat Kendaraan') and @resource-id = 'com.bcaf.mobilesurvey:id/showhide_surat']"}[39m
[35m[HTTP][39m [37m<-- POST /wd/hub/session/9c590fab-ba27-49d4-8fb4-ae8233a737fb/elements [39m[32m200[39m [90m625 ms - 139[39m
[35m[HTTP][39m [90m[39m
[35m[HTTP][39m [37m-->[39m [37mGET[39m [37m/wd/hub/session/9c590fab-ba27-49d4-8fb4-ae8233a737fb/element/00000000-0000-0adf-ffff-ffff000017c0/location[39m
[35m[HTTP][39m [90m{}[39m
[35m[W3C (9c590fab)][39m Driver proxy active, passing request on via HTTP proxy
[35m[WD Proxy][39m Replacing sessionId bfeeb680-c258-4233-a83f-f96a7eacd374 with 9c590fab-ba27-49d4-8fb4-ae8233a737fb
[35m[HTTP][39m [37m<-- GET /wd/hub/session/9c590fab-ba27-49d4-8fb4-ae8233a737fb/element/00000000-0000-0adf-ffff-ffff000017c0/location [39m[32m200[39m [90m39 ms - 78[39m
[35m[HTTP][39m [90m[39m
[35m[HTTP][39m [37m-->[39m [37mPOST[39m [37m/wd/hub/session/9c590fab-ba27-49d4-8fb4-ae8233a737fb/timeouts[39m
[35m[HTTP][39m [90m{"implicit":30000}[39m
[35m[HTTP][39m [37m<-- POST /wd/hub/session/9c590fab-ba27-49d4-8fb4-ae8233a737fb/timeouts [39m[32m200[39m [90m1 ms - 14[39m
[35m[HTTP][39m [90m[39m
[35m[HTTP][39m [37m-->[39m [37mPOST[39m [37m/wd/hub/session/9c590fab-ba27-49d4-8fb4-ae8233a737fb/touch/perform[39m
[35m[HTTP][39m [90m{"actions":[{"action":"tap","options":{"x":1,"y":1,"element":"00000000-0000-0adf-ffff-ffff000017c0"}},{"action":"release","options":{}}]}[39m
[35m[UiAutomator2][39m calling get location: 00000000-0000-0adf-ffff-ffff000017c0
[35m[HTTP][39m [37m<-- POST /wd/hub/session/9c590fab-ba27-49d4-8fb4-ae8233a737fb/touch/perform [39m[32m200[39m [90m887 ms - 14[39m
[35m[HTTP][39m [90m[39m
[35m[HTTP][39m [37m-->[39m [37mGET[39m [37m/wd/hub/session/9c590fab-ba27-49d4-8fb4-ae8233a737fb/context[39m
[35m[HTTP][39m [90m{}[39m
[35m[HTTP][39m [37m<-- GET /wd/hub/session/9c590fab-ba27-49d4-8fb4-ae8233a737fb/context [39m[32m200[39m [90m1 ms - 22[39m
[35m[HTTP][39m [90m[39m
[35m[HTTP][39m [37m-->[39m [37mGET[39m [37m/wd/hub/session/9c590fab-ba27-49d4-8fb4-ae8233a737fb/contexts[39m
[35m[HTTP][39m [90m{}[39m
[35m[HTTP][39m [37m<-- GET /wd/hub/session/9c590fab-ba27-49d4-8fb4-ae8233a737fb/contexts [39m[32m200[39m [90m104 ms - 24[39m
[35m[HTTP][39m [90m[39m
[35m[HTTP][39m [37m-->[39m [37mPOST[39m [37m/wd/hub/session/9c590fab-ba27-49d4-8fb4-ae8233a737fb/context[39m
[35m[HTTP][39m [90m{"name":"NATIVE_APP"}[39m
[35m[HTTP][39m [37m<-- POST /wd/hub/session/9c590fab-ba27-49d4-8fb4-ae8233a737fb/context [39m[32m200[39m [90m1 ms - 14[39m
[35m[HTTP][39m [90m[39m
[35m[HTTP][39m [37m-->[39m [37mGET[39m [37m/wd/hub/session/9c590fab-ba27-49d4-8fb4-ae8233a737fb/window/rect[39m
[35m[HTTP][39m [90m{}[39m
[35m[HTTP][39m [37m<-- GET /wd/hub/session/9c590fab-ba27-49d4-8fb4-ae8233a737fb/window/rect [39m[32m200[39m [90m28 ms - 50[39m
[35m[HTTP][39m [90m[39m
[35m[HTTP][39m [37m-->[39m [37mPOST[39m [37m/wd/hub/session/9c590fab-ba27-49d4-8fb4-ae8233a737fb/execute/sync[39m
[35m[HTTP][39m [90m{"script":"mobile: viewportScreenshot","args":[]}[39m
[35m[AndroidDriver][39m Executing native command 'mobile: viewportScreenshot'
[35m[HTTP][39m [37m<-- POST /wd/hub/session/9c590fab-ba27-49d4-8fb4-ae8233a737fb/execute/sync [39m[32m200[39m [90m1446 ms - 355296[39m
[35m[HTTP][39m [90m[39m
[35m[HTTP][39m [37m-->[39m [37mPOST[39m [37m/wd/hub/session/9c590fab-ba27-49d4-8fb4-ae8233a737fb/context[39m
[35m[HTTP][39m [90m{"name":"NATIVE_APP"}[39m
[35m[HTTP][39m [37m<-- POST /wd/hub/session/9c590fab-ba27-49d4-8fb4-ae8233a737fb/context [39m[32m200[39m [90m2 ms - 14[39m
[35m[HTTP][39m [90m[39m
[35m[HTTP][39m [37m-->[39m [37mPOST[39m [37m/wd/hub/session/9c590fab-ba27-49d4-8fb4-ae8233a737fb/timeouts[39m
[35m[HTTP][39m [90m{"implicit":50}[39m
[35m[HTTP][39m [37m<-- POST /wd/hub/session/9c590fab-ba27-49d4-8fb4-ae8233a737fb/timeouts [39m[32m200[39m [90m3 ms - 14[39m
[35m[HTTP][39m [90m[39m
[35m[HTTP][39m [37m-->[39m [37mGET[39m [37m/wd/hub/session/9c590fab-ba27-49d4-8fb4-ae8233a737fb/window/rect[39m
[35m[HTTP][39m [90m{}[39m
[35m[HTTP][39m [37m<-- GET /wd/hub/session/9c590fab-ba27-49d4-8fb4-ae8233a737fb/window/rect [39m[32m200[39m [90m34 ms - 50[39m
[35m[HTTP][39m [90m[39m
[35m[HTTP][39m [37m-->[39m [37mPOST[39m [37m/wd/hub/session/9c590fab-ba27-49d4-8fb4-ae8233a737fb/elements[39m
[35m[HTTP][39m [90m{"using":"xpath","value":"//*[@class = 'android.widget.TextView' and (@text = 'Kondisi Kendaraan' or . = 'Kondisi Kendaraan') and @resource-id = 'com.bcaf.mobilesurvey:id/showhide_kondisi']"}[39m
[35m[HTTP][39m [37m<-- POST /wd/hub/session/9c590fab-ba27-49d4-8fb4-ae8233a737fb/elements [39m[32m200[39m [90m937 ms - 139[39m
[35m[HTTP][39m [90m[39m
[35m[HTTP][39m [37m-->[39m [37mGET[39m [37m/wd/hub/session/9c590fab-ba27-49d4-8fb4-ae8233a737fb/element/00000000-0000-0adf-ffff-ffff000017c2/location[39m
[35m[HTTP][39m [90m{}[39m
[35m[W3C (9c590fab)][39m Driver proxy active, passing request on via HTTP proxy
[35m[WD Proxy][39m Replacing sessionId bfeeb680-c258-4233-a83f-f96a7eacd374 with 9c590fab-ba27-49d4-8fb4-ae8233a737fb
[35m[HTTP][39m [37m<-- GET /wd/hub/session/9c590fab-ba27-49d4-8fb4-ae8233a737fb/element/00000000-0000-0adf-ffff-ffff000017c2/location [39m[32m200[39m [90m37 ms - 78[39m
[35m[HTTP][39m [90m[39m
[35m[HTTP][39m [37m-->[39m [37mPOST[39m [37m/wd/hub/session/9c590fab-ba27-49d4-8fb4-ae8233a737fb/timeouts[39m
[35m[HTTP][39m [90m{"implicit":30000}[39m
[35m[HTTP][39m [37m<-- POST /wd/hub/session/9c590fab-ba27-49d4-8fb4-ae8233a737fb/timeouts [39m[32m200[39m [90m1 ms - 14[39m
[35m[HTTP][39m [90m[39m
[35m[HTTP][39m [37m-->[39m [37mPOST[39m [37m/wd/hub/session/9c590fab-ba27-49d4-8fb4-ae8233a737fb/touch/perform[39m
[35m[HTTP][39m [90m{"actions":[{"action":"tap","options":{"x":1,"y":1,"element":"00000000-0000-0adf-ffff-ffff000017c2"}},{"action":"release","options":{}}]}[39m
[35m[UiAutomator2][39m calling get location: 00000000-0000-0adf-ffff-ffff000017c2
[35m[HTTP][39m [37m<-- POST /wd/hub/session/9c590fab-ba27-49d4-8fb4-ae8233a737fb/touch/perform [39m[32m200[39m [90m1294 ms - 14[39m
[35m[HTTP][39m [90m[39m
[35m[HTTP][39m [37m-->[39m [37mGET[39m [37m/wd/hub/session/9c590fab-ba27-49d4-8fb4-ae8233a737fb/context[39m
[35m[HTTP][39m [90m{}[39m
[35m[HTTP][39m [37m<-- GET /wd/hub/session/9c590fab-ba27-49d4-8fb4-ae8233a737fb/context [39m[32m200[39m [90m2 ms - 22[39m
[35m[HTTP][39m [90m[39m
[35m[HTTP][39m [37m-->[39m [37mGET[39m [37m/wd/hub/session/9c590fab-ba27-49d4-8fb4-ae8233a737fb/contexts[39m
[35m[HTTP][39m [90m{}[39m
[35m[HTTP][39m [37m<-- GET /wd/hub/session/9c590fab-ba27-49d4-8fb4-ae8233a737fb/contexts [39m[32m200[39m [90m113 ms - 24[39m
[35m[HTTP][39m [90m[39m
[35m[HTTP][39m [37m-->[39m [37mPOST[39m [37m/wd/hub/session/9c590fab-ba27-49d4-8fb4-ae8233a737fb/context[39m
[35m[HTTP][39m [90m{"name":"NATIVE_APP"}[39m
[35m[HTTP][39m [37m<-- POST /wd/hub/session/9c590fab-ba27-49d4-8fb4-ae8233a737fb/context [39m[32m200[39m [90m1 ms - 14[39m
[35m[HTTP][39m [90m[39m
[35m[HTTP][39m [37m-->[39m [37mGET[39m [37m/wd/hub/session/9c590fab-ba27-49d4-8fb4-ae8233a737fb/window/rect[39m
[35m[HTTP][39m [90m{}[39m
[35m[HTTP][39m [37m<-- GET /wd/hub/session/9c590fab-ba27-49d4-8fb4-ae8233a737fb/window/rect [39m[32m200[39m [90m22 ms - 50[39m
[35m[HTTP][39m [90m[39m
[35m[HTTP][39m [37m-->[39m [37mPOST[39m [37m/wd/hub/session/9c590fab-ba27-49d4-8fb4-ae8233a737fb/execute/sync[39m
[35m[HTTP][39m [90m{"script":"mobile: viewportScreenshot","args":[]}[39m
[35m[AndroidDriver][39m Executing native command 'mobile: viewportScreenshot'
[35m[HTTP][39m [37m<-- POST /wd/hub/session/9c590fab-ba27-49d4-8fb4-ae8233a737fb/execute/sync [39m[32m200[39m [90m1479 ms - 380488[39m
[35m[HTTP][39m [90m[39m
[35m[HTTP][39m [37m-->[39m [37mPOST[39m [37m/wd/hub/session/9c590fab-ba27-49d4-8fb4-ae8233a737fb/context[39m
[35m[HTTP][39m [90m{"name":"NATIVE_APP"}[39m
[35m[HTTP][39m [37m<-- POST /wd/hub/session/9c590fab-ba27-49d4-8fb4-ae8233a737fb/context [39m[32m200[39m [90m2 ms - 14[39m
[35m[HTTP][39m [90m[39m
[35m[HTTP][39m [37m-->[39m [37mGET[39m [37m/wd/hub/session/9c590fab-ba27-49d4-8fb4-ae8233a737fb/context[39m
[35m[HTTP][39m [90m{}[39m
[35m[HTTP][39m [37m<-- GET /wd/hub/session/9c590fab-ba27-49d4-8fb4-ae8233a737fb/context [39m[32m200[39m [90m1 ms - 22[39m
[35m[HTTP][39m [90m[39m
[35m[HTTP][39m [37m-->[39m [37mGET[39m [37m/wd/hub/session/9c590fab-ba27-49d4-8fb4-ae8233a737fb/contexts[39m
[35m[HTTP][39m [90m{}[39m
[35m[HTTP][39m [37m<-- GET /wd/hub/session/9c590fab-ba27-49d4-8fb4-ae8233a737fb/contexts [39m[32m200[39m [90m111 ms - 24[39m
[35m[HTTP][39m [90m[39m
[35m[HTTP][39m [37m-->[39m [37mPOST[39m [37m/wd/hub/session/9c590fab-ba27-49d4-8fb4-ae8233a737fb/context[39m
[35m[HTTP][39m [90m{"name":"NATIVE_APP"}[39m
[35m[HTTP][39m [37m<-- POST /wd/hub/session/9c590fab-ba27-49d4-8fb4-ae8233a737fb/context [39m[32m200[39m [90m1 ms - 14[39m
[35m[HTTP][39m [90m[39m
[35m[HTTP][39m [37m-->[39m [37mPOST[39m [37m/wd/hub/session/9c590fab-ba27-49d4-8fb4-ae8233a737fb/element[39m
[35m[HTTP][39m [90m{"using":"-android uiautomator","value":"new UiScrollable(new UiSelector().scrollable(true).instance(0)).scrollIntoView(new UiSelector().textContains(\"Wiper\"))"}[39m
[35m[HTTP][39m [37m<-- POST /wd/hub/session/9c590fab-ba27-49d4-8fb4-ae8233a737fb/element [39m[32m200[39m [90m9169 ms - 137[39m
[35m[HTTP][39m [90m[39m
[35m[HTTP][39m [37m-->[39m [37mPOST[39m [37m/wd/hub/session/9c590fab-ba27-49d4-8fb4-ae8233a737fb/context[39m
[35m[HTTP][39m [90m{"name":"NATIVE_APP"}[39m
[35m[HTTP][39m [37m<-- POST /wd/hub/session/9c590fab-ba27-49d4-8fb4-ae8233a737fb/context [39m[32m200[39m [90m1 ms - 14[39m
[35m[HTTP][39m [90m[39m
[35m[HTTP][39m [37m-->[39m [37mPOST[39m [37m/wd/hub/session/9c590fab-ba27-49d4-8fb4-ae8233a737fb/timeouts[39m
[35m[HTTP][39m [90m{"implicit":50}[39m
[35m[HTTP][39m [37m<-- POST /wd/hub/session/9c590fab-ba27-49d4-8fb4-ae8233a737fb/timeouts [39m[32m200[39m [90m1 ms - 14[39m
[35m[HTTP][39m [90m[39m
[35m[HTTP][39m [37m-->[39m [37mGET[39m [37m/wd/hub/session/9c590fab-ba27-49d4-8fb4-ae8233a737fb/window/rect[39m
[35m[HTTP][39m [90m{}[39m
[35m[HTTP][39m [37m<-- GET /wd/hub/session/9c590fab-ba27-49d4-8fb4-ae8233a737fb/window/rect [39m[32m200[39m [90m21 ms - 50[39m
[35m[HTTP][39m [90m[39m
[35m[HTTP][39m [37m-->[39m [37mPOST[39m [37m/wd/hub/session/9c590fab-ba27-49d4-8fb4-ae8233a737fb/elements[39m
[35m[HTTP][39m [90m{"using":"xpath","value":"//*[@class = 'android.widget.TextView' and (@text = 'Foto Mobil' or . = 'Foto Mobil') and @resource-id = 'com.bcaf.mobilesurvey:id/showhide_foto']"}[39m
[35m[HTTP][39m [37m<-- POST /wd/hub/session/9c590fab-ba27-49d4-8fb4-ae8233a737fb/elements [39m[32m200[39m [90m1582 ms - 12[39m
[35m[HTTP][39m [90m[39m
[35m[HTTP][39m [37m-->[39m [37mPOST[39m [37m/wd/hub/session/9c590fab-ba27-49d4-8fb4-ae8233a737fb/elements[39m
[35m[HTTP][39m [90m{"using":"xpath","value":"//*[@class = 'android.widget.TextView' and (@text = 'Foto Mobil' or . = 'Foto Mobil') and @resource-id = 'com.bcaf.mobilesurvey:id/showhide_foto']"}[39m
[35m[HTTP][39m [37m<-- POST /wd/hub/session/9c590fab-ba27-49d4-8fb4-ae8233a737fb/elements [39m[32m200[39m [90m3981 ms - 139[39m
[35m[HTTP][39m [90m[39m
[35m[HTTP][39m [37m-->[39m [37mGET[39m [37m/wd/hub/session/9c590fab-ba27-49d4-8fb4-ae8233a737fb/element/00000000-0000-0adf-ffff-ffff000017e2/location[39m
[35m[HTTP][39m [90m{}[39m
[35m[W3C (9c590fab)][39m Driver proxy active, passing request on via HTTP proxy
[35m[WD Proxy][39m Replacing sessionId bfeeb680-c258-4233-a83f-f96a7eacd374 with 9c590fab-ba27-49d4-8fb4-ae8233a737fb
[35m[HTTP][39m [37m<-- GET /wd/hub/session/9c590fab-ba27-49d4-8fb4-ae8233a737fb/element/00000000-0000-0adf-ffff-ffff000017e2/location [39m[32m200[39m [90m59 ms - 78[39m
[35m[HTTP][39m [90m[39m
[35m[HTTP][39m [37m-->[39m [37mPOST[39m [37m/wd/hub/session/9c590fab-ba27-49d4-8fb4-ae8233a737fb/timeouts[39m
[35m[HTTP][39m [90m{"implicit":30000}[39m
[35m[HTTP][39m [37m<-- POST /wd/hub/session/9c590fab-ba27-49d4-8fb4-ae8233a737fb/timeouts [39m[32m200[39m [90m1 ms - 14[39m
[35m[HTTP][39m [90m[39m
[35m[HTTP][39m [37m-->[39m [37mPOST[39m [37m/wd/hub/session/9c590fab-ba27-49d4-8fb4-ae8233a737fb/touch/perform[39m
[35m[HTTP][39m [90m{"actions":[{"action":"tap","options":{"x":1,"y":1,"element":"00000000-0000-0adf-ffff-ffff000017e2"}},{"action":"release","options":{}}]}[39m
[35m[UiAutomator2][39m calling get location: 00000000-0000-0adf-ffff-ffff000017e2
[35m[HTTP][39m [37m<-- POST /wd/hub/session/9c590fab-ba27-49d4-8fb4-ae8233a737fb/touch/perform [39m[32m200[39m [90m1029 ms - 14[39m
[35m[HTTP][39m [90m[39m
[35m[HTTP][39m [37m-->[39m [37mGET[39m [37m/wd/hub/session/9c590fab-ba27-49d4-8fb4-ae8233a737fb/context[39m
[35m[HTTP][39m [90m{}[39m
[35m[HTTP][39m [37m<-- GET /wd/hub/session/9c590fab-ba27-49d4-8fb4-ae8233a737fb/context [39m[32m200[39m [90m1 ms - 22[39m
[35m[HTTP][39m [90m[39m
[35m[HTTP][39m [37m-->[39m [37mGET[39m [37m/wd/hub/session/9c590fab-ba27-49d4-8fb4-ae8233a737fb/contexts[39m
[35m[HTTP][39m [90m{}[39m
[35m[HTTP][39m [37m<-- GET /wd/hub/session/9c590fab-ba27-49d4-8fb4-ae8233a737fb/contexts [39m[32m200[39m [90m113 ms - 24[39m
[35m[HTTP][39m [90m[39m
[35m[HTTP][39m [37m-->[39m [37mPOST[39m [37m/wd/hub/session/9c590fab-ba27-49d4-8fb4-ae8233a737fb/context[39m
[35m[HTTP][39m [90m{"name":"NATIVE_APP"}[39m
[35m[HTTP][39m [37m<-- POST /wd/hub/session/9c590fab-ba27-49d4-8fb4-ae8233a737fb/context [39m[32m200[39m [90m2 ms - 14[39m
[35m[HTTP][39m [90m[39m
[35m[HTTP][39m [37m-->[39m [37mGET[39m [37m/wd/hub/session/9c590fab-ba27-49d4-8fb4-ae8233a737fb/window/rect[39m
[35m[HTTP][39m [90m{}[39m
[35m[HTTP][39m [37m<-- GET /wd/hub/session/9c590fab-ba27-49d4-8fb4-ae8233a737fb/window/rect [39m[32m200[39m [90m18 ms - 50[39m
[35m[HTTP][39m [90m[39m
[35m[HTTP][39m [37m-->[39m [37mPOST[39m [37m/wd/hub/session/9c590fab-ba27-49d4-8fb4-ae8233a737fb/execute/sync[39m
[35m[HTTP][39m [90m{"script":"mobile: viewportScreenshot","args":[]}[39m
[35m[AndroidDriver][39m Executing native command 'mobile: viewportScreenshot'
[35m[HTTP][39m [37m<-- POST /wd/hub/session/9c590fab-ba27-49d4-8fb4-ae8233a737fb/execute/sync [39m[32m200[39m [90m1618 ms - 588372[39m
[35m[HTTP][39m [90m[39m
[35m[HTTP][39m [37m-->[39m [37mPOST[39m [37m/wd/hub/session/9c590fab-ba27-49d4-8fb4-ae8233a737fb/context[39m
[35m[HTTP][39m [90m{"name":"NATIVE_APP"}[39m
[35m[HTTP][39m [37m<-- POST /wd/hub/session/9c590fab-ba27-49d4-8fb4-ae8233a737fb/context [39m[32m200[39m [90m1 ms - 14[39m
[35m[HTTP][39m [90m[39m
[35m[HTTP][39m [37m-->[39m [37mGET[39m [37m/wd/hub/session/9c590fab-ba27-49d4-8fb4-ae8233a737fb/context[39m
[35m[HTTP][39m [90m{}[39m
[35m[HTTP][39m [37m<-- GET /wd/hub/session/9c590fab-ba27-49d4-8fb4-ae8233a737fb/context [39m[32m200[39m [90m1 ms - 22[39m
[35m[HTTP][39m [90m[39m
[35m[HTTP][39m [37m-->[39m [37mGET[39m [37m/wd/hub/session/9c590fab-ba27-49d4-8fb4-ae8233a737fb/contexts[39m
[35m[HTTP][39m [90m{}[39m
[35m[HTTP][39m [37m<-- GET /wd/hub/session/9c590fab-ba27-49d4-8fb4-ae8233a737fb/contexts [39m[32m200[39m [90m122 ms - 24[39m
[35m[HTTP][39m [90m[39m
[35m[HTTP][39m [37m-->[39m [37mPOST[39m [37m/wd/hub/session/9c590fab-ba27-49d4-8fb4-ae8233a737fb/context[39m
[35m[HTTP][39m [90m{"name":"NATIVE_APP"}[39m
[35m[HTTP][39m [37m<-- POST /wd/hub/session/9c590fab-ba27-49d4-8fb4-ae8233a737fb/context [39m[32m200[39m [90m1 ms - 14[39m
[35m[HTTP][39m [90m[39m
[35m[HTTP][39m [37m-->[39m [37mPOST[39m [37m/wd/hub/session/9c590fab-ba27-49d4-8fb4-ae8233a737fb/element[39m
[35m[HTTP][39m [90m{"using":"-android uiautomator","value":"new UiScrollable(new UiSelector().scrollable(true).instance(0)).scrollIntoView(new UiSelector().textContains(\"Kiri Depan\"))"}[39m
[35m[HTTP][39m [37m<-- POST /wd/hub/session/9c590fab-ba27-49d4-8fb4-ae8233a737fb/element [39m[32m200[39m [90m15231 ms - 137[39m
[35m[HTTP][39m [90m[39m
[35m[HTTP][39m [37m-->[39m [37mPOST[39m [37m/wd/hub/session/9c590fab-ba27-49d4-8fb4-ae8233a737fb/context[39m
[35m[HTTP][39m [90m{"name":"NATIVE_APP"}[39m
[35m[HTTP][39m [37m<-- POST /wd/hub/session/9c590fab-ba27-49d4-8fb4-ae8233a737fb/context [39m[32m200[39m [90m1 ms - 14[39m
[35m[HTTP][39m [90m[39m
[35m[HTTP][39m [37m-->[39m [37mGET[39m [37m/wd/hub/session/9c590fab-ba27-49d4-8fb4-ae8233a737fb/context[39m
[35m[HTTP][39m [90m{}[39m
[35m[HTTP][39m [37m<-- GET /wd/hub/session/9c590fab-ba27-49d4-8fb4-ae8233a737fb/context [39m[32m200[39m [90m1 ms - 22[39m
[35m[HTTP][39m [90m[39m
[35m[HTTP][39m [37m-->[39m [37mGET[39m [37m/wd/hub/session/9c590fab-ba27-49d4-8fb4-ae8233a737fb/contexts[39m
[35m[HTTP][39m [90m{}[39m
[35m[HTTP][39m [37m<-- GET /wd/hub/session/9c590fab-ba27-49d4-8fb4-ae8233a737fb/contexts [39m[32m200[39m [90m107 ms - 24[39m
[35m[HTTP][39m [90m[39m
[35m[HTTP][39m [37m-->[39m [37mPOST[39m [37m/wd/hub/session/9c590fab-ba27-49d4-8fb4-ae8233a737fb/context[39m
[35m[HTTP][39m [90m{"name":"NATIVE_APP"}[39m
[35m[HTTP][39m [37m<-- POST /wd/hub/session/9c590fab-ba27-49d4-8fb4-ae8233a737fb/context [39m[32m200[39m [90m2 ms - 14[39m
[35m[HTTP][39m [90m[39m
[35m[HTTP][39m [37m-->[39m [37mGET[39m [37m/wd/hub/session/9c590fab-ba27-49d4-8fb4-ae8233a737fb/window/rect[39m
[35m[HTTP][39m [90m{}[39m
[35m[HTTP][39m [37m<-- GET /wd/hub/session/9c590fab-ba27-49d4-8fb4-ae8233a737fb/window/rect [39m[32m200[39m [90m36 ms - 50[39m
[35m[HTTP][39m [90m[39m
[35m[HTTP][39m [37m-->[39m [37mPOST[39m [37m/wd/hub/session/9c590fab-ba27-49d4-8fb4-ae8233a737fb/execute/sync[39m
[35m[HTTP][39m [90m{"script":"mobile: viewportScreenshot","args":[]}[39m
[35m[AndroidDriver][39m Executing native command 'mobile: viewportScreenshot'
[35m[HTTP][39m [37m<-- POST /wd/hub/session/9c590fab-ba27-49d4-8fb4-ae8233a737fb/execute/sync [39m[32m200[39m [90m2489 ms - 1973312[39m
[35m[HTTP][39m [90m[39m
[35m[HTTP][39m [37m-->[39m [37mPOST[39m [37m/wd/hub/session/9c590fab-ba27-49d4-8fb4-ae8233a737fb/context[39m
[35m[HTTP][39m [90m{"name":"NATIVE_APP"}[39m
[35m[HTTP][39m [37m<-- POST /wd/hub/session/9c590fab-ba27-49d4-8fb4-ae8233a737fb/context [39m[32m200[39m [90m2 ms - 14[39m
[35m[HTTP][39m [90m[39m
[35m[HTTP][39m [37m-->[39m [37mGET[39m [37m/wd/hub/session/9c590fab-ba27-49d4-8fb4-ae8233a737fb/context[39m
[35m[HTTP][39m [90m{}[39m
[35m[HTTP][39m [37m<-- GET /wd/hub/session/9c590fab-ba27-49d4-8fb4-ae8233a737fb/context [39m[32m200[39m [90m1 ms - 22[39m
[35m[HTTP][39m [90m[39m
[35m[HTTP][39m [37m-->[39m [37mGET[39m [37m/wd/hub/session/9c590fab-ba27-49d4-8fb4-ae8233a737fb/contexts[39m
[35m[HTTP][39m [90m{}[39m
[35m[HTTP][39m [37m<-- GET /wd/hub/session/9c590fab-ba27-49d4-8fb4-ae8233a737fb/contexts [39m[32m200[39m [90m125 ms - 24[39m
[35m[HTTP][39m [90m[39m
[35m[HTTP][39m [37m-->[39m [37mPOST[39m [37m/wd/hub/session/9c590fab-ba27-49d4-8fb4-ae8233a737fb/context[39m
[35m[HTTP][39m [90m{"name":"NATIVE_APP"}[39m
[35m[HTTP][39m [37m<-- POST /wd/hub/session/9c590fab-ba27-49d4-8fb4-ae8233a737fb/context [39m[32m200[39m [90m1 ms - 14[39m
[35m[HTTP][39m [90m[39m
[35m[HTTP][39m [37m-->[39m [37mPOST[39m [37m/wd/hub/session/9c590fab-ba27-49d4-8fb4-ae8233a737fb/element[39m
[35m[HTTP][39m [90m{"using":"-android uiautomator","value":"new UiScrollable(new UiSelector().scrollable(true).instance(0)).scrollIntoView(new UiSelector().textContains(\"SUBMIT\"))"}[39m
[35m[HTTP][39m [37m<-- POST /wd/hub/session/9c590fab-ba27-49d4-8fb4-ae8233a737fb/element [39m[32m200[39m [90m17923 ms - 137[39m
[35m[HTTP][39m [90m[39m
[35m[HTTP][39m [37m-->[39m [37mPOST[39m [37m/wd/hub/session/9c590fab-ba27-49d4-8fb4-ae8233a737fb/context[39m
[35m[HTTP][39m [90m{"name":"NATIVE_APP"}[39m
[35m[HTTP][39m [37m<-- POST /wd/hub/session/9c590fab-ba27-49d4-8fb4-ae8233a737fb/context [39m[32m200[39m [90m1 ms - 14[39m
[35m[HTTP][39m [90m[39m
[35m[HTTP][39m [37m-->[39m [37mPOST[39m [37m/wd/hub/session/9c590fab-ba27-49d4-8fb4-ae8233a737fb/timeouts[39m
[35m[HTTP][39m [90m{"implicit":50}[39m
[35m[HTTP][39m [37m<-- POST /wd/hub/session/9c590fab-ba27-49d4-8fb4-ae8233a737fb/timeouts [39m[32m200[39m [90m3 ms - 14[39m
[35m[HTTP][39m [90m[39m
[35m[HTTP][39m [37m-->[39m [37mGET[39m [37m/wd/hub/session/9c590fab-ba27-49d4-8fb4-ae8233a737fb/window/rect[39m
[35m[HTTP][39m [90m{}[39m
[35m[HTTP][39m [37m<-- GET /wd/hub/session/9c590fab-ba27-49d4-8fb4-ae8233a737fb/window/rect [39m[32m200[39m [90m50 ms - 50[39m
[35m[HTTP][39m [90m[39m
[35m[HTTP][39m [37m-->[39m [37mPOST[39m [37m/wd/hub/session/9c590fab-ba27-49d4-8fb4-ae8233a737fb/elements[39m
[35m[HTTP][39m [90m{"using":"xpath","value":"//*[@class = 'android.widget.RadioButton' and (@text = 'Not Approved' or . = 'Not Approved') and @resource-id = 'com.bcaf.mobilesurvey:id/no']"}[39m
[35m[HTTP][39m [37m<-- POST /wd/hub/session/9c590fab-ba27-49d4-8fb4-ae8233a737fb/elements [39m[32m200[39m [90m433 ms - 139[39m
[35m[HTTP][39m [90m[39m
[35m[HTTP][39m [37m-->[39m [37mGET[39m [37m/wd/hub/session/9c590fab-ba27-49d4-8fb4-ae8233a737fb/element/00000000-0000-0adf-ffff-ffff000017e8/location[39m
[35m[HTTP][39m [90m{}[39m
[35m[W3C (9c590fab)][39m Driver proxy active, passing request on via HTTP proxy
[35m[WD Proxy][39m Replacing sessionId bfeeb680-c258-4233-a83f-f96a7eacd374 with 9c590fab-ba27-49d4-8fb4-ae8233a737fb
[35m[HTTP][39m [37m<-- GET /wd/hub/session/9c590fab-ba27-49d4-8fb4-ae8233a737fb/element/00000000-0000-0adf-ffff-ffff000017e8/location [39m[32m200[39m [90m41 ms - 79[39m
[35m[HTTP][39m [90m[39m
[35m[HTTP][39m [37m-->[39m [37mPOST[39m [37m/wd/hub/session/9c590fab-ba27-49d4-8fb4-ae8233a737fb/timeouts[39m
[35m[HTTP][39m [90m{"implicit":30000}[39m
[35m[HTTP][39m [37m<-- POST /wd/hub/session/9c590fab-ba27-49d4-8fb4-ae8233a737fb/timeouts [39m[32m200[39m [90m1 ms - 14[39m
[35m[HTTP][39m [90m[39m
[35m[HTTP][39m [37m-->[39m [37mPOST[39m [37m/wd/hub/session/9c590fab-ba27-49d4-8fb4-ae8233a737fb/touch/perform[39m
[35m[HTTP][39m [90m{"actions":[{"action":"tap","options":{"x":1,"y":1,"element":"00000000-0000-0adf-ffff-ffff000017e8"}},{"action":"release","options":{}}]}[39m
[35m[UiAutomator2][39m calling get location: 00000000-0000-0adf-ffff-ffff000017e8
[35m[HTTP][39m [37m<-- POST /wd/hub/session/9c590fab-ba27-49d4-8fb4-ae8233a737fb/touch/perform [39m[32m200[39m [90m261 ms - 14[39m
[35m[HTTP][39m [90m[39m
[35m[HTTP][39m [37m-->[39m [37mPOST[39m [37m/wd/hub/session/9c590fab-ba27-49d4-8fb4-ae8233a737fb/timeouts[39m
[35m[HTTP][39m [90m{"implicit":50}[39m
[35m[HTTP][39m [37m<-- POST /wd/hub/session/9c590fab-ba27-49d4-8fb4-ae8233a737fb/timeouts [39m[32m200[39m [90m1 ms - 14[39m
[35m[HTTP][39m [90m[39m
[35m[HTTP][39m [37m-->[39m [37mGET[39m [37m/wd/hub/session/9c590fab-ba27-49d4-8fb4-ae8233a737fb/window/rect[39m
[35m[HTTP][39m [90m{}[39m
[35m[HTTP][39m [37m<-- GET /wd/hub/session/9c590fab-ba27-49d4-8fb4-ae8233a737fb/window/rect [39m[32m200[39m [90m41 ms - 50[39m
[35m[HTTP][39m [90m[39m
[35m[HTTP][39m [37m-->[39m [37mPOST[39m [37m/wd/hub/session/9c590fab-ba27-49d4-8fb4-ae8233a737fb/elements[39m
[35m[HTTP][39m [90m{"using":"xpath","value":"//*[@class = 'android.widget.EditText' and (@text = 'Komentar' or . = 'Komentar') and @resource-id = 'com.bcaf.mobilesurvey:id/komentar_ken']"}[39m
[35m[HTTP][39m [37m<-- POST /wd/hub/session/9c590fab-ba27-49d4-8fb4-ae8233a737fb/elements [39m[32m200[39m [90m785 ms - 139[39m
[35m[HTTP][39m [90m[39m
[35m[HTTP][39m [37m-->[39m [37mGET[39m [37m/wd/hub/session/9c590fab-ba27-49d4-8fb4-ae8233a737fb/element/00000000-0000-0adf-ffff-ffff000017ec/location[39m
[35m[HTTP][39m [90m{}[39m
[35m[W3C (9c590fab)][39m Driver proxy active, passing request on via HTTP proxy
[35m[WD Proxy][39m Replacing sessionId bfeeb680-c258-4233-a83f-f96a7eacd374 with 9c590fab-ba27-49d4-8fb4-ae8233a737fb
[35m[HTTP][39m [37m<-- GET /wd/hub/session/9c590fab-ba27-49d4-8fb4-ae8233a737fb/element/00000000-0000-0adf-ffff-ffff000017ec/location [39m[32m200[39m [90m32 ms - 78[39m
[35m[HTTP][39m [90m[39m
[35m[HTTP][39m [37m-->[39m [37mPOST[39m [37m/wd/hub/session/9c590fab-ba27-49d4-8fb4-ae8233a737fb/timeouts[39m
[35m[HTTP][39m [90m{"implicit":30000}[39m
[35m[HTTP][39m [37m<-- POST /wd/hub/session/9c590fab-ba27-49d4-8fb4-ae8233a737fb/timeouts [39m[32m200[39m [90m1 ms - 14[39m
[35m[HTTP][39m [90m[39m
[35m[HTTP][39m [37m-->[39m [37mPOST[39m [37m/wd/hub/session/9c590fab-ba27-49d4-8fb4-ae8233a737fb/element/00000000-0000-0adf-ffff-ffff000017ec/clear[39m
[35m[HTTP][39m [90m{"id":"00000000-0000-0adf-ffff-ffff000017ec"}[39m
[35m[HTTP][39m [37m<-- POST /wd/hub/session/9c590fab-ba27-49d4-8fb4-ae8233a737fb/element/00000000-0000-0adf-ffff-ffff000017ec/clear [39m[32m200[39m [90m41 ms - 14[39m
[35m[HTTP][39m [90m[39m
[35m[HTTP][39m [37m-->[39m [37mPOST[39m [37m/wd/hub/session/9c590fab-ba27-49d4-8fb4-ae8233a737fb/element/00000000-0000-0adf-ffff-ffff000017ec/value[39m
[35m[HTTP][39m [90m{"id":"00000000-0000-0adf-ffff-ffff000017ec","text":"Status Survey 4  : Reject","value":["S","t","a","t","u","s"," ","S","u","r","v","e","y"," ","4"," "," ",":"," ","R","e","j","e","c","t"]}[39m
[35m[HTTP][39m [37m<-- POST /wd/hub/session/9c590fab-ba27-49d4-8fb4-ae8233a737fb/element/00000000-0000-0adf-ffff-ffff000017ec/value [39m[32m200[39m [90m1084 ms - 14[39m
[35m[HTTP][39m [90m[39m
[35m[HTTP][39m [37m-->[39m [37mGET[39m [37m/wd/hub/session/9c590fab-ba27-49d4-8fb4-ae8233a737fb/context[39m
[35m[HTTP][39m [90m{}[39m
[35m[HTTP][39m [37m<-- GET /wd/hub/session/9c590fab-ba27-49d4-8fb4-ae8233a737fb/context [39m[32m200[39m [90m2 ms - 22[39m
[35m[HTTP][39m [90m[39m
[35m[HTTP][39m [37m-->[39m [37mGET[39m [37m/wd/hub/session/9c590fab-ba27-49d4-8fb4-ae8233a737fb/contexts[39m
[35m[HTTP][39m [90m{}[39m
[35m[HTTP][39m [37m<-- GET /wd/hub/session/9c590fab-ba27-49d4-8fb4-ae8233a737fb/contexts [39m[32m200[39m [90m129 ms - 24[39m
[35m[HTTP][39m [90m[39m
[35m[HTTP][39m [37m-->[39m [37mPOST[39m [37m/wd/hub/session/9c590fab-ba27-49d4-8fb4-ae8233a737fb/context[39m
[35m[HTTP][39m [90m{"name":"NATIVE_APP"}[39m
[35m[HTTP][39m [37m<-- POST /wd/hub/session/9c590fab-ba27-49d4-8fb4-ae8233a737fb/context [39m[32m200[39m [90m2 ms - 14[39m
[35m[HTTP][39m [90m[39m
[35m[HTTP][39m [37m-->[39m [37mGET[39m [37m/wd/hub/session/9c590fab-ba27-49d4-8fb4-ae8233a737fb/window/rect[39m
[35m[HTTP][39m [90m{}[39m
[35m[HTTP][39m [37m<-- GET /wd/hub/session/9c590fab-ba27-49d4-8fb4-ae8233a737fb/window/rect [39m[32m200[39m [90m36 ms - 50[39m
[35m[HTTP][39m [90m[39m
[35m[HTTP][39m [37m-->[39m [37mPOST[39m [37m/wd/hub/session/9c590fab-ba27-49d4-8fb4-ae8233a737fb/execute/sync[39m
[35m[HTTP][39m [90m{"script":"mobile: viewportScreenshot","args":[]}[39m
[35m[AndroidDriver][39m Executing native command 'mobile: viewportScreenshot'
[35m[HTTP][39m [37m<-- POST /wd/hub/session/9c590fab-ba27-49d4-8fb4-ae8233a737fb/execute/sync [39m[32m200[39m [90m2249 ms - 1552984[39m
[35m[HTTP][39m [90m[39m
[35m[HTTP][39m [37m-->[39m [37mPOST[39m [37m/wd/hub/session/9c590fab-ba27-49d4-8fb4-ae8233a737fb/context[39m
[35m[HTTP][39m [90m{"name":"NATIVE_APP"}[39m
[35m[HTTP][39m [37m<-- POST /wd/hub/session/9c590fab-ba27-49d4-8fb4-ae8233a737fb/context [39m[32m200[39m [90m2 ms - 14[39m
[35m[HTTP][39m [90m[39m
[35m[HTTP][39m [37m-->[39m [37mGET[39m [37m/wd/hub/session/9c590fab-ba27-49d4-8fb4-ae8233a737fb/window/rect[39m
[35m[HTTP][39m [90m{}[39m
[35m[HTTP][39m [37m<-- GET /wd/hub/session/9c590fab-ba27-49d4-8fb4-ae8233a737fb/window/rect [39m[32m200[39m [90m27 ms - 50[39m
[35m[HTTP][39m [90m[39m
[35m[HTTP][39m [37m-->[39m [37mPOST[39m [37m/wd/hub/session/9c590fab-ba27-49d4-8fb4-ae8233a737fb/elements[39m
[35m[HTTP][39m [90m{"using":"xpath","value":"//*[@class = 'android.widget.Button' and (@text = 'SUBMIT' or . = 'SUBMIT') and @resource-id = 'com.bcaf.mobilesurvey:id/submit_ken']"}[39m
[35m[HTTP][39m [37m<-- POST /wd/hub/session/9c590fab-ba27-49d4-8fb4-ae8233a737fb/elements [39m[32m200[39m [90m345 ms - 139[39m
[35m[HTTP][39m [90m[39m
[35m[HTTP][39m [37m-->[39m [37mGET[39m [37m/wd/hub/session/9c590fab-ba27-49d4-8fb4-ae8233a737fb/element/00000000-0000-0adf-ffff-ffff000017f5/location[39m
[35m[HTTP][39m [90m{}[39m
[35m[W3C (9c590fab)][39m Driver proxy active, passing request on via HTTP proxy
[35m[WD Proxy][39m Replacing sessionId bfeeb680-c258-4233-a83f-f96a7eacd374 with 9c590fab-ba27-49d4-8fb4-ae8233a737fb
[35m[HTTP][39m [37m<-- GET /wd/hub/session/9c590fab-ba27-49d4-8fb4-ae8233a737fb/element/00000000-0000-0adf-ffff-ffff000017f5/location [39m[32m200[39m [90m32 ms - 79[39m
[35m[HTTP][39m [90m[39m
[35m[HTTP][39m [37m-->[39m [37mGET[39m [37m/wd/hub/session/9c590fab-ba27-49d4-8fb4-ae8233a737fb/element/00000000-0000-0adf-ffff-ffff000017f5/attribute/checked[39m
[35m[HTTP][39m [90m{}[39m
[35m[HTTP][39m [37m<-- GET /wd/hub/session/9c590fab-ba27-49d4-8fb4-ae8233a737fb/element/00000000-0000-0adf-ffff-ffff000017f5/attribute/checked [39m[32m200[39m [90m23 ms - 17[39m
[35m[HTTP][39m [90m[39m
[35m[HTTP][39m [37m-->[39m [37mPOST[39m [37m/wd/hub/session/9c590fab-ba27-49d4-8fb4-ae8233a737fb/touch/perform[39m
[35m[HTTP][39m [90m{"actions":[{"action":"tap","options":{"x":1,"y":1,"element":"00000000-0000-0adf-ffff-ffff000017f5"}}]}[39m
[35m[UiAutomator2][39m calling get location: 00000000-0000-0adf-ffff-ffff000017f5
[35m[HTTP][39m [37m<-- POST /wd/hub/session/9c590fab-ba27-49d4-8fb4-ae8233a737fb/touch/perform [39m[32m200[39m [90m302 ms - 14[39m
[35m[HTTP][39m [90m[39m
[35m[HTTP][39m [37m-->[39m [37mGET[39m [37m/wd/hub/session/9c590fab-ba27-49d4-8fb4-ae8233a737fb/context[39m
[35m[HTTP][39m [90m{}[39m
[35m[HTTP][39m [37m<-- GET /wd/hub/session/9c590fab-ba27-49d4-8fb4-ae8233a737fb/context [39m[32m200[39m [90m2 ms - 22[39m
[35m[HTTP][39m [90m[39m
[35m[HTTP][39m [37m-->[39m [37mGET[39m [37m/wd/hub/session/9c590fab-ba27-49d4-8fb4-ae8233a737fb/contexts[39m
[35m[HTTP][39m [90m{}[39m
[35m[HTTP][39m [37m<-- GET /wd/hub/session/9c590fab-ba27-49d4-8fb4-ae8233a737fb/contexts [39m[32m200[39m [90m85 ms - 24[39m
[35m[HTTP][39m [90m[39m
[35m[HTTP][39m [37m-->[39m [37mPOST[39m [37m/wd/hub/session/9c590fab-ba27-49d4-8fb4-ae8233a737fb/context[39m
[35m[HTTP][39m [90m{"name":"NATIVE_APP"}[39m
[35m[HTTP][39m [37m<-- POST /wd/hub/session/9c590fab-ba27-49d4-8fb4-ae8233a737fb/context [39m[32m200[39m [90m1 ms - 14[39m
[35m[HTTP][39m [90m[39m
[35m[HTTP][39m [37m-->[39m [37mGET[39m [37m/wd/hub/session/9c590fab-ba27-49d4-8fb4-ae8233a737fb/window/rect[39m
[35m[HTTP][39m [90m{}[39m
[35m[HTTP][39m [37m<-- GET /wd/hub/session/9c590fab-ba27-49d4-8fb4-ae8233a737fb/window/rect [39m[32m200[39m [90m18 ms - 50[39m
[35m[HTTP][39m [90m[39m
[35m[HTTP][39m [37m-->[39m [37mPOST[39m [37m/wd/hub/session/9c590fab-ba27-49d4-8fb4-ae8233a737fb/execute/sync[39m
[35m[HTTP][39m [90m{"script":"mobile: viewportScreenshot","args":[]}[39m
[35m[AndroidDriver][39m Executing native command 'mobile: viewportScreenshot'
[35m[HTTP][39m [37m<-- POST /wd/hub/session/9c590fab-ba27-49d4-8fb4-ae8233a737fb/execute/sync [39m[32m200[39m [90m2039 ms - 199140[39m
[35m[HTTP][39m [90m[39m
[35m[HTTP][39m [37m-->[39m [37mPOST[39m [37m/wd/hub/session/9c590fab-ba27-49d4-8fb4-ae8233a737fb/context[39m
[35m[HTTP][39m [90m{"name":"NATIVE_APP"}[39m
[35m[HTTP][39m [37m<-- POST /wd/hub/session/9c590fab-ba27-49d4-8fb4-ae8233a737fb/context [39m[32m200[39m [90m3 ms - 14[39m
[35m[HTTP][39m [90m[39m
[35m[HTTP][39m [37m-->[39m [37mDELETE[39m [37m/wd/hub/session/9c590fab-ba27-49d4-8fb4-ae8233a737fb[39m
[35m[HTTP][39m [90m{}[39m
[35m[Appium][39m Removing session 9c590fab-ba27-49d4-8fb4-ae8233a737fb from our master session list
[35m[UiAutomator2][39m Restoring hidden api policy to the device default configuration
[35m[HTTP][39m [37m<-- DELETE /wd/hub/session/9c590fab-ba27-49d4-8fb4-ae8233a737fb [39m[32m200[39m [90m663 ms - 14[39m
[35m[HTTP][39m [90m[39m
